{"uid":"16adbcd304a77549","name":"test_valid_payloads_with_optional_nodes_at_slow_rate","fullName":"tests.relay.test_rln.TestRelayRLN#test_valid_payloads_with_optional_nodes_at_slow_rate","historyId":"51217c2ba60242c710b3d98ad658997b","time":{"start":1716821175512,"stop":1716821175512,"duration":0},"status":"broken","statusMessage":"FileNotFoundError: [Errno 2] No such file or directory: '/home/runner/work/waku-interop-tests/waku-interop-tests/keystore_3/keystore.json'","statusTrace":"src/steps/rln.py:36: in register_optional_rln_relay_nodes\n    self.register_rln_single_node(rln_creds_source=RLN_CREDENTIALS, rln_creds_id=\"3\")\nsrc/steps/rln.py:130: in register_rln_single_node\n    self.node1.register_rln(rln_creds_source=kwargs[\"rln_creds_source\"], rln_creds_id=kwargs[\"rln_creds_id\"])\n/opt/hostedtoolcache/Python/3.12.3/x64/lib/python3.12/site-packages/tenacity/__init__.py:289: in wrapped_f\n    return self(f, *args, **kw)\n/opt/hostedtoolcache/Python/3.12.3/x64/lib/python3.12/site-packages/tenacity/__init__.py:379: in __call__\n    do = self.iter(retry_state=retry_state)\n/opt/hostedtoolcache/Python/3.12.3/x64/lib/python3.12/site-packages/tenacity/__init__.py:325: in iter\n    raise retry_exc.reraise()\n/opt/hostedtoolcache/Python/3.12.3/x64/lib/python3.12/site-packages/tenacity/__init__.py:158: in reraise\n    raise self.last_attempt.result()\n/opt/hostedtoolcache/Python/3.12.3/x64/lib/python3.12/concurrent/futures/_base.py:449: in result\n    return self.__get_result()\n/opt/hostedtoolcache/Python/3.12.3/x64/lib/python3.12/concurrent/futures/_base.py:401: in __get_result\n    raise self._exception\n/opt/hostedtoolcache/Python/3.12.3/x64/lib/python3.12/site-packages/tenacity/__init__.py:382: in __call__\n    result = fn(*args, **kwargs)\nsrc/node/waku_node.py:171: in register_rln\n    rln_credential_store_ready(keystore_path)\n/opt/hostedtoolcache/Python/3.12.3/x64/lib/python3.12/site-packages/tenacity/__init__.py:289: in wrapped_f\n    return self(f, *args, **kw)\n/opt/hostedtoolcache/Python/3.12.3/x64/lib/python3.12/site-packages/tenacity/__init__.py:379: in __call__\n    do = self.iter(retry_state=retry_state)\n/opt/hostedtoolcache/Python/3.12.3/x64/lib/python3.12/site-packages/tenacity/__init__.py:325: in iter\n    raise retry_exc.reraise()\n/opt/hostedtoolcache/Python/3.12.3/x64/lib/python3.12/site-packages/tenacity/__init__.py:158: in reraise\n    raise self.last_attempt.result()\n/opt/hostedtoolcache/Python/3.12.3/x64/lib/python3.12/concurrent/futures/_base.py:449: in result\n    return self.__get_result()\n/opt/hostedtoolcache/Python/3.12.3/x64/lib/python3.12/concurrent/futures/_base.py:401: in __get_result\n    raise self._exception\n/opt/hostedtoolcache/Python/3.12.3/x64/lib/python3.12/site-packages/tenacity/__init__.py:382: in __call__\n    result = fn(*args, **kwargs)\nsrc/node/waku_node.py:39: in rln_credential_store_ready\n    raise FileNotFoundError(errno.ENOENT, os.strerror(errno.ENOENT), creds_file_path)\nE   FileNotFoundError: [Errno 2] No such file or directory: '/home/runner/work/waku-interop-tests/waku-interop-tests/keystore_3/keystore.json'","flaky":false,"newFailed":false,"newBroken":true,"newPassed":false,"retriesCount":2,"retriesStatusChange":true,"beforeStages":[{"name":"close_open_nodes","time":{"start":1716821175512,"stop":1716821175513,"duration":1},"status":"passed","steps":[],"attachments":[],"parameters":[],"shouldDisplayMessage":false,"stepsCount":0,"attachmentsCount":0,"hasContent":false,"attachmentStep":false},{"name":"attach_logs_on_fail","time":{"start":1716821175512,"stop":1716821175512,"duration":0},"status":"passed","steps":[],"attachments":[],"parameters":[],"shouldDisplayMessage":false,"stepsCount":0,"attachmentsCount":0,"hasContent":false,"attachmentStep":false},{"name":"test_setup","time":{"start":1716821175513,"stop":1716821175513,"duration":0},"status":"passed","steps":[],"attachments":[],"parameters":[],"shouldDisplayMessage":false,"stepsCount":0,"attachmentsCount":0,"hasContent":false,"attachmentStep":false},{"name":"relay_setup","time":{"start":1716821175513,"stop":1716821175513,"duration":0},"status":"passed","steps":[],"attachments":[],"parameters":[],"shouldDisplayMessage":false,"stepsCount":0,"attachmentsCount":0,"hasContent":false,"attachmentStep":false},{"name":"register_main_rln_relay_nodes","time":{"start":1716821175513,"stop":1716821176522,"duration":1009},"status":"passed","steps":[{"name":"register_rln_single_node","time":{"start":1716821175514,"stop":1716821175925,"duration":411},"status":"passed","steps":[],"attachments":[],"parameters":[{"name":"rln_creds_source","value":"'{\"rln-relay-cred-password\": \"fog4238gjfdfQ\", \"rln-relay-eth-client-address\": \"https://sepolia.infura.io/v3/0fbc961f49944da4b8fde35715e2171b\",  \"rln-relay-eth-contract-address\": \"0xF471d71E9b1455bBF4b85d475afb9BB0954A29c4\",  \"rln-relay-eth-private-key-1\": \"d5f76ef141a96d916f99c72878a92cc6fb479af8441670d103e307d1184ab367\",  \"rln-relay-eth-private-key-2\": \"6bafcb0228b6b369b2de376bd9e37cdd3f5d30ce0787992b235acfacfa5de52e\",  \"rln-relay-eth-private-key-3\": \"f11b72833fea837ab8d4a1383b6d297c601600fcae5e95a1c22fa97fd20d16dd\",  \"rln-relay-eth-private-key-4\": \"259c2416e4216a45680ce82daf229eb33dc076dd2db76c7eb1c84cc2e35a9c8c\",  \"rln-relay-eth-private-key-5\": \"55cc95ecf3d32ce2ca1c5ead8ea1e3702812d285c1892b12bdc33e8c1e476ebe\"}'"},{"name":"rln_creds_id","value":"'1'"}],"shouldDisplayMessage":false,"stepsCount":0,"attachmentsCount":0,"hasContent":true,"attachmentStep":false},{"name":"register_rln_single_node","time":{"start":1716821175925,"stop":1716821176522,"duration":597},"status":"passed","steps":[],"attachments":[],"parameters":[{"name":"rln_creds_source","value":"'{\"rln-relay-cred-password\": \"fog4238gjfdfQ\", \"rln-relay-eth-client-address\": \"https://sepolia.infura.io/v3/0fbc961f49944da4b8fde35715e2171b\",  \"rln-relay-eth-contract-address\": \"0xF471d71E9b1455bBF4b85d475afb9BB0954A29c4\",  \"rln-relay-eth-private-key-1\": \"d5f76ef141a96d916f99c72878a92cc6fb479af8441670d103e307d1184ab367\",  \"rln-relay-eth-private-key-2\": \"6bafcb0228b6b369b2de376bd9e37cdd3f5d30ce0787992b235acfacfa5de52e\",  \"rln-relay-eth-private-key-3\": \"f11b72833fea837ab8d4a1383b6d297c601600fcae5e95a1c22fa97fd20d16dd\",  \"rln-relay-eth-private-key-4\": \"259c2416e4216a45680ce82daf229eb33dc076dd2db76c7eb1c84cc2e35a9c8c\",  \"rln-relay-eth-private-key-5\": \"55cc95ecf3d32ce2ca1c5ead8ea1e3702812d285c1892b12bdc33e8c1e476ebe\"}'"},{"name":"rln_creds_id","value":"'2'"}],"shouldDisplayMessage":false,"stepsCount":0,"attachmentsCount":0,"hasContent":true,"attachmentStep":false}],"attachments":[],"parameters":[],"shouldDisplayMessage":false,"stepsCount":2,"attachmentsCount":0,"hasContent":true,"attachmentStep":false},{"name":"test_id","time":{"start":1716821175513,"stop":1716821175513,"duration":0},"status":"passed","steps":[],"attachments":[],"parameters":[],"shouldDisplayMessage":false,"stepsCount":0,"attachmentsCount":0,"hasContent":false,"attachmentStep":false},{"name":"common_setup","time":{"start":1716821175513,"stop":1716821175513,"duration":0},"status":"passed","steps":[],"attachments":[],"parameters":[],"shouldDisplayMessage":false,"stepsCount":0,"attachmentsCount":0,"hasContent":false,"attachmentStep":false},{"name":"register_optional_rln_relay_nodes","time":{"start":1716821176522,"stop":1716821538402,"duration":361880},"status":"broken","statusMessage":"FileNotFoundError: [Errno 2] No such file or directory: '/home/runner/work/waku-interop-tests/waku-interop-tests/keystore_3/keystore.json'\n","statusTrace":"  File \"/opt/hostedtoolcache/Python/3.12.3/x64/lib/python3.12/site-packages/pluggy/_callers.py\", line 137, in _multicall\n    teardown.throw(outcome._exception)\n  File \"/opt/hostedtoolcache/Python/3.12.3/x64/lib/python3.12/site-packages/_pytest/setuponly.py\", line 36, in pytest_fixture_setup\n    return (yield)\n            ^^^^^\n  File \"/opt/hostedtoolcache/Python/3.12.3/x64/lib/python3.12/site-packages/pluggy/_callers.py\", line 77, in _multicall\n    res = hook_impl.function(*args)\n          ^^^^^^^^^^^^^^^^^^^^^^^^^\n  File \"/opt/hostedtoolcache/Python/3.12.3/x64/lib/python3.12/site-packages/_pytest/fixtures.py\", line 1140, in pytest_fixture_setup\n    result = call_fixture_func(fixturefunc, request, kwargs)\n             ^^^^^^^^^^^^^^^^^^^^^^^^^^^^^^^^^^^^^^^^^^^^^^^\n  File \"/opt/hostedtoolcache/Python/3.12.3/x64/lib/python3.12/site-packages/_pytest/fixtures.py\", line 917, in call_fixture_func\n    fixture_result = fixturefunc(**kwargs)\n                     ^^^^^^^^^^^^^^^^^^^^^\n  File \"/home/runner/work/waku-interop-tests/waku-interop-tests/src/steps/rln.py\", line 36, in register_optional_rln_relay_nodes\n    self.register_rln_single_node(rln_creds_source=RLN_CREDENTIALS, rln_creds_id=\"3\")\n  File \"/opt/hostedtoolcache/Python/3.12.3/x64/lib/python3.12/site-packages/allure_commons/_allure.py\", line 192, in impl\n    return func(*a, **kw)\n           ^^^^^^^^^^^^^^\n  File \"/home/runner/work/waku-interop-tests/waku-interop-tests/src/steps/rln.py\", line 130, in register_rln_single_node\n    self.node1.register_rln(rln_creds_source=kwargs[\"rln_creds_source\"], rln_creds_id=kwargs[\"rln_creds_id\"])\n  File \"/opt/hostedtoolcache/Python/3.12.3/x64/lib/python3.12/site-packages/tenacity/__init__.py\", line 289, in wrapped_f\n    return self(f, *args, **kw)\n           ^^^^^^^^^^^^^^^^^^^^\n  File \"/opt/hostedtoolcache/Python/3.12.3/x64/lib/python3.12/site-packages/tenacity/__init__.py\", line 379, in __call__\n    do = self.iter(retry_state=retry_state)\n         ^^^^^^^^^^^^^^^^^^^^^^^^^^^^^^^^^^\n  File \"/opt/hostedtoolcache/Python/3.12.3/x64/lib/python3.12/site-packages/tenacity/__init__.py\", line 325, in iter\n    raise retry_exc.reraise()\n          ^^^^^^^^^^^^^^^^^^^\n  File \"/opt/hostedtoolcache/Python/3.12.3/x64/lib/python3.12/site-packages/tenacity/__init__.py\", line 158, in reraise\n    raise self.last_attempt.result()\n          ^^^^^^^^^^^^^^^^^^^^^^^^^^\n  File \"/opt/hostedtoolcache/Python/3.12.3/x64/lib/python3.12/concurrent/futures/_base.py\", line 449, in result\n    return self.__get_result()\n           ^^^^^^^^^^^^^^^^^^^\n  File \"/opt/hostedtoolcache/Python/3.12.3/x64/lib/python3.12/concurrent/futures/_base.py\", line 401, in __get_result\n    raise self._exception\n  File \"/opt/hostedtoolcache/Python/3.12.3/x64/lib/python3.12/site-packages/tenacity/__init__.py\", line 382, in __call__\n    result = fn(*args, **kwargs)\n             ^^^^^^^^^^^^^^^^^^^\n  File \"/home/runner/work/waku-interop-tests/waku-interop-tests/src/node/waku_node.py\", line 171, in register_rln\n    rln_credential_store_ready(keystore_path)\n  File \"/opt/hostedtoolcache/Python/3.12.3/x64/lib/python3.12/site-packages/tenacity/__init__.py\", line 289, in wrapped_f\n    return self(f, *args, **kw)\n           ^^^^^^^^^^^^^^^^^^^^\n  File \"/opt/hostedtoolcache/Python/3.12.3/x64/lib/python3.12/site-packages/tenacity/__init__.py\", line 379, in __call__\n    do = self.iter(retry_state=retry_state)\n         ^^^^^^^^^^^^^^^^^^^^^^^^^^^^^^^^^^\n  File \"/opt/hostedtoolcache/Python/3.12.3/x64/lib/python3.12/site-packages/tenacity/__init__.py\", line 325, in iter\n    raise retry_exc.reraise()\n          ^^^^^^^^^^^^^^^^^^^\n  File \"/opt/hostedtoolcache/Python/3.12.3/x64/lib/python3.12/site-packages/tenacity/__init__.py\", line 158, in reraise\n    raise self.last_attempt.result()\n          ^^^^^^^^^^^^^^^^^^^^^^^^^^\n  File \"/opt/hostedtoolcache/Python/3.12.3/x64/lib/python3.12/concurrent/futures/_base.py\", line 449, in result\n    return self.__get_result()\n           ^^^^^^^^^^^^^^^^^^^\n  File \"/opt/hostedtoolcache/Python/3.12.3/x64/lib/python3.12/concurrent/futures/_base.py\", line 401, in __get_result\n    raise self._exception\n  File \"/opt/hostedtoolcache/Python/3.12.3/x64/lib/python3.12/site-packages/tenacity/__init__.py\", line 382, in __call__\n    result = fn(*args, **kwargs)\n             ^^^^^^^^^^^^^^^^^^^\n  File \"/home/runner/work/waku-interop-tests/waku-interop-tests/src/node/waku_node.py\", line 39, in rln_credential_store_ready\n    raise FileNotFoundError(errno.ENOENT, os.strerror(errno.ENOENT), creds_file_path)\n","steps":[{"name":"register_rln_single_node","time":{"start":1716821176523,"stop":1716821538401,"duration":361878},"status":"broken","statusMessage":"FileNotFoundError: [Errno 2] No such file or directory: '/home/runner/work/waku-interop-tests/waku-interop-tests/keystore_3/keystore.json'\n","statusTrace":"  File \"/opt/hostedtoolcache/Python/3.12.3/x64/lib/python3.12/site-packages/allure_commons/_allure.py\", line 192, in impl\n    return func(*a, **kw)\n           ^^^^^^^^^^^^^^\n  File \"/home/runner/work/waku-interop-tests/waku-interop-tests/src/steps/rln.py\", line 130, in register_rln_single_node\n    self.node1.register_rln(rln_creds_source=kwargs[\"rln_creds_source\"], rln_creds_id=kwargs[\"rln_creds_id\"])\n  File \"/opt/hostedtoolcache/Python/3.12.3/x64/lib/python3.12/site-packages/tenacity/__init__.py\", line 289, in wrapped_f\n    return self(f, *args, **kw)\n           ^^^^^^^^^^^^^^^^^^^^\n  File \"/opt/hostedtoolcache/Python/3.12.3/x64/lib/python3.12/site-packages/tenacity/__init__.py\", line 379, in __call__\n    do = self.iter(retry_state=retry_state)\n         ^^^^^^^^^^^^^^^^^^^^^^^^^^^^^^^^^^\n  File \"/opt/hostedtoolcache/Python/3.12.3/x64/lib/python3.12/site-packages/tenacity/__init__.py\", line 325, in iter\n    raise retry_exc.reraise()\n          ^^^^^^^^^^^^^^^^^^^\n  File \"/opt/hostedtoolcache/Python/3.12.3/x64/lib/python3.12/site-packages/tenacity/__init__.py\", line 158, in reraise\n    raise self.last_attempt.result()\n          ^^^^^^^^^^^^^^^^^^^^^^^^^^\n  File \"/opt/hostedtoolcache/Python/3.12.3/x64/lib/python3.12/concurrent/futures/_base.py\", line 449, in result\n    return self.__get_result()\n           ^^^^^^^^^^^^^^^^^^^\n  File \"/opt/hostedtoolcache/Python/3.12.3/x64/lib/python3.12/concurrent/futures/_base.py\", line 401, in __get_result\n    raise self._exception\n  File \"/opt/hostedtoolcache/Python/3.12.3/x64/lib/python3.12/site-packages/tenacity/__init__.py\", line 382, in __call__\n    result = fn(*args, **kwargs)\n             ^^^^^^^^^^^^^^^^^^^\n  File \"/home/runner/work/waku-interop-tests/waku-interop-tests/src/node/waku_node.py\", line 171, in register_rln\n    rln_credential_store_ready(keystore_path)\n  File \"/opt/hostedtoolcache/Python/3.12.3/x64/lib/python3.12/site-packages/tenacity/__init__.py\", line 289, in wrapped_f\n    return self(f, *args, **kw)\n           ^^^^^^^^^^^^^^^^^^^^\n  File \"/opt/hostedtoolcache/Python/3.12.3/x64/lib/python3.12/site-packages/tenacity/__init__.py\", line 379, in __call__\n    do = self.iter(retry_state=retry_state)\n         ^^^^^^^^^^^^^^^^^^^^^^^^^^^^^^^^^^\n  File \"/opt/hostedtoolcache/Python/3.12.3/x64/lib/python3.12/site-packages/tenacity/__init__.py\", line 325, in iter\n    raise retry_exc.reraise()\n          ^^^^^^^^^^^^^^^^^^^\n  File \"/opt/hostedtoolcache/Python/3.12.3/x64/lib/python3.12/site-packages/tenacity/__init__.py\", line 158, in reraise\n    raise self.last_attempt.result()\n          ^^^^^^^^^^^^^^^^^^^^^^^^^^\n  File \"/opt/hostedtoolcache/Python/3.12.3/x64/lib/python3.12/concurrent/futures/_base.py\", line 449, in result\n    return self.__get_result()\n           ^^^^^^^^^^^^^^^^^^^\n  File \"/opt/hostedtoolcache/Python/3.12.3/x64/lib/python3.12/concurrent/futures/_base.py\", line 401, in __get_result\n    raise self._exception\n  File \"/opt/hostedtoolcache/Python/3.12.3/x64/lib/python3.12/site-packages/tenacity/__init__.py\", line 382, in __call__\n    result = fn(*args, **kwargs)\n             ^^^^^^^^^^^^^^^^^^^\n  File \"/home/runner/work/waku-interop-tests/waku-interop-tests/src/node/waku_node.py\", line 39, in rln_credential_store_ready\n    raise FileNotFoundError(errno.ENOENT, os.strerror(errno.ENOENT), creds_file_path)\n","steps":[],"attachments":[],"parameters":[{"name":"rln_creds_source","value":"'{\"rln-relay-cred-password\": \"fog4238gjfdfQ\", \"rln-relay-eth-client-address\": \"https://sepolia.infura.io/v3/0fbc961f49944da4b8fde35715e2171b\",  \"rln-relay-eth-contract-address\": \"0xF471d71E9b1455bBF4b85d475afb9BB0954A29c4\",  \"rln-relay-eth-private-key-1\": \"d5f76ef141a96d916f99c72878a92cc6fb479af8441670d103e307d1184ab367\",  \"rln-relay-eth-private-key-2\": \"6bafcb0228b6b369b2de376bd9e37cdd3f5d30ce0787992b235acfacfa5de52e\",  \"rln-relay-eth-private-key-3\": \"f11b72833fea837ab8d4a1383b6d297c601600fcae5e95a1c22fa97fd20d16dd\",  \"rln-relay-eth-private-key-4\": \"259c2416e4216a45680ce82daf229eb33dc076dd2db76c7eb1c84cc2e35a9c8c\",  \"rln-relay-eth-private-key-5\": \"55cc95ecf3d32ce2ca1c5ead8ea1e3702812d285c1892b12bdc33e8c1e476ebe\"}'"},{"name":"rln_creds_id","value":"'3'"}],"shouldDisplayMessage":true,"stepsCount":0,"attachmentsCount":0,"hasContent":true,"attachmentStep":false}],"attachments":[],"parameters":[],"shouldDisplayMessage":false,"stepsCount":1,"attachmentsCount":0,"hasContent":true,"attachmentStep":false}],"testStage":{"status":"broken","statusMessage":"FileNotFoundError: [Errno 2] No such file or directory: '/home/runner/work/waku-interop-tests/waku-interop-tests/keystore_3/keystore.json'","statusTrace":"src/steps/rln.py:36: in register_optional_rln_relay_nodes\n    self.register_rln_single_node(rln_creds_source=RLN_CREDENTIALS, rln_creds_id=\"3\")\nsrc/steps/rln.py:130: in register_rln_single_node\n    self.node1.register_rln(rln_creds_source=kwargs[\"rln_creds_source\"], rln_creds_id=kwargs[\"rln_creds_id\"])\n/opt/hostedtoolcache/Python/3.12.3/x64/lib/python3.12/site-packages/tenacity/__init__.py:289: in wrapped_f\n    return self(f, *args, **kw)\n/opt/hostedtoolcache/Python/3.12.3/x64/lib/python3.12/site-packages/tenacity/__init__.py:379: in __call__\n    do = self.iter(retry_state=retry_state)\n/opt/hostedtoolcache/Python/3.12.3/x64/lib/python3.12/site-packages/tenacity/__init__.py:325: in iter\n    raise retry_exc.reraise()\n/opt/hostedtoolcache/Python/3.12.3/x64/lib/python3.12/site-packages/tenacity/__init__.py:158: in reraise\n    raise self.last_attempt.result()\n/opt/hostedtoolcache/Python/3.12.3/x64/lib/python3.12/concurrent/futures/_base.py:449: in result\n    return self.__get_result()\n/opt/hostedtoolcache/Python/3.12.3/x64/lib/python3.12/concurrent/futures/_base.py:401: in __get_result\n    raise self._exception\n/opt/hostedtoolcache/Python/3.12.3/x64/lib/python3.12/site-packages/tenacity/__init__.py:382: in __call__\n    result = fn(*args, **kwargs)\nsrc/node/waku_node.py:171: in register_rln\n    rln_credential_store_ready(keystore_path)\n/opt/hostedtoolcache/Python/3.12.3/x64/lib/python3.12/site-packages/tenacity/__init__.py:289: in wrapped_f\n    return self(f, *args, **kw)\n/opt/hostedtoolcache/Python/3.12.3/x64/lib/python3.12/site-packages/tenacity/__init__.py:379: in __call__\n    do = self.iter(retry_state=retry_state)\n/opt/hostedtoolcache/Python/3.12.3/x64/lib/python3.12/site-packages/tenacity/__init__.py:325: in iter\n    raise retry_exc.reraise()\n/opt/hostedtoolcache/Python/3.12.3/x64/lib/python3.12/site-packages/tenacity/__init__.py:158: in reraise\n    raise self.last_attempt.result()\n/opt/hostedtoolcache/Python/3.12.3/x64/lib/python3.12/concurrent/futures/_base.py:449: in result\n    return self.__get_result()\n/opt/hostedtoolcache/Python/3.12.3/x64/lib/python3.12/concurrent/futures/_base.py:401: in __get_result\n    raise self._exception\n/opt/hostedtoolcache/Python/3.12.3/x64/lib/python3.12/site-packages/tenacity/__init__.py:382: in __call__\n    result = fn(*args, **kwargs)\nsrc/node/waku_node.py:39: in rln_credential_store_ready\n    raise FileNotFoundError(errno.ENOENT, os.strerror(errno.ENOENT), creds_file_path)\nE   FileNotFoundError: [Errno 2] No such file or directory: '/home/runner/work/waku-interop-tests/waku-interop-tests/keystore_3/keystore.json'","steps":[],"attachments":[{"uid":"fee8419307c6645e","name":"log","source":"fee8419307c6645e.txt","type":"text/plain","size":29835}],"parameters":[],"shouldDisplayMessage":true,"stepsCount":0,"attachmentsCount":1,"hasContent":true,"attachmentStep":false},"afterStages":[{"name":"test_setup::0","time":{"start":1716821538484,"stop":1716821538489,"duration":5},"status":"passed","steps":[],"attachments":[],"parameters":[],"shouldDisplayMessage":false,"stepsCount":0,"attachmentsCount":0,"hasContent":false,"attachmentStep":false},{"name":"close_open_nodes::0","time":{"start":1716821538489,"stop":1716821538489,"duration":0},"status":"passed","steps":[],"attachments":[],"parameters":[],"shouldDisplayMessage":false,"stepsCount":0,"attachmentsCount":0,"hasContent":false,"attachmentStep":false},{"name":"attach_logs_on_fail::0","time":{"start":1716821538490,"stop":1716821538490,"duration":0},"status":"passed","steps":[],"attachments":[],"parameters":[],"shouldDisplayMessage":false,"stepsCount":0,"attachmentsCount":0,"hasContent":false,"attachmentStep":false}],"labels":[{"name":"tag","value":"@pytest.mark.usefixtures('register_main_rln_relay_nodes', 'register_optional_rln_relay_nodes')"},{"name":"tag","value":"@pytest.mark.skipif(False, reason='Test works only with nwaku')"},{"name":"tag","value":"xdist_group(name='RLN serial tests')"},{"name":"parentSuite","value":"tests.relay"},{"name":"suite","value":"test_rln"},{"name":"subSuite","value":"TestRelayRLN"},{"name":"host","value":"fv-az777-823"},{"name":"thread","value":"2181-MainThread"},{"name":"framework","value":"pytest"},{"name":"language","value":"cpython3"},{"name":"package","value":"tests.relay.test_rln"},{"name":"resultFormat","value":"allure2"}],"parameters":[],"links":[],"hidden":false,"retry":false,"extra":{"severity":"normal","retries":[{"uid":"f4e806609b4dd58b","status":"broken","statusDetails":"FileNotFoundError: [Errno 2] No such file or directory: '/home/runner/work/waku-interop-tests/waku-interop-tests/keystore_3/keystore.json'","time":{"start":1716820812355,"stop":1716820812355,"duration":0}},{"uid":"841cdd4104a2b8a0","status":"failed","statusDetails":"Failed: Timeout >300.0s","time":{"start":1716820512201,"stop":1716820512201,"duration":0}}],"categories":[{"name":"Test defects","matchedStatuses":[],"flaky":false}],"history":{"statistic":{"failed":1,"broken":6,"skipped":5,"passed":45,"unknown":0,"total":57},"items":[{"uid":"7771f870c80bbf1","reportUrl":"https://waku-org.github.io/waku-interop-tests/nim/26//#testresult/7771f870c80bbf1","status":"passed","time":{"start":1716818797380,"stop":1716818901696,"duration":104316}},{"uid":"fcbc4228edc9998e","reportUrl":"https://waku-org.github.io/waku-interop-tests/nim/26//#testresult/fcbc4228edc9998e","status":"passed","time":{"start":1716817681642,"stop":1716817786257,"duration":104615}},{"uid":"1f29653e14b78ad1","reportUrl":"https://waku-org.github.io/waku-interop-tests/nim/25//#testresult/1f29653e14b78ad1","status":"passed","time":{"start":1716815389466,"stop":1716815489672,"duration":100206}},{"uid":"420e94d5d0452226","reportUrl":"https://waku-org.github.io/waku-interop-tests/nim/25//#testresult/420e94d5d0452226","status":"passed","time":{"start":1716814069675,"stop":1716814171564,"duration":101889}},{"uid":"cdfce0f298ad3ba","reportUrl":"https://waku-org.github.io/waku-interop-tests/nim/25//#testresult/cdfce0f298ad3ba","status":"passed","time":{"start":1716811585342,"stop":1716811686747,"duration":101405}},{"uid":"37a328ff3a1ce715","reportUrl":"https://waku-org.github.io/waku-interop-tests/nim/25//#testresult/37a328ff3a1ce715","status":"passed","time":{"start":1716810432961,"stop":1716810531454,"duration":98493}},{"uid":"ea04e0a0f78cccd1","reportUrl":"https://waku-org.github.io/waku-interop-tests/nim/25//#testresult/ea04e0a0f78cccd1","status":"passed","time":{"start":1716809125049,"stop":1716809225205,"duration":100156}},{"uid":"d9658aae577fd4bf","reportUrl":"https://waku-org.github.io/waku-interop-tests/nim/213//#testresult/d9658aae577fd4bf","status":"passed","time":{"start":1716696900787,"stop":1716697000360,"duration":99573}},{"uid":"cfa7be9db55e2232","reportUrl":"https://waku-org.github.io/waku-interop-tests/nim/212//#testresult/cfa7be9db55e2232","status":"passed","time":{"start":1716610488777,"stop":1716610589447,"duration":100670}},{"uid":"10b0912bcc102069","reportUrl":"https://waku-org.github.io/waku-interop-tests/nim/211//#testresult/10b0912bcc102069","status":"passed","time":{"start":1716560377284,"stop":1716560478328,"duration":101044}},{"uid":"831179c3c25f623f","reportUrl":"https://waku-org.github.io/waku-interop-tests/nim/210//#testresult/831179c3c25f623f","status":"passed","time":{"start":1716544801473,"stop":1716544902451,"duration":100978}},{"uid":"c6606c4992723af2","reportUrl":"https://waku-org.github.io/waku-interop-tests/nim/209//#testresult/c6606c4992723af2","status":"failed","statusDetails":"AssertionError: Payloads failed: ['A simple string']\nassert not ['A simple string']","time":{"start":1716544143064,"stop":1716544196927,"duration":53863}},{"uid":"26ef389bedd6f1e4","reportUrl":"https://waku-org.github.io/waku-interop-tests/nim/207//#testresult/26ef389bedd6f1e4","status":"passed","time":{"start":1716524185729,"stop":1716524285326,"duration":99597}},{"uid":"8936ab879ff0d2f4","reportUrl":"https://waku-org.github.io/waku-interop-tests/nim/206//#testresult/8936ab879ff0d2f4","status":"passed","time":{"start":1716437725453,"stop":1716437825554,"duration":100101}},{"uid":"4e6de28cbf1fb97a","reportUrl":"https://waku-org.github.io/waku-interop-tests/nim/205//#testresult/4e6de28cbf1fb97a","status":"passed","time":{"start":1716393303051,"stop":1716393403464,"duration":100413}},{"uid":"f6852d6e3e69805a","reportUrl":"https://waku-org.github.io/waku-interop-tests/nim/203//#testresult/f6852d6e3e69805a","status":"broken","statusDetails":"docker.errors.DockerException: Error while fetching server API version: Not supported URL scheme http+docker","time":{"start":1716361196250,"stop":1716361196250,"duration":0}},{"uid":"5de5722617d9bc2d","reportUrl":"https://waku-org.github.io/waku-interop-tests/nim/202//#testresult/5de5722617d9bc2d","status":"broken","statusDetails":"docker.errors.DockerException: Error while fetching server API version: Not supported URL scheme http+docker","time":{"start":1716351035689,"stop":1716351035689,"duration":0}},{"uid":"8c82b4a6b3db6164","reportUrl":"https://waku-org.github.io/waku-interop-tests/nim/201//#testresult/8c82b4a6b3db6164","status":"passed","time":{"start":1716316718220,"stop":1716316818426,"duration":100206}},{"uid":"695c859764c2c839","reportUrl":"https://waku-org.github.io/waku-interop-tests/nim/200//#testresult/695c859764c2c839","status":"passed","time":{"start":1716301776917,"stop":1716301877744,"duration":100827}},{"uid":"64ecb82fb6a7fc43","reportUrl":"https://waku-org.github.io/waku-interop-tests/nim/199//#testresult/64ecb82fb6a7fc43","status":"passed","time":{"start":1716290005212,"stop":1716290105718,"duration":100506}}]},"tags":["@pytest.mark.skipif(False, reason='Test works only with nwaku')","xdist_group(name='RLN serial tests')","@pytest.mark.usefixtures('register_main_rln_relay_nodes', 'register_optional_rln_relay_nodes')"]},"source":"16adbcd304a77549.json","parameterValues":[]}