{"uid":"e9016ea3e4fd1472","name":"test_store_messages_with_valid_payloads","fullName":"tests.store.test_get_messages.TestGetMessages#test_store_messages_with_valid_payloads","historyId":"35400677e81e0cbb3b6ff039012f3d13","time":{"start":1715052115120,"stop":1715052115120,"duration":0},"status":"broken","statusMessage":"requests.exceptions.ConnectionError: HTTPConnectionPool(host='127.0.0.1', port=32863): Max retries exceeded with url: /debug/v1/info (Caused by NewConnectionError('<urllib3.connection.HTTPConnection object at 0x7f903f3eeba0>: Failed to establish a new connection: [Errno 111] Connection refused'))","statusTrace":"/opt/hostedtoolcache/Python/3.12.3/x64/lib/python3.12/site-packages/urllib3/connection.py:203: in _new_conn\n    sock = connection.create_connection(\n/opt/hostedtoolcache/Python/3.12.3/x64/lib/python3.12/site-packages/urllib3/util/connection.py:85: in create_connection\n    raise err\n/opt/hostedtoolcache/Python/3.12.3/x64/lib/python3.12/site-packages/urllib3/util/connection.py:73: in create_connection\n    sock.connect(sa)\nE   ConnectionRefusedError: [Errno 111] Connection refused\n\nThe above exception was the direct cause of the following exception:\n/opt/hostedtoolcache/Python/3.12.3/x64/lib/python3.12/site-packages/urllib3/connectionpool.py:790: in urlopen\n    response = self._make_request(\n/opt/hostedtoolcache/Python/3.12.3/x64/lib/python3.12/site-packages/urllib3/connectionpool.py:496: in _make_request\n    conn.request(\n/opt/hostedtoolcache/Python/3.12.3/x64/lib/python3.12/site-packages/urllib3/connection.py:395: in request\n    self.endheaders()\n/opt/hostedtoolcache/Python/3.12.3/x64/lib/python3.12/http/client.py:1331: in endheaders\n    self._send_output(message_body, encode_chunked=encode_chunked)\n/opt/hostedtoolcache/Python/3.12.3/x64/lib/python3.12/http/client.py:1091: in _send_output\n    self.send(msg)\n/opt/hostedtoolcache/Python/3.12.3/x64/lib/python3.12/http/client.py:1035: in send\n    self.connect()\n/opt/hostedtoolcache/Python/3.12.3/x64/lib/python3.12/site-packages/urllib3/connection.py:243: in connect\n    self.sock = self._new_conn()\n/opt/hostedtoolcache/Python/3.12.3/x64/lib/python3.12/site-packages/urllib3/connection.py:218: in _new_conn\n    raise NewConnectionError(\nE   urllib3.exceptions.NewConnectionError: <urllib3.connection.HTTPConnection object at 0x7f903f3eeba0>: Failed to establish a new connection: [Errno 111] Connection refused\n\nThe above exception was the direct cause of the following exception:\n/opt/hostedtoolcache/Python/3.12.3/x64/lib/python3.12/site-packages/requests/adapters.py:486: in send\n    resp = conn.urlopen(\n/opt/hostedtoolcache/Python/3.12.3/x64/lib/python3.12/site-packages/urllib3/connectionpool.py:844: in urlopen\n    retries = retries.increment(\n/opt/hostedtoolcache/Python/3.12.3/x64/lib/python3.12/site-packages/urllib3/util/retry.py:515: in increment\n    raise MaxRetryError(_pool, url, reason) from reason  # type: ignore[arg-type]\nE   urllib3.exceptions.MaxRetryError: HTTPConnectionPool(host='127.0.0.1', port=32863): Max retries exceeded with url: /debug/v1/info (Caused by NewConnectionError('<urllib3.connection.HTTPConnection object at 0x7f903f3eeba0>: Failed to establish a new connection: [Errno 111] Connection refused'))\n\nDuring handling of the above exception, another exception occurred:\ntests/store/test_get_messages.py:15: in store_functional_setup\n    self.setup_first_publishing_node(store=\"true\", relay=\"true\")\nsrc/steps/store.py:56: in setup_first_publishing_node\n    self.publishing_node1 = self.start_publishing_node(NODE_1, node_index=1, store=store, relay=relay, **kwargs)\nsrc/steps/store.py:35: in start_publishing_node\n    node.start(**kwargs)\n/opt/hostedtoolcache/Python/3.12.3/x64/lib/python3.12/site-packages/tenacity/__init__.py:289: in wrapped_f\n    return self(f, *args, **kw)\n/opt/hostedtoolcache/Python/3.12.3/x64/lib/python3.12/site-packages/tenacity/__init__.py:379: in __call__\n    do = self.iter(retry_state=retry_state)\n/opt/hostedtoolcache/Python/3.12.3/x64/lib/python3.12/site-packages/tenacity/__init__.py:325: in iter\n    raise retry_exc.reraise()\n/opt/hostedtoolcache/Python/3.12.3/x64/lib/python3.12/site-packages/tenacity/__init__.py:158: in reraise\n    raise self.last_attempt.result()\n/opt/hostedtoolcache/Python/3.12.3/x64/lib/python3.12/concurrent/futures/_base.py:449: in result\n    return self.__get_result()\n/opt/hostedtoolcache/Python/3.12.3/x64/lib/python3.12/concurrent/futures/_base.py:401: in __get_result\n    raise self._exception\n/opt/hostedtoolcache/Python/3.12.3/x64/lib/python3.12/site-packages/tenacity/__init__.py:382: in __call__\n    result = fn(*args, **kwargs)\nsrc/node/waku_node.py:126: in start\n    self.ensure_ready(timeout_duration=wait_for_node_sec)\nsrc/node/waku_node.py:195: in ensure_ready\n    check_ready()\n/opt/hostedtoolcache/Python/3.12.3/x64/lib/python3.12/site-packages/tenacity/__init__.py:289: in wrapped_f\n    return self(f, *args, **kw)\n/opt/hostedtoolcache/Python/3.12.3/x64/lib/python3.12/site-packages/tenacity/__init__.py:379: in __call__\n    do = self.iter(retry_state=retry_state)\n/opt/hostedtoolcache/Python/3.12.3/x64/lib/python3.12/site-packages/tenacity/__init__.py:325: in iter\n    raise retry_exc.reraise()\n/opt/hostedtoolcache/Python/3.12.3/x64/lib/python3.12/site-packages/tenacity/__init__.py:158: in reraise\n    raise self.last_attempt.result()\n/opt/hostedtoolcache/Python/3.12.3/x64/lib/python3.12/concurrent/futures/_base.py:449: in result\n    return self.__get_result()\n/opt/hostedtoolcache/Python/3.12.3/x64/lib/python3.12/concurrent/futures/_base.py:401: in __get_result\n    raise self._exception\n/opt/hostedtoolcache/Python/3.12.3/x64/lib/python3.12/site-packages/tenacity/__init__.py:382: in __call__\n    result = fn(*args, **kwargs)\nsrc/node/waku_node.py:192: in check_ready\n    node.info_response = node.info()\nsrc/node/waku_node.py:219: in info\n    return self._api.info()\nsrc/node/api_clients/rest.py:24: in info\n    info_response = self.rest_call(\"get\", \"debug/v1/info\")\nsrc/node/api_clients/rest.py:16: in rest_call\n    return self.make_request(method, url, headers=headers, data=payload)\nsrc/node/api_clients/base_client.py:12: in make_request\n    response = requests.request(method.upper(), url, headers=headers, data=data, timeout=API_REQUEST_TIMEOUT)\n/opt/hostedtoolcache/Python/3.12.3/x64/lib/python3.12/site-packages/requests/api.py:59: in request\n    return session.request(method=method, url=url, **kwargs)\n/opt/hostedtoolcache/Python/3.12.3/x64/lib/python3.12/site-packages/requests/sessions.py:589: in request\n    resp = self.send(prep, **send_kwargs)\n/opt/hostedtoolcache/Python/3.12.3/x64/lib/python3.12/site-packages/requests/sessions.py:703: in send\n    r = adapter.send(request, **kwargs)\n/opt/hostedtoolcache/Python/3.12.3/x64/lib/python3.12/site-packages/requests/adapters.py:519: in send\n    raise ConnectionError(e, request=request)\nE   requests.exceptions.ConnectionError: HTTPConnectionPool(host='127.0.0.1', port=32863): Max retries exceeded with url: /debug/v1/info (Caused by NewConnectionError('<urllib3.connection.HTTPConnection object at 0x7f903f3eeba0>: Failed to establish a new connection: [Errno 111] Connection refused'))","flaky":false,"newFailed":false,"newBroken":true,"newPassed":false,"retriesCount":2,"retriesStatusChange":false,"beforeStages":[{"name":"set_allure_env_variables","time":{"start":1715051463913,"stop":1715051463913,"duration":0},"status":"passed","steps":[],"attachments":[],"parameters":[],"shouldDisplayMessage":false,"stepsCount":0,"attachmentsCount":0,"hasContent":false,"attachmentStep":false},{"name":"attach_logs_on_fail","time":{"start":1715052115120,"stop":1715052115121,"duration":1},"status":"passed","steps":[],"attachments":[],"parameters":[],"shouldDisplayMessage":false,"stepsCount":0,"attachmentsCount":0,"hasContent":false,"attachmentStep":false},{"name":"test_id","time":{"start":1715052115121,"stop":1715052115121,"duration":0},"status":"passed","steps":[],"attachments":[],"parameters":[],"shouldDisplayMessage":false,"stepsCount":0,"attachmentsCount":0,"hasContent":false,"attachmentStep":false},{"name":"close_open_nodes","time":{"start":1715052115121,"stop":1715052115121,"duration":0},"status":"passed","steps":[],"attachments":[],"parameters":[],"shouldDisplayMessage":false,"stepsCount":0,"attachmentsCount":0,"hasContent":false,"attachmentStep":false},{"name":"test_setup","time":{"start":1715052115121,"stop":1715052115121,"duration":0},"status":"passed","steps":[],"attachments":[],"parameters":[],"shouldDisplayMessage":false,"stepsCount":0,"attachmentsCount":0,"hasContent":false,"attachmentStep":false},{"name":"common_setup","time":{"start":1715052115121,"stop":1715052115122,"duration":1},"status":"passed","steps":[],"attachments":[],"parameters":[],"shouldDisplayMessage":false,"stepsCount":0,"attachmentsCount":0,"hasContent":false,"attachmentStep":false},{"name":"store_setup","time":{"start":1715052115122,"stop":1715052115122,"duration":0},"status":"passed","steps":[],"attachments":[],"parameters":[],"shouldDisplayMessage":false,"stepsCount":0,"attachmentsCount":0,"hasContent":false,"attachmentStep":false},{"name":"store_functional_setup","time":{"start":1715052115122,"stop":1715052126793,"duration":11671},"status":"broken","statusMessage":"requests.exceptions.ConnectionError: HTTPConnectionPool(host='127.0.0.1', port=32863): Max retries exceeded with url: /debug/v1/info (Caused by NewConnectionError('<urllib3.connection.HTTPConnection object at 0x7f903f3eeba0>: Failed to establish a new connection: [Errno 111] Connection refused'))\n","statusTrace":"  File \"/opt/hostedtoolcache/Python/3.12.3/x64/lib/python3.12/site-packages/pluggy/_callers.py\", line 137, in _multicall\n    teardown.throw(outcome._exception)\n  File \"/opt/hostedtoolcache/Python/3.12.3/x64/lib/python3.12/site-packages/_pytest/setuponly.py\", line 36, in pytest_fixture_setup\n    return (yield)\n            ^^^^^\n  File \"/opt/hostedtoolcache/Python/3.12.3/x64/lib/python3.12/site-packages/pluggy/_callers.py\", line 77, in _multicall\n    res = hook_impl.function(*args)\n          ^^^^^^^^^^^^^^^^^^^^^^^^^\n  File \"/opt/hostedtoolcache/Python/3.12.3/x64/lib/python3.12/site-packages/_pytest/fixtures.py\", line 1140, in pytest_fixture_setup\n    result = call_fixture_func(fixturefunc, request, kwargs)\n             ^^^^^^^^^^^^^^^^^^^^^^^^^^^^^^^^^^^^^^^^^^^^^^^\n  File \"/opt/hostedtoolcache/Python/3.12.3/x64/lib/python3.12/site-packages/_pytest/fixtures.py\", line 917, in call_fixture_func\n    fixture_result = fixturefunc(**kwargs)\n                     ^^^^^^^^^^^^^^^^^^^^^\n  File \"/home/runner/work/waku-interop-tests/waku-interop-tests/tests/store/test_get_messages.py\", line 15, in store_functional_setup\n    self.setup_first_publishing_node(store=\"true\", relay=\"true\")\n  File \"/opt/hostedtoolcache/Python/3.12.3/x64/lib/python3.12/site-packages/allure_commons/_allure.py\", line 192, in impl\n    return func(*a, **kw)\n           ^^^^^^^^^^^^^^\n  File \"/home/runner/work/waku-interop-tests/waku-interop-tests/src/steps/store.py\", line 56, in setup_first_publishing_node\n    self.publishing_node1 = self.start_publishing_node(NODE_1, node_index=1, store=store, relay=relay, **kwargs)\n                            ^^^^^^^^^^^^^^^^^^^^^^^^^^^^^^^^^^^^^^^^^^^^^^^^^^^^^^^^^^^^^^^^^^^^^^^^^^^^^^^^^^^^\n  File \"/opt/hostedtoolcache/Python/3.12.3/x64/lib/python3.12/site-packages/allure_commons/_allure.py\", line 192, in impl\n    return func(*a, **kw)\n           ^^^^^^^^^^^^^^\n  File \"/home/runner/work/waku-interop-tests/waku-interop-tests/src/steps/store.py\", line 35, in start_publishing_node\n    node.start(**kwargs)\n  File \"/opt/hostedtoolcache/Python/3.12.3/x64/lib/python3.12/site-packages/tenacity/__init__.py\", line 289, in wrapped_f\n    return self(f, *args, **kw)\n           ^^^^^^^^^^^^^^^^^^^^\n  File \"/opt/hostedtoolcache/Python/3.12.3/x64/lib/python3.12/site-packages/tenacity/__init__.py\", line 379, in __call__\n    do = self.iter(retry_state=retry_state)\n         ^^^^^^^^^^^^^^^^^^^^^^^^^^^^^^^^^^\n  File \"/opt/hostedtoolcache/Python/3.12.3/x64/lib/python3.12/site-packages/tenacity/__init__.py\", line 325, in iter\n    raise retry_exc.reraise()\n          ^^^^^^^^^^^^^^^^^^^\n  File \"/opt/hostedtoolcache/Python/3.12.3/x64/lib/python3.12/site-packages/tenacity/__init__.py\", line 158, in reraise\n    raise self.last_attempt.result()\n          ^^^^^^^^^^^^^^^^^^^^^^^^^^\n  File \"/opt/hostedtoolcache/Python/3.12.3/x64/lib/python3.12/concurrent/futures/_base.py\", line 449, in result\n    return self.__get_result()\n           ^^^^^^^^^^^^^^^^^^^\n  File \"/opt/hostedtoolcache/Python/3.12.3/x64/lib/python3.12/concurrent/futures/_base.py\", line 401, in __get_result\n    raise self._exception\n  File \"/opt/hostedtoolcache/Python/3.12.3/x64/lib/python3.12/site-packages/tenacity/__init__.py\", line 382, in __call__\n    result = fn(*args, **kwargs)\n             ^^^^^^^^^^^^^^^^^^^\n  File \"/home/runner/work/waku-interop-tests/waku-interop-tests/src/node/waku_node.py\", line 126, in start\n    self.ensure_ready(timeout_duration=wait_for_node_sec)\n  File \"/home/runner/work/waku-interop-tests/waku-interop-tests/src/node/waku_node.py\", line 195, in ensure_ready\n    check_ready()\n  File \"/opt/hostedtoolcache/Python/3.12.3/x64/lib/python3.12/site-packages/tenacity/__init__.py\", line 289, in wrapped_f\n    return self(f, *args, **kw)\n           ^^^^^^^^^^^^^^^^^^^^\n  File \"/opt/hostedtoolcache/Python/3.12.3/x64/lib/python3.12/site-packages/tenacity/__init__.py\", line 379, in __call__\n    do = self.iter(retry_state=retry_state)\n         ^^^^^^^^^^^^^^^^^^^^^^^^^^^^^^^^^^\n  File \"/opt/hostedtoolcache/Python/3.12.3/x64/lib/python3.12/site-packages/tenacity/__init__.py\", line 325, in iter\n    raise retry_exc.reraise()\n          ^^^^^^^^^^^^^^^^^^^\n  File \"/opt/hostedtoolcache/Python/3.12.3/x64/lib/python3.12/site-packages/tenacity/__init__.py\", line 158, in reraise\n    raise self.last_attempt.result()\n          ^^^^^^^^^^^^^^^^^^^^^^^^^^\n  File \"/opt/hostedtoolcache/Python/3.12.3/x64/lib/python3.12/concurrent/futures/_base.py\", line 449, in result\n    return self.__get_result()\n           ^^^^^^^^^^^^^^^^^^^\n  File \"/opt/hostedtoolcache/Python/3.12.3/x64/lib/python3.12/concurrent/futures/_base.py\", line 401, in __get_result\n    raise self._exception\n  File \"/opt/hostedtoolcache/Python/3.12.3/x64/lib/python3.12/site-packages/tenacity/__init__.py\", line 382, in __call__\n    result = fn(*args, **kwargs)\n             ^^^^^^^^^^^^^^^^^^^\n  File \"/home/runner/work/waku-interop-tests/waku-interop-tests/src/node/waku_node.py\", line 192, in check_ready\n    node.info_response = node.info()\n                         ^^^^^^^^^^^\n  File \"/home/runner/work/waku-interop-tests/waku-interop-tests/src/node/waku_node.py\", line 219, in info\n    return self._api.info()\n           ^^^^^^^^^^^^^^^^\n  File \"/home/runner/work/waku-interop-tests/waku-interop-tests/src/node/api_clients/rest.py\", line 24, in info\n    info_response = self.rest_call(\"get\", \"debug/v1/info\")\n                    ^^^^^^^^^^^^^^^^^^^^^^^^^^^^^^^^^^^^^^\n  File \"/home/runner/work/waku-interop-tests/waku-interop-tests/src/node/api_clients/rest.py\", line 16, in rest_call\n    return self.make_request(method, url, headers=headers, data=payload)\n           ^^^^^^^^^^^^^^^^^^^^^^^^^^^^^^^^^^^^^^^^^^^^^^^^^^^^^^^^^^^^^\n  File \"/home/runner/work/waku-interop-tests/waku-interop-tests/src/node/api_clients/base_client.py\", line 12, in make_request\n    response = requests.request(method.upper(), url, headers=headers, data=data, timeout=API_REQUEST_TIMEOUT)\n               ^^^^^^^^^^^^^^^^^^^^^^^^^^^^^^^^^^^^^^^^^^^^^^^^^^^^^^^^^^^^^^^^^^^^^^^^^^^^^^^^^^^^^^^^^^^^^^\n  File \"/opt/hostedtoolcache/Python/3.12.3/x64/lib/python3.12/site-packages/requests/api.py\", line 59, in request\n    return session.request(method=method, url=url, **kwargs)\n           ^^^^^^^^^^^^^^^^^^^^^^^^^^^^^^^^^^^^^^^^^^^^^^^^^\n  File \"/opt/hostedtoolcache/Python/3.12.3/x64/lib/python3.12/site-packages/requests/sessions.py\", line 589, in request\n    resp = self.send(prep, **send_kwargs)\n           ^^^^^^^^^^^^^^^^^^^^^^^^^^^^^^\n  File \"/opt/hostedtoolcache/Python/3.12.3/x64/lib/python3.12/site-packages/requests/sessions.py\", line 703, in send\n    r = adapter.send(request, **kwargs)\n        ^^^^^^^^^^^^^^^^^^^^^^^^^^^^^^^\n  File \"/opt/hostedtoolcache/Python/3.12.3/x64/lib/python3.12/site-packages/requests/adapters.py\", line 519, in send\n    raise ConnectionError(e, request=request)\n","steps":[{"name":"setup_first_publishing_node","time":{"start":1715052115122,"stop":1715052126791,"duration":11669},"status":"broken","statusMessage":"requests.exceptions.ConnectionError: HTTPConnectionPool(host='127.0.0.1', port=32863): Max retries exceeded with url: /debug/v1/info (Caused by NewConnectionError('<urllib3.connection.HTTPConnection object at 0x7f903f3eeba0>: Failed to establish a new connection: [Errno 111] Connection refused'))\n","statusTrace":"  File \"/opt/hostedtoolcache/Python/3.12.3/x64/lib/python3.12/site-packages/allure_commons/_allure.py\", line 192, in impl\n    return func(*a, **kw)\n           ^^^^^^^^^^^^^^\n  File \"/home/runner/work/waku-interop-tests/waku-interop-tests/src/steps/store.py\", line 56, in setup_first_publishing_node\n    self.publishing_node1 = self.start_publishing_node(NODE_1, node_index=1, store=store, relay=relay, **kwargs)\n                            ^^^^^^^^^^^^^^^^^^^^^^^^^^^^^^^^^^^^^^^^^^^^^^^^^^^^^^^^^^^^^^^^^^^^^^^^^^^^^^^^^^^^\n  File \"/opt/hostedtoolcache/Python/3.12.3/x64/lib/python3.12/site-packages/allure_commons/_allure.py\", line 192, in impl\n    return func(*a, **kw)\n           ^^^^^^^^^^^^^^\n  File \"/home/runner/work/waku-interop-tests/waku-interop-tests/src/steps/store.py\", line 35, in start_publishing_node\n    node.start(**kwargs)\n  File \"/opt/hostedtoolcache/Python/3.12.3/x64/lib/python3.12/site-packages/tenacity/__init__.py\", line 289, in wrapped_f\n    return self(f, *args, **kw)\n           ^^^^^^^^^^^^^^^^^^^^\n  File \"/opt/hostedtoolcache/Python/3.12.3/x64/lib/python3.12/site-packages/tenacity/__init__.py\", line 379, in __call__\n    do = self.iter(retry_state=retry_state)\n         ^^^^^^^^^^^^^^^^^^^^^^^^^^^^^^^^^^\n  File \"/opt/hostedtoolcache/Python/3.12.3/x64/lib/python3.12/site-packages/tenacity/__init__.py\", line 325, in iter\n    raise retry_exc.reraise()\n          ^^^^^^^^^^^^^^^^^^^\n  File \"/opt/hostedtoolcache/Python/3.12.3/x64/lib/python3.12/site-packages/tenacity/__init__.py\", line 158, in reraise\n    raise self.last_attempt.result()\n          ^^^^^^^^^^^^^^^^^^^^^^^^^^\n  File \"/opt/hostedtoolcache/Python/3.12.3/x64/lib/python3.12/concurrent/futures/_base.py\", line 449, in result\n    return self.__get_result()\n           ^^^^^^^^^^^^^^^^^^^\n  File \"/opt/hostedtoolcache/Python/3.12.3/x64/lib/python3.12/concurrent/futures/_base.py\", line 401, in __get_result\n    raise self._exception\n  File \"/opt/hostedtoolcache/Python/3.12.3/x64/lib/python3.12/site-packages/tenacity/__init__.py\", line 382, in __call__\n    result = fn(*args, **kwargs)\n             ^^^^^^^^^^^^^^^^^^^\n  File \"/home/runner/work/waku-interop-tests/waku-interop-tests/src/node/waku_node.py\", line 126, in start\n    self.ensure_ready(timeout_duration=wait_for_node_sec)\n  File \"/home/runner/work/waku-interop-tests/waku-interop-tests/src/node/waku_node.py\", line 195, in ensure_ready\n    check_ready()\n  File \"/opt/hostedtoolcache/Python/3.12.3/x64/lib/python3.12/site-packages/tenacity/__init__.py\", line 289, in wrapped_f\n    return self(f, *args, **kw)\n           ^^^^^^^^^^^^^^^^^^^^\n  File \"/opt/hostedtoolcache/Python/3.12.3/x64/lib/python3.12/site-packages/tenacity/__init__.py\", line 379, in __call__\n    do = self.iter(retry_state=retry_state)\n         ^^^^^^^^^^^^^^^^^^^^^^^^^^^^^^^^^^\n  File \"/opt/hostedtoolcache/Python/3.12.3/x64/lib/python3.12/site-packages/tenacity/__init__.py\", line 325, in iter\n    raise retry_exc.reraise()\n          ^^^^^^^^^^^^^^^^^^^\n  File \"/opt/hostedtoolcache/Python/3.12.3/x64/lib/python3.12/site-packages/tenacity/__init__.py\", line 158, in reraise\n    raise self.last_attempt.result()\n          ^^^^^^^^^^^^^^^^^^^^^^^^^^\n  File \"/opt/hostedtoolcache/Python/3.12.3/x64/lib/python3.12/concurrent/futures/_base.py\", line 449, in result\n    return self.__get_result()\n           ^^^^^^^^^^^^^^^^^^^\n  File \"/opt/hostedtoolcache/Python/3.12.3/x64/lib/python3.12/concurrent/futures/_base.py\", line 401, in __get_result\n    raise self._exception\n  File \"/opt/hostedtoolcache/Python/3.12.3/x64/lib/python3.12/site-packages/tenacity/__init__.py\", line 382, in __call__\n    result = fn(*args, **kwargs)\n             ^^^^^^^^^^^^^^^^^^^\n  File \"/home/runner/work/waku-interop-tests/waku-interop-tests/src/node/waku_node.py\", line 192, in check_ready\n    node.info_response = node.info()\n                         ^^^^^^^^^^^\n  File \"/home/runner/work/waku-interop-tests/waku-interop-tests/src/node/waku_node.py\", line 219, in info\n    return self._api.info()\n           ^^^^^^^^^^^^^^^^\n  File \"/home/runner/work/waku-interop-tests/waku-interop-tests/src/node/api_clients/rest.py\", line 24, in info\n    info_response = self.rest_call(\"get\", \"debug/v1/info\")\n                    ^^^^^^^^^^^^^^^^^^^^^^^^^^^^^^^^^^^^^^\n  File \"/home/runner/work/waku-interop-tests/waku-interop-tests/src/node/api_clients/rest.py\", line 16, in rest_call\n    return self.make_request(method, url, headers=headers, data=payload)\n           ^^^^^^^^^^^^^^^^^^^^^^^^^^^^^^^^^^^^^^^^^^^^^^^^^^^^^^^^^^^^^\n  File \"/home/runner/work/waku-interop-tests/waku-interop-tests/src/node/api_clients/base_client.py\", line 12, in make_request\n    response = requests.request(method.upper(), url, headers=headers, data=data, timeout=API_REQUEST_TIMEOUT)\n               ^^^^^^^^^^^^^^^^^^^^^^^^^^^^^^^^^^^^^^^^^^^^^^^^^^^^^^^^^^^^^^^^^^^^^^^^^^^^^^^^^^^^^^^^^^^^^^\n  File \"/opt/hostedtoolcache/Python/3.12.3/x64/lib/python3.12/site-packages/requests/api.py\", line 59, in request\n    return session.request(method=method, url=url, **kwargs)\n           ^^^^^^^^^^^^^^^^^^^^^^^^^^^^^^^^^^^^^^^^^^^^^^^^^\n  File \"/opt/hostedtoolcache/Python/3.12.3/x64/lib/python3.12/site-packages/requests/sessions.py\", line 589, in request\n    resp = self.send(prep, **send_kwargs)\n           ^^^^^^^^^^^^^^^^^^^^^^^^^^^^^^\n  File \"/opt/hostedtoolcache/Python/3.12.3/x64/lib/python3.12/site-packages/requests/sessions.py\", line 703, in send\n    r = adapter.send(request, **kwargs)\n        ^^^^^^^^^^^^^^^^^^^^^^^^^^^^^^^\n  File \"/opt/hostedtoolcache/Python/3.12.3/x64/lib/python3.12/site-packages/requests/adapters.py\", line 519, in send\n    raise ConnectionError(e, request=request)\n","steps":[{"name":"start_publishing_node","time":{"start":1715052115122,"stop":1715052126789,"duration":11667},"status":"broken","statusMessage":"requests.exceptions.ConnectionError: HTTPConnectionPool(host='127.0.0.1', port=32863): Max retries exceeded with url: /debug/v1/info (Caused by NewConnectionError('<urllib3.connection.HTTPConnection object at 0x7f903f3eeba0>: Failed to establish a new connection: [Errno 111] Connection refused'))\n","statusTrace":"  File \"/opt/hostedtoolcache/Python/3.12.3/x64/lib/python3.12/site-packages/allure_commons/_allure.py\", line 192, in impl\n    return func(*a, **kw)\n           ^^^^^^^^^^^^^^\n  File \"/home/runner/work/waku-interop-tests/waku-interop-tests/src/steps/store.py\", line 35, in start_publishing_node\n    node.start(**kwargs)\n  File \"/opt/hostedtoolcache/Python/3.12.3/x64/lib/python3.12/site-packages/tenacity/__init__.py\", line 289, in wrapped_f\n    return self(f, *args, **kw)\n           ^^^^^^^^^^^^^^^^^^^^\n  File \"/opt/hostedtoolcache/Python/3.12.3/x64/lib/python3.12/site-packages/tenacity/__init__.py\", line 379, in __call__\n    do = self.iter(retry_state=retry_state)\n         ^^^^^^^^^^^^^^^^^^^^^^^^^^^^^^^^^^\n  File \"/opt/hostedtoolcache/Python/3.12.3/x64/lib/python3.12/site-packages/tenacity/__init__.py\", line 325, in iter\n    raise retry_exc.reraise()\n          ^^^^^^^^^^^^^^^^^^^\n  File \"/opt/hostedtoolcache/Python/3.12.3/x64/lib/python3.12/site-packages/tenacity/__init__.py\", line 158, in reraise\n    raise self.last_attempt.result()\n          ^^^^^^^^^^^^^^^^^^^^^^^^^^\n  File \"/opt/hostedtoolcache/Python/3.12.3/x64/lib/python3.12/concurrent/futures/_base.py\", line 449, in result\n    return self.__get_result()\n           ^^^^^^^^^^^^^^^^^^^\n  File \"/opt/hostedtoolcache/Python/3.12.3/x64/lib/python3.12/concurrent/futures/_base.py\", line 401, in __get_result\n    raise self._exception\n  File \"/opt/hostedtoolcache/Python/3.12.3/x64/lib/python3.12/site-packages/tenacity/__init__.py\", line 382, in __call__\n    result = fn(*args, **kwargs)\n             ^^^^^^^^^^^^^^^^^^^\n  File \"/home/runner/work/waku-interop-tests/waku-interop-tests/src/node/waku_node.py\", line 126, in start\n    self.ensure_ready(timeout_duration=wait_for_node_sec)\n  File \"/home/runner/work/waku-interop-tests/waku-interop-tests/src/node/waku_node.py\", line 195, in ensure_ready\n    check_ready()\n  File \"/opt/hostedtoolcache/Python/3.12.3/x64/lib/python3.12/site-packages/tenacity/__init__.py\", line 289, in wrapped_f\n    return self(f, *args, **kw)\n           ^^^^^^^^^^^^^^^^^^^^\n  File \"/opt/hostedtoolcache/Python/3.12.3/x64/lib/python3.12/site-packages/tenacity/__init__.py\", line 379, in __call__\n    do = self.iter(retry_state=retry_state)\n         ^^^^^^^^^^^^^^^^^^^^^^^^^^^^^^^^^^\n  File \"/opt/hostedtoolcache/Python/3.12.3/x64/lib/python3.12/site-packages/tenacity/__init__.py\", line 325, in iter\n    raise retry_exc.reraise()\n          ^^^^^^^^^^^^^^^^^^^\n  File \"/opt/hostedtoolcache/Python/3.12.3/x64/lib/python3.12/site-packages/tenacity/__init__.py\", line 158, in reraise\n    raise self.last_attempt.result()\n          ^^^^^^^^^^^^^^^^^^^^^^^^^^\n  File \"/opt/hostedtoolcache/Python/3.12.3/x64/lib/python3.12/concurrent/futures/_base.py\", line 449, in result\n    return self.__get_result()\n           ^^^^^^^^^^^^^^^^^^^\n  File \"/opt/hostedtoolcache/Python/3.12.3/x64/lib/python3.12/concurrent/futures/_base.py\", line 401, in __get_result\n    raise self._exception\n  File \"/opt/hostedtoolcache/Python/3.12.3/x64/lib/python3.12/site-packages/tenacity/__init__.py\", line 382, in __call__\n    result = fn(*args, **kwargs)\n             ^^^^^^^^^^^^^^^^^^^\n  File \"/home/runner/work/waku-interop-tests/waku-interop-tests/src/node/waku_node.py\", line 192, in check_ready\n    node.info_response = node.info()\n                         ^^^^^^^^^^^\n  File \"/home/runner/work/waku-interop-tests/waku-interop-tests/src/node/waku_node.py\", line 219, in info\n    return self._api.info()\n           ^^^^^^^^^^^^^^^^\n  File \"/home/runner/work/waku-interop-tests/waku-interop-tests/src/node/api_clients/rest.py\", line 24, in info\n    info_response = self.rest_call(\"get\", \"debug/v1/info\")\n                    ^^^^^^^^^^^^^^^^^^^^^^^^^^^^^^^^^^^^^^\n  File \"/home/runner/work/waku-interop-tests/waku-interop-tests/src/node/api_clients/rest.py\", line 16, in rest_call\n    return self.make_request(method, url, headers=headers, data=payload)\n           ^^^^^^^^^^^^^^^^^^^^^^^^^^^^^^^^^^^^^^^^^^^^^^^^^^^^^^^^^^^^^\n  File \"/home/runner/work/waku-interop-tests/waku-interop-tests/src/node/api_clients/base_client.py\", line 12, in make_request\n    response = requests.request(method.upper(), url, headers=headers, data=data, timeout=API_REQUEST_TIMEOUT)\n               ^^^^^^^^^^^^^^^^^^^^^^^^^^^^^^^^^^^^^^^^^^^^^^^^^^^^^^^^^^^^^^^^^^^^^^^^^^^^^^^^^^^^^^^^^^^^^^\n  File \"/opt/hostedtoolcache/Python/3.12.3/x64/lib/python3.12/site-packages/requests/api.py\", line 59, in request\n    return session.request(method=method, url=url, **kwargs)\n           ^^^^^^^^^^^^^^^^^^^^^^^^^^^^^^^^^^^^^^^^^^^^^^^^^\n  File \"/opt/hostedtoolcache/Python/3.12.3/x64/lib/python3.12/site-packages/requests/sessions.py\", line 589, in request\n    resp = self.send(prep, **send_kwargs)\n           ^^^^^^^^^^^^^^^^^^^^^^^^^^^^^^\n  File \"/opt/hostedtoolcache/Python/3.12.3/x64/lib/python3.12/site-packages/requests/sessions.py\", line 703, in send\n    r = adapter.send(request, **kwargs)\n        ^^^^^^^^^^^^^^^^^^^^^^^^^^^^^^^\n  File \"/opt/hostedtoolcache/Python/3.12.3/x64/lib/python3.12/site-packages/requests/adapters.py\", line 519, in send\n    raise ConnectionError(e, request=request)\n","steps":[],"attachments":[],"parameters":[{"name":"image","value":"'harbor.status.im/wakuorg/nwaku:latest'"},{"name":"node_index","value":"1"},{"name":"store","value":"'true'"},{"name":"relay","value":"'true'"}],"shouldDisplayMessage":true,"stepsCount":0,"attachmentsCount":0,"hasContent":true,"attachmentStep":false}],"attachments":[],"parameters":[{"name":"store","value":"'true'"},{"name":"relay","value":"'true'"}],"shouldDisplayMessage":false,"stepsCount":1,"attachmentsCount":0,"hasContent":true,"attachmentStep":false}],"attachments":[],"parameters":[],"shouldDisplayMessage":false,"stepsCount":2,"attachmentsCount":0,"hasContent":true,"attachmentStep":false}],"testStage":{"status":"broken","statusMessage":"requests.exceptions.ConnectionError: HTTPConnectionPool(host='127.0.0.1', port=32863): Max retries exceeded with url: /debug/v1/info (Caused by NewConnectionError('<urllib3.connection.HTTPConnection object at 0x7f903f3eeba0>: Failed to establish a new connection: [Errno 111] Connection refused'))","statusTrace":"/opt/hostedtoolcache/Python/3.12.3/x64/lib/python3.12/site-packages/urllib3/connection.py:203: in _new_conn\n    sock = connection.create_connection(\n/opt/hostedtoolcache/Python/3.12.3/x64/lib/python3.12/site-packages/urllib3/util/connection.py:85: in create_connection\n    raise err\n/opt/hostedtoolcache/Python/3.12.3/x64/lib/python3.12/site-packages/urllib3/util/connection.py:73: in create_connection\n    sock.connect(sa)\nE   ConnectionRefusedError: [Errno 111] Connection refused\n\nThe above exception was the direct cause of the following exception:\n/opt/hostedtoolcache/Python/3.12.3/x64/lib/python3.12/site-packages/urllib3/connectionpool.py:790: in urlopen\n    response = self._make_request(\n/opt/hostedtoolcache/Python/3.12.3/x64/lib/python3.12/site-packages/urllib3/connectionpool.py:496: in _make_request\n    conn.request(\n/opt/hostedtoolcache/Python/3.12.3/x64/lib/python3.12/site-packages/urllib3/connection.py:395: in request\n    self.endheaders()\n/opt/hostedtoolcache/Python/3.12.3/x64/lib/python3.12/http/client.py:1331: in endheaders\n    self._send_output(message_body, encode_chunked=encode_chunked)\n/opt/hostedtoolcache/Python/3.12.3/x64/lib/python3.12/http/client.py:1091: in _send_output\n    self.send(msg)\n/opt/hostedtoolcache/Python/3.12.3/x64/lib/python3.12/http/client.py:1035: in send\n    self.connect()\n/opt/hostedtoolcache/Python/3.12.3/x64/lib/python3.12/site-packages/urllib3/connection.py:243: in connect\n    self.sock = self._new_conn()\n/opt/hostedtoolcache/Python/3.12.3/x64/lib/python3.12/site-packages/urllib3/connection.py:218: in _new_conn\n    raise NewConnectionError(\nE   urllib3.exceptions.NewConnectionError: <urllib3.connection.HTTPConnection object at 0x7f903f3eeba0>: Failed to establish a new connection: [Errno 111] Connection refused\n\nThe above exception was the direct cause of the following exception:\n/opt/hostedtoolcache/Python/3.12.3/x64/lib/python3.12/site-packages/requests/adapters.py:486: in send\n    resp = conn.urlopen(\n/opt/hostedtoolcache/Python/3.12.3/x64/lib/python3.12/site-packages/urllib3/connectionpool.py:844: in urlopen\n    retries = retries.increment(\n/opt/hostedtoolcache/Python/3.12.3/x64/lib/python3.12/site-packages/urllib3/util/retry.py:515: in increment\n    raise MaxRetryError(_pool, url, reason) from reason  # type: ignore[arg-type]\nE   urllib3.exceptions.MaxRetryError: HTTPConnectionPool(host='127.0.0.1', port=32863): Max retries exceeded with url: /debug/v1/info (Caused by NewConnectionError('<urllib3.connection.HTTPConnection object at 0x7f903f3eeba0>: Failed to establish a new connection: [Errno 111] Connection refused'))\n\nDuring handling of the above exception, another exception occurred:\ntests/store/test_get_messages.py:15: in store_functional_setup\n    self.setup_first_publishing_node(store=\"true\", relay=\"true\")\nsrc/steps/store.py:56: in setup_first_publishing_node\n    self.publishing_node1 = self.start_publishing_node(NODE_1, node_index=1, store=store, relay=relay, **kwargs)\nsrc/steps/store.py:35: in start_publishing_node\n    node.start(**kwargs)\n/opt/hostedtoolcache/Python/3.12.3/x64/lib/python3.12/site-packages/tenacity/__init__.py:289: in wrapped_f\n    return self(f, *args, **kw)\n/opt/hostedtoolcache/Python/3.12.3/x64/lib/python3.12/site-packages/tenacity/__init__.py:379: in __call__\n    do = self.iter(retry_state=retry_state)\n/opt/hostedtoolcache/Python/3.12.3/x64/lib/python3.12/site-packages/tenacity/__init__.py:325: in iter\n    raise retry_exc.reraise()\n/opt/hostedtoolcache/Python/3.12.3/x64/lib/python3.12/site-packages/tenacity/__init__.py:158: in reraise\n    raise self.last_attempt.result()\n/opt/hostedtoolcache/Python/3.12.3/x64/lib/python3.12/concurrent/futures/_base.py:449: in result\n    return self.__get_result()\n/opt/hostedtoolcache/Python/3.12.3/x64/lib/python3.12/concurrent/futures/_base.py:401: in __get_result\n    raise self._exception\n/opt/hostedtoolcache/Python/3.12.3/x64/lib/python3.12/site-packages/tenacity/__init__.py:382: in __call__\n    result = fn(*args, **kwargs)\nsrc/node/waku_node.py:126: in start\n    self.ensure_ready(timeout_duration=wait_for_node_sec)\nsrc/node/waku_node.py:195: in ensure_ready\n    check_ready()\n/opt/hostedtoolcache/Python/3.12.3/x64/lib/python3.12/site-packages/tenacity/__init__.py:289: in wrapped_f\n    return self(f, *args, **kw)\n/opt/hostedtoolcache/Python/3.12.3/x64/lib/python3.12/site-packages/tenacity/__init__.py:379: in __call__\n    do = self.iter(retry_state=retry_state)\n/opt/hostedtoolcache/Python/3.12.3/x64/lib/python3.12/site-packages/tenacity/__init__.py:325: in iter\n    raise retry_exc.reraise()\n/opt/hostedtoolcache/Python/3.12.3/x64/lib/python3.12/site-packages/tenacity/__init__.py:158: in reraise\n    raise self.last_attempt.result()\n/opt/hostedtoolcache/Python/3.12.3/x64/lib/python3.12/concurrent/futures/_base.py:449: in result\n    return self.__get_result()\n/opt/hostedtoolcache/Python/3.12.3/x64/lib/python3.12/concurrent/futures/_base.py:401: in __get_result\n    raise self._exception\n/opt/hostedtoolcache/Python/3.12.3/x64/lib/python3.12/site-packages/tenacity/__init__.py:382: in __call__\n    result = fn(*args, **kwargs)\nsrc/node/waku_node.py:192: in check_ready\n    node.info_response = node.info()\nsrc/node/waku_node.py:219: in info\n    return self._api.info()\nsrc/node/api_clients/rest.py:24: in info\n    info_response = self.rest_call(\"get\", \"debug/v1/info\")\nsrc/node/api_clients/rest.py:16: in rest_call\n    return self.make_request(method, url, headers=headers, data=payload)\nsrc/node/api_clients/base_client.py:12: in make_request\n    response = requests.request(method.upper(), url, headers=headers, data=data, timeout=API_REQUEST_TIMEOUT)\n/opt/hostedtoolcache/Python/3.12.3/x64/lib/python3.12/site-packages/requests/api.py:59: in request\n    return session.request(method=method, url=url, **kwargs)\n/opt/hostedtoolcache/Python/3.12.3/x64/lib/python3.12/site-packages/requests/sessions.py:589: in request\n    resp = self.send(prep, **send_kwargs)\n/opt/hostedtoolcache/Python/3.12.3/x64/lib/python3.12/site-packages/requests/sessions.py:703: in send\n    r = adapter.send(request, **kwargs)\n/opt/hostedtoolcache/Python/3.12.3/x64/lib/python3.12/site-packages/requests/adapters.py:519: in send\n    raise ConnectionError(e, request=request)\nE   requests.exceptions.ConnectionError: HTTPConnectionPool(host='127.0.0.1', port=32863): Max retries exceeded with url: /debug/v1/info (Caused by NewConnectionError('<urllib3.connection.HTTPConnection object at 0x7f903f3eeba0>: Failed to establish a new connection: [Errno 111] Connection refused'))","steps":[],"attachments":[{"uid":"3fffb4c65f714255","name":"log","source":"3fffb4c65f714255.txt","type":"text/plain","size":76283}],"parameters":[],"shouldDisplayMessage":true,"stepsCount":0,"attachmentsCount":1,"hasContent":true,"attachmentStep":false},"afterStages":[{"name":"test_setup::0","time":{"start":1715052127101,"stop":1715052127104,"duration":3},"status":"passed","steps":[],"attachments":[],"parameters":[],"shouldDisplayMessage":false,"stepsCount":0,"attachmentsCount":0,"hasContent":false,"attachmentStep":false},{"name":"close_open_nodes::0","time":{"start":1715052127105,"stop":1715052132195,"duration":5090},"status":"failed","statusMessage":"AssertionError: Containers ['harbor.status.im/wakuorg/nwaku:latest'] crashed during the test!!!\nassert not ['harbor.status.im/wakuorg/nwaku:latest']\n","statusTrace":"  File \"/opt/hostedtoolcache/Python/3.12.3/x64/lib/python3.12/site-packages/allure_commons/_allure.py\", line 221, in __call__\n    return self._fixture_function(*args, **kwargs)\n           ^^^^^^^^^^^^^^^^^^^^^^^^^^^^^^^^^^^^^^^\n  File \"/opt/hostedtoolcache/Python/3.12.3/x64/lib/python3.12/site-packages/_pytest/fixtures.py\", line 926, in _teardown_yield_fixture\n    next(it)\n  File \"/home/runner/work/waku-interop-tests/waku-interop-tests/tests/conftest.py\", line 84, in close_open_nodes\n    assert not crashed_containers, f\"Containers {crashed_containers} crashed during the test!!!\"\n","steps":[],"attachments":[],"parameters":[],"shouldDisplayMessage":true,"stepsCount":0,"attachmentsCount":0,"hasContent":true,"attachmentStep":false},{"name":"attach_logs_on_fail::0","time":{"start":1715052132195,"stop":1715052132195,"duration":0},"status":"passed","steps":[],"attachments":[],"parameters":[],"shouldDisplayMessage":false,"stepsCount":0,"attachmentsCount":0,"hasContent":false,"attachmentStep":false},{"name":"set_allure_env_variables::0","time":{"start":1715052137812,"stop":1715052137812,"duration":0},"status":"passed","steps":[],"attachments":[],"parameters":[],"shouldDisplayMessage":false,"stepsCount":0,"attachmentsCount":0,"hasContent":false,"attachmentStep":false}],"labels":[{"name":"parentSuite","value":"tests.store"},{"name":"suite","value":"test_get_messages"},{"name":"subSuite","value":"TestGetMessages"},{"name":"host","value":"fv-az1543-543"},{"name":"thread","value":"2071-MainThread"},{"name":"framework","value":"pytest"},{"name":"language","value":"cpython3"},{"name":"package","value":"tests.store.test_get_messages"},{"name":"resultFormat","value":"allure2"}],"parameters":[],"links":[],"hidden":false,"retry":false,"extra":{"severity":"normal","retries":[{"uid":"7434200dc5329820","status":"broken","statusDetails":"requests.exceptions.ConnectionError: HTTPConnectionPool(host='127.0.0.1', port=57953): Max retries exceeded with url: /debug/v1/info (Caused by NewConnectionError('<urllib3.connection.HTTPConnection object at 0x7f903f311070>: Failed to establish a new connection: [Errno 111] Connection refused'))","time":{"start":1715052098192,"stop":1715052098192,"duration":0}},{"uid":"f09331b1c76c265f","status":"broken","statusDetails":"requests.exceptions.ConnectionError: HTTPConnectionPool(host='127.0.0.1', port=44514): Max retries exceeded with url: /debug/v1/info (Caused by NewConnectionError('<urllib3.connection.HTTPConnection object at 0x7f903f34e6f0>: Failed to establish a new connection: [Errno 111] Connection refused'))","time":{"start":1715052081283,"stop":1715052081283,"duration":0}}],"categories":[{"name":"Test defects","matchedStatuses":[],"flaky":false}],"history":{"statistic":{"failed":9,"broken":1,"skipped":0,"passed":18,"unknown":0,"total":28},"items":[{"uid":"9f6353c124e38ad2","reportUrl":"https://waku-org.github.io/waku-interop-tests/go/116//#testresult/9f6353c124e38ad2","status":"failed","statusDetails":"AssertionError: Payloads failed: ['A simple string', 'An integer', 'A dictionary', 'Chinese characters', 'Emojis', 'Lorem ipsum text', 'HTML content', 'Cyrillic characters', 'Base64 encoded string', 'Binary data', 'Special characters with whitespace', 'Boolean false as a string', 'A float number', 'A list', 'Hexadecimal number as a string', 'Email format', 'URL format', 'Date and time in ISO format', 'String with escaped quotes', 'A regular expression', 'A very long string', 'A JSON string', 'A Unix path', 'A Windows path', 'An SQL query', 'JavaScript code snippet', 'A CSS snippet', 'A Python one-liner', 'An IP address', 'A domain name', 'A user agent string', 'A credit card number', 'A phone number', 'A UUID', 'A hashtag', 'A Twitter handle', 'A password', 'A date in common format', 'A time string', 'A mathematical equation']\nassert not ['A simple string', 'An integer', 'A dictionary', 'Chinese characters', 'Emojis', 'Lorem ipsum text', ...]","time":{"start":1714965658551,"stop":1714965663036,"duration":4485}},{"uid":"993af629c4d3b5d","reportUrl":"https://waku-org.github.io/waku-interop-tests/go/115//#testresult/993af629c4d3b5d","status":"failed","statusDetails":"AssertionError: Payloads failed: ['A simple string', 'An integer', 'A dictionary', 'Chinese characters', 'Emojis', 'Lorem ipsum text', 'HTML content', 'Cyrillic characters', 'Base64 encoded string', 'Binary data', 'Special characters with whitespace', 'Boolean false as a string', 'A float number', 'A list', 'Hexadecimal number as a string', 'Email format', 'URL format', 'Date and time in ISO format', 'String with escaped quotes', 'A regular expression', 'A very long string', 'A JSON string', 'A Unix path', 'A Windows path', 'An SQL query', 'JavaScript code snippet', 'A CSS snippet', 'A Python one-liner', 'An IP address', 'A domain name', 'A user agent string', 'A credit card number', 'A phone number', 'A UUID', 'A hashtag', 'A Twitter handle', 'A password', 'A date in common format', 'A time string', 'A mathematical equation']\nassert not ['A simple string', 'An integer', 'A dictionary', 'Chinese characters', 'Emojis', 'Lorem ipsum text', ...]","time":{"start":1714879235116,"stop":1714879239650,"duration":4534}},{"uid":"895a8aec2a3630fb","reportUrl":"https://waku-org.github.io/waku-interop-tests/go/114//#testresult/895a8aec2a3630fb","status":"failed","statusDetails":"AssertionError: Payloads failed: ['A simple string', 'An integer', 'A dictionary', 'Chinese characters', 'Emojis', 'Lorem ipsum text', 'HTML content', 'Cyrillic characters', 'Base64 encoded string', 'Binary data', 'Special characters with whitespace', 'Boolean false as a string', 'A float number', 'A list', 'Hexadecimal number as a string', 'Email format', 'URL format', 'Date and time in ISO format', 'String with escaped quotes', 'A regular expression', 'A very long string', 'A JSON string', 'A Unix path', 'A Windows path', 'An SQL query', 'JavaScript code snippet', 'A CSS snippet', 'A Python one-liner', 'An IP address', 'A domain name', 'A user agent string', 'A credit card number', 'A phone number', 'A UUID', 'A hashtag', 'A Twitter handle', 'A password', 'A date in common format', 'A time string', 'A mathematical equation']\nassert not ['A simple string', 'An integer', 'A dictionary', 'Chinese characters', 'Emojis', 'Lorem ipsum text', ...]","time":{"start":1714792840777,"stop":1714792845274,"duration":4497}},{"uid":"7c903ed5597fea90","reportUrl":"https://waku-org.github.io/waku-interop-tests/go/113//#testresult/7c903ed5597fea90","status":"failed","statusDetails":"AssertionError: Payloads failed: ['A simple string', 'An integer', 'A dictionary', 'Chinese characters', 'Emojis', 'Lorem ipsum text', 'HTML content', 'Cyrillic characters', 'Base64 encoded string', 'Binary data', 'Special characters with whitespace', 'Boolean false as a string', 'A float number', 'A list', 'Hexadecimal number as a string', 'Email format', 'URL format', 'Date and time in ISO format', 'String with escaped quotes', 'A regular expression', 'A very long string', 'A JSON string', 'A Unix path', 'A Windows path', 'An SQL query', 'JavaScript code snippet', 'A CSS snippet', 'A Python one-liner', 'An IP address', 'A domain name', 'A user agent string', 'A credit card number', 'A phone number', 'A UUID', 'A hashtag', 'A Twitter handle', 'A password', 'A date in common format', 'A time string', 'A mathematical equation']\nassert not ['A simple string', 'An integer', 'A dictionary', 'Chinese characters', 'Emojis', 'Lorem ipsum text', ...]","time":{"start":1714706486925,"stop":1714706491506,"duration":4581}},{"uid":"f8bf32ab03a3a856","reportUrl":"https://waku-org.github.io/waku-interop-tests/go/112//#testresult/f8bf32ab03a3a856","status":"failed","statusDetails":"AssertionError: Payloads failed: ['A simple string', 'An integer', 'A dictionary', 'Chinese characters', 'Emojis', 'Lorem ipsum text', 'HTML content', 'Cyrillic characters', 'Base64 encoded string', 'Binary data', 'Special characters with whitespace', 'Boolean false as a string', 'A float number', 'A list', 'Hexadecimal number as a string', 'Email format', 'URL format', 'Date and time in ISO format', 'String with escaped quotes', 'A regular expression', 'A very long string', 'A JSON string', 'A Unix path', 'A Windows path', 'An SQL query', 'JavaScript code snippet', 'A CSS snippet', 'A Python one-liner', 'An IP address', 'A domain name', 'A user agent string', 'A credit card number', 'A phone number', 'A UUID', 'A hashtag', 'A Twitter handle', 'A password', 'A date in common format', 'A time string', 'A mathematical equation']\nassert not ['A simple string', 'An integer', 'A dictionary', 'Chinese characters', 'Emojis', 'Lorem ipsum text', ...]","time":{"start":1714620065488,"stop":1714620069970,"duration":4482}},{"uid":"a3252ff30586ffe9","reportUrl":"https://waku-org.github.io/waku-interop-tests/go/111//#testresult/a3252ff30586ffe9","status":"failed","statusDetails":"AssertionError: Payloads failed: ['A simple string', 'An integer', 'A dictionary', 'Chinese characters', 'Emojis', 'Lorem ipsum text', 'HTML content', 'Cyrillic characters', 'Base64 encoded string', 'Binary data', 'Special characters with whitespace', 'Boolean false as a string', 'A float number', 'A list', 'Hexadecimal number as a string', 'Email format', 'URL format', 'Date and time in ISO format', 'String with escaped quotes', 'A regular expression', 'A very long string', 'A JSON string', 'A Unix path', 'A Windows path', 'An SQL query', 'JavaScript code snippet', 'A CSS snippet', 'A Python one-liner', 'An IP address', 'A domain name', 'A user agent string', 'A credit card number', 'A phone number', 'A UUID', 'A hashtag', 'A Twitter handle', 'A password', 'A date in common format', 'A time string', 'A mathematical equation']\nassert not ['A simple string', 'An integer', 'A dictionary', 'Chinese characters', 'Emojis', 'Lorem ipsum text', ...]","time":{"start":1714533646079,"stop":1714533650544,"duration":4465}},{"uid":"9820386b3076926f","reportUrl":"https://waku-org.github.io/waku-interop-tests/go/110//#testresult/9820386b3076926f","status":"failed","statusDetails":"AssertionError: Payloads failed: ['A simple string', 'An integer', 'A dictionary', 'Chinese characters', 'Emojis', 'Lorem ipsum text', 'HTML content', 'Cyrillic characters', 'Base64 encoded string', 'Binary data', 'Special characters with whitespace', 'Boolean false as a string', 'A float number', 'A list', 'Hexadecimal number as a string', 'Email format', 'URL format', 'Date and time in ISO format', 'String with escaped quotes', 'A regular expression', 'A very long string', 'A JSON string', 'A Unix path', 'A Windows path', 'An SQL query', 'JavaScript code snippet', 'A CSS snippet', 'A Python one-liner', 'An IP address', 'A domain name', 'A user agent string', 'A credit card number', 'A phone number', 'A UUID', 'A hashtag', 'A Twitter handle', 'A password', 'A date in common format', 'A time string', 'A mathematical equation']\nassert not ['A simple string', 'An integer', 'A dictionary', 'Chinese characters', 'Emojis', 'Lorem ipsum text', ...]","time":{"start":1714447210097,"stop":1714447214683,"duration":4586}},{"uid":"da11a5722ca5bdf3","reportUrl":"https://waku-org.github.io/waku-interop-tests/go/109//#testresult/da11a5722ca5bdf3","status":"failed","statusDetails":"AssertionError: Payloads failed: ['A simple string', 'An integer', 'A dictionary', 'Chinese characters', 'Emojis', 'Lorem ipsum text', 'HTML content', 'Cyrillic characters', 'Base64 encoded string', 'Binary data', 'Special characters with whitespace', 'Boolean false as a string', 'A float number', 'A list', 'Hexadecimal number as a string', 'Email format', 'URL format', 'Date and time in ISO format', 'String with escaped quotes', 'A regular expression', 'A very long string', 'A JSON string', 'A Unix path', 'A Windows path', 'An SQL query', 'JavaScript code snippet', 'A CSS snippet', 'A Python one-liner', 'An IP address', 'A domain name', 'A user agent string', 'A credit card number', 'A phone number', 'A UUID', 'A hashtag', 'A Twitter handle', 'A password', 'A date in common format', 'A time string', 'A mathematical equation']\nassert not ['A simple string', 'An integer', 'A dictionary', 'Chinese characters', 'Emojis', 'Lorem ipsum text', ...]","time":{"start":1714382246393,"stop":1714382250909,"duration":4516}},{"uid":"e175a1eb754d8174","reportUrl":"https://waku-org.github.io/waku-interop-tests/go/105//#testresult/e175a1eb754d8174","status":"failed","statusDetails":"AssertionError: Payloads failed: ['A simple string', 'An integer', 'A dictionary', 'Chinese characters', 'Emojis', 'Lorem ipsum text', 'HTML content', 'Cyrillic characters', 'Base64 encoded string', 'Binary data', 'Special characters with whitespace', 'Boolean false as a string', 'A float number', 'A list', 'Hexadecimal number as a string', 'Email format', 'URL format', 'Date and time in ISO format', 'String with escaped quotes', 'A regular expression', 'A very long string', 'A JSON string', 'A Unix path', 'A Windows path', 'An SQL query', 'JavaScript code snippet', 'A CSS snippet', 'A Python one-liner', 'An IP address', 'A domain name', 'A user agent string', 'A credit card number', 'A phone number', 'A UUID', 'A hashtag', 'A Twitter handle', 'A password', 'A date in common format', 'A time string', 'A mathematical equation']\nassert not ['A simple string', 'An integer', 'A dictionary', 'Chinese characters', 'Emojis', 'Lorem ipsum text', ...]","time":{"start":1714101678653,"stop":1714101683146,"duration":4493}},{"uid":"c15c5c6491c57711","reportUrl":"https://waku-org.github.io/waku-interop-tests/go/104//#testresult/c15c5c6491c57711","status":"passed","time":{"start":1714016568502,"stop":1714016573332,"duration":4830}},{"uid":"40da27b538b5e014","reportUrl":"https://waku-org.github.io/waku-interop-tests/go/103//#testresult/40da27b538b5e014","status":"passed","time":{"start":1713928837163,"stop":1713928841798,"duration":4635}},{"uid":"f6bbf0afd651e178","reportUrl":"https://waku-org.github.io/waku-interop-tests/go/102//#testresult/f6bbf0afd651e178","status":"passed","time":{"start":1713842481091,"stop":1713842485592,"duration":4501}},{"uid":"f1269a6a5a028bde","reportUrl":"https://waku-org.github.io/waku-interop-tests/go/101//#testresult/f1269a6a5a028bde","status":"passed","time":{"start":1713798919185,"stop":1713798923909,"duration":4724}},{"uid":"77329b24db9c8db4","reportUrl":"https://waku-org.github.io/waku-interop-tests/go/100//#testresult/77329b24db9c8db4","status":"passed","time":{"start":1713795308623,"stop":1713795313239,"duration":4616}},{"uid":"b4ee0fc11da6a823","reportUrl":"https://waku-org.github.io/waku-interop-tests/go/99//#testresult/b4ee0fc11da6a823","status":"passed","time":{"start":1713793918075,"stop":1713793922695,"duration":4620}},{"uid":"e7b5ef5aedb6968d","reportUrl":"https://waku-org.github.io/waku-interop-tests/go/98//#testresult/e7b5ef5aedb6968d","status":"passed","time":{"start":1713792934071,"stop":1713792938844,"duration":4773}},{"uid":"b63c4355e0fa801b","reportUrl":"https://waku-org.github.io/waku-interop-tests/go/97//#testresult/b63c4355e0fa801b","status":"passed","time":{"start":1713790215499,"stop":1713790220184,"duration":4685}},{"uid":"bdcbb5c71676e3df","reportUrl":"https://waku-org.github.io/waku-interop-tests/go/96//#testresult/bdcbb5c71676e3df","status":"passed","time":{"start":1713788807562,"stop":1713788812236,"duration":4674}},{"uid":"6e05ffad6efd2455","reportUrl":"https://waku-org.github.io/waku-interop-tests/go/95//#testresult/6e05ffad6efd2455","status":"passed","time":{"start":1713786737167,"stop":1713786741872,"duration":4705}},{"uid":"f4351741a00d7acd","reportUrl":"https://waku-org.github.io/waku-interop-tests/go/93//#testresult/f4351741a00d7acd","status":"passed","time":{"start":1713756129227,"stop":1713756133893,"duration":4666}}]},"tags":[]},"source":"e9016ea3e4fd1472.json","parameterValues":[]}