{"uid":"36ecd3276d882f70","name":"test_valid_payloads_dynamic_at_slow_rate","fullName":"tests.relay.test_rln.TestRelayRLN#test_valid_payloads_dynamic_at_slow_rate","historyId":"519b8c00ac49c3ff9f7cd73c1ab32bc6","time":{"start":1737115299615,"stop":1737115299615,"duration":0},"status":"skipped","statusMessage":"Skipped: Waiting for issue resolution https://github.com/waku-org/nwaku/issues/3208","statusTrace":"('/home/runner/work/waku-interop-tests/waku-interop-tests/tests/relay/test_rln.py', 165, 'Skipped: Waiting for issue resolution https://github.com/waku-org/nwaku/issues/3208')","flaky":false,"newFailed":false,"newBroken":false,"newPassed":false,"retriesCount":0,"retriesStatusChange":false,"beforeStages":[{"name":"set_allure_env_variables","time":{"start":1737114786159,"stop":1737114786159,"duration":0},"status":"passed","steps":[],"attachments":[],"parameters":[],"shouldDisplayMessage":false,"stepsCount":0,"attachmentsCount":0,"hasContent":false,"attachmentStep":false},{"name":"pytestconfig","time":{"start":1737114786159,"stop":1737114786159,"duration":0},"status":"passed","steps":[],"attachments":[],"parameters":[],"shouldDisplayMessage":false,"stepsCount":0,"attachmentsCount":0,"hasContent":false,"attachmentStep":false},{"name":"attach_logs_on_fail","time":{"start":1737115299616,"stop":1737115299616,"duration":0},"status":"passed","steps":[],"attachments":[],"parameters":[],"shouldDisplayMessage":false,"stepsCount":0,"attachmentsCount":0,"hasContent":false,"attachmentStep":false},{"name":"close_open_nodes","time":{"start":1737115299617,"stop":1737115299617,"duration":0},"status":"passed","steps":[],"attachments":[],"parameters":[],"shouldDisplayMessage":false,"stepsCount":0,"attachmentsCount":0,"hasContent":false,"attachmentStep":false},{"name":"test_id","time":{"start":1737115299617,"stop":1737115299617,"duration":0},"status":"passed","steps":[],"attachments":[],"parameters":[],"shouldDisplayMessage":false,"stepsCount":0,"attachmentsCount":0,"hasContent":false,"attachmentStep":false},{"name":"relay_setup","time":{"start":1737115299617,"stop":1737115299617,"duration":0},"status":"passed","steps":[],"attachments":[],"parameters":[],"shouldDisplayMessage":false,"stepsCount":0,"attachmentsCount":0,"hasContent":false,"attachmentStep":false},{"name":"check_waku_log_errors","time":{"start":1737115299617,"stop":1737115299617,"duration":0},"status":"passed","steps":[],"attachments":[],"parameters":[],"shouldDisplayMessage":false,"stepsCount":0,"attachmentsCount":0,"hasContent":false,"attachmentStep":false},{"name":"test_setup","time":{"start":1737115299617,"stop":1737115299617,"duration":0},"status":"passed","steps":[],"attachments":[],"parameters":[],"shouldDisplayMessage":false,"stepsCount":0,"attachmentsCount":0,"hasContent":false,"attachmentStep":false},{"name":"common_setup","time":{"start":1737115299617,"stop":1737115299617,"duration":0},"status":"passed","steps":[],"attachments":[],"parameters":[],"shouldDisplayMessage":false,"stepsCount":0,"attachmentsCount":0,"hasContent":false,"attachmentStep":false}],"afterStages":[{"name":"test_setup::0","time":{"start":1737115364142,"stop":1737115364143,"duration":1},"status":"passed","steps":[],"attachments":[],"parameters":[],"shouldDisplayMessage":false,"stepsCount":0,"attachmentsCount":0,"hasContent":false,"attachmentStep":false},{"name":"close_open_nodes::0","time":{"start":1737115364143,"stop":1737115379421,"duration":15278},"status":"failed","statusMessage":"AssertionError: Containers ['quay.io/wakuorg/nwaku-pr:3240', 'quay.io/wakuorg/nwaku-pr:3240', 'quay.io/wakuorg/nwaku-pr:3240'] crashed during the test!!!\nassert not ['quay.io/wakuorg/nwaku-pr:3240', 'quay.io/wakuorg/nwaku-pr:3240', 'quay.io/wakuorg/nwaku-pr:3240']\n","statusTrace":"  File \"/opt/hostedtoolcache/Python/3.12.8/x64/lib/python3.12/site-packages/allure_commons/_allure.py\", line 221, in __call__\n    return self._fixture_function(*args, **kwargs)\n           ^^^^^^^^^^^^^^^^^^^^^^^^^^^^^^^^^^^^^^^\n  File \"/opt/hostedtoolcache/Python/3.12.8/x64/lib/python3.12/site-packages/_pytest/fixtures.py\", line 926, in _teardown_yield_fixture\n    next(it)\n  File \"/home/runner/work/waku-interop-tests/waku-interop-tests/tests/conftest.py\", line 92, in close_open_nodes\n    assert not crashed_containers, f\"Containers {crashed_containers} crashed during the test!!!\"\n","steps":[],"attachments":[],"parameters":[],"shouldDisplayMessage":true,"stepsCount":0,"attachmentsCount":0,"hasContent":true,"attachmentStep":false},{"name":"check_waku_log_errors::0","time":{"start":1737115379421,"stop":1737115379424,"duration":3},"status":"failed","statusMessage":"AssertionError: Found errors {'crash': [], 'fatal': [], 'panic': [], 'abort': [], 'segfault': [], 'corrupt': [], 'terminated': [], 'unhandled': ['Error: unhandled exception: index out of bounds, the container is empty [IndexDefect]', 'Error: unhandled exception: index out of bounds, the container is empty [IndexDefect]'], 'stacktrace': ['_ZN11stacktraces30auxWriteStackTraceWithOverrideE3varI3seqIN6system15StackTraceEntryEEE(371) _ZN12asyncfutures14futureContinueE3refIN7futures26FutureBasecolonObjectType_EE', '/home/runner/work/nwaku/nwaku/waku/factory/node_factory.nim(249) _ZN11stacktraces30auxWriteStackTraceWithOverrideE3varI3seqIN6system15StackTraceEntryEEE', '/home/runner/work/nwaku/nwaku/vendor/nimbus-build-system/vendor/Nim/lib/system/stacktraces.nim(371) _ZN12asyncfutures14futureContinueE3refIN7futures26FutureBasecolonObjectType_EE', '/home/runner/work/nwaku/nwaku/vendor/nimbus-build-system/vendor/Nim/lib/system/stacktraces.nim(371) _ZN13mountRlnRelay13mountRlnRelayE3refIN7futures26FutureBasecolonObjectType_EE', '_ZN11stacktraces30auxWriteStackTraceWithOverrideE3varI3seqIN6system15StackTraceEntryEEE(371) _ZN12asyncfutures14futureContinueE3refIN7futures26FutureBasecolonObjectType_EE', '/home/runner/work/nwaku/nwaku/vendor/nimbus-build-system/vendor/Nim/lib/system/stacktraces.nim(371) _ZN12asyncfutures14futureContinueE3refIN7futures26FutureBasecolonObjectType_EE', '/home/runner/work/nwaku/nwaku/waku/node/waku_node.nim(249) _ZN11stacktraces30auxWriteStackTraceWithOverrideE3varI3seqIN6system15StackTraceEntryEEE', '_ZN11stacktraces30auxWriteStackTraceWithOverrideE3varI3seqIN6system15StackTraceEntryEEE(371) _ZN12asyncfutures14futureContinueE3refIN7futures26FutureBasecolonObjectType_EE', '/home/runner/work/nwaku/nwaku/vendor/nimbus-build-system/vendor/Nim/lib/system/stacktraces.nim(371) _ZN12asyncfutures14futureContinueE3refIN7futures26FutureBasecolonObjectType_EE', '/home/runner/work/nwaku/nwaku/vendor/nimbus-build-system/vendor/Nim/lib/system/stacktraces.nim(371) _ZN13mountRlnRelay13mountRlnRelayE3refIN7futures26FutureBasecolonObjectType_EE', '/home/runner/work/nwaku/nwaku/vendor/nim-chronos/chronos/internal/asyncmacro.nim(21) _ZN11stacktraces30auxWriteStackTraceWithOverrideE3varI3seqIN6system15StackTraceEntryEEE', '/home/runner/work/nwaku/nwaku/vendor/nimbus-build-system/vendor/Nim/lib/system/stacktraces.nim(62) _ZN11stacktraces30auxWriteStackTraceWithOverrideE3varI3seqIN6system15StackTraceEntryEEE', '/home/runner/work/nwaku/nwaku/vendor/nimbus-build-system/vendor/Nim/lib/system/stacktraces.nim(62) _ZN11stacktraces30auxWriteStackTraceWithOverrideE3varI3seqIN6system15StackTraceEntryEEE', '/home/runner/work/nwaku/nwaku/vendor/nimbus-build-system/vendor/Nim/lib/system/stacktraces.nim(62) _ZN11stacktraces30auxWriteStackTraceWithOverrideE3varI3seqIN6system15StackTraceEntryEEE', '/home/runner/work/nwaku/nwaku/vendor/nimbus-build-system/vendor/Nim/lib/system/stacktraces.nim(62) _ZN11stacktraces30auxWriteStackTraceWithOverrideE3varI3seqIN6system15StackTraceEntryEEE', '/home/runner/work/nwaku/nwaku/vendor/nimbus-build-system/vendor/Nim/lib/system/stacktraces.nim(62) _ZN11stacktraces30auxWriteStackTraceWithOverrideE3varI3seqIN6system15StackTraceEntryEEE', '/home/runner/work/nwaku/nwaku/vendor/nimbus-build-system/vendor/Nim/lib/system/stacktraces.nim(62) _ZN11stacktraces30auxWriteStackTraceWithOverrideE3varI3seqIN6system15StackTraceEntryEEE', '/home/runner/work/nwaku/nwaku/vendor/nimbus-build-system/vendor/Nim/lib/system/stacktraces.nim(62) _ZN11stacktraces30auxWriteStackTraceWithOverrideE3varI3seqIN6system15StackTraceEntryEEE', '_ZN11stacktraces30auxWriteStackTraceWithOverrideE3varI3seqIN6system15StackTraceEntryEEE(371) _ZN12asyncfutures14futureContinueE3refIN7futures26FutureBasecolonObjectType_EE', '/home/runner/work/nwaku/nwaku/waku/factory/node_factory.nim(249) _ZN11stacktraces30auxWriteStackTraceWithOverrideE3varI3seqIN6system15StackTraceEntryEEE', '/home/runner/work/nwaku/nwaku/vendor/nimbus-build-system/vendor/Nim/lib/system/stacktraces.nim(371) _ZN12asyncfutures14futureContinueE3refIN7futures26FutureBasecolonObjectType_EE', '/home/runner/work/nwaku/nwaku/vendor/nimbus-build-system/vendor/Nim/lib/system/stacktraces.nim(371) _ZN13mountRlnRelay13mountRlnRelayE3refIN7futures26FutureBasecolonObjectType_EE', '_ZN11stacktraces30auxWriteStackTraceWithOverrideE3varI3seqIN6system15StackTraceEntryEEE(371) _ZN12asyncfutures14futureContinueE3refIN7futures26FutureBasecolonObjectType_EE', '/home/runner/work/nwaku/nwaku/vendor/nimbus-build-system/vendor/Nim/lib/system/stacktraces.nim(371) _ZN12asyncfutures14futureContinueE3refIN7futures26FutureBasecolonObjectType_EE', '/home/runner/work/nwaku/nwaku/waku/node/waku_node.nim(249) _ZN11stacktraces30auxWriteStackTraceWithOverrideE3varI3seqIN6system15StackTraceEntryEEE', '_ZN11stacktraces30auxWriteStackTraceWithOverrideE3varI3seqIN6system15StackTraceEntryEEE(371) _ZN12asyncfutures14futureContinueE3refIN7futures26FutureBasecolonObjectType_EE', '/home/runner/work/nwaku/nwaku/vendor/nimbus-build-system/vendor/Nim/lib/system/stacktraces.nim(371) _ZN12asyncfutures14futureContinueE3refIN7futures26FutureBasecolonObjectType_EE', '/home/runner/work/nwaku/nwaku/vendor/nimbus-build-system/vendor/Nim/lib/system/stacktraces.nim(371) _ZN13mountRlnRelay13mountRlnRelayE3refIN7futures26FutureBasecolonObjectType_EE', '/home/runner/work/nwaku/nwaku/vendor/nim-chronos/chronos/internal/asyncmacro.nim(21) _ZN11stacktraces30auxWriteStackTraceWithOverrideE3varI3seqIN6system15StackTraceEntryEEE', '/home/runner/work/nwaku/nwaku/vendor/nimbus-build-system/vendor/Nim/lib/system/stacktraces.nim(62) _ZN11stacktraces30auxWriteStackTraceWithOverrideE3varI3seqIN6system15StackTraceEntryEEE', '/home/runner/work/nwaku/nwaku/vendor/nimbus-build-system/vendor/Nim/lib/system/stacktraces.nim(62) _ZN11stacktraces30auxWriteStackTraceWithOverrideE3varI3seqIN6system15StackTraceEntryEEE', '/home/runner/work/nwaku/nwaku/vendor/nimbus-build-system/vendor/Nim/lib/system/stacktraces.nim(62) _ZN11stacktraces30auxWriteStackTraceWithOverrideE3varI3seqIN6system15StackTraceEntryEEE', '/home/runner/work/nwaku/nwaku/vendor/nimbus-build-system/vendor/Nim/lib/system/stacktraces.nim(62) _ZN11stacktraces30auxWriteStackTraceWithOverrideE3varI3seqIN6system15StackTraceEntryEEE', '/home/runner/work/nwaku/nwaku/vendor/nimbus-build-system/vendor/Nim/lib/system/stacktraces.nim(62) _ZN11stacktraces30auxWriteStackTraceWithOverrideE3varI3seqIN6system15StackTraceEntryEEE', '/home/runner/work/nwaku/nwaku/vendor/nimbus-build-system/vendor/Nim/lib/system/stacktraces.nim(62) _ZN11stacktraces30auxWriteStackTraceWithOverrideE3varI3seqIN6system15StackTraceEntryEEE', '/home/runner/work/nwaku/nwaku/vendor/nimbus-build-system/vendor/Nim/lib/system/stacktraces.nim(62) _ZN11stacktraces30auxWriteStackTraceWithOverrideE3varI3seqIN6system15StackTraceEntryEEE'], 'deadlock': [], 'SIGSEGV': [], 'SIGABRT': [], 'stack overflow': [], 'index out of bounds': ['Error: unhandled exception: index out of bounds, the container is empty [IndexDefect]', 'Error: unhandled exception: index out of bounds, the container is empty [IndexDefect]'], 'nil pointer dereference': [], 'goroutine exit': [], 'nil pointer': [], 'runtime error': [], 'goexit': [], 'race condition': [], 'double free': []}\n","statusTrace":"  File \"/opt/hostedtoolcache/Python/3.12.8/x64/lib/python3.12/site-packages/allure_commons/_allure.py\", line 221, in __call__\n    return self._fixture_function(*args, **kwargs)\n           ^^^^^^^^^^^^^^^^^^^^^^^^^^^^^^^^^^^^^^^\n  File \"/opt/hostedtoolcache/Python/3.12.8/x64/lib/python3.12/site-packages/_pytest/fixtures.py\", line 926, in _teardown_yield_fixture\n    next(it)\n  File \"/home/runner/work/waku-interop-tests/waku-interop-tests/tests/conftest.py\", line 100, in check_waku_log_errors\n    node.check_waku_log_errors()\n  File \"/home/runner/work/waku-interop-tests/waku-interop-tests/src/node/waku_node.py\", line 541, in check_waku_log_errors\n    assert not matches, f\"Found errors {matches}\"\n           ^^^^^^^^^^^\n","steps":[],"attachments":[],"parameters":[],"shouldDisplayMessage":true,"stepsCount":0,"attachmentsCount":0,"hasContent":true,"attachmentStep":false},{"name":"attach_logs_on_fail::0","time":{"start":1737115379425,"stop":1737115379426,"duration":1},"status":"passed","steps":[],"attachments":[{"uid":"5f51fa3abdd68c31","name":"node1_2025-01-17_12-01-39__4e18e75f-67ba-4e1c-a0cc-dcb1ec08dad6__quay.io_wakuorg_nwaku-pr:3240.log","source":"5f51fa3abdd68c31.txt","type":"text/plain","size":58406}],"parameters":[],"shouldDisplayMessage":false,"stepsCount":0,"attachmentsCount":1,"hasContent":true,"attachmentStep":false},{"name":"set_allure_env_variables::0","time":{"start":1737115626135,"stop":1737115626135,"duration":0},"status":"passed","steps":[],"attachments":[],"parameters":[],"shouldDisplayMessage":false,"stepsCount":0,"attachmentsCount":0,"hasContent":false,"attachmentStep":false}],"labels":[{"name":"tag","value":"timeout(600)"},{"name":"tag","value":"@pytest.mark.skip(reason='Waiting for issue resolution https://github.com/waku-org/nwaku/issues/3208')"},{"name":"tag","value":"@pytest.mark.skipif(False, reason='Test works only with nwaku')"},{"name":"tag","value":"xdist_group(name='RLN serial tests')"},{"name":"parentSuite","value":"tests.relay"},{"name":"suite","value":"test_rln"},{"name":"subSuite","value":"TestRelayRLN"},{"name":"host","value":"fv-az1921-478"},{"name":"thread","value":"1899-MainThread"},{"name":"framework","value":"pytest"},{"name":"language","value":"cpython3"},{"name":"package","value":"tests.relay.test_rln"},{"name":"resultFormat","value":"allure2"}],"parameters":[],"links":[],"hidden":false,"retry":false,"extra":{"severity":"normal","retries":[],"categories":[],"history":{"statistic":{"failed":0,"broken":0,"skipped":3,"passed":0,"unknown":0,"total":3},"items":[{"uid":"4b32f845d90d309e","reportUrl":"https://waku-org.github.io/waku-interop-tests/manual/17//#testresult/4b32f845d90d309e","status":"skipped","statusDetails":"Skipped: Waiting for issue resolution https://github.com/waku-org/nwaku/issues/3208","time":{"start":1737112406978,"stop":1737112406978,"duration":0}},{"uid":"43ffea13e66bba64","reportUrl":"https://waku-org.github.io/waku-interop-tests/manual/16//#testresult/43ffea13e66bba64","status":"skipped","statusDetails":"Skipped: Waiting for issue resolution https://github.com/waku-org/nwaku/issues/3208","time":{"start":1737109238738,"stop":1737109238738,"duration":0}}]},"tags":["timeout(600)","@pytest.mark.skipif(False, reason='Test works only with nwaku')","xdist_group(name='RLN serial tests')","@pytest.mark.skip(reason='Waiting for issue resolution https://github.com/waku-org/nwaku/issues/3208')"]},"source":"36ecd3276d882f70.json","parameterValues":[]}