{"uid":"e9a710553101dce3","name":"test_valid_payloads_dynamic_at_spam_rate","fullName":"tests.relay.test_rln.TestRelayRLN#test_valid_payloads_dynamic_at_spam_rate","historyId":"d1fa34dc8ce298ad35b398097829cd20","time":{"start":1737109238737,"stop":1737109238737,"duration":0},"status":"skipped","statusMessage":"Skipped: Waiting for issue resolution https://github.com/waku-org/nwaku/issues/3208","statusTrace":"('/home/runner/work/waku-interop-tests/waku-interop-tests/tests/relay/test_rln.py', 139, 'Skipped: Waiting for issue resolution https://github.com/waku-org/nwaku/issues/3208')","flaky":false,"newFailed":false,"newBroken":false,"newPassed":false,"retriesCount":0,"retriesStatusChange":false,"beforeStages":[{"name":"set_allure_env_variables","time":{"start":1737108711073,"stop":1737108711073,"duration":0},"status":"passed","steps":[],"attachments":[],"parameters":[],"stepsCount":0,"attachmentsCount":0,"hasContent":false,"attachmentStep":false,"shouldDisplayMessage":false},{"name":"pytestconfig","time":{"start":1737108711074,"stop":1737108711074,"duration":0},"status":"passed","steps":[],"attachments":[],"parameters":[],"stepsCount":0,"attachmentsCount":0,"hasContent":false,"attachmentStep":false,"shouldDisplayMessage":false},{"name":"attach_logs_on_fail","time":{"start":1737109238740,"stop":1737109238740,"duration":0},"status":"passed","steps":[],"attachments":[],"parameters":[],"stepsCount":0,"attachmentsCount":0,"hasContent":false,"attachmentStep":false,"shouldDisplayMessage":false},{"name":"close_open_nodes","time":{"start":1737109238740,"stop":1737109238740,"duration":0},"status":"passed","steps":[],"attachments":[],"parameters":[],"stepsCount":0,"attachmentsCount":0,"hasContent":false,"attachmentStep":false,"shouldDisplayMessage":false},{"name":"check_waku_log_errors","time":{"start":1737109238740,"stop":1737109238740,"duration":0},"status":"passed","steps":[],"attachments":[],"parameters":[],"stepsCount":0,"attachmentsCount":0,"hasContent":false,"attachmentStep":false,"shouldDisplayMessage":false},{"name":"test_id","time":{"start":1737109238740,"stop":1737109238740,"duration":0},"status":"passed","steps":[],"attachments":[],"parameters":[],"stepsCount":0,"attachmentsCount":0,"hasContent":false,"attachmentStep":false,"shouldDisplayMessage":false},{"name":"test_setup","time":{"start":1737109238740,"stop":1737109238741,"duration":1},"status":"passed","steps":[],"attachments":[],"parameters":[],"stepsCount":0,"attachmentsCount":0,"hasContent":false,"attachmentStep":false,"shouldDisplayMessage":false},{"name":"relay_setup","time":{"start":1737109238741,"stop":1737109238741,"duration":0},"status":"passed","steps":[],"attachments":[],"parameters":[],"stepsCount":0,"attachmentsCount":0,"hasContent":false,"attachmentStep":false,"shouldDisplayMessage":false},{"name":"common_setup","time":{"start":1737109238741,"stop":1737109238741,"duration":0},"status":"passed","steps":[],"attachments":[],"parameters":[],"stepsCount":0,"attachmentsCount":0,"hasContent":false,"attachmentStep":false,"shouldDisplayMessage":false}],"afterStages":[{"name":"test_setup::0","time":{"start":1737109303091,"stop":1737109303092,"duration":1},"status":"passed","steps":[],"attachments":[],"parameters":[],"stepsCount":0,"attachmentsCount":0,"hasContent":false,"attachmentStep":false,"shouldDisplayMessage":false},{"name":"close_open_nodes::0","time":{"start":1737109303092,"stop":1737109318302,"duration":15210},"status":"failed","statusMessage":"AssertionError: Containers ['quay.io/wakuorg/nwaku-pr:3244', 'quay.io/wakuorg/nwaku-pr:3244', 'quay.io/wakuorg/nwaku-pr:3244'] crashed during the test!!!\nassert not ['quay.io/wakuorg/nwaku-pr:3244', 'quay.io/wakuorg/nwaku-pr:3244', 'quay.io/wakuorg/nwaku-pr:3244']\n","statusTrace":"  File \"/opt/hostedtoolcache/Python/3.12.8/x64/lib/python3.12/site-packages/allure_commons/_allure.py\", line 221, in __call__\n    return self._fixture_function(*args, **kwargs)\n           ^^^^^^^^^^^^^^^^^^^^^^^^^^^^^^^^^^^^^^^\n  File \"/opt/hostedtoolcache/Python/3.12.8/x64/lib/python3.12/site-packages/_pytest/fixtures.py\", line 926, in _teardown_yield_fixture\n    next(it)\n  File \"/home/runner/work/waku-interop-tests/waku-interop-tests/tests/conftest.py\", line 92, in close_open_nodes\n    assert not crashed_containers, f\"Containers {crashed_containers} crashed during the test!!!\"\n","steps":[],"attachments":[],"parameters":[],"stepsCount":0,"attachmentsCount":0,"hasContent":true,"attachmentStep":false,"shouldDisplayMessage":true},{"name":"check_waku_log_errors::0","time":{"start":1737109318302,"stop":1737109318305,"duration":3},"status":"failed","statusMessage":"AssertionError: Found errors {'crash': [], 'fatal': [], 'panic': [], 'abort': [], 'segfault': [], 'corrupt': [], 'terminated': [], 'unhandled': ['Error: unhandled exception: index out of bounds, the container is empty [IndexDefect]', 'Error: unhandled exception: index out of bounds, the container is empty [IndexDefect]'], 'stacktrace': ['/home/runner/work/nwaku/nwaku/vendor/nimbus-build-system/vendor/Nim/lib/system/stacktraces.nim(371) _ZN12asyncfutures14futureContinueE3refIN7futures26FutureBasecolonObjectType_EE', '/home/runner/work/nwaku/nwaku/apps/wakunode2/wakunode2.nim(249) _ZN11stacktraces30auxWriteStackTraceWithOverrideE3varI3seqIN6system15StackTraceEntryEEE', '_ZN11stacktraces30auxWriteStackTraceWithOverrideE3varI3seqIN6system15StackTraceEntryEEE(371) _ZN12asyncfutures14futureContinueE3refIN7futures26FutureBasecolonObjectType_EE', '/home/runner/work/nwaku/nwaku/vendor/nimbus-build-system/vendor/Nim/lib/system/stacktraces.nim(371) _ZN12asyncfutures14futureContinueE3refIN7futures26FutureBasecolonObjectType_EE', '/home/runner/work/nwaku/nwaku/vendor/nimbus-build-system/vendor/Nim/lib/system/stacktraces.nim(371) _ZN13mountRlnRelay13mountRlnRelayE3refIN7futures26FutureBasecolonObjectType_EE', '/home/runner/work/nwaku/nwaku/vendor/nim-chronos/chronos/internal/asyncfutures.nim(21) _ZN11stacktraces30auxWriteStackTraceWithOverrideE3varI3seqIN6system15StackTraceEntryEEE', '/home/runner/work/nwaku/nwaku/waku/factory/node_factory.nim(249) /home/runner/work/nwaku/nwaku/vendor/nimbus-build-system/vendor/Nim/lib/system/stacktraces.nim', '_ZN11stacktraces30auxWriteStackTraceWithOverrideE3varI3seqIN6system15StackTraceEntryEEE(371) _ZN12asyncfutures14futureContinueE3refIN7futures26FutureBasecolonObjectType_EE', '_ZN11stacktraces30auxWriteStackTraceWithOverrideE3varI3seqIN6system15StackTraceEntryEEE(371) _ZN12asyncfutures14futureContinueE3refIN7futures26FutureBasecolonObjectType_EE', '/home/runner/work/nwaku/nwaku/vendor/nimbus-build-system/vendor/Nim/lib/system/stacktraces.nim(371) _ZN12asyncfutures14futureContinueE3refIN7futures26FutureBasecolonObjectType_EE', '_ZN11stacktraces30auxWriteStackTraceWithOverrideE3varI3seqIN6system15StackTraceEntryEEE(21) /home/runner/work/nwaku/nwaku/vendor/nimbus-build-system/vendor/Nim/lib/system/stacktraces.nim', '/home/runner/work/nwaku/nwaku/vendor/nimbus-build-system/vendor/Nim/lib/system/stacktraces.nim(62) _ZN11stacktraces30auxWriteStackTraceWithOverrideE3varI3seqIN6system15StackTraceEntryEEE', '/home/runner/work/nwaku/nwaku/vendor/nimbus-build-system/vendor/Nim/lib/system/stacktraces.nim(62) _ZN11stacktraces30auxWriteStackTraceWithOverrideE3varI3seqIN6system15StackTraceEntryEEE', '/home/runner/work/nwaku/nwaku/vendor/nimbus-build-system/vendor/Nim/lib/system/stacktraces.nim(62) _ZN11stacktraces30auxWriteStackTraceWithOverrideE3varI3seqIN6system15StackTraceEntryEEE', '/home/runner/work/nwaku/nwaku/vendor/nimbus-build-system/vendor/Nim/lib/system/stacktraces.nim(62) _ZN11stacktraces30auxWriteStackTraceWithOverrideE3varI3seqIN6system15StackTraceEntryEEE', '/home/runner/work/nwaku/nwaku/vendor/nimbus-build-system/vendor/Nim/lib/system/stacktraces.nim(62) _ZN11stacktraces30auxWriteStackTraceWithOverrideE3varI3seqIN6system15StackTraceEntryEEE', '/home/runner/work/nwaku/nwaku/vendor/nimbus-build-system/vendor/Nim/lib/system/stacktraces.nim(62) _ZN11stacktraces30auxWriteStackTraceWithOverrideE3varI3seqIN6system15StackTraceEntryEEE', '/home/runner/work/nwaku/nwaku/vendor/nimbus-build-system/vendor/Nim/lib/system/stacktraces.nim(62) _ZN11stacktraces30auxWriteStackTraceWithOverrideE3varI3seqIN6system15StackTraceEntryEEE', '/home/runner/work/nwaku/nwaku/vendor/nimbus-build-system/vendor/Nim/lib/system/stacktraces.nim(371) _ZN12asyncfutures14futureContinueE3refIN7futures26FutureBasecolonObjectType_EE', '/home/runner/work/nwaku/nwaku/apps/wakunode2/wakunode2.nim(249) _ZN11stacktraces30auxWriteStackTraceWithOverrideE3varI3seqIN6system15StackTraceEntryEEE', '_ZN11stacktraces30auxWriteStackTraceWithOverrideE3varI3seqIN6system15StackTraceEntryEEE(371) _ZN12asyncfutures14futureContinueE3refIN7futures26FutureBasecolonObjectType_EE', '/home/runner/work/nwaku/nwaku/vendor/nimbus-build-system/vendor/Nim/lib/system/stacktraces.nim(371) _ZN12asyncfutures14futureContinueE3refIN7futures26FutureBasecolonObjectType_EE', '/home/runner/work/nwaku/nwaku/vendor/nimbus-build-system/vendor/Nim/lib/system/stacktraces.nim(371) _ZN13mountRlnRelay13mountRlnRelayE3refIN7futures26FutureBasecolonObjectType_EE', '/home/runner/work/nwaku/nwaku/vendor/nim-chronos/chronos/internal/asyncfutures.nim(21) _ZN11stacktraces30auxWriteStackTraceWithOverrideE3varI3seqIN6system15StackTraceEntryEEE', '/home/runner/work/nwaku/nwaku/waku/factory/node_factory.nim(249) /home/runner/work/nwaku/nwaku/vendor/nimbus-build-system/vendor/Nim/lib/system/stacktraces.nim', '_ZN11stacktraces30auxWriteStackTraceWithOverrideE3varI3seqIN6system15StackTraceEntryEEE(371) _ZN12asyncfutures14futureContinueE3refIN7futures26FutureBasecolonObjectType_EE', '_ZN11stacktraces30auxWriteStackTraceWithOverrideE3varI3seqIN6system15StackTraceEntryEEE(371) _ZN12asyncfutures14futureContinueE3refIN7futures26FutureBasecolonObjectType_EE', '/home/runner/work/nwaku/nwaku/vendor/nimbus-build-system/vendor/Nim/lib/system/stacktraces.nim(371) _ZN12asyncfutures14futureContinueE3refIN7futures26FutureBasecolonObjectType_EE', '_ZN11stacktraces30auxWriteStackTraceWithOverrideE3varI3seqIN6system15StackTraceEntryEEE(21) /home/runner/work/nwaku/nwaku/vendor/nimbus-build-system/vendor/Nim/lib/system/stacktraces.nim', '/home/runner/work/nwaku/nwaku/vendor/nimbus-build-system/vendor/Nim/lib/system/stacktraces.nim(62) _ZN11stacktraces30auxWriteStackTraceWithOverrideE3varI3seqIN6system15StackTraceEntryEEE', '/home/runner/work/nwaku/nwaku/vendor/nimbus-build-system/vendor/Nim/lib/system/stacktraces.nim(62) _ZN11stacktraces30auxWriteStackTraceWithOverrideE3varI3seqIN6system15StackTraceEntryEEE', '/home/runner/work/nwaku/nwaku/vendor/nimbus-build-system/vendor/Nim/lib/system/stacktraces.nim(62) _ZN11stacktraces30auxWriteStackTraceWithOverrideE3varI3seqIN6system15StackTraceEntryEEE', '/home/runner/work/nwaku/nwaku/vendor/nimbus-build-system/vendor/Nim/lib/system/stacktraces.nim(62) _ZN11stacktraces30auxWriteStackTraceWithOverrideE3varI3seqIN6system15StackTraceEntryEEE', '/home/runner/work/nwaku/nwaku/vendor/nimbus-build-system/vendor/Nim/lib/system/stacktraces.nim(62) _ZN11stacktraces30auxWriteStackTraceWithOverrideE3varI3seqIN6system15StackTraceEntryEEE', '/home/runner/work/nwaku/nwaku/vendor/nimbus-build-system/vendor/Nim/lib/system/stacktraces.nim(62) _ZN11stacktraces30auxWriteStackTraceWithOverrideE3varI3seqIN6system15StackTraceEntryEEE', '/home/runner/work/nwaku/nwaku/vendor/nimbus-build-system/vendor/Nim/lib/system/stacktraces.nim(62) _ZN11stacktraces30auxWriteStackTraceWithOverrideE3varI3seqIN6system15StackTraceEntryEEE'], 'deadlock': [], 'SIGSEGV': [], 'SIGABRT': [], 'stack overflow': [], 'index out of bounds': ['Error: unhandled exception: index out of bounds, the container is empty [IndexDefect]', 'Error: unhandled exception: index out of bounds, the container is empty [IndexDefect]'], 'nil pointer dereference': [], 'goroutine exit': [], 'nil pointer': [], 'runtime error': [], 'goexit': [], 'race condition': [], 'double free': []}\n","statusTrace":"  File \"/opt/hostedtoolcache/Python/3.12.8/x64/lib/python3.12/site-packages/allure_commons/_allure.py\", line 221, in __call__\n    return self._fixture_function(*args, **kwargs)\n           ^^^^^^^^^^^^^^^^^^^^^^^^^^^^^^^^^^^^^^^\n  File \"/opt/hostedtoolcache/Python/3.12.8/x64/lib/python3.12/site-packages/_pytest/fixtures.py\", line 926, in _teardown_yield_fixture\n    next(it)\n  File \"/home/runner/work/waku-interop-tests/waku-interop-tests/tests/conftest.py\", line 100, in check_waku_log_errors\n    node.check_waku_log_errors()\n  File \"/home/runner/work/waku-interop-tests/waku-interop-tests/src/node/waku_node.py\", line 541, in check_waku_log_errors\n    assert not matches, f\"Found errors {matches}\"\n           ^^^^^^^^^^^\n","steps":[],"attachments":[],"parameters":[],"stepsCount":0,"attachmentsCount":0,"hasContent":true,"attachmentStep":false,"shouldDisplayMessage":true},{"name":"attach_logs_on_fail::0","time":{"start":1737109318305,"stop":1737109318306,"duration":1},"status":"passed","steps":[],"attachments":[{"uid":"afab5f1105a1f56f","name":"node1_2025-01-17_10-20-38__3f0fc88a-e84e-4081-9465-70bee50755d1__quay.io_wakuorg_nwaku-pr:3244.log","source":"afab5f1105a1f56f.txt","type":"text/plain","size":58422}],"parameters":[],"stepsCount":0,"attachmentsCount":1,"hasContent":true,"attachmentStep":false,"shouldDisplayMessage":false},{"name":"set_allure_env_variables::0","time":{"start":1737109318314,"stop":1737109318314,"duration":0},"status":"passed","steps":[],"attachments":[],"parameters":[],"stepsCount":0,"attachmentsCount":0,"hasContent":false,"attachmentStep":false,"shouldDisplayMessage":false}],"labels":[{"name":"tag","value":"timeout(600)"},{"name":"tag","value":"@pytest.mark.skip(reason='Waiting for issue resolution https://github.com/waku-org/nwaku/issues/3208')"},{"name":"tag","value":"@pytest.mark.skipif(False, reason='Test works only with nwaku')"},{"name":"tag","value":"xdist_group(name='RLN serial tests')"},{"name":"parentSuite","value":"tests.relay"},{"name":"suite","value":"test_rln"},{"name":"subSuite","value":"TestRelayRLN"},{"name":"host","value":"fv-az1931-26"},{"name":"thread","value":"1898-MainThread"},{"name":"framework","value":"pytest"},{"name":"language","value":"cpython3"},{"name":"package","value":"tests.relay.test_rln"},{"name":"resultFormat","value":"allure2"}],"parameters":[],"links":[],"hidden":false,"retry":false,"extra":{"severity":"normal","retries":[],"categories":[],"tags":["timeout(600)","@pytest.mark.skipif(False, reason='Test works only with nwaku')","xdist_group(name='RLN serial tests')","@pytest.mark.skip(reason='Waiting for issue resolution https://github.com/waku-org/nwaku/issues/3208')"]},"source":"e9a710553101dce3.json","parameterValues":[]}