{"uid":"357758047e02dc47","name":"test_filter_subscribe_to_pubsub_topics_from_multiple_clusters","fullName":"tests.filter.test_subscribe_create.TestFilterSubscribeCreate#test_filter_subscribe_to_pubsub_topics_from_multiple_clusters","historyId":"a8259f2693466607c52e8260c1bccc69","time":{"start":1715264038372,"stop":1715264038372,"duration":0},"status":"skipped","statusMessage":"XFAIL Bug reported: https://github.com/waku-org/nwaku/issues/2319\n\nException: Error: 501 Server Error: Not Implemented for url: http://127.0.0.1:37406/health with response: b'\"Non RLN healthcheck is not implemented\"'","statusTrace":"src/node/api_clients/base_client.py:14: in make_request\n    response.raise_for_status()\n/opt/hostedtoolcache/Python/3.12.3/x64/lib/python3.12/site-packages/requests/models.py:1021: in raise_for_status\n    raise HTTPError(http_error_msg, response=self)\nE   requests.exceptions.HTTPError: 501 Server Error: Not Implemented for url: http://127.0.0.1:37406/health\n\nDuring handling of the above exception, another exception occurred:\nsrc/steps/filter.py:41: in setup_main_filter_node\n    self.node2.start(relay=\"false\", discv5_bootstrap_node=self.enr_uri, filternode=self.multiaddr_with_id)\n/opt/hostedtoolcache/Python/3.12.3/x64/lib/python3.12/site-packages/tenacity/__init__.py:289: in wrapped_f\n    return self(f, *args, **kw)\n/opt/hostedtoolcache/Python/3.12.3/x64/lib/python3.12/site-packages/tenacity/__init__.py:379: in __call__\n    do = self.iter(retry_state=retry_state)\n/opt/hostedtoolcache/Python/3.12.3/x64/lib/python3.12/site-packages/tenacity/__init__.py:325: in iter\n    raise retry_exc.reraise()\n/opt/hostedtoolcache/Python/3.12.3/x64/lib/python3.12/site-packages/tenacity/__init__.py:158: in reraise\n    raise self.last_attempt.result()\n/opt/hostedtoolcache/Python/3.12.3/x64/lib/python3.12/concurrent/futures/_base.py:449: in result\n    return self.__get_result()\n/opt/hostedtoolcache/Python/3.12.3/x64/lib/python3.12/concurrent/futures/_base.py:401: in __get_result\n    raise self._exception\n/opt/hostedtoolcache/Python/3.12.3/x64/lib/python3.12/site-packages/tenacity/__init__.py:382: in __call__\n    result = fn(*args, **kwargs)\nsrc/node/waku_node.py:126: in start\n    self.ensure_ready(timeout_duration=wait_for_node_sec)\nsrc/node/waku_node.py:216: in ensure_ready\n    check_healthy()\n/opt/hostedtoolcache/Python/3.12.3/x64/lib/python3.12/site-packages/tenacity/__init__.py:289: in wrapped_f\n    return self(f, *args, **kw)\n/opt/hostedtoolcache/Python/3.12.3/x64/lib/python3.12/site-packages/tenacity/__init__.py:379: in __call__\n    do = self.iter(retry_state=retry_state)\n/opt/hostedtoolcache/Python/3.12.3/x64/lib/python3.12/site-packages/tenacity/__init__.py:325: in iter\n    raise retry_exc.reraise()\n/opt/hostedtoolcache/Python/3.12.3/x64/lib/python3.12/site-packages/tenacity/__init__.py:158: in reraise\n    raise self.last_attempt.result()\n/opt/hostedtoolcache/Python/3.12.3/x64/lib/python3.12/concurrent/futures/_base.py:449: in result\n    return self.__get_result()\n/opt/hostedtoolcache/Python/3.12.3/x64/lib/python3.12/concurrent/futures/_base.py:401: in __get_result\n    raise self._exception\n/opt/hostedtoolcache/Python/3.12.3/x64/lib/python3.12/site-packages/tenacity/__init__.py:382: in __call__\n    result = fn(*args, **kwargs)\nsrc/node/waku_node.py:192: in check_healthy\n    self.health_response = node.health()\nsrc/node/waku_node.py:239: in health\n    return self._api.health()\nsrc/node/api_clients/rest.py:28: in health\n    health_response = self.rest_call(\"get\", \"health\")\nsrc/node/api_clients/rest.py:16: in rest_call\n    return self.make_request(method, url, headers=headers, data=payload)\nsrc/node/api_clients/base_client.py:17: in make_request\n    raise Exception(f\"Error: {http_err} with response: {response.content}\")\nE   Exception: Error: 501 Server Error: Not Implemented for url: http://127.0.0.1:37406/health with response: b'\"Non RLN healthcheck is not implemented\"'","flaky":false,"newFailed":false,"newBroken":false,"newPassed":false,"retriesCount":0,"retriesStatusChange":false,"beforeStages":[{"name":"attach_logs_on_fail","time":{"start":1715264038374,"stop":1715264038374,"duration":0},"status":"passed","steps":[],"attachments":[],"parameters":[],"shouldDisplayMessage":false,"stepsCount":0,"attachmentsCount":0,"hasContent":false,"attachmentStep":false},{"name":"test_id","time":{"start":1715264038374,"stop":1715264038374,"duration":0},"status":"passed","steps":[],"attachments":[],"parameters":[],"shouldDisplayMessage":false,"stepsCount":0,"attachmentsCount":0,"hasContent":false,"attachmentStep":false},{"name":"close_open_nodes","time":{"start":1715264038374,"stop":1715264038374,"duration":0},"status":"passed","steps":[],"attachments":[],"parameters":[],"shouldDisplayMessage":false,"stepsCount":0,"attachmentsCount":0,"hasContent":false,"attachmentStep":false},{"name":"test_setup","time":{"start":1715264038374,"stop":1715264038374,"duration":0},"status":"passed","steps":[],"attachments":[],"parameters":[],"shouldDisplayMessage":false,"stepsCount":0,"attachmentsCount":0,"hasContent":false,"attachmentStep":false},{"name":"filter_setup","time":{"start":1715264038375,"stop":1715264038375,"duration":0},"status":"passed","steps":[],"attachments":[],"parameters":[],"shouldDisplayMessage":false,"stepsCount":0,"attachmentsCount":0,"hasContent":false,"attachmentStep":false},{"name":"common_setup","time":{"start":1715264038375,"stop":1715264038375,"duration":0},"status":"passed","steps":[],"attachments":[],"parameters":[],"shouldDisplayMessage":false,"stepsCount":0,"attachmentsCount":0,"hasContent":false,"attachmentStep":false},{"name":"setup_main_relay_node","time":{"start":1715264038375,"stop":1715264040080,"duration":1705},"status":"passed","steps":[],"attachments":[],"parameters":[],"shouldDisplayMessage":false,"stepsCount":0,"attachmentsCount":0,"hasContent":false,"attachmentStep":false},{"name":"setup_main_filter_node","time":{"start":1715264040080,"stop":1715264106014,"duration":65934},"status":"broken","statusMessage":"Exception: Error: 501 Server Error: Not Implemented for url: http://127.0.0.1:37406/health with response: b'\"Non RLN healthcheck is not implemented\"'\n","statusTrace":"  File \"/opt/hostedtoolcache/Python/3.12.3/x64/lib/python3.12/site-packages/pluggy/_callers.py\", line 137, in _multicall\n    teardown.throw(outcome._exception)\n  File \"/opt/hostedtoolcache/Python/3.12.3/x64/lib/python3.12/site-packages/_pytest/setuponly.py\", line 36, in pytest_fixture_setup\n    return (yield)\n            ^^^^^\n  File \"/opt/hostedtoolcache/Python/3.12.3/x64/lib/python3.12/site-packages/pluggy/_callers.py\", line 77, in _multicall\n    res = hook_impl.function(*args)\n          ^^^^^^^^^^^^^^^^^^^^^^^^^\n  File \"/opt/hostedtoolcache/Python/3.12.3/x64/lib/python3.12/site-packages/_pytest/fixtures.py\", line 1140, in pytest_fixture_setup\n    result = call_fixture_func(fixturefunc, request, kwargs)\n             ^^^^^^^^^^^^^^^^^^^^^^^^^^^^^^^^^^^^^^^^^^^^^^^\n  File \"/opt/hostedtoolcache/Python/3.12.3/x64/lib/python3.12/site-packages/_pytest/fixtures.py\", line 917, in call_fixture_func\n    fixture_result = fixturefunc(**kwargs)\n                     ^^^^^^^^^^^^^^^^^^^^^\n  File \"/home/runner/work/waku-interop-tests/waku-interop-tests/src/steps/filter.py\", line 41, in setup_main_filter_node\n    self.node2.start(relay=\"false\", discv5_bootstrap_node=self.enr_uri, filternode=self.multiaddr_with_id)\n  File \"/opt/hostedtoolcache/Python/3.12.3/x64/lib/python3.12/site-packages/tenacity/__init__.py\", line 289, in wrapped_f\n    return self(f, *args, **kw)\n           ^^^^^^^^^^^^^^^^^^^^\n  File \"/opt/hostedtoolcache/Python/3.12.3/x64/lib/python3.12/site-packages/tenacity/__init__.py\", line 379, in __call__\n    do = self.iter(retry_state=retry_state)\n         ^^^^^^^^^^^^^^^^^^^^^^^^^^^^^^^^^^\n  File \"/opt/hostedtoolcache/Python/3.12.3/x64/lib/python3.12/site-packages/tenacity/__init__.py\", line 325, in iter\n    raise retry_exc.reraise()\n          ^^^^^^^^^^^^^^^^^^^\n  File \"/opt/hostedtoolcache/Python/3.12.3/x64/lib/python3.12/site-packages/tenacity/__init__.py\", line 158, in reraise\n    raise self.last_attempt.result()\n          ^^^^^^^^^^^^^^^^^^^^^^^^^^\n  File \"/opt/hostedtoolcache/Python/3.12.3/x64/lib/python3.12/concurrent/futures/_base.py\", line 449, in result\n    return self.__get_result()\n           ^^^^^^^^^^^^^^^^^^^\n  File \"/opt/hostedtoolcache/Python/3.12.3/x64/lib/python3.12/concurrent/futures/_base.py\", line 401, in __get_result\n    raise self._exception\n  File \"/opt/hostedtoolcache/Python/3.12.3/x64/lib/python3.12/site-packages/tenacity/__init__.py\", line 382, in __call__\n    result = fn(*args, **kwargs)\n             ^^^^^^^^^^^^^^^^^^^\n  File \"/home/runner/work/waku-interop-tests/waku-interop-tests/src/node/waku_node.py\", line 126, in start\n    self.ensure_ready(timeout_duration=wait_for_node_sec)\n  File \"/home/runner/work/waku-interop-tests/waku-interop-tests/src/node/waku_node.py\", line 216, in ensure_ready\n    check_healthy()\n  File \"/opt/hostedtoolcache/Python/3.12.3/x64/lib/python3.12/site-packages/tenacity/__init__.py\", line 289, in wrapped_f\n    return self(f, *args, **kw)\n           ^^^^^^^^^^^^^^^^^^^^\n  File \"/opt/hostedtoolcache/Python/3.12.3/x64/lib/python3.12/site-packages/tenacity/__init__.py\", line 379, in __call__\n    do = self.iter(retry_state=retry_state)\n         ^^^^^^^^^^^^^^^^^^^^^^^^^^^^^^^^^^\n  File \"/opt/hostedtoolcache/Python/3.12.3/x64/lib/python3.12/site-packages/tenacity/__init__.py\", line 325, in iter\n    raise retry_exc.reraise()\n          ^^^^^^^^^^^^^^^^^^^\n  File \"/opt/hostedtoolcache/Python/3.12.3/x64/lib/python3.12/site-packages/tenacity/__init__.py\", line 158, in reraise\n    raise self.last_attempt.result()\n          ^^^^^^^^^^^^^^^^^^^^^^^^^^\n  File \"/opt/hostedtoolcache/Python/3.12.3/x64/lib/python3.12/concurrent/futures/_base.py\", line 449, in result\n    return self.__get_result()\n           ^^^^^^^^^^^^^^^^^^^\n  File \"/opt/hostedtoolcache/Python/3.12.3/x64/lib/python3.12/concurrent/futures/_base.py\", line 401, in __get_result\n    raise self._exception\n  File \"/opt/hostedtoolcache/Python/3.12.3/x64/lib/python3.12/site-packages/tenacity/__init__.py\", line 382, in __call__\n    result = fn(*args, **kwargs)\n             ^^^^^^^^^^^^^^^^^^^\n  File \"/home/runner/work/waku-interop-tests/waku-interop-tests/src/node/waku_node.py\", line 192, in check_healthy\n    self.health_response = node.health()\n                           ^^^^^^^^^^^^^\n  File \"/home/runner/work/waku-interop-tests/waku-interop-tests/src/node/waku_node.py\", line 239, in health\n    return self._api.health()\n           ^^^^^^^^^^^^^^^^^^\n  File \"/home/runner/work/waku-interop-tests/waku-interop-tests/src/node/api_clients/rest.py\", line 28, in health\n    health_response = self.rest_call(\"get\", \"health\")\n                      ^^^^^^^^^^^^^^^^^^^^^^^^^^^^^^^\n  File \"/home/runner/work/waku-interop-tests/waku-interop-tests/src/node/api_clients/rest.py\", line 16, in rest_call\n    return self.make_request(method, url, headers=headers, data=payload)\n           ^^^^^^^^^^^^^^^^^^^^^^^^^^^^^^^^^^^^^^^^^^^^^^^^^^^^^^^^^^^^^\n  File \"/home/runner/work/waku-interop-tests/waku-interop-tests/src/node/api_clients/base_client.py\", line 17, in make_request\n    raise Exception(f\"Error: {http_err} with response: {response.content}\")\n","steps":[],"attachments":[],"parameters":[],"shouldDisplayMessage":true,"stepsCount":0,"attachmentsCount":0,"hasContent":true,"attachmentStep":false}],"testStage":{"status":"skipped","statusMessage":"XFAIL Bug reported: https://github.com/waku-org/nwaku/issues/2319\n\nException: Error: 501 Server Error: Not Implemented for url: http://127.0.0.1:37406/health with response: b'\"Non RLN healthcheck is not implemented\"'","statusTrace":"src/node/api_clients/base_client.py:14: in make_request\n    response.raise_for_status()\n/opt/hostedtoolcache/Python/3.12.3/x64/lib/python3.12/site-packages/requests/models.py:1021: in raise_for_status\n    raise HTTPError(http_error_msg, response=self)\nE   requests.exceptions.HTTPError: 501 Server Error: Not Implemented for url: http://127.0.0.1:37406/health\n\nDuring handling of the above exception, another exception occurred:\nsrc/steps/filter.py:41: in setup_main_filter_node\n    self.node2.start(relay=\"false\", discv5_bootstrap_node=self.enr_uri, filternode=self.multiaddr_with_id)\n/opt/hostedtoolcache/Python/3.12.3/x64/lib/python3.12/site-packages/tenacity/__init__.py:289: in wrapped_f\n    return self(f, *args, **kw)\n/opt/hostedtoolcache/Python/3.12.3/x64/lib/python3.12/site-packages/tenacity/__init__.py:379: in __call__\n    do = self.iter(retry_state=retry_state)\n/opt/hostedtoolcache/Python/3.12.3/x64/lib/python3.12/site-packages/tenacity/__init__.py:325: in iter\n    raise retry_exc.reraise()\n/opt/hostedtoolcache/Python/3.12.3/x64/lib/python3.12/site-packages/tenacity/__init__.py:158: in reraise\n    raise self.last_attempt.result()\n/opt/hostedtoolcache/Python/3.12.3/x64/lib/python3.12/concurrent/futures/_base.py:449: in result\n    return self.__get_result()\n/opt/hostedtoolcache/Python/3.12.3/x64/lib/python3.12/concurrent/futures/_base.py:401: in __get_result\n    raise self._exception\n/opt/hostedtoolcache/Python/3.12.3/x64/lib/python3.12/site-packages/tenacity/__init__.py:382: in __call__\n    result = fn(*args, **kwargs)\nsrc/node/waku_node.py:126: in start\n    self.ensure_ready(timeout_duration=wait_for_node_sec)\nsrc/node/waku_node.py:216: in ensure_ready\n    check_healthy()\n/opt/hostedtoolcache/Python/3.12.3/x64/lib/python3.12/site-packages/tenacity/__init__.py:289: in wrapped_f\n    return self(f, *args, **kw)\n/opt/hostedtoolcache/Python/3.12.3/x64/lib/python3.12/site-packages/tenacity/__init__.py:379: in __call__\n    do = self.iter(retry_state=retry_state)\n/opt/hostedtoolcache/Python/3.12.3/x64/lib/python3.12/site-packages/tenacity/__init__.py:325: in iter\n    raise retry_exc.reraise()\n/opt/hostedtoolcache/Python/3.12.3/x64/lib/python3.12/site-packages/tenacity/__init__.py:158: in reraise\n    raise self.last_attempt.result()\n/opt/hostedtoolcache/Python/3.12.3/x64/lib/python3.12/concurrent/futures/_base.py:449: in result\n    return self.__get_result()\n/opt/hostedtoolcache/Python/3.12.3/x64/lib/python3.12/concurrent/futures/_base.py:401: in __get_result\n    raise self._exception\n/opt/hostedtoolcache/Python/3.12.3/x64/lib/python3.12/site-packages/tenacity/__init__.py:382: in __call__\n    result = fn(*args, **kwargs)\nsrc/node/waku_node.py:192: in check_healthy\n    self.health_response = node.health()\nsrc/node/waku_node.py:239: in health\n    return self._api.health()\nsrc/node/api_clients/rest.py:28: in health\n    health_response = self.rest_call(\"get\", \"health\")\nsrc/node/api_clients/rest.py:16: in rest_call\n    return self.make_request(method, url, headers=headers, data=payload)\nsrc/node/api_clients/base_client.py:17: in make_request\n    raise Exception(f\"Error: {http_err} with response: {response.content}\")\nE   Exception: Error: 501 Server Error: Not Implemented for url: http://127.0.0.1:37406/health with response: b'\"Non RLN healthcheck is not implemented\"'","steps":[],"attachments":[{"uid":"21dd198f333f5539","name":"log","source":"21dd198f333f5539.txt","type":"text/plain","size":244233}],"parameters":[],"shouldDisplayMessage":true,"stepsCount":0,"attachmentsCount":1,"hasContent":true,"attachmentStep":false},"afterStages":[{"name":"test_setup::0","time":{"start":1715264106127,"stop":1715264106128,"duration":1},"status":"passed","steps":[],"attachments":[],"parameters":[],"shouldDisplayMessage":false,"stepsCount":0,"attachmentsCount":0,"hasContent":false,"attachmentStep":false},{"name":"close_open_nodes::0","time":{"start":1715264106128,"stop":1715264110386,"duration":4258},"status":"passed","steps":[],"attachments":[],"parameters":[],"shouldDisplayMessage":false,"stepsCount":0,"attachmentsCount":0,"hasContent":false,"attachmentStep":false},{"name":"attach_logs_on_fail::0","time":{"start":1715264110387,"stop":1715264110387,"duration":0},"status":"passed","steps":[],"attachments":[],"parameters":[],"shouldDisplayMessage":false,"stepsCount":0,"attachmentsCount":0,"hasContent":false,"attachmentStep":false}],"labels":[{"name":"tag","value":"@pytest.mark.xfail(True, reason='Bug reported: https://github.com/waku-org/nwaku/issues/2319')"},{"name":"tag","value":"@pytest.mark.usefixtures('setup_main_relay_node', 'setup_main_filter_node')"},{"name":"parentSuite","value":"tests.filter"},{"name":"suite","value":"test_subscribe_create"},{"name":"subSuite","value":"TestFilterSubscribeCreate"},{"name":"host","value":"fv-az1424-866"},{"name":"thread","value":"2146-MainThread"},{"name":"framework","value":"pytest"},{"name":"language","value":"cpython3"},{"name":"package","value":"tests.filter.test_subscribe_create"},{"name":"resultFormat","value":"allure2"}],"parameters":[],"links":[],"hidden":false,"retry":false,"extra":{"severity":"normal","retries":[],"categories":[],"history":{"statistic":{"failed":0,"broken":0,"skipped":143,"passed":0,"unknown":0,"total":143},"items":[{"uid":"41e377b6856c4164","reportUrl":"https://waku-org.github.io/waku-interop-tests/go/119//#testresult/41e377b6856c4164","status":"skipped","statusDetails":"XFAIL Bug reported: https://github.com/waku-org/nwaku/issues/2319\n\nException: Error: 501 Server Error: Not Implemented for url: http://127.0.0.1:5951/health with response: b'\"Non RLN healthcheck is not implemented\"'","time":{"start":1715225598438,"stop":1715225598438,"duration":0}},{"uid":"9b72ff08d2ed67f5","reportUrl":"https://waku-org.github.io/waku-interop-tests/go/118//#testresult/9b72ff08d2ed67f5","status":"skipped","statusDetails":"XFAIL Bug reported: https://github.com/waku-org/nwaku/issues/2319\n\nAssertionError: PubsubTopics failed: ['/waku/2/rs/2/2']\nassert not ['/waku/2/rs/2/2']","time":{"start":1715137970710,"stop":1715138037259,"duration":66549}},{"uid":"70707ebb2bbd75c6","reportUrl":"https://waku-org.github.io/waku-interop-tests/go/117//#testresult/70707ebb2bbd75c6","status":"skipped","statusDetails":"XFAIL Bug reported: https://github.com/waku-org/nwaku/issues/2319\n\nAssertionError: PubsubTopics failed: ['/waku/2/rs/2/2']\nassert not ['/waku/2/rs/2/2']","time":{"start":1715051563047,"stop":1715051628703,"duration":65656}},{"uid":"a644eb9561ce5f14","reportUrl":"https://waku-org.github.io/waku-interop-tests/go/116//#testresult/a644eb9561ce5f14","status":"skipped","statusDetails":"XFAIL Bug reported: https://github.com/waku-org/nwaku/issues/2319\n\nAssertionError: PubsubTopics failed: ['/waku/2/rs/2/2']\nassert not ['/waku/2/rs/2/2']","time":{"start":1714965308244,"stop":1714965376219,"duration":67975}},{"uid":"d381246f9d0ab46b","reportUrl":"https://waku-org.github.io/waku-interop-tests/go/115//#testresult/d381246f9d0ab46b","status":"skipped","statusDetails":"XFAIL Bug reported: https://github.com/waku-org/nwaku/issues/2319\n\nAssertionError: PubsubTopics failed: ['/waku/2/rs/2/2']\nassert not ['/waku/2/rs/2/2']","time":{"start":1714878873838,"stop":1714878937270,"duration":63432}},{"uid":"443b14f67422b0d2","reportUrl":"https://waku-org.github.io/waku-interop-tests/go/114//#testresult/443b14f67422b0d2","status":"skipped","statusDetails":"XFAIL Bug reported: https://github.com/waku-org/nwaku/issues/2319\n\nAssertionError: PubsubTopics failed: ['/waku/2/rs/2/2']\nassert not ['/waku/2/rs/2/2']","time":{"start":1714792486888,"stop":1714792550491,"duration":63603}},{"uid":"fcba735b1b42b590","reportUrl":"https://waku-org.github.io/waku-interop-tests/go/113//#testresult/fcba735b1b42b590","status":"skipped","statusDetails":"XFAIL Bug reported: https://github.com/waku-org/nwaku/issues/2319\n\nAssertionError: PubsubTopics failed: ['/waku/2/rs/2/2']\nassert not ['/waku/2/rs/2/2']","time":{"start":1714706132587,"stop":1714706203500,"duration":70913}},{"uid":"1ffaca2fe73303bd","reportUrl":"https://waku-org.github.io/waku-interop-tests/go/112//#testresult/1ffaca2fe73303bd","status":"skipped","statusDetails":"XFAIL Bug reported: https://github.com/waku-org/nwaku/issues/2319\n\nAssertionError: PubsubTopics failed: ['/waku/2/rs/2/2']\nassert not ['/waku/2/rs/2/2']","time":{"start":1714619686719,"stop":1714619749094,"duration":62375}},{"uid":"e4b35a5fa2da8e2f","reportUrl":"https://waku-org.github.io/waku-interop-tests/go/111//#testresult/e4b35a5fa2da8e2f","status":"skipped","statusDetails":"XFAIL Bug reported: https://github.com/waku-org/nwaku/issues/2319\n\nAssertionError: PubsubTopics failed: ['/waku/2/rs/2/2']\nassert not ['/waku/2/rs/2/2']","time":{"start":1714533279430,"stop":1714533346224,"duration":66794}},{"uid":"e047e7406bd6a111","reportUrl":"https://waku-org.github.io/waku-interop-tests/go/110//#testresult/e047e7406bd6a111","status":"skipped","statusDetails":"XFAIL Bug reported: https://github.com/waku-org/nwaku/issues/2319\n\nAssertionError: PubsubTopics failed: ['/waku/2/rs/2/2']\nassert not ['/waku/2/rs/2/2']","time":{"start":1714446848348,"stop":1714446914007,"duration":65659}},{"uid":"abb239f969447b26","reportUrl":"https://waku-org.github.io/waku-interop-tests/go/109//#testresult/abb239f969447b26","status":"skipped","statusDetails":"XFAIL Bug reported: https://github.com/waku-org/nwaku/issues/2319\n\nAssertionError: PubsubTopics failed: ['/waku/2/rs/2/2']\nassert not ['/waku/2/rs/2/2']","time":{"start":1714381869569,"stop":1714381936872,"duration":67303}},{"uid":"5e9b5575b2a93118","reportUrl":"https://waku-org.github.io/waku-interop-tests/go/108//#testresult/5e9b5575b2a93118","status":"skipped","statusDetails":"XFAIL Bug reported: https://github.com/waku-org/nwaku/issues/2319\n\nrequests.exceptions.ConnectionError: HTTPConnectionPool(host='127.0.0.1', port=18741): Max retries exceeded with url: /debug/v1/info (Caused by NewConnectionError('<urllib3.connection.HTTPConnection object at 0x7f8c4c534c20>: Failed to establish a new connection: [Errno 111] Connection refused'))","time":{"start":1714360682904,"stop":1714360682904,"duration":0}},{"uid":"aa1ea3771d3ec99b","reportUrl":"https://waku-org.github.io/waku-interop-tests/go/107//#testresult/aa1ea3771d3ec99b","status":"skipped","statusDetails":"XFAIL Bug reported: https://github.com/waku-org/nwaku/issues/2319\n\nrequests.exceptions.ConnectionError: HTTPConnectionPool(host='127.0.0.1', port=50594): Max retries exceeded with url: /debug/v1/info (Caused by NewConnectionError('<urllib3.connection.HTTPConnection object at 0x7fda999a5be0>: Failed to establish a new connection: [Errno 111] Connection refused'))","time":{"start":1714274279748,"stop":1714274279748,"duration":0}},{"uid":"bf39e17c23a6799c","reportUrl":"https://waku-org.github.io/waku-interop-tests/go/106//#testresult/bf39e17c23a6799c","status":"skipped","statusDetails":"XFAIL Bug reported: https://github.com/waku-org/nwaku/issues/2319\n\nrequests.exceptions.ConnectionError: HTTPConnectionPool(host='127.0.0.1', port=53419): Max retries exceeded with url: /debug/v1/info (Caused by NewConnectionError('<urllib3.connection.HTTPConnection object at 0x7f1734d020c0>: Failed to establish a new connection: [Errno 111] Connection refused'))","time":{"start":1714187910465,"stop":1714187910465,"duration":0}},{"uid":"29987190f3f88f83","reportUrl":"https://waku-org.github.io/waku-interop-tests/go/105//#testresult/29987190f3f88f83","status":"skipped","statusDetails":"XFAIL Bug reported: https://github.com/waku-org/nwaku/issues/2319\n\nAssertionError: PubsubTopics failed: ['/waku/2/rs/2/2']\nassert not ['/waku/2/rs/2/2']","time":{"start":1714101313708,"stop":1714101378175,"duration":64467}},{"uid":"ef38b44c0a6c6c3e","reportUrl":"https://waku-org.github.io/waku-interop-tests/go/104//#testresult/ef38b44c0a6c6c3e","status":"skipped","statusDetails":"XFAIL Bug reported: https://github.com/waku-org/nwaku/issues/2319\n\nAssertionError: PubsubTopics failed: ['/waku/2/rs/2/2']\nassert not ['/waku/2/rs/2/2']","time":{"start":1714016206604,"stop":1714016271692,"duration":65088}},{"uid":"f03ac0ea28a09d9","reportUrl":"https://waku-org.github.io/waku-interop-tests/go/103//#testresult/f03ac0ea28a09d9","status":"skipped","statusDetails":"XFAIL Bug reported: https://github.com/waku-org/nwaku/issues/2319\n\nAssertionError: PubsubTopics failed: ['/waku/2/rs/2/2']\nassert not ['/waku/2/rs/2/2']","time":{"start":1713928500728,"stop":1713928571661,"duration":70933}},{"uid":"8e66d8c93a14f1be","reportUrl":"https://waku-org.github.io/waku-interop-tests/go/102//#testresult/8e66d8c93a14f1be","status":"skipped","statusDetails":"XFAIL Bug reported: https://github.com/waku-org/nwaku/issues/2319\n\nAssertionError: PubsubTopics failed: ['/waku/2/rs/2/2']\nassert not ['/waku/2/rs/2/2']","time":{"start":1713842096194,"stop":1713842163674,"duration":67480}},{"uid":"374bb94b1822b2dd","reportUrl":"https://waku-org.github.io/waku-interop-tests/go/101//#testresult/374bb94b1822b2dd","status":"skipped","statusDetails":"XFAIL Bug reported: https://github.com/waku-org/nwaku/issues/2319\n\nAssertionError: PubsubTopics failed: ['/waku/2/rs/2/2']\nassert not ['/waku/2/rs/2/2']","time":{"start":1713798577846,"stop":1713798641866,"duration":64020}},{"uid":"c772ee7939c4d15","reportUrl":"https://waku-org.github.io/waku-interop-tests/go/100//#testresult/c772ee7939c4d15","status":"skipped","statusDetails":"XFAIL Bug reported: https://github.com/waku-org/nwaku/issues/2319\n\nAssertionError: PubsubTopics failed: ['/waku/2/rs/2/2']\nassert not ['/waku/2/rs/2/2']","time":{"start":1713794936153,"stop":1713795004544,"duration":68391}}]},"tags":["@pytest.mark.xfail(True, reason='Bug reported: https://github.com/waku-org/nwaku/issues/2319')","@pytest.mark.usefixtures('setup_main_relay_node', 'setup_main_filter_node')"]},"source":"357758047e02dc47.json","parameterValues":[]}