{"uid":"776e460b7e63fefc","name":"test_filter_get_message_after_one_peer_was_stopped","fullName":"tests.filter.test_multiple_nodes.TestFilterMultipleNodes#test_filter_get_message_after_one_peer_was_stopped","historyId":"640708d25b5a2a3903ada7bd81f9d792","time":{"start":1715263534682,"stop":1715263534682,"duration":0},"status":"skipped","statusMessage":"XFAIL Bug reported: https://github.com/waku-org/nwaku/issues/2319\n\nException: Error: 501 Server Error: Not Implemented for url: http://127.0.0.1:38234/health with response: b'\"Non RLN healthcheck is not implemented\"'","statusTrace":"src/node/api_clients/base_client.py:14: in make_request\n    response.raise_for_status()\n/opt/hostedtoolcache/Python/3.12.3/x64/lib/python3.12/site-packages/requests/models.py:1021: in raise_for_status\n    raise HTTPError(http_error_msg, response=self)\nE   requests.exceptions.HTTPError: 501 Server Error: Not Implemented for url: http://127.0.0.1:38234/health\n\nDuring handling of the above exception, another exception occurred:\nsrc/steps/filter.py:41: in setup_main_filter_node\n    self.node2.start(relay=\"false\", discv5_bootstrap_node=self.enr_uri, filternode=self.multiaddr_with_id)\n/opt/hostedtoolcache/Python/3.12.3/x64/lib/python3.12/site-packages/tenacity/__init__.py:289: in wrapped_f\n    return self(f, *args, **kw)\n/opt/hostedtoolcache/Python/3.12.3/x64/lib/python3.12/site-packages/tenacity/__init__.py:379: in __call__\n    do = self.iter(retry_state=retry_state)\n/opt/hostedtoolcache/Python/3.12.3/x64/lib/python3.12/site-packages/tenacity/__init__.py:325: in iter\n    raise retry_exc.reraise()\n/opt/hostedtoolcache/Python/3.12.3/x64/lib/python3.12/site-packages/tenacity/__init__.py:158: in reraise\n    raise self.last_attempt.result()\n/opt/hostedtoolcache/Python/3.12.3/x64/lib/python3.12/concurrent/futures/_base.py:449: in result\n    return self.__get_result()\n/opt/hostedtoolcache/Python/3.12.3/x64/lib/python3.12/concurrent/futures/_base.py:401: in __get_result\n    raise self._exception\n/opt/hostedtoolcache/Python/3.12.3/x64/lib/python3.12/site-packages/tenacity/__init__.py:382: in __call__\n    result = fn(*args, **kwargs)\nsrc/node/waku_node.py:126: in start\n    self.ensure_ready(timeout_duration=wait_for_node_sec)\nsrc/node/waku_node.py:216: in ensure_ready\n    check_healthy()\n/opt/hostedtoolcache/Python/3.12.3/x64/lib/python3.12/site-packages/tenacity/__init__.py:289: in wrapped_f\n    return self(f, *args, **kw)\n/opt/hostedtoolcache/Python/3.12.3/x64/lib/python3.12/site-packages/tenacity/__init__.py:379: in __call__\n    do = self.iter(retry_state=retry_state)\n/opt/hostedtoolcache/Python/3.12.3/x64/lib/python3.12/site-packages/tenacity/__init__.py:325: in iter\n    raise retry_exc.reraise()\n/opt/hostedtoolcache/Python/3.12.3/x64/lib/python3.12/site-packages/tenacity/__init__.py:158: in reraise\n    raise self.last_attempt.result()\n/opt/hostedtoolcache/Python/3.12.3/x64/lib/python3.12/concurrent/futures/_base.py:449: in result\n    return self.__get_result()\n/opt/hostedtoolcache/Python/3.12.3/x64/lib/python3.12/concurrent/futures/_base.py:401: in __get_result\n    raise self._exception\n/opt/hostedtoolcache/Python/3.12.3/x64/lib/python3.12/site-packages/tenacity/__init__.py:382: in __call__\n    result = fn(*args, **kwargs)\nsrc/node/waku_node.py:192: in check_healthy\n    self.health_response = node.health()\nsrc/node/waku_node.py:239: in health\n    return self._api.health()\nsrc/node/api_clients/rest.py:28: in health\n    health_response = self.rest_call(\"get\", \"health\")\nsrc/node/api_clients/rest.py:16: in rest_call\n    return self.make_request(method, url, headers=headers, data=payload)\nsrc/node/api_clients/base_client.py:17: in make_request\n    raise Exception(f\"Error: {http_err} with response: {response.content}\")\nE   Exception: Error: 501 Server Error: Not Implemented for url: http://127.0.0.1:38234/health with response: b'\"Non RLN healthcheck is not implemented\"'","flaky":false,"newFailed":false,"newBroken":false,"newPassed":false,"retriesCount":0,"retriesStatusChange":false,"beforeStages":[{"name":"attach_logs_on_fail","time":{"start":1715263534684,"stop":1715263534684,"duration":0},"status":"passed","steps":[],"attachments":[],"parameters":[],"shouldDisplayMessage":false,"stepsCount":0,"attachmentsCount":0,"hasContent":false,"attachmentStep":false},{"name":"test_id","time":{"start":1715263534684,"stop":1715263534684,"duration":0},"status":"passed","steps":[],"attachments":[],"parameters":[],"shouldDisplayMessage":false,"stepsCount":0,"attachmentsCount":0,"hasContent":false,"attachmentStep":false},{"name":"close_open_nodes","time":{"start":1715263534684,"stop":1715263534684,"duration":0},"status":"passed","steps":[],"attachments":[],"parameters":[],"shouldDisplayMessage":false,"stepsCount":0,"attachmentsCount":0,"hasContent":false,"attachmentStep":false},{"name":"test_setup","time":{"start":1715263534684,"stop":1715263534684,"duration":0},"status":"passed","steps":[],"attachments":[],"parameters":[],"shouldDisplayMessage":false,"stepsCount":0,"attachmentsCount":0,"hasContent":false,"attachmentStep":false},{"name":"filter_setup","time":{"start":1715263534685,"stop":1715263534685,"duration":0},"status":"passed","steps":[],"attachments":[],"parameters":[],"shouldDisplayMessage":false,"stepsCount":0,"attachmentsCount":0,"hasContent":false,"attachmentStep":false},{"name":"setup_main_relay_node","time":{"start":1715263534685,"stop":1715263537016,"duration":2331},"status":"passed","steps":[],"attachments":[],"parameters":[],"shouldDisplayMessage":false,"stepsCount":0,"attachmentsCount":0,"hasContent":false,"attachmentStep":false},{"name":"common_setup","time":{"start":1715263534685,"stop":1715263534685,"duration":0},"status":"passed","steps":[],"attachments":[],"parameters":[],"shouldDisplayMessage":false,"stepsCount":0,"attachmentsCount":0,"hasContent":false,"attachmentStep":false},{"name":"setup_main_filter_node","time":{"start":1715263537016,"stop":1715263602282,"duration":65266},"status":"broken","statusMessage":"Exception: Error: 501 Server Error: Not Implemented for url: http://127.0.0.1:38234/health with response: b'\"Non RLN healthcheck is not implemented\"'\n","statusTrace":"  File \"/opt/hostedtoolcache/Python/3.12.3/x64/lib/python3.12/site-packages/pluggy/_callers.py\", line 137, in _multicall\n    teardown.throw(outcome._exception)\n  File \"/opt/hostedtoolcache/Python/3.12.3/x64/lib/python3.12/site-packages/_pytest/setuponly.py\", line 36, in pytest_fixture_setup\n    return (yield)\n            ^^^^^\n  File \"/opt/hostedtoolcache/Python/3.12.3/x64/lib/python3.12/site-packages/pluggy/_callers.py\", line 77, in _multicall\n    res = hook_impl.function(*args)\n          ^^^^^^^^^^^^^^^^^^^^^^^^^\n  File \"/opt/hostedtoolcache/Python/3.12.3/x64/lib/python3.12/site-packages/_pytest/fixtures.py\", line 1140, in pytest_fixture_setup\n    result = call_fixture_func(fixturefunc, request, kwargs)\n             ^^^^^^^^^^^^^^^^^^^^^^^^^^^^^^^^^^^^^^^^^^^^^^^\n  File \"/opt/hostedtoolcache/Python/3.12.3/x64/lib/python3.12/site-packages/_pytest/fixtures.py\", line 917, in call_fixture_func\n    fixture_result = fixturefunc(**kwargs)\n                     ^^^^^^^^^^^^^^^^^^^^^\n  File \"/home/runner/work/waku-interop-tests/waku-interop-tests/src/steps/filter.py\", line 41, in setup_main_filter_node\n    self.node2.start(relay=\"false\", discv5_bootstrap_node=self.enr_uri, filternode=self.multiaddr_with_id)\n  File \"/opt/hostedtoolcache/Python/3.12.3/x64/lib/python3.12/site-packages/tenacity/__init__.py\", line 289, in wrapped_f\n    return self(f, *args, **kw)\n           ^^^^^^^^^^^^^^^^^^^^\n  File \"/opt/hostedtoolcache/Python/3.12.3/x64/lib/python3.12/site-packages/tenacity/__init__.py\", line 379, in __call__\n    do = self.iter(retry_state=retry_state)\n         ^^^^^^^^^^^^^^^^^^^^^^^^^^^^^^^^^^\n  File \"/opt/hostedtoolcache/Python/3.12.3/x64/lib/python3.12/site-packages/tenacity/__init__.py\", line 325, in iter\n    raise retry_exc.reraise()\n          ^^^^^^^^^^^^^^^^^^^\n  File \"/opt/hostedtoolcache/Python/3.12.3/x64/lib/python3.12/site-packages/tenacity/__init__.py\", line 158, in reraise\n    raise self.last_attempt.result()\n          ^^^^^^^^^^^^^^^^^^^^^^^^^^\n  File \"/opt/hostedtoolcache/Python/3.12.3/x64/lib/python3.12/concurrent/futures/_base.py\", line 449, in result\n    return self.__get_result()\n           ^^^^^^^^^^^^^^^^^^^\n  File \"/opt/hostedtoolcache/Python/3.12.3/x64/lib/python3.12/concurrent/futures/_base.py\", line 401, in __get_result\n    raise self._exception\n  File \"/opt/hostedtoolcache/Python/3.12.3/x64/lib/python3.12/site-packages/tenacity/__init__.py\", line 382, in __call__\n    result = fn(*args, **kwargs)\n             ^^^^^^^^^^^^^^^^^^^\n  File \"/home/runner/work/waku-interop-tests/waku-interop-tests/src/node/waku_node.py\", line 126, in start\n    self.ensure_ready(timeout_duration=wait_for_node_sec)\n  File \"/home/runner/work/waku-interop-tests/waku-interop-tests/src/node/waku_node.py\", line 216, in ensure_ready\n    check_healthy()\n  File \"/opt/hostedtoolcache/Python/3.12.3/x64/lib/python3.12/site-packages/tenacity/__init__.py\", line 289, in wrapped_f\n    return self(f, *args, **kw)\n           ^^^^^^^^^^^^^^^^^^^^\n  File \"/opt/hostedtoolcache/Python/3.12.3/x64/lib/python3.12/site-packages/tenacity/__init__.py\", line 379, in __call__\n    do = self.iter(retry_state=retry_state)\n         ^^^^^^^^^^^^^^^^^^^^^^^^^^^^^^^^^^\n  File \"/opt/hostedtoolcache/Python/3.12.3/x64/lib/python3.12/site-packages/tenacity/__init__.py\", line 325, in iter\n    raise retry_exc.reraise()\n          ^^^^^^^^^^^^^^^^^^^\n  File \"/opt/hostedtoolcache/Python/3.12.3/x64/lib/python3.12/site-packages/tenacity/__init__.py\", line 158, in reraise\n    raise self.last_attempt.result()\n          ^^^^^^^^^^^^^^^^^^^^^^^^^^\n  File \"/opt/hostedtoolcache/Python/3.12.3/x64/lib/python3.12/concurrent/futures/_base.py\", line 449, in result\n    return self.__get_result()\n           ^^^^^^^^^^^^^^^^^^^\n  File \"/opt/hostedtoolcache/Python/3.12.3/x64/lib/python3.12/concurrent/futures/_base.py\", line 401, in __get_result\n    raise self._exception\n  File \"/opt/hostedtoolcache/Python/3.12.3/x64/lib/python3.12/site-packages/tenacity/__init__.py\", line 382, in __call__\n    result = fn(*args, **kwargs)\n             ^^^^^^^^^^^^^^^^^^^\n  File \"/home/runner/work/waku-interop-tests/waku-interop-tests/src/node/waku_node.py\", line 192, in check_healthy\n    self.health_response = node.health()\n                           ^^^^^^^^^^^^^\n  File \"/home/runner/work/waku-interop-tests/waku-interop-tests/src/node/waku_node.py\", line 239, in health\n    return self._api.health()\n           ^^^^^^^^^^^^^^^^^^\n  File \"/home/runner/work/waku-interop-tests/waku-interop-tests/src/node/api_clients/rest.py\", line 28, in health\n    health_response = self.rest_call(\"get\", \"health\")\n                      ^^^^^^^^^^^^^^^^^^^^^^^^^^^^^^^\n  File \"/home/runner/work/waku-interop-tests/waku-interop-tests/src/node/api_clients/rest.py\", line 16, in rest_call\n    return self.make_request(method, url, headers=headers, data=payload)\n           ^^^^^^^^^^^^^^^^^^^^^^^^^^^^^^^^^^^^^^^^^^^^^^^^^^^^^^^^^^^^^\n  File \"/home/runner/work/waku-interop-tests/waku-interop-tests/src/node/api_clients/base_client.py\", line 17, in make_request\n    raise Exception(f\"Error: {http_err} with response: {response.content}\")\n","steps":[],"attachments":[],"parameters":[],"shouldDisplayMessage":true,"stepsCount":0,"attachmentsCount":0,"hasContent":true,"attachmentStep":false}],"testStage":{"status":"skipped","statusMessage":"XFAIL Bug reported: https://github.com/waku-org/nwaku/issues/2319\n\nException: Error: 501 Server Error: Not Implemented for url: http://127.0.0.1:38234/health with response: b'\"Non RLN healthcheck is not implemented\"'","statusTrace":"src/node/api_clients/base_client.py:14: in make_request\n    response.raise_for_status()\n/opt/hostedtoolcache/Python/3.12.3/x64/lib/python3.12/site-packages/requests/models.py:1021: in raise_for_status\n    raise HTTPError(http_error_msg, response=self)\nE   requests.exceptions.HTTPError: 501 Server Error: Not Implemented for url: http://127.0.0.1:38234/health\n\nDuring handling of the above exception, another exception occurred:\nsrc/steps/filter.py:41: in setup_main_filter_node\n    self.node2.start(relay=\"false\", discv5_bootstrap_node=self.enr_uri, filternode=self.multiaddr_with_id)\n/opt/hostedtoolcache/Python/3.12.3/x64/lib/python3.12/site-packages/tenacity/__init__.py:289: in wrapped_f\n    return self(f, *args, **kw)\n/opt/hostedtoolcache/Python/3.12.3/x64/lib/python3.12/site-packages/tenacity/__init__.py:379: in __call__\n    do = self.iter(retry_state=retry_state)\n/opt/hostedtoolcache/Python/3.12.3/x64/lib/python3.12/site-packages/tenacity/__init__.py:325: in iter\n    raise retry_exc.reraise()\n/opt/hostedtoolcache/Python/3.12.3/x64/lib/python3.12/site-packages/tenacity/__init__.py:158: in reraise\n    raise self.last_attempt.result()\n/opt/hostedtoolcache/Python/3.12.3/x64/lib/python3.12/concurrent/futures/_base.py:449: in result\n    return self.__get_result()\n/opt/hostedtoolcache/Python/3.12.3/x64/lib/python3.12/concurrent/futures/_base.py:401: in __get_result\n    raise self._exception\n/opt/hostedtoolcache/Python/3.12.3/x64/lib/python3.12/site-packages/tenacity/__init__.py:382: in __call__\n    result = fn(*args, **kwargs)\nsrc/node/waku_node.py:126: in start\n    self.ensure_ready(timeout_duration=wait_for_node_sec)\nsrc/node/waku_node.py:216: in ensure_ready\n    check_healthy()\n/opt/hostedtoolcache/Python/3.12.3/x64/lib/python3.12/site-packages/tenacity/__init__.py:289: in wrapped_f\n    return self(f, *args, **kw)\n/opt/hostedtoolcache/Python/3.12.3/x64/lib/python3.12/site-packages/tenacity/__init__.py:379: in __call__\n    do = self.iter(retry_state=retry_state)\n/opt/hostedtoolcache/Python/3.12.3/x64/lib/python3.12/site-packages/tenacity/__init__.py:325: in iter\n    raise retry_exc.reraise()\n/opt/hostedtoolcache/Python/3.12.3/x64/lib/python3.12/site-packages/tenacity/__init__.py:158: in reraise\n    raise self.last_attempt.result()\n/opt/hostedtoolcache/Python/3.12.3/x64/lib/python3.12/concurrent/futures/_base.py:449: in result\n    return self.__get_result()\n/opt/hostedtoolcache/Python/3.12.3/x64/lib/python3.12/concurrent/futures/_base.py:401: in __get_result\n    raise self._exception\n/opt/hostedtoolcache/Python/3.12.3/x64/lib/python3.12/site-packages/tenacity/__init__.py:382: in __call__\n    result = fn(*args, **kwargs)\nsrc/node/waku_node.py:192: in check_healthy\n    self.health_response = node.health()\nsrc/node/waku_node.py:239: in health\n    return self._api.health()\nsrc/node/api_clients/rest.py:28: in health\n    health_response = self.rest_call(\"get\", \"health\")\nsrc/node/api_clients/rest.py:16: in rest_call\n    return self.make_request(method, url, headers=headers, data=payload)\nsrc/node/api_clients/base_client.py:17: in make_request\n    raise Exception(f\"Error: {http_err} with response: {response.content}\")\nE   Exception: Error: 501 Server Error: Not Implemented for url: http://127.0.0.1:38234/health with response: b'\"Non RLN healthcheck is not implemented\"'","steps":[],"attachments":[{"uid":"d7550c9f7a5cdd18","name":"log","source":"d7550c9f7a5cdd18.txt","type":"text/plain","size":243634}],"parameters":[],"shouldDisplayMessage":true,"stepsCount":0,"attachmentsCount":1,"hasContent":true,"attachmentStep":false},"afterStages":[{"name":"test_setup::0","time":{"start":1715263602404,"stop":1715263602405,"duration":1},"status":"passed","steps":[],"attachments":[],"parameters":[],"shouldDisplayMessage":false,"stepsCount":0,"attachmentsCount":0,"hasContent":false,"attachmentStep":false},{"name":"close_open_nodes::0","time":{"start":1715263602406,"stop":1715263608333,"duration":5927},"status":"passed","steps":[],"attachments":[],"parameters":[],"shouldDisplayMessage":false,"stepsCount":0,"attachmentsCount":0,"hasContent":false,"attachmentStep":false},{"name":"attach_logs_on_fail::0","time":{"start":1715263608333,"stop":1715263608333,"duration":0},"status":"passed","steps":[],"attachments":[],"parameters":[],"shouldDisplayMessage":false,"stepsCount":0,"attachmentsCount":0,"hasContent":false,"attachmentStep":false}],"labels":[{"name":"tag","value":"@pytest.mark.xfail(True, reason='Bug reported: https://github.com/waku-org/nwaku/issues/2319')"},{"name":"tag","value":"@pytest.mark.usefixtures('setup_main_relay_node', 'setup_main_filter_node')"},{"name":"parentSuite","value":"tests.filter"},{"name":"suite","value":"test_multiple_nodes"},{"name":"subSuite","value":"TestFilterMultipleNodes"},{"name":"host","value":"fv-az1424-866"},{"name":"thread","value":"2146-MainThread"},{"name":"framework","value":"pytest"},{"name":"language","value":"cpython3"},{"name":"package","value":"tests.filter.test_multiple_nodes"},{"name":"resultFormat","value":"allure2"}],"parameters":[],"links":[],"hidden":false,"retry":false,"extra":{"severity":"normal","retries":[],"categories":[],"history":{"statistic":{"failed":0,"broken":0,"skipped":52,"passed":91,"unknown":0,"total":143},"items":[{"uid":"921a4333b3c769ca","reportUrl":"https://waku-org.github.io/waku-interop-tests/go/119//#testresult/921a4333b3c769ca","status":"skipped","statusDetails":"XFAIL Bug reported: https://github.com/waku-org/nwaku/issues/2319\n\nException: Error: 501 Server Error: Not Implemented for url: http://127.0.0.1:23936/health with response: b'\"Non RLN healthcheck is not implemented\"'","time":{"start":1715224883479,"stop":1715224883479,"duration":0}},{"uid":"b631f14875dd5326","reportUrl":"https://waku-org.github.io/waku-interop-tests/go/118//#testresult/b631f14875dd5326","status":"skipped","statusDetails":"XFAIL Bug reported: https://github.com/waku-org/nwaku/issues/2319\n\nException: Error: 500 Server Error: Internal Server Error for url: http://127.0.0.1:58568/relay/v1/messages/%2Fwaku%2F2%2Frs%2F0%2F1 with response: b'Failed to publish: timedout'","time":{"start":1715137955100,"stop":1715137966251,"duration":11151}},{"uid":"d5721f50e7e8371e","reportUrl":"https://waku-org.github.io/waku-interop-tests/go/117//#testresult/d5721f50e7e8371e","status":"skipped","statusDetails":"XFAIL Bug reported: https://github.com/waku-org/nwaku/issues/2319\n\nException: Error: 500 Server Error: Internal Server Error for url: http://127.0.0.1:41811/relay/v1/messages/%2Fwaku%2F2%2Frs%2F0%2F1 with response: b'Failed to publish: timedout'","time":{"start":1715051533331,"stop":1715051545991,"duration":12660}},{"uid":"af0974abbb69cd21","reportUrl":"https://waku-org.github.io/waku-interop-tests/go/116//#testresult/af0974abbb69cd21","status":"passed","statusDetails":"XPASS Bug reported: https://github.com/waku-org/nwaku/issues/2319","time":{"start":1714965120525,"stop":1714965127950,"duration":7425}},{"uid":"6692ec91dd77c271","reportUrl":"https://waku-org.github.io/waku-interop-tests/go/115//#testresult/6692ec91dd77c271","status":"passed","statusDetails":"XPASS Bug reported: https://github.com/waku-org/nwaku/issues/2319","time":{"start":1714878683500,"stop":1714878693527,"duration":10027}},{"uid":"51a28b4ec243ce3e","reportUrl":"https://waku-org.github.io/waku-interop-tests/go/114//#testresult/51a28b4ec243ce3e","status":"passed","statusDetails":"XPASS Bug reported: https://github.com/waku-org/nwaku/issues/2319","time":{"start":1714792288014,"stop":1714792299029,"duration":11015}},{"uid":"7835d690f6e9a3d5","reportUrl":"https://waku-org.github.io/waku-interop-tests/go/113//#testresult/7835d690f6e9a3d5","status":"passed","statusDetails":"XPASS Bug reported: https://github.com/waku-org/nwaku/issues/2319","time":{"start":1714705932977,"stop":1714705941989,"duration":9012}},{"uid":"26c6f61f12e9f6e2","reportUrl":"https://waku-org.github.io/waku-interop-tests/go/112//#testresult/26c6f61f12e9f6e2","status":"passed","statusDetails":"XPASS Bug reported: https://github.com/waku-org/nwaku/issues/2319","time":{"start":1714619480155,"stop":1714619490920,"duration":10765}},{"uid":"c07c1d0af3a22811","reportUrl":"https://waku-org.github.io/waku-interop-tests/go/111//#testresult/c07c1d0af3a22811","status":"passed","statusDetails":"XPASS Bug reported: https://github.com/waku-org/nwaku/issues/2319","time":{"start":1714533098191,"stop":1714533106482,"duration":8291}},{"uid":"d99c2d0c19894f17","reportUrl":"https://waku-org.github.io/waku-interop-tests/go/110//#testresult/d99c2d0c19894f17","status":"passed","statusDetails":"XPASS Bug reported: https://github.com/waku-org/nwaku/issues/2319","time":{"start":1714446665817,"stop":1714446674833,"duration":9016}},{"uid":"17a734215d42bd41","reportUrl":"https://waku-org.github.io/waku-interop-tests/go/109//#testresult/17a734215d42bd41","status":"passed","statusDetails":"XPASS Bug reported: https://github.com/waku-org/nwaku/issues/2319","time":{"start":1714381687624,"stop":1714381696030,"duration":8406}},{"uid":"a801c5a98bf7af2a","reportUrl":"https://waku-org.github.io/waku-interop-tests/go/108//#testresult/a801c5a98bf7af2a","status":"skipped","statusDetails":"XFAIL Bug reported: https://github.com/waku-org/nwaku/issues/2319\n\nrequests.exceptions.ConnectionError: HTTPConnectionPool(host='127.0.0.1', port=50999): Max retries exceeded with url: /debug/v1/info (Caused by NewConnectionError('<urllib3.connection.HTTPConnection object at 0x7f8c4c6a5bb0>: Failed to establish a new connection: [Errno 111] Connection refused'))","time":{"start":1714360297336,"stop":1714360297336,"duration":0}},{"uid":"cc44e31e0e72e59f","reportUrl":"https://waku-org.github.io/waku-interop-tests/go/107//#testresult/cc44e31e0e72e59f","status":"skipped","statusDetails":"XFAIL Bug reported: https://github.com/waku-org/nwaku/issues/2319\n\nrequests.exceptions.ConnectionError: HTTPConnectionPool(host='127.0.0.1', port=12545): Max retries exceeded with url: /debug/v1/info (Caused by NewConnectionError('<urllib3.connection.HTTPConnection object at 0x7fda99cdc770>: Failed to establish a new connection: [Errno 111] Connection refused'))","time":{"start":1714273895542,"stop":1714273895542,"duration":0}},{"uid":"78eefcfc63e80dbe","reportUrl":"https://waku-org.github.io/waku-interop-tests/go/106//#testresult/78eefcfc63e80dbe","status":"skipped","statusDetails":"XFAIL Bug reported: https://github.com/waku-org/nwaku/issues/2319\n\nrequests.exceptions.ConnectionError: HTTPConnectionPool(host='127.0.0.1', port=41267): Max retries exceeded with url: /debug/v1/info (Caused by NewConnectionError('<urllib3.connection.HTTPConnection object at 0x7f173523a1b0>: Failed to establish a new connection: [Errno 111] Connection refused'))","time":{"start":1714187525589,"stop":1714187525589,"duration":0}},{"uid":"ceacd7a49e0693a5","reportUrl":"https://waku-org.github.io/waku-interop-tests/go/105//#testresult/ceacd7a49e0693a5","status":"passed","statusDetails":"XPASS Bug reported: https://github.com/waku-org/nwaku/issues/2319","time":{"start":1714101126381,"stop":1714101133598,"duration":7217}},{"uid":"62370f13c4f1372e","reportUrl":"https://waku-org.github.io/waku-interop-tests/go/104//#testresult/62370f13c4f1372e","status":"passed","statusDetails":"XPASS Bug reported: https://github.com/waku-org/nwaku/issues/2319","time":{"start":1714016025572,"stop":1714016036991,"duration":11419}},{"uid":"b2de17579fc83aea","reportUrl":"https://waku-org.github.io/waku-interop-tests/go/103//#testresult/b2de17579fc83aea","status":"passed","statusDetails":"XPASS Bug reported: https://github.com/waku-org/nwaku/issues/2319","time":{"start":1713928314753,"stop":1713928322797,"duration":8044}},{"uid":"792efbdb2b4cd681","reportUrl":"https://waku-org.github.io/waku-interop-tests/go/102//#testresult/792efbdb2b4cd681","status":"skipped","statusDetails":"XFAIL Bug reported: https://github.com/waku-org/nwaku/issues/2319\n\nException: Error: 500 Server Error: Internal Server Error for url: http://127.0.0.1:21090/relay/v1/messages/%2Fwaku%2F2%2Frs%2F0%2F1 with response: b'Failed to publish: timedout'","time":{"start":1713841879333,"stop":1713841894469,"duration":15136}},{"uid":"286a6a67a207d243","reportUrl":"https://waku-org.github.io/waku-interop-tests/go/101//#testresult/286a6a67a207d243","status":"passed","statusDetails":"XPASS Bug reported: https://github.com/waku-org/nwaku/issues/2319","time":{"start":1713798378319,"stop":1713798391761,"duration":13442}},{"uid":"8d1c3b9ad082c994","reportUrl":"https://waku-org.github.io/waku-interop-tests/go/100//#testresult/8d1c3b9ad082c994","status":"passed","statusDetails":"XPASS Bug reported: https://github.com/waku-org/nwaku/issues/2319","time":{"start":1713794762956,"stop":1713794772155,"duration":9199}}]},"tags":["@pytest.mark.xfail(True, reason='Bug reported: https://github.com/waku-org/nwaku/issues/2319')","@pytest.mark.usefixtures('setup_main_relay_node', 'setup_main_filter_node')"]},"source":"776e460b7e63fefc.json","parameterValues":[]}