{"uid":"ac76d3b22ee639bb","name":"test_filter_subscribe_to_pubsub_topics_from_multiple_clusters","fullName":"tests.filter.test_subscribe_create.TestFilterSubscribeCreate#test_filter_subscribe_to_pubsub_topics_from_multiple_clusters","historyId":"a8259f2693466607c52e8260c1bccc69","time":{"start":1713789903700,"stop":1713789903700,"duration":0},"status":"skipped","statusMessage":"XFAIL Bug reported: https://github.com/waku-org/nwaku/issues/2319\n\nException: Error: 500 Server Error: Internal Server Error for url: http://127.0.0.1:16046/admin/v1/peers with response: b''","statusTrace":"src/node/api_clients/base_client.py:14: in make_request\n    response.raise_for_status()\n/opt/hostedtoolcache/Python/3.12.3/x64/lib/python3.12/site-packages/requests/models.py:1021: in raise_for_status\n    raise HTTPError(http_error_msg, response=self)\nE   requests.exceptions.HTTPError: 500 Server Error: Internal Server Error for url: http://127.0.0.1:16046/admin/v1/peers\n\nDuring handling of the above exception, another exception occurred:\nsrc/steps/filter.py:43: in setup_main_filter_node\n    self.common_steps.add_node_peer(self.node2, [self.multiaddr_with_id])\n/opt/hostedtoolcache/Python/3.12.3/x64/lib/python3.12/site-packages/tenacity/__init__.py:289: in wrapped_f\n    return self(f, *args, **kw)\n/opt/hostedtoolcache/Python/3.12.3/x64/lib/python3.12/site-packages/tenacity/__init__.py:379: in __call__\n    do = self.iter(retry_state=retry_state)\n/opt/hostedtoolcache/Python/3.12.3/x64/lib/python3.12/site-packages/tenacity/__init__.py:325: in iter\n    raise retry_exc.reraise()\n/opt/hostedtoolcache/Python/3.12.3/x64/lib/python3.12/site-packages/tenacity/__init__.py:158: in reraise\n    raise self.last_attempt.result()\n/opt/hostedtoolcache/Python/3.12.3/x64/lib/python3.12/concurrent/futures/_base.py:449: in result\n    return self.__get_result()\n/opt/hostedtoolcache/Python/3.12.3/x64/lib/python3.12/concurrent/futures/_base.py:401: in __get_result\n    raise self._exception\n/opt/hostedtoolcache/Python/3.12.3/x64/lib/python3.12/site-packages/tenacity/__init__.py:382: in __call__\n    result = fn(*args, **kwargs)\nsrc/steps/common.py:15: in add_node_peer\n    node.add_peers(peer_info)\nsrc/node/waku_node.py:214: in add_peers\n    return self._api.add_peers(peers)\nsrc/node/api_clients/rest.py:27: in add_peers\n    return self.rest_call(\"post\", \"admin/v1/peers\", json.dumps(peers))\nsrc/node/api_clients/rest.py:16: in rest_call\n    return self.make_request(method, url, headers=headers, data=payload)\nsrc/node/api_clients/base_client.py:17: in make_request\n    raise Exception(f\"Error: {http_err} with response: {response.content}\")\nE   Exception: Error: 500 Server Error: Internal Server Error for url: http://127.0.0.1:16046/admin/v1/peers with response: b''","flaky":false,"newFailed":false,"newBroken":false,"newPassed":false,"retriesCount":0,"retriesStatusChange":false,"beforeStages":[{"name":"set_allure_env_variables","time":{"start":1713789605149,"stop":1713789605149,"duration":0},"status":"passed","steps":[],"attachments":[],"parameters":[],"shouldDisplayMessage":false,"stepsCount":0,"attachmentsCount":0,"hasContent":false,"attachmentStep":false},{"name":"attach_logs_on_fail","time":{"start":1713789903701,"stop":1713789903701,"duration":0},"status":"passed","steps":[],"attachments":[],"parameters":[],"shouldDisplayMessage":false,"stepsCount":0,"attachmentsCount":0,"hasContent":false,"attachmentStep":false},{"name":"test_id","time":{"start":1713789903701,"stop":1713789903701,"duration":0},"status":"passed","steps":[],"attachments":[],"parameters":[],"shouldDisplayMessage":false,"stepsCount":0,"attachmentsCount":0,"hasContent":false,"attachmentStep":false},{"name":"close_open_nodes","time":{"start":1713789903701,"stop":1713789903701,"duration":0},"status":"passed","steps":[],"attachments":[],"parameters":[],"shouldDisplayMessage":false,"stepsCount":0,"attachmentsCount":0,"hasContent":false,"attachmentStep":false},{"name":"setup_main_relay_node","time":{"start":1713789903702,"stop":1713789905379,"duration":1677},"status":"passed","steps":[],"attachments":[],"parameters":[],"shouldDisplayMessage":false,"stepsCount":0,"attachmentsCount":0,"hasContent":false,"attachmentStep":false},{"name":"filter_setup","time":{"start":1713789903702,"stop":1713789903702,"duration":0},"status":"passed","steps":[],"attachments":[],"parameters":[],"shouldDisplayMessage":false,"stepsCount":0,"attachmentsCount":0,"hasContent":false,"attachmentStep":false},{"name":"test_setup","time":{"start":1713789903702,"stop":1713789903702,"duration":0},"status":"passed","steps":[],"attachments":[],"parameters":[],"shouldDisplayMessage":false,"stepsCount":0,"attachmentsCount":0,"hasContent":false,"attachmentStep":false},{"name":"setup_main_filter_node","time":{"start":1713789905379,"stop":1713789913549,"duration":8170},"status":"broken","statusMessage":"Exception: Error: 500 Server Error: Internal Server Error for url: http://127.0.0.1:16046/admin/v1/peers with response: b''\n","statusTrace":"  File \"/opt/hostedtoolcache/Python/3.12.3/x64/lib/python3.12/site-packages/pluggy/_callers.py\", line 137, in _multicall\n    teardown.throw(outcome._exception)\n  File \"/opt/hostedtoolcache/Python/3.12.3/x64/lib/python3.12/site-packages/_pytest/setuponly.py\", line 36, in pytest_fixture_setup\n    return (yield)\n            ^^^^^\n  File \"/opt/hostedtoolcache/Python/3.12.3/x64/lib/python3.12/site-packages/pluggy/_callers.py\", line 77, in _multicall\n    res = hook_impl.function(*args)\n          ^^^^^^^^^^^^^^^^^^^^^^^^^\n  File \"/opt/hostedtoolcache/Python/3.12.3/x64/lib/python3.12/site-packages/_pytest/fixtures.py\", line 1140, in pytest_fixture_setup\n    result = call_fixture_func(fixturefunc, request, kwargs)\n             ^^^^^^^^^^^^^^^^^^^^^^^^^^^^^^^^^^^^^^^^^^^^^^^\n  File \"/opt/hostedtoolcache/Python/3.12.3/x64/lib/python3.12/site-packages/_pytest/fixtures.py\", line 917, in call_fixture_func\n    fixture_result = fixturefunc(**kwargs)\n                     ^^^^^^^^^^^^^^^^^^^^^\n  File \"/home/runner/work/waku-interop-tests/waku-interop-tests/src/steps/filter.py\", line 43, in setup_main_filter_node\n    self.common_steps.add_node_peer(self.node2, [self.multiaddr_with_id])\n  File \"/opt/hostedtoolcache/Python/3.12.3/x64/lib/python3.12/site-packages/allure_commons/_allure.py\", line 192, in impl\n    return func(*a, **kw)\n           ^^^^^^^^^^^^^^\n  File \"/opt/hostedtoolcache/Python/3.12.3/x64/lib/python3.12/site-packages/tenacity/__init__.py\", line 289, in wrapped_f\n    return self(f, *args, **kw)\n           ^^^^^^^^^^^^^^^^^^^^\n  File \"/opt/hostedtoolcache/Python/3.12.3/x64/lib/python3.12/site-packages/tenacity/__init__.py\", line 379, in __call__\n    do = self.iter(retry_state=retry_state)\n         ^^^^^^^^^^^^^^^^^^^^^^^^^^^^^^^^^^\n  File \"/opt/hostedtoolcache/Python/3.12.3/x64/lib/python3.12/site-packages/tenacity/__init__.py\", line 325, in iter\n    raise retry_exc.reraise()\n          ^^^^^^^^^^^^^^^^^^^\n  File \"/opt/hostedtoolcache/Python/3.12.3/x64/lib/python3.12/site-packages/tenacity/__init__.py\", line 158, in reraise\n    raise self.last_attempt.result()\n          ^^^^^^^^^^^^^^^^^^^^^^^^^^\n  File \"/opt/hostedtoolcache/Python/3.12.3/x64/lib/python3.12/concurrent/futures/_base.py\", line 449, in result\n    return self.__get_result()\n           ^^^^^^^^^^^^^^^^^^^\n  File \"/opt/hostedtoolcache/Python/3.12.3/x64/lib/python3.12/concurrent/futures/_base.py\", line 401, in __get_result\n    raise self._exception\n  File \"/opt/hostedtoolcache/Python/3.12.3/x64/lib/python3.12/site-packages/tenacity/__init__.py\", line 382, in __call__\n    result = fn(*args, **kwargs)\n             ^^^^^^^^^^^^^^^^^^^\n  File \"/home/runner/work/waku-interop-tests/waku-interop-tests/src/steps/common.py\", line 15, in add_node_peer\n    node.add_peers(peer_info)\n  File \"/home/runner/work/waku-interop-tests/waku-interop-tests/src/node/waku_node.py\", line 214, in add_peers\n    return self._api.add_peers(peers)\n           ^^^^^^^^^^^^^^^^^^^^^^^^^^\n  File \"/home/runner/work/waku-interop-tests/waku-interop-tests/src/node/api_clients/rest.py\", line 27, in add_peers\n    return self.rest_call(\"post\", \"admin/v1/peers\", json.dumps(peers))\n           ^^^^^^^^^^^^^^^^^^^^^^^^^^^^^^^^^^^^^^^^^^^^^^^^^^^^^^^^^^^\n  File \"/home/runner/work/waku-interop-tests/waku-interop-tests/src/node/api_clients/rest.py\", line 16, in rest_call\n    return self.make_request(method, url, headers=headers, data=payload)\n           ^^^^^^^^^^^^^^^^^^^^^^^^^^^^^^^^^^^^^^^^^^^^^^^^^^^^^^^^^^^^^\n  File \"/home/runner/work/waku-interop-tests/waku-interop-tests/src/node/api_clients/base_client.py\", line 17, in make_request\n    raise Exception(f\"Error: {http_err} with response: {response.content}\")\n","steps":[{"name":"add_node_peer","time":{"start":1713789907049,"stop":1713789913548,"duration":6499},"status":"broken","statusMessage":"Exception: Error: 500 Server Error: Internal Server Error for url: http://127.0.0.1:16046/admin/v1/peers with response: b''\n","statusTrace":"  File \"/opt/hostedtoolcache/Python/3.12.3/x64/lib/python3.12/site-packages/allure_commons/_allure.py\", line 192, in impl\n    return func(*a, **kw)\n           ^^^^^^^^^^^^^^\n  File \"/opt/hostedtoolcache/Python/3.12.3/x64/lib/python3.12/site-packages/tenacity/__init__.py\", line 289, in wrapped_f\n    return self(f, *args, **kw)\n           ^^^^^^^^^^^^^^^^^^^^\n  File \"/opt/hostedtoolcache/Python/3.12.3/x64/lib/python3.12/site-packages/tenacity/__init__.py\", line 379, in __call__\n    do = self.iter(retry_state=retry_state)\n         ^^^^^^^^^^^^^^^^^^^^^^^^^^^^^^^^^^\n  File \"/opt/hostedtoolcache/Python/3.12.3/x64/lib/python3.12/site-packages/tenacity/__init__.py\", line 325, in iter\n    raise retry_exc.reraise()\n          ^^^^^^^^^^^^^^^^^^^\n  File \"/opt/hostedtoolcache/Python/3.12.3/x64/lib/python3.12/site-packages/tenacity/__init__.py\", line 158, in reraise\n    raise self.last_attempt.result()\n          ^^^^^^^^^^^^^^^^^^^^^^^^^^\n  File \"/opt/hostedtoolcache/Python/3.12.3/x64/lib/python3.12/concurrent/futures/_base.py\", line 449, in result\n    return self.__get_result()\n           ^^^^^^^^^^^^^^^^^^^\n  File \"/opt/hostedtoolcache/Python/3.12.3/x64/lib/python3.12/concurrent/futures/_base.py\", line 401, in __get_result\n    raise self._exception\n  File \"/opt/hostedtoolcache/Python/3.12.3/x64/lib/python3.12/site-packages/tenacity/__init__.py\", line 382, in __call__\n    result = fn(*args, **kwargs)\n             ^^^^^^^^^^^^^^^^^^^\n  File \"/home/runner/work/waku-interop-tests/waku-interop-tests/src/steps/common.py\", line 15, in add_node_peer\n    node.add_peers(peer_info)\n  File \"/home/runner/work/waku-interop-tests/waku-interop-tests/src/node/waku_node.py\", line 214, in add_peers\n    return self._api.add_peers(peers)\n           ^^^^^^^^^^^^^^^^^^^^^^^^^^\n  File \"/home/runner/work/waku-interop-tests/waku-interop-tests/src/node/api_clients/rest.py\", line 27, in add_peers\n    return self.rest_call(\"post\", \"admin/v1/peers\", json.dumps(peers))\n           ^^^^^^^^^^^^^^^^^^^^^^^^^^^^^^^^^^^^^^^^^^^^^^^^^^^^^^^^^^^\n  File \"/home/runner/work/waku-interop-tests/waku-interop-tests/src/node/api_clients/rest.py\", line 16, in rest_call\n    return self.make_request(method, url, headers=headers, data=payload)\n           ^^^^^^^^^^^^^^^^^^^^^^^^^^^^^^^^^^^^^^^^^^^^^^^^^^^^^^^^^^^^^\n  File \"/home/runner/work/waku-interop-tests/waku-interop-tests/src/node/api_clients/base_client.py\", line 17, in make_request\n    raise Exception(f\"Error: {http_err} with response: {response.content}\")\n","steps":[],"attachments":[],"parameters":[{"name":"args","value":"(<src.steps.common.StepsCommon object at 0x7f619972a5a0>, <src.node.waku_node.WakuNode object at 0x7f61997d5190>, ['/ip4/172.18.191.92/tcp/56673/p2p/16Uiu2HAmGNtM2rQ8abySFNhqPDFY4cmfAEpfo9Z9fD3NekoFR2ip'])"}],"shouldDisplayMessage":true,"stepsCount":0,"attachmentsCount":0,"hasContent":true,"attachmentStep":false}],"attachments":[],"parameters":[],"shouldDisplayMessage":false,"stepsCount":1,"attachmentsCount":0,"hasContent":true,"attachmentStep":false}],"testStage":{"status":"skipped","statusMessage":"XFAIL Bug reported: https://github.com/waku-org/nwaku/issues/2319\n\nException: Error: 500 Server Error: Internal Server Error for url: http://127.0.0.1:16046/admin/v1/peers with response: b''","statusTrace":"src/node/api_clients/base_client.py:14: in make_request\n    response.raise_for_status()\n/opt/hostedtoolcache/Python/3.12.3/x64/lib/python3.12/site-packages/requests/models.py:1021: in raise_for_status\n    raise HTTPError(http_error_msg, response=self)\nE   requests.exceptions.HTTPError: 500 Server Error: Internal Server Error for url: http://127.0.0.1:16046/admin/v1/peers\n\nDuring handling of the above exception, another exception occurred:\nsrc/steps/filter.py:43: in setup_main_filter_node\n    self.common_steps.add_node_peer(self.node2, [self.multiaddr_with_id])\n/opt/hostedtoolcache/Python/3.12.3/x64/lib/python3.12/site-packages/tenacity/__init__.py:289: in wrapped_f\n    return self(f, *args, **kw)\n/opt/hostedtoolcache/Python/3.12.3/x64/lib/python3.12/site-packages/tenacity/__init__.py:379: in __call__\n    do = self.iter(retry_state=retry_state)\n/opt/hostedtoolcache/Python/3.12.3/x64/lib/python3.12/site-packages/tenacity/__init__.py:325: in iter\n    raise retry_exc.reraise()\n/opt/hostedtoolcache/Python/3.12.3/x64/lib/python3.12/site-packages/tenacity/__init__.py:158: in reraise\n    raise self.last_attempt.result()\n/opt/hostedtoolcache/Python/3.12.3/x64/lib/python3.12/concurrent/futures/_base.py:449: in result\n    return self.__get_result()\n/opt/hostedtoolcache/Python/3.12.3/x64/lib/python3.12/concurrent/futures/_base.py:401: in __get_result\n    raise self._exception\n/opt/hostedtoolcache/Python/3.12.3/x64/lib/python3.12/site-packages/tenacity/__init__.py:382: in __call__\n    result = fn(*args, **kwargs)\nsrc/steps/common.py:15: in add_node_peer\n    node.add_peers(peer_info)\nsrc/node/waku_node.py:214: in add_peers\n    return self._api.add_peers(peers)\nsrc/node/api_clients/rest.py:27: in add_peers\n    return self.rest_call(\"post\", \"admin/v1/peers\", json.dumps(peers))\nsrc/node/api_clients/rest.py:16: in rest_call\n    return self.make_request(method, url, headers=headers, data=payload)\nsrc/node/api_clients/base_client.py:17: in make_request\n    raise Exception(f\"Error: {http_err} with response: {response.content}\")\nE   Exception: Error: 500 Server Error: Internal Server Error for url: http://127.0.0.1:16046/admin/v1/peers with response: b''","steps":[],"attachments":[{"uid":"86a5cd41ca8d47f1","name":"log","source":"86a5cd41ca8d47f1.txt","type":"text/plain","size":11318}],"parameters":[],"shouldDisplayMessage":true,"stepsCount":0,"attachmentsCount":1,"hasContent":true,"attachmentStep":false},"afterStages":[{"name":"test_setup::0","time":{"start":1713789913644,"stop":1713789913646,"duration":2},"status":"passed","steps":[],"attachments":[],"parameters":[],"shouldDisplayMessage":false,"stepsCount":0,"attachmentsCount":0,"hasContent":false,"attachmentStep":false},{"name":"close_open_nodes::0","time":{"start":1713789913646,"stop":1713789916292,"duration":2646},"status":"passed","steps":[],"attachments":[],"parameters":[],"shouldDisplayMessage":false,"stepsCount":0,"attachmentsCount":0,"hasContent":false,"attachmentStep":false},{"name":"attach_logs_on_fail::0","time":{"start":1713789916293,"stop":1713789916293,"duration":0},"status":"passed","steps":[],"attachments":[],"parameters":[],"shouldDisplayMessage":false,"stepsCount":0,"attachmentsCount":0,"hasContent":false,"attachmentStep":false},{"name":"set_allure_env_variables::0","time":{"start":1713790255394,"stop":1713790255394,"duration":0},"status":"passed","steps":[],"attachments":[],"parameters":[],"shouldDisplayMessage":false,"stepsCount":0,"attachmentsCount":0,"hasContent":false,"attachmentStep":false}],"labels":[{"name":"tag","value":"@pytest.mark.xfail(True, reason='Bug reported: https://github.com/waku-org/nwaku/issues/2319')"},{"name":"tag","value":"@pytest.mark.usefixtures('setup_main_relay_node', 'setup_main_filter_node')"},{"name":"parentSuite","value":"tests.filter"},{"name":"suite","value":"test_subscribe_create"},{"name":"subSuite","value":"TestFilterSubscribeCreate"},{"name":"host","value":"fv-az575-767"},{"name":"thread","value":"2147-MainThread"},{"name":"framework","value":"pytest"},{"name":"language","value":"cpython3"},{"name":"package","value":"tests.filter.test_subscribe_create"},{"name":"resultFormat","value":"allure2"}],"parameters":[],"links":[],"hidden":false,"retry":false,"extra":{"severity":"normal","retries":[],"categories":[],"history":{"statistic":{"failed":0,"broken":0,"skipped":120,"passed":0,"unknown":0,"total":120},"items":[{"uid":"5b1b34849290726e","reportUrl":"https://waku-org.github.io/waku-interop-tests/go/96//#testresult/5b1b34849290726e","status":"skipped","statusDetails":"XFAIL Bug reported: https://github.com/waku-org/nwaku/issues/2319\n\nAssertionError: PubsubTopics failed: ['/waku/2/rs/2/2']\nassert not ['/waku/2/rs/2/2']","time":{"start":1713788422374,"stop":1713788497452,"duration":75078}},{"uid":"8d0d7dad3d28ec54","reportUrl":"https://waku-org.github.io/waku-interop-tests/go/95//#testresult/8d0d7dad3d28ec54","status":"skipped","statusDetails":"XFAIL Bug reported: https://github.com/waku-org/nwaku/issues/2319\n\nAssertionError: PubsubTopics failed: ['/waku/2/rs/2/2']\nassert not ['/waku/2/rs/2/2']","time":{"start":1713786357563,"stop":1713786431588,"duration":74025}},{"uid":"d1dc92035d1b97f9","reportUrl":"https://waku-org.github.io/waku-interop-tests/go/93//#testresult/d1dc92035d1b97f9","status":"skipped","statusDetails":"XFAIL Bug reported: https://github.com/waku-org/nwaku/issues/2319\n\nAssertionError: PubsubTopics failed: ['/waku/2/rs/2/2']\nassert not ['/waku/2/rs/2/2']","time":{"start":1713755733128,"stop":1713755802821,"duration":69693}},{"uid":"707fe1c18a66bcd8","reportUrl":"https://waku-org.github.io/waku-interop-tests/go/92//#testresult/707fe1c18a66bcd8","status":"skipped","statusDetails":"XFAIL Bug reported: https://github.com/waku-org/nwaku/issues/2319\n\nAssertionError: PubsubTopics failed: ['/waku/2/rs/2/2']\nassert not ['/waku/2/rs/2/2']","time":{"start":1713669270811,"stop":1713669340211,"duration":69400}},{"uid":"e40f72f372c023fa","reportUrl":"https://waku-org.github.io/waku-interop-tests/go/91//#testresult/e40f72f372c023fa","status":"skipped","statusDetails":"XFAIL Bug reported: https://github.com/waku-org/nwaku/issues/2319\n\nAssertionError: PubsubTopics failed: ['/waku/2/rs/2/2']\nassert not ['/waku/2/rs/2/2']","time":{"start":1713583028962,"stop":1713583092120,"duration":63158}},{"uid":"ca34c2b7f94a1e48","reportUrl":"https://waku-org.github.io/waku-interop-tests/go/90//#testresult/ca34c2b7f94a1e48","status":"skipped","statusDetails":"XFAIL Bug reported: https://github.com/waku-org/nwaku/issues/2319\n\nAssertionError: PubsubTopics failed: ['/waku/2/rs/2/2']\nassert not ['/waku/2/rs/2/2']","time":{"start":1713496473361,"stop":1713496546627,"duration":73266}},{"uid":"89e55efdb2f671f7","reportUrl":"https://waku-org.github.io/waku-interop-tests/go/89//#testresult/89e55efdb2f671f7","status":"skipped","statusDetails":"XFAIL Bug reported: https://github.com/waku-org/nwaku/issues/2319\n\nAssertionError: PubsubTopics failed: ['/waku/2/rs/2/2']\nassert not ['/waku/2/rs/2/2']","time":{"start":1713422093917,"stop":1713422162838,"duration":68921}},{"uid":"80566f71663474c3","reportUrl":"https://waku-org.github.io/waku-interop-tests/go/88//#testresult/80566f71663474c3","status":"skipped","statusDetails":"XFAIL Bug reported: https://github.com/waku-org/nwaku/issues/2319\n\nAssertionError: PubsubTopics failed: ['/waku/2/rs/2/2']\nassert not ['/waku/2/rs/2/2']","time":{"start":1713410075897,"stop":1713410148463,"duration":72566}},{"uid":"fd69b22e4f7a9911","reportUrl":"https://waku-org.github.io/waku-interop-tests/go/87//#testresult/fd69b22e4f7a9911","status":"skipped","statusDetails":"XFAIL Bug reported: https://github.com/waku-org/nwaku/issues/2319\n\nAssertionError: PubsubTopics failed: ['/waku/2/rs/2/2']\nassert not ['/waku/2/rs/2/2']","time":{"start":1713323773778,"stop":1713323841716,"duration":67938}},{"uid":"40392277b8ab3fa6","reportUrl":"https://waku-org.github.io/waku-interop-tests/go/86//#testresult/40392277b8ab3fa6","status":"skipped","statusDetails":"XFAIL Bug reported: https://github.com/waku-org/nwaku/issues/2319\n\nAssertionError: PubsubTopics failed: ['/waku/2/rs/2/2']\nassert not ['/waku/2/rs/2/2']","time":{"start":1713277587843,"stop":1713277661480,"duration":73637}},{"uid":"6f8f3cae1040374c","reportUrl":"https://waku-org.github.io/waku-interop-tests/go/85//#testresult/6f8f3cae1040374c","status":"skipped","statusDetails":"XFAIL Bug reported: https://github.com/waku-org/nwaku/issues/2319\n\nAssertionError: PubsubTopics failed: ['/waku/2/rs/2/2']\nassert not ['/waku/2/rs/2/2']","time":{"start":1713237404669,"stop":1713237481845,"duration":77176}},{"uid":"22d3ba7e6208cb0c","reportUrl":"https://waku-org.github.io/waku-interop-tests/go/84//#testresult/22d3ba7e6208cb0c","status":"skipped","statusDetails":"XFAIL Bug reported: https://github.com/waku-org/nwaku/issues/2319\n\nAssertionError: PubsubTopics failed: ['/waku/2/rs/2/2']\nassert not ['/waku/2/rs/2/2']","time":{"start":1713187359141,"stop":1713187425426,"duration":66285}},{"uid":"5661c66c60c704c8","reportUrl":"https://waku-org.github.io/waku-interop-tests/go/83//#testresult/5661c66c60c704c8","status":"skipped","statusDetails":"XFAIL Bug reported: https://github.com/waku-org/nwaku/issues/2319\n\nAssertionError: PubsubTopics failed: ['/waku/2/rs/2/2']\nassert not ['/waku/2/rs/2/2']","time":{"start":1713154662327,"stop":1713154735936,"duration":73609}},{"uid":"fd1653414665e22","reportUrl":"https://waku-org.github.io/waku-interop-tests/go/82//#testresult/fd1653414665e22","status":"skipped","statusDetails":"XFAIL Bug reported: https://github.com/waku-org/nwaku/issues/2319\n\nAssertionError: PubsubTopics failed: ['/waku/2/rs/2/2']\nassert not ['/waku/2/rs/2/2']","time":{"start":1713066958820,"stop":1713067022353,"duration":63533}},{"uid":"a1741ccccc83165d","reportUrl":"https://waku-org.github.io/waku-interop-tests/go/81//#testresult/a1741ccccc83165d","status":"skipped","statusDetails":"XFAIL Bug reported: https://github.com/waku-org/nwaku/issues/2319\n\nAssertionError: PubsubTopics failed: ['/waku/2/rs/2/2']\nassert not ['/waku/2/rs/2/2']","time":{"start":1712978049423,"stop":1712978119096,"duration":69673}},{"uid":"9a300742b8be9190","reportUrl":"https://waku-org.github.io/waku-interop-tests/go/80//#testresult/9a300742b8be9190","status":"skipped","statusDetails":"XFAIL Bug reported: https://github.com/waku-org/nwaku/issues/2319\n\nAssertionError: PubsubTopics failed: ['/waku/2/rs/2/2']\nassert not ['/waku/2/rs/2/2']","time":{"start":1712891895683,"stop":1712891972939,"duration":77256}},{"uid":"c285146d2308fbce","reportUrl":"https://waku-org.github.io/waku-interop-tests/go/79//#testresult/c285146d2308fbce","status":"skipped","statusDetails":"XFAIL Bug reported: https://github.com/waku-org/nwaku/issues/2319\n\nAssertionError: PubsubTopics failed: ['/waku/2/rs/2/2']\nassert not ['/waku/2/rs/2/2']","time":{"start":1712824536687,"stop":1712824604501,"duration":67814}},{"uid":"8ef3fee70459eca8","reportUrl":"https://waku-org.github.io/waku-interop-tests/go/77//#testresult/8ef3fee70459eca8","status":"skipped","statusDetails":"XFAIL Bug reported: https://github.com/waku-org/nwaku/issues/2319\n\nAssertionError: PubsubTopics failed: ['/waku/2/rs/2/2']\nassert not ['/waku/2/rs/2/2']","time":{"start":1712820478347,"stop":1712820547338,"duration":68991}},{"uid":"6aa569561581b0cb","reportUrl":"https://waku-org.github.io/waku-interop-tests/go/76//#testresult/6aa569561581b0cb","status":"skipped","statusDetails":"XFAIL Bug reported: https://github.com/waku-org/nwaku/issues/2319\n\nAssertionError: PubsubTopics failed: ['/waku/2/rs/2/2']\nassert not ['/waku/2/rs/2/2']","time":{"start":1712805107819,"stop":1712805182728,"duration":74909}},{"uid":"fc38553b11272d75","reportUrl":"https://waku-org.github.io/waku-interop-tests/go/75//#testresult/fc38553b11272d75","status":"skipped","statusDetails":"XFAIL Bug reported: https://github.com/waku-org/nwaku/issues/2319\n\nAssertionError: PubsubTopics failed: ['/waku/2/rs/2/2']\nassert not ['/waku/2/rs/2/2']","time":{"start":1712718808742,"stop":1712718877959,"duration":69217}}]},"tags":["@pytest.mark.xfail(True, reason='Bug reported: https://github.com/waku-org/nwaku/issues/2319')","@pytest.mark.usefixtures('setup_main_relay_node', 'setup_main_filter_node')"]},"source":"ac76d3b22ee639bb.json","parameterValues":[]}