{"uid":"5c33216755975082","name":"test_valid_payloads_dynamic_at_slow_rate","fullName":"tests.relay.test_rln.TestRelayRLN#test_valid_payloads_dynamic_at_slow_rate","historyId":"519b8c00ac49c3ff9f7cd73c1ab32bc6","time":{"start":1733386898782,"stop":1733387318780,"duration":419998},"status":"broken","statusMessage":"FileNotFoundError: [Errno 2] No such file or directory: '/home/runner/work/waku-interop-tests/waku-interop-tests/keystore_kgpc_2/keystore.json'","statusTrace":"tests/relay/test_rln.py:160: in test_valid_payloads_dynamic_at_slow_rate\n    pytestconfig.cache.set(\"keystore-prefixes\", self.register_rln_relay_nodes(2, []))\nsrc/steps/rln.py:43: in register_rln_relay_nodes\n    self.register_rln_single_node(prefix=prefix, rln_creds_source=RLN_CREDENTIALS, rln_creds_id=f\"{i+1}\")\nsrc/steps/rln.py:132: in register_rln_single_node\n    self.node.register_rln(rln_keystore_prefix=prefix, rln_creds_source=kwargs[\"rln_creds_source\"], rln_creds_id=kwargs[\"rln_creds_id\"])\n/opt/hostedtoolcache/Python/3.12.7/x64/lib/python3.12/site-packages/tenacity/__init__.py:289: in wrapped_f\n    return self(f, *args, **kw)\n/opt/hostedtoolcache/Python/3.12.7/x64/lib/python3.12/site-packages/tenacity/__init__.py:379: in __call__\n    do = self.iter(retry_state=retry_state)\n/opt/hostedtoolcache/Python/3.12.7/x64/lib/python3.12/site-packages/tenacity/__init__.py:325: in iter\n    raise retry_exc.reraise()\n/opt/hostedtoolcache/Python/3.12.7/x64/lib/python3.12/site-packages/tenacity/__init__.py:158: in reraise\n    raise self.last_attempt.result()\n/opt/hostedtoolcache/Python/3.12.7/x64/lib/python3.12/concurrent/futures/_base.py:449: in result\n    return self.__get_result()\n/opt/hostedtoolcache/Python/3.12.7/x64/lib/python3.12/concurrent/futures/_base.py:401: in __get_result\n    raise self._exception\n/opt/hostedtoolcache/Python/3.12.7/x64/lib/python3.12/site-packages/tenacity/__init__.py:382: in __call__\n    result = fn(*args, **kwargs)\nsrc/node/waku_node.py:216: in register_rln\n    rln_credential_store_ready(keystore_path)\n/opt/hostedtoolcache/Python/3.12.7/x64/lib/python3.12/site-packages/tenacity/__init__.py:289: in wrapped_f\n    return self(f, *args, **kw)\n/opt/hostedtoolcache/Python/3.12.7/x64/lib/python3.12/site-packages/tenacity/__init__.py:379: in __call__\n    do = self.iter(retry_state=retry_state)\n/opt/hostedtoolcache/Python/3.12.7/x64/lib/python3.12/site-packages/tenacity/__init__.py:325: in iter\n    raise retry_exc.reraise()\n/opt/hostedtoolcache/Python/3.12.7/x64/lib/python3.12/site-packages/tenacity/__init__.py:158: in reraise\n    raise self.last_attempt.result()\n/opt/hostedtoolcache/Python/3.12.7/x64/lib/python3.12/concurrent/futures/_base.py:449: in result\n    return self.__get_result()\n/opt/hostedtoolcache/Python/3.12.7/x64/lib/python3.12/concurrent/futures/_base.py:401: in __get_result\n    raise self._exception\n/opt/hostedtoolcache/Python/3.12.7/x64/lib/python3.12/site-packages/tenacity/__init__.py:382: in __call__\n    result = fn(*args, **kwargs)\nsrc/node/waku_node.py:44: in rln_credential_store_ready\n    raise FileNotFoundError(errno.ENOENT, os.strerror(errno.ENOENT), creds_file_path)\nE   FileNotFoundError: [Errno 2] No such file or directory: '/home/runner/work/waku-interop-tests/waku-interop-tests/keystore_kgpc_2/keystore.json'","flaky":false,"newFailed":false,"newBroken":true,"newPassed":false,"retriesCount":2,"retriesStatusChange":true,"beforeStages":[{"name":"set_allure_env_variables","time":{"start":1733385451889,"stop":1733385451889,"duration":0},"status":"passed","steps":[],"attachments":[],"parameters":[],"shouldDisplayMessage":false,"stepsCount":0,"attachmentsCount":0,"hasContent":false,"attachmentStep":false},{"name":"pytestconfig","time":{"start":1733385451889,"stop":1733385451889,"duration":0},"status":"passed","steps":[],"attachments":[],"parameters":[],"shouldDisplayMessage":false,"stepsCount":0,"attachmentsCount":0,"hasContent":false,"attachmentStep":false},{"name":"close_open_nodes","time":{"start":1733386898780,"stop":1733386898780,"duration":0},"status":"passed","steps":[],"attachments":[],"parameters":[],"shouldDisplayMessage":false,"stepsCount":0,"attachmentsCount":0,"hasContent":false,"attachmentStep":false},{"name":"check_waku_log_errors","time":{"start":1733386898780,"stop":1733386898780,"duration":0},"status":"passed","steps":[],"attachments":[],"parameters":[],"shouldDisplayMessage":false,"stepsCount":0,"attachmentsCount":0,"hasContent":false,"attachmentStep":false},{"name":"attach_logs_on_fail","time":{"start":1733386898780,"stop":1733386898780,"duration":0},"status":"passed","steps":[],"attachments":[],"parameters":[],"shouldDisplayMessage":false,"stepsCount":0,"attachmentsCount":0,"hasContent":false,"attachmentStep":false},{"name":"test_id","time":{"start":1733386898781,"stop":1733386898781,"duration":0},"status":"passed","steps":[],"attachments":[],"parameters":[],"shouldDisplayMessage":false,"stepsCount":0,"attachmentsCount":0,"hasContent":false,"attachmentStep":false},{"name":"common_setup","time":{"start":1733386898781,"stop":1733386898781,"duration":0},"status":"passed","steps":[],"attachments":[],"parameters":[],"shouldDisplayMessage":false,"stepsCount":0,"attachmentsCount":0,"hasContent":false,"attachmentStep":false},{"name":"test_setup","time":{"start":1733386898781,"stop":1733386898781,"duration":0},"status":"passed","steps":[],"attachments":[],"parameters":[],"shouldDisplayMessage":false,"stepsCount":0,"attachmentsCount":0,"hasContent":false,"attachmentStep":false},{"name":"relay_setup","time":{"start":1733386898781,"stop":1733386898781,"duration":0},"status":"passed","steps":[],"attachments":[],"parameters":[],"shouldDisplayMessage":false,"stepsCount":0,"attachmentsCount":0,"hasContent":false,"attachmentStep":false}],"testStage":{"status":"broken","statusMessage":"FileNotFoundError: [Errno 2] No such file or directory: '/home/runner/work/waku-interop-tests/waku-interop-tests/keystore_kgpc_2/keystore.json'","statusTrace":"tests/relay/test_rln.py:160: in test_valid_payloads_dynamic_at_slow_rate\n    pytestconfig.cache.set(\"keystore-prefixes\", self.register_rln_relay_nodes(2, []))\nsrc/steps/rln.py:43: in register_rln_relay_nodes\n    self.register_rln_single_node(prefix=prefix, rln_creds_source=RLN_CREDENTIALS, rln_creds_id=f\"{i+1}\")\nsrc/steps/rln.py:132: in register_rln_single_node\n    self.node.register_rln(rln_keystore_prefix=prefix, rln_creds_source=kwargs[\"rln_creds_source\"], rln_creds_id=kwargs[\"rln_creds_id\"])\n/opt/hostedtoolcache/Python/3.12.7/x64/lib/python3.12/site-packages/tenacity/__init__.py:289: in wrapped_f\n    return self(f, *args, **kw)\n/opt/hostedtoolcache/Python/3.12.7/x64/lib/python3.12/site-packages/tenacity/__init__.py:379: in __call__\n    do = self.iter(retry_state=retry_state)\n/opt/hostedtoolcache/Python/3.12.7/x64/lib/python3.12/site-packages/tenacity/__init__.py:325: in iter\n    raise retry_exc.reraise()\n/opt/hostedtoolcache/Python/3.12.7/x64/lib/python3.12/site-packages/tenacity/__init__.py:158: in reraise\n    raise self.last_attempt.result()\n/opt/hostedtoolcache/Python/3.12.7/x64/lib/python3.12/concurrent/futures/_base.py:449: in result\n    return self.__get_result()\n/opt/hostedtoolcache/Python/3.12.7/x64/lib/python3.12/concurrent/futures/_base.py:401: in __get_result\n    raise self._exception\n/opt/hostedtoolcache/Python/3.12.7/x64/lib/python3.12/site-packages/tenacity/__init__.py:382: in __call__\n    result = fn(*args, **kwargs)\nsrc/node/waku_node.py:216: in register_rln\n    rln_credential_store_ready(keystore_path)\n/opt/hostedtoolcache/Python/3.12.7/x64/lib/python3.12/site-packages/tenacity/__init__.py:289: in wrapped_f\n    return self(f, *args, **kw)\n/opt/hostedtoolcache/Python/3.12.7/x64/lib/python3.12/site-packages/tenacity/__init__.py:379: in __call__\n    do = self.iter(retry_state=retry_state)\n/opt/hostedtoolcache/Python/3.12.7/x64/lib/python3.12/site-packages/tenacity/__init__.py:325: in iter\n    raise retry_exc.reraise()\n/opt/hostedtoolcache/Python/3.12.7/x64/lib/python3.12/site-packages/tenacity/__init__.py:158: in reraise\n    raise self.last_attempt.result()\n/opt/hostedtoolcache/Python/3.12.7/x64/lib/python3.12/concurrent/futures/_base.py:449: in result\n    return self.__get_result()\n/opt/hostedtoolcache/Python/3.12.7/x64/lib/python3.12/concurrent/futures/_base.py:401: in __get_result\n    raise self._exception\n/opt/hostedtoolcache/Python/3.12.7/x64/lib/python3.12/site-packages/tenacity/__init__.py:382: in __call__\n    result = fn(*args, **kwargs)\nsrc/node/waku_node.py:44: in rln_credential_store_ready\n    raise FileNotFoundError(errno.ENOENT, os.strerror(errno.ENOENT), creds_file_path)\nE   FileNotFoundError: [Errno 2] No such file or directory: '/home/runner/work/waku-interop-tests/waku-interop-tests/keystore_kgpc_2/keystore.json'","steps":[{"name":"register_rln_relay_nodes","time":{"start":1733386898782,"stop":1733387318778,"duration":419996},"status":"broken","statusMessage":"FileNotFoundError: [Errno 2] No such file or directory: '/home/runner/work/waku-interop-tests/waku-interop-tests/keystore_kgpc_2/keystore.json'\n","statusTrace":"  File \"/opt/hostedtoolcache/Python/3.12.7/x64/lib/python3.12/site-packages/allure_commons/_allure.py\", line 192, in impl\n    return func(*a, **kw)\n           ^^^^^^^^^^^^^^\n  File \"/home/runner/work/waku-interop-tests/waku-interop-tests/src/steps/rln.py\", line 43, in register_rln_relay_nodes\n    self.register_rln_single_node(prefix=prefix, rln_creds_source=RLN_CREDENTIALS, rln_creds_id=f\"{i+1}\")\n  File \"/opt/hostedtoolcache/Python/3.12.7/x64/lib/python3.12/site-packages/allure_commons/_allure.py\", line 192, in impl\n    return func(*a, **kw)\n           ^^^^^^^^^^^^^^\n  File \"/home/runner/work/waku-interop-tests/waku-interop-tests/src/steps/rln.py\", line 132, in register_rln_single_node\n    self.node.register_rln(rln_keystore_prefix=prefix, rln_creds_source=kwargs[\"rln_creds_source\"], rln_creds_id=kwargs[\"rln_creds_id\"])\n  File \"/opt/hostedtoolcache/Python/3.12.7/x64/lib/python3.12/site-packages/tenacity/__init__.py\", line 289, in wrapped_f\n    return self(f, *args, **kw)\n           ^^^^^^^^^^^^^^^^^^^^\n  File \"/opt/hostedtoolcache/Python/3.12.7/x64/lib/python3.12/site-packages/tenacity/__init__.py\", line 379, in __call__\n    do = self.iter(retry_state=retry_state)\n         ^^^^^^^^^^^^^^^^^^^^^^^^^^^^^^^^^^\n  File \"/opt/hostedtoolcache/Python/3.12.7/x64/lib/python3.12/site-packages/tenacity/__init__.py\", line 325, in iter\n    raise retry_exc.reraise()\n          ^^^^^^^^^^^^^^^^^^^\n  File \"/opt/hostedtoolcache/Python/3.12.7/x64/lib/python3.12/site-packages/tenacity/__init__.py\", line 158, in reraise\n    raise self.last_attempt.result()\n          ^^^^^^^^^^^^^^^^^^^^^^^^^^\n  File \"/opt/hostedtoolcache/Python/3.12.7/x64/lib/python3.12/concurrent/futures/_base.py\", line 449, in result\n    return self.__get_result()\n           ^^^^^^^^^^^^^^^^^^^\n  File \"/opt/hostedtoolcache/Python/3.12.7/x64/lib/python3.12/concurrent/futures/_base.py\", line 401, in __get_result\n    raise self._exception\n  File \"/opt/hostedtoolcache/Python/3.12.7/x64/lib/python3.12/site-packages/tenacity/__init__.py\", line 382, in __call__\n    result = fn(*args, **kwargs)\n             ^^^^^^^^^^^^^^^^^^^\n  File \"/home/runner/work/waku-interop-tests/waku-interop-tests/src/node/waku_node.py\", line 216, in register_rln\n    rln_credential_store_ready(keystore_path)\n  File \"/opt/hostedtoolcache/Python/3.12.7/x64/lib/python3.12/site-packages/tenacity/__init__.py\", line 289, in wrapped_f\n    return self(f, *args, **kw)\n           ^^^^^^^^^^^^^^^^^^^^\n  File \"/opt/hostedtoolcache/Python/3.12.7/x64/lib/python3.12/site-packages/tenacity/__init__.py\", line 379, in __call__\n    do = self.iter(retry_state=retry_state)\n         ^^^^^^^^^^^^^^^^^^^^^^^^^^^^^^^^^^\n  File \"/opt/hostedtoolcache/Python/3.12.7/x64/lib/python3.12/site-packages/tenacity/__init__.py\", line 325, in iter\n    raise retry_exc.reraise()\n          ^^^^^^^^^^^^^^^^^^^\n  File \"/opt/hostedtoolcache/Python/3.12.7/x64/lib/python3.12/site-packages/tenacity/__init__.py\", line 158, in reraise\n    raise self.last_attempt.result()\n          ^^^^^^^^^^^^^^^^^^^^^^^^^^\n  File \"/opt/hostedtoolcache/Python/3.12.7/x64/lib/python3.12/concurrent/futures/_base.py\", line 449, in result\n    return self.__get_result()\n           ^^^^^^^^^^^^^^^^^^^\n  File \"/opt/hostedtoolcache/Python/3.12.7/x64/lib/python3.12/concurrent/futures/_base.py\", line 401, in __get_result\n    raise self._exception\n  File \"/opt/hostedtoolcache/Python/3.12.7/x64/lib/python3.12/site-packages/tenacity/__init__.py\", line 382, in __call__\n    result = fn(*args, **kwargs)\n             ^^^^^^^^^^^^^^^^^^^\n  File \"/home/runner/work/waku-interop-tests/waku-interop-tests/src/node/waku_node.py\", line 44, in rln_credential_store_ready\n    raise FileNotFoundError(errno.ENOENT, os.strerror(errno.ENOENT), creds_file_path)\n","steps":[{"name":"generate_keystore_prefixes","time":{"start":1733386898782,"stop":1733386898782,"duration":0},"status":"passed","steps":[],"attachments":[],"parameters":[{"name":"count","value":"2"}],"shouldDisplayMessage":false,"stepsCount":0,"attachmentsCount":0,"hasContent":true,"attachmentStep":false},{"name":"register_rln_single_node","time":{"start":1733386898782,"stop":1733386957231,"duration":58449},"status":"passed","steps":[],"attachments":[],"parameters":[{"name":"prefix","value":"'mraw'"},{"name":"rln_creds_source","value":"'{\"rln-relay-cred-password\": \"password\", \"rln-relay-eth-client-address\": \"https://sepolia.infura.io/v3/0fbc961f49944da4b8fde35715e2171b\",  \"rln-relay-eth-contract-address\": \"0xCB33Aa5B38d79E3D9Fa8B10afF38AA201399a7e3\",  \"rln-relay-eth-private-key-1\": \"d5f76ef141a96d916f99c72878a92cc6fb479af8441670d103e307d1184ab367\",  \"rln-relay-eth-private-key-2\": \"6bafcb0228b6b369b2de376bd9e37cdd3f5d30ce0787992b235acfacfa5de52e\", \"rln-relay-eth-private-key-3\": \"f11b72833fea837ab8d4a1383b6d297c601600fcae5e95a1c22fa97fd20d16dd\", \"rln-relay-eth-private-key-4\": \"259c2416e4216a45680ce82daf229eb33dc076dd2db76c7eb1c84cc2e35a9c8c\", \"rln-relay-eth-private-key-5\": \"55cc95ecf3d32ce2ca1c5ead8ea1e3702812d285c1892b12bdc33e8c1e476ebe\"}'"},{"name":"rln_creds_id","value":"'1'"}],"shouldDisplayMessage":false,"stepsCount":0,"attachmentsCount":0,"hasContent":true,"attachmentStep":false},{"name":"register_rln_single_node","time":{"start":1733386957231,"stop":1733387318776,"duration":361545},"status":"broken","statusMessage":"FileNotFoundError: [Errno 2] No such file or directory: '/home/runner/work/waku-interop-tests/waku-interop-tests/keystore_kgpc_2/keystore.json'\n","statusTrace":"  File \"/opt/hostedtoolcache/Python/3.12.7/x64/lib/python3.12/site-packages/allure_commons/_allure.py\", line 192, in impl\n    return func(*a, **kw)\n           ^^^^^^^^^^^^^^\n  File \"/home/runner/work/waku-interop-tests/waku-interop-tests/src/steps/rln.py\", line 132, in register_rln_single_node\n    self.node.register_rln(rln_keystore_prefix=prefix, rln_creds_source=kwargs[\"rln_creds_source\"], rln_creds_id=kwargs[\"rln_creds_id\"])\n  File \"/opt/hostedtoolcache/Python/3.12.7/x64/lib/python3.12/site-packages/tenacity/__init__.py\", line 289, in wrapped_f\n    return self(f, *args, **kw)\n           ^^^^^^^^^^^^^^^^^^^^\n  File \"/opt/hostedtoolcache/Python/3.12.7/x64/lib/python3.12/site-packages/tenacity/__init__.py\", line 379, in __call__\n    do = self.iter(retry_state=retry_state)\n         ^^^^^^^^^^^^^^^^^^^^^^^^^^^^^^^^^^\n  File \"/opt/hostedtoolcache/Python/3.12.7/x64/lib/python3.12/site-packages/tenacity/__init__.py\", line 325, in iter\n    raise retry_exc.reraise()\n          ^^^^^^^^^^^^^^^^^^^\n  File \"/opt/hostedtoolcache/Python/3.12.7/x64/lib/python3.12/site-packages/tenacity/__init__.py\", line 158, in reraise\n    raise self.last_attempt.result()\n          ^^^^^^^^^^^^^^^^^^^^^^^^^^\n  File \"/opt/hostedtoolcache/Python/3.12.7/x64/lib/python3.12/concurrent/futures/_base.py\", line 449, in result\n    return self.__get_result()\n           ^^^^^^^^^^^^^^^^^^^\n  File \"/opt/hostedtoolcache/Python/3.12.7/x64/lib/python3.12/concurrent/futures/_base.py\", line 401, in __get_result\n    raise self._exception\n  File \"/opt/hostedtoolcache/Python/3.12.7/x64/lib/python3.12/site-packages/tenacity/__init__.py\", line 382, in __call__\n    result = fn(*args, **kwargs)\n             ^^^^^^^^^^^^^^^^^^^\n  File \"/home/runner/work/waku-interop-tests/waku-interop-tests/src/node/waku_node.py\", line 216, in register_rln\n    rln_credential_store_ready(keystore_path)\n  File \"/opt/hostedtoolcache/Python/3.12.7/x64/lib/python3.12/site-packages/tenacity/__init__.py\", line 289, in wrapped_f\n    return self(f, *args, **kw)\n           ^^^^^^^^^^^^^^^^^^^^\n  File \"/opt/hostedtoolcache/Python/3.12.7/x64/lib/python3.12/site-packages/tenacity/__init__.py\", line 379, in __call__\n    do = self.iter(retry_state=retry_state)\n         ^^^^^^^^^^^^^^^^^^^^^^^^^^^^^^^^^^\n  File \"/opt/hostedtoolcache/Python/3.12.7/x64/lib/python3.12/site-packages/tenacity/__init__.py\", line 325, in iter\n    raise retry_exc.reraise()\n          ^^^^^^^^^^^^^^^^^^^\n  File \"/opt/hostedtoolcache/Python/3.12.7/x64/lib/python3.12/site-packages/tenacity/__init__.py\", line 158, in reraise\n    raise self.last_attempt.result()\n          ^^^^^^^^^^^^^^^^^^^^^^^^^^\n  File \"/opt/hostedtoolcache/Python/3.12.7/x64/lib/python3.12/concurrent/futures/_base.py\", line 449, in result\n    return self.__get_result()\n           ^^^^^^^^^^^^^^^^^^^\n  File \"/opt/hostedtoolcache/Python/3.12.7/x64/lib/python3.12/concurrent/futures/_base.py\", line 401, in __get_result\n    raise self._exception\n  File \"/opt/hostedtoolcache/Python/3.12.7/x64/lib/python3.12/site-packages/tenacity/__init__.py\", line 382, in __call__\n    result = fn(*args, **kwargs)\n             ^^^^^^^^^^^^^^^^^^^\n  File \"/home/runner/work/waku-interop-tests/waku-interop-tests/src/node/waku_node.py\", line 44, in rln_credential_store_ready\n    raise FileNotFoundError(errno.ENOENT, os.strerror(errno.ENOENT), creds_file_path)\n","steps":[],"attachments":[],"parameters":[{"name":"prefix","value":"'kgpc'"},{"name":"rln_creds_source","value":"'{\"rln-relay-cred-password\": \"password\", \"rln-relay-eth-client-address\": \"https://sepolia.infura.io/v3/0fbc961f49944da4b8fde35715e2171b\",  \"rln-relay-eth-contract-address\": \"0xCB33Aa5B38d79E3D9Fa8B10afF38AA201399a7e3\",  \"rln-relay-eth-private-key-1\": \"d5f76ef141a96d916f99c72878a92cc6fb479af8441670d103e307d1184ab367\",  \"rln-relay-eth-private-key-2\": \"6bafcb0228b6b369b2de376bd9e37cdd3f5d30ce0787992b235acfacfa5de52e\", \"rln-relay-eth-private-key-3\": \"f11b72833fea837ab8d4a1383b6d297c601600fcae5e95a1c22fa97fd20d16dd\", \"rln-relay-eth-private-key-4\": \"259c2416e4216a45680ce82daf229eb33dc076dd2db76c7eb1c84cc2e35a9c8c\", \"rln-relay-eth-private-key-5\": \"55cc95ecf3d32ce2ca1c5ead8ea1e3702812d285c1892b12bdc33e8c1e476ebe\"}'"},{"name":"rln_creds_id","value":"'2'"}],"shouldDisplayMessage":true,"stepsCount":0,"attachmentsCount":0,"hasContent":true,"attachmentStep":false}],"attachments":[],"parameters":[{"name":"count","value":"2"},{"name":"orig_prefixes","value":"[]"}],"shouldDisplayMessage":false,"stepsCount":3,"attachmentsCount":0,"hasContent":true,"attachmentStep":false}],"attachments":[{"uid":"b365049b0a95c3f4","name":"log","source":"b365049b0a95c3f4.txt","type":"text/plain","size":162424}],"parameters":[],"shouldDisplayMessage":true,"stepsCount":4,"attachmentsCount":1,"hasContent":true,"attachmentStep":false},"afterStages":[{"name":"test_setup::0","time":{"start":1733387318915,"stop":1733387318920,"duration":5},"status":"passed","steps":[],"attachments":[],"parameters":[],"shouldDisplayMessage":false,"stepsCount":0,"attachmentsCount":0,"hasContent":false,"attachmentStep":false},{"name":"close_open_nodes::0","time":{"start":1733387318921,"stop":1733387318921,"duration":0},"status":"passed","steps":[],"attachments":[],"parameters":[],"shouldDisplayMessage":false,"stepsCount":0,"attachmentsCount":0,"hasContent":false,"attachmentStep":false},{"name":"check_waku_log_errors::0","time":{"start":1733387318921,"stop":1733387318921,"duration":0},"status":"passed","steps":[],"attachments":[],"parameters":[],"shouldDisplayMessage":false,"stepsCount":0,"attachmentsCount":0,"hasContent":false,"attachmentStep":false},{"name":"attach_logs_on_fail::0","time":{"start":1733387318922,"stop":1733387318924,"duration":2},"status":"passed","steps":[],"attachments":[],"parameters":[],"shouldDisplayMessage":false,"stepsCount":0,"attachmentsCount":0,"hasContent":false,"attachmentStep":false},{"name":"set_allure_env_variables::0","time":{"start":1733388248369,"stop":1733388248369,"duration":0},"status":"passed","steps":[],"attachments":[],"parameters":[],"shouldDisplayMessage":false,"stepsCount":0,"attachmentsCount":0,"hasContent":false,"attachmentStep":false}],"labels":[{"name":"tag","value":"timeout(600)"},{"name":"tag","value":"@pytest.mark.skipif(False, reason='Test works only with nwaku')"},{"name":"tag","value":"xdist_group(name='RLN serial tests')"},{"name":"parentSuite","value":"tests.relay"},{"name":"suite","value":"test_rln"},{"name":"subSuite","value":"TestRelayRLN"},{"name":"host","value":"fv-az1016-199"},{"name":"thread","value":"2065-MainThread"},{"name":"framework","value":"pytest"},{"name":"language","value":"cpython3"},{"name":"package","value":"tests.relay.test_rln"},{"name":"resultFormat","value":"allure2"}],"parameters":[],"links":[],"hidden":false,"retry":false,"extra":{"severity":"normal","retries":[{"uid":"283da6eb56353e52","status":"failed","statusDetails":"AssertionError: Waiting for the node health status: Ready","time":{"start":1733386597930,"stop":1733386891038,"duration":293108}},{"uid":"b19145b8683c0125","status":"broken","statusDetails":"FileNotFoundError: [Errno 2] No such file or directory: '/home/runner/work/waku-interop-tests/waku-interop-tests/keystore_ells_1/keystore.json'","time":{"start":1733386235720,"stop":1733386597831,"duration":362111}}],"categories":[{"name":"Test defects","matchedStatuses":[],"flaky":false}],"history":{"statistic":{"failed":2,"broken":1,"skipped":0,"passed":0,"unknown":0,"total":3},"items":[{"uid":"5cd491563478fdd0","reportUrl":"https://waku-org.github.io/waku-interop-tests/nim/502//#testresult/5cd491563478fdd0","status":"failed","statusDetails":"AssertionError: Waiting for the node health status: Ready","time":{"start":1733375234526,"stop":1733375886469,"duration":651943}},{"uid":"97196136ce2e32c2","reportUrl":"https://waku-org.github.io/waku-interop-tests/nim/499//#testresult/97196136ce2e32c2","status":"failed","statusDetails":"AssertionError: Waiting for the node health status: Ready","time":{"start":1733313199905,"stop":1733313830708,"duration":630803}}]},"tags":["timeout(600)","@pytest.mark.skipif(False, reason='Test works only with nwaku')","xdist_group(name='RLN serial tests')"]},"source":"5c33216755975082.json","parameterValues":[]}