{"uid":"b035b753c5028c5e","name":"test_filter_subscribe_to_pubsub_topics_from_multiple_clusters","fullName":"tests.filter.test_subscribe_create.TestFilterSubscribeCreate#test_filter_subscribe_to_pubsub_topics_from_multiple_clusters","historyId":"a8259f2693466607c52e8260c1bccc69","time":{"start":1722223949368,"stop":1722223949368,"duration":0},"status":"skipped","statusMessage":"XFAIL Bug reported: https://github.com/waku-org/go-waku/issues/1054\n\ndocker.errors.APIError: 500 Server Error for http+docker://localhost/v1.45/images/create?tag=latest&fromImage=harbor.status.im%2Fwakuorg%2Fnwaku: Internal Server Error (\"Get \"https://harbor.status.im/v2/\": dial tcp 159.223.242.198:443: connect: connection refused\")","statusTrace":"/opt/hostedtoolcache/Python/3.12.4/x64/lib/python3.12/site-packages/docker/api/client.py:265: in _raise_for_status\n    response.raise_for_status()\n/opt/hostedtoolcache/Python/3.12.4/x64/lib/python3.12/site-packages/requests/models.py:1021: in raise_for_status\n    raise HTTPError(http_error_msg, response=self)\nE   requests.exceptions.HTTPError: 404 Client Error: Not Found for url: http+docker://localhost/v1.45/containers/create\n\nThe above exception was the direct cause of the following exception:\n/opt/hostedtoolcache/Python/3.12.4/x64/lib/python3.12/site-packages/docker/models/containers.py:873: in run\n    container = self.create(image=image, command=command,\n/opt/hostedtoolcache/Python/3.12.4/x64/lib/python3.12/site-packages/docker/models/containers.py:932: in create\n    resp = self.client.api.create_container(**create_kwargs)\n/opt/hostedtoolcache/Python/3.12.4/x64/lib/python3.12/site-packages/docker/api/container.py:439: in create_container\n    return self.create_container_from_config(config, name, platform)\n/opt/hostedtoolcache/Python/3.12.4/x64/lib/python3.12/site-packages/docker/api/container.py:456: in create_container_from_config\n    return self._result(res, True)\n/opt/hostedtoolcache/Python/3.12.4/x64/lib/python3.12/site-packages/docker/api/client.py:271: in _result\n    self._raise_for_status(response)\n/opt/hostedtoolcache/Python/3.12.4/x64/lib/python3.12/site-packages/docker/api/client.py:267: in _raise_for_status\n    raise create_api_error_from_http_exception(e) from e\n/opt/hostedtoolcache/Python/3.12.4/x64/lib/python3.12/site-packages/docker/errors.py:39: in create_api_error_from_http_exception\n    raise cls(e, response=response, explanation=explanation) from e\nE   docker.errors.ImageNotFound: 404 Client Error for http+docker://localhost/v1.45/containers/create: Not Found (\"No such image: harbor.status.im/wakuorg/nwaku:latest\")\n\nDuring handling of the above exception, another exception occurred:\n/opt/hostedtoolcache/Python/3.12.4/x64/lib/python3.12/site-packages/docker/api/client.py:265: in _raise_for_status\n    response.raise_for_status()\n/opt/hostedtoolcache/Python/3.12.4/x64/lib/python3.12/site-packages/requests/models.py:1021: in raise_for_status\n    raise HTTPError(http_error_msg, response=self)\nE   requests.exceptions.HTTPError: 500 Server Error: Internal Server Error for url: http+docker://localhost/v1.45/images/create?tag=latest&fromImage=harbor.status.im%2Fwakuorg%2Fnwaku\n\nThe above exception was the direct cause of the following exception:\nsrc/steps/filter.py:35: in setup_main_relay_node\n    self.relay_node_start(NODE_1)\nsrc/steps/filter.py:66: in relay_node_start\n    self.node1.start(**start_args)\n/opt/hostedtoolcache/Python/3.12.4/x64/lib/python3.12/site-packages/tenacity/__init__.py:289: in wrapped_f\n    return self(f, *args, **kw)\n/opt/hostedtoolcache/Python/3.12.4/x64/lib/python3.12/site-packages/tenacity/__init__.py:379: in __call__\n    do = self.iter(retry_state=retry_state)\n/opt/hostedtoolcache/Python/3.12.4/x64/lib/python3.12/site-packages/tenacity/__init__.py:325: in iter\n    raise retry_exc.reraise()\n/opt/hostedtoolcache/Python/3.12.4/x64/lib/python3.12/site-packages/tenacity/__init__.py:158: in reraise\n    raise self.last_attempt.result()\n/opt/hostedtoolcache/Python/3.12.4/x64/lib/python3.12/concurrent/futures/_base.py:449: in result\n    return self.__get_result()\n/opt/hostedtoolcache/Python/3.12.4/x64/lib/python3.12/concurrent/futures/_base.py:401: in __get_result\n    raise self._exception\n/opt/hostedtoolcache/Python/3.12.4/x64/lib/python3.12/site-packages/tenacity/__init__.py:382: in __call__\n    result = fn(*args, **kwargs)\nsrc/node/waku_node.py:161: in start\n    self._container = self._docker_manager.start_container(\nsrc/node/docker_mananger.py:48: in start_container\n    container = self._client.containers.run(\n/opt/hostedtoolcache/Python/3.12.4/x64/lib/python3.12/site-packages/docker/models/containers.py:876: in run\n    self.client.images.pull(image, platform=platform)\n/opt/hostedtoolcache/Python/3.12.4/x64/lib/python3.12/site-packages/docker/models/images.py:464: in pull\n    pull_log = self.client.api.pull(\n/opt/hostedtoolcache/Python/3.12.4/x64/lib/python3.12/site-packages/docker/api/image.py:429: in pull\n    self._raise_for_status(response)\n/opt/hostedtoolcache/Python/3.12.4/x64/lib/python3.12/site-packages/docker/api/client.py:267: in _raise_for_status\n    raise create_api_error_from_http_exception(e) from e\n/opt/hostedtoolcache/Python/3.12.4/x64/lib/python3.12/site-packages/docker/errors.py:39: in create_api_error_from_http_exception\n    raise cls(e, response=response, explanation=explanation) from e\nE   docker.errors.APIError: 500 Server Error for http+docker://localhost/v1.45/images/create?tag=latest&fromImage=harbor.status.im%2Fwakuorg%2Fnwaku: Internal Server Error (\"Get \"https://harbor.status.im/v2/\": dial tcp 159.223.242.198:443: connect: connection refused\")","flaky":false,"newFailed":false,"newBroken":false,"newPassed":false,"retriesCount":0,"retriesStatusChange":false,"beforeStages":[{"name":"attach_logs_on_fail","time":{"start":1722223949369,"stop":1722223949369,"duration":0},"status":"passed","steps":[],"attachments":[],"parameters":[],"shouldDisplayMessage":false,"stepsCount":0,"attachmentsCount":0,"hasContent":false,"attachmentStep":false},{"name":"close_open_nodes","time":{"start":1722223949369,"stop":1722223949369,"duration":0},"status":"passed","steps":[],"attachments":[],"parameters":[],"shouldDisplayMessage":false,"stepsCount":0,"attachmentsCount":0,"hasContent":false,"attachmentStep":false},{"name":"test_id","time":{"start":1722223949370,"stop":1722223949370,"duration":0},"status":"passed","steps":[],"attachments":[],"parameters":[],"shouldDisplayMessage":false,"stepsCount":0,"attachmentsCount":0,"hasContent":false,"attachmentStep":false},{"name":"test_setup","time":{"start":1722223949370,"stop":1722223949370,"duration":0},"status":"passed","steps":[],"attachments":[],"parameters":[],"shouldDisplayMessage":false,"stepsCount":0,"attachmentsCount":0,"hasContent":false,"attachmentStep":false},{"name":"common_setup","time":{"start":1722223949370,"stop":1722223949370,"duration":0},"status":"passed","steps":[],"attachments":[],"parameters":[],"shouldDisplayMessage":false,"stepsCount":0,"attachmentsCount":0,"hasContent":false,"attachmentStep":false},{"name":"filter_setup","time":{"start":1722223949370,"stop":1722223949370,"duration":0},"status":"passed","steps":[],"attachments":[],"parameters":[],"shouldDisplayMessage":false,"stepsCount":0,"attachmentsCount":0,"hasContent":false,"attachmentStep":false},{"name":"setup_main_relay_node","time":{"start":1722223949370,"stop":1722224009551,"duration":60181},"status":"broken","statusMessage":"docker.errors.APIError: 500 Server Error for http+docker://localhost/v1.45/images/create?tag=latest&fromImage=harbor.status.im%2Fwakuorg%2Fnwaku: Internal Server Error (\"Get \"https://harbor.status.im/v2/\": dial tcp 159.223.242.198:443: connect: connection refused\")\n","statusTrace":"  File \"/opt/hostedtoolcache/Python/3.12.4/x64/lib/python3.12/site-packages/pluggy/_callers.py\", line 137, in _multicall\n    teardown.throw(outcome._exception)\n  File \"/opt/hostedtoolcache/Python/3.12.4/x64/lib/python3.12/site-packages/_pytest/setuponly.py\", line 36, in pytest_fixture_setup\n    return (yield)\n            ^^^^^\n  File \"/opt/hostedtoolcache/Python/3.12.4/x64/lib/python3.12/site-packages/pluggy/_callers.py\", line 77, in _multicall\n    res = hook_impl.function(*args)\n          ^^^^^^^^^^^^^^^^^^^^^^^^^\n  File \"/opt/hostedtoolcache/Python/3.12.4/x64/lib/python3.12/site-packages/_pytest/fixtures.py\", line 1140, in pytest_fixture_setup\n    result = call_fixture_func(fixturefunc, request, kwargs)\n             ^^^^^^^^^^^^^^^^^^^^^^^^^^^^^^^^^^^^^^^^^^^^^^^\n  File \"/opt/hostedtoolcache/Python/3.12.4/x64/lib/python3.12/site-packages/_pytest/fixtures.py\", line 917, in call_fixture_func\n    fixture_result = fixturefunc(**kwargs)\n                     ^^^^^^^^^^^^^^^^^^^^^\n  File \"/home/runner/work/waku-interop-tests/waku-interop-tests/src/steps/filter.py\", line 35, in setup_main_relay_node\n    self.relay_node_start(NODE_1)\n  File \"/home/runner/work/waku-interop-tests/waku-interop-tests/src/steps/filter.py\", line 66, in relay_node_start\n    self.node1.start(**start_args)\n  File \"/opt/hostedtoolcache/Python/3.12.4/x64/lib/python3.12/site-packages/tenacity/__init__.py\", line 289, in wrapped_f\n    return self(f, *args, **kw)\n           ^^^^^^^^^^^^^^^^^^^^\n  File \"/opt/hostedtoolcache/Python/3.12.4/x64/lib/python3.12/site-packages/tenacity/__init__.py\", line 379, in __call__\n    do = self.iter(retry_state=retry_state)\n         ^^^^^^^^^^^^^^^^^^^^^^^^^^^^^^^^^^\n  File \"/opt/hostedtoolcache/Python/3.12.4/x64/lib/python3.12/site-packages/tenacity/__init__.py\", line 325, in iter\n    raise retry_exc.reraise()\n          ^^^^^^^^^^^^^^^^^^^\n  File \"/opt/hostedtoolcache/Python/3.12.4/x64/lib/python3.12/site-packages/tenacity/__init__.py\", line 158, in reraise\n    raise self.last_attempt.result()\n          ^^^^^^^^^^^^^^^^^^^^^^^^^^\n  File \"/opt/hostedtoolcache/Python/3.12.4/x64/lib/python3.12/concurrent/futures/_base.py\", line 449, in result\n    return self.__get_result()\n           ^^^^^^^^^^^^^^^^^^^\n  File \"/opt/hostedtoolcache/Python/3.12.4/x64/lib/python3.12/concurrent/futures/_base.py\", line 401, in __get_result\n    raise self._exception\n  File \"/opt/hostedtoolcache/Python/3.12.4/x64/lib/python3.12/site-packages/tenacity/__init__.py\", line 382, in __call__\n    result = fn(*args, **kwargs)\n             ^^^^^^^^^^^^^^^^^^^\n  File \"/home/runner/work/waku-interop-tests/waku-interop-tests/src/node/waku_node.py\", line 161, in start\n    self._container = self._docker_manager.start_container(\n                      ^^^^^^^^^^^^^^^^^^^^^^^^^^^^^^^^^^^^^\n  File \"/home/runner/work/waku-interop-tests/waku-interop-tests/src/node/docker_mananger.py\", line 48, in start_container\n    container = self._client.containers.run(\n                ^^^^^^^^^^^^^^^^^^^^^^^^^^^^\n  File \"/opt/hostedtoolcache/Python/3.12.4/x64/lib/python3.12/site-packages/docker/models/containers.py\", line 876, in run\n    self.client.images.pull(image, platform=platform)\n  File \"/opt/hostedtoolcache/Python/3.12.4/x64/lib/python3.12/site-packages/docker/models/images.py\", line 464, in pull\n    pull_log = self.client.api.pull(\n               ^^^^^^^^^^^^^^^^^^^^^\n  File \"/opt/hostedtoolcache/Python/3.12.4/x64/lib/python3.12/site-packages/docker/api/image.py\", line 429, in pull\n    self._raise_for_status(response)\n  File \"/opt/hostedtoolcache/Python/3.12.4/x64/lib/python3.12/site-packages/docker/api/client.py\", line 267, in _raise_for_status\n    raise create_api_error_from_http_exception(e) from e\n          ^^^^^^^^^^^^^^^^^^^^^^^^^^^^^^^^^^^^^^^\n  File \"/opt/hostedtoolcache/Python/3.12.4/x64/lib/python3.12/site-packages/docker/errors.py\", line 39, in create_api_error_from_http_exception\n    raise cls(e, response=response, explanation=explanation) from e\n","steps":[],"attachments":[],"parameters":[],"shouldDisplayMessage":true,"stepsCount":0,"attachmentsCount":0,"hasContent":true,"attachmentStep":false}],"testStage":{"status":"skipped","statusMessage":"XFAIL Bug reported: https://github.com/waku-org/go-waku/issues/1054\n\ndocker.errors.APIError: 500 Server Error for http+docker://localhost/v1.45/images/create?tag=latest&fromImage=harbor.status.im%2Fwakuorg%2Fnwaku: Internal Server Error (\"Get \"https://harbor.status.im/v2/\": dial tcp 159.223.242.198:443: connect: connection refused\")","statusTrace":"/opt/hostedtoolcache/Python/3.12.4/x64/lib/python3.12/site-packages/docker/api/client.py:265: in _raise_for_status\n    response.raise_for_status()\n/opt/hostedtoolcache/Python/3.12.4/x64/lib/python3.12/site-packages/requests/models.py:1021: in raise_for_status\n    raise HTTPError(http_error_msg, response=self)\nE   requests.exceptions.HTTPError: 404 Client Error: Not Found for url: http+docker://localhost/v1.45/containers/create\n\nThe above exception was the direct cause of the following exception:\n/opt/hostedtoolcache/Python/3.12.4/x64/lib/python3.12/site-packages/docker/models/containers.py:873: in run\n    container = self.create(image=image, command=command,\n/opt/hostedtoolcache/Python/3.12.4/x64/lib/python3.12/site-packages/docker/models/containers.py:932: in create\n    resp = self.client.api.create_container(**create_kwargs)\n/opt/hostedtoolcache/Python/3.12.4/x64/lib/python3.12/site-packages/docker/api/container.py:439: in create_container\n    return self.create_container_from_config(config, name, platform)\n/opt/hostedtoolcache/Python/3.12.4/x64/lib/python3.12/site-packages/docker/api/container.py:456: in create_container_from_config\n    return self._result(res, True)\n/opt/hostedtoolcache/Python/3.12.4/x64/lib/python3.12/site-packages/docker/api/client.py:271: in _result\n    self._raise_for_status(response)\n/opt/hostedtoolcache/Python/3.12.4/x64/lib/python3.12/site-packages/docker/api/client.py:267: in _raise_for_status\n    raise create_api_error_from_http_exception(e) from e\n/opt/hostedtoolcache/Python/3.12.4/x64/lib/python3.12/site-packages/docker/errors.py:39: in create_api_error_from_http_exception\n    raise cls(e, response=response, explanation=explanation) from e\nE   docker.errors.ImageNotFound: 404 Client Error for http+docker://localhost/v1.45/containers/create: Not Found (\"No such image: harbor.status.im/wakuorg/nwaku:latest\")\n\nDuring handling of the above exception, another exception occurred:\n/opt/hostedtoolcache/Python/3.12.4/x64/lib/python3.12/site-packages/docker/api/client.py:265: in _raise_for_status\n    response.raise_for_status()\n/opt/hostedtoolcache/Python/3.12.4/x64/lib/python3.12/site-packages/requests/models.py:1021: in raise_for_status\n    raise HTTPError(http_error_msg, response=self)\nE   requests.exceptions.HTTPError: 500 Server Error: Internal Server Error for url: http+docker://localhost/v1.45/images/create?tag=latest&fromImage=harbor.status.im%2Fwakuorg%2Fnwaku\n\nThe above exception was the direct cause of the following exception:\nsrc/steps/filter.py:35: in setup_main_relay_node\n    self.relay_node_start(NODE_1)\nsrc/steps/filter.py:66: in relay_node_start\n    self.node1.start(**start_args)\n/opt/hostedtoolcache/Python/3.12.4/x64/lib/python3.12/site-packages/tenacity/__init__.py:289: in wrapped_f\n    return self(f, *args, **kw)\n/opt/hostedtoolcache/Python/3.12.4/x64/lib/python3.12/site-packages/tenacity/__init__.py:379: in __call__\n    do = self.iter(retry_state=retry_state)\n/opt/hostedtoolcache/Python/3.12.4/x64/lib/python3.12/site-packages/tenacity/__init__.py:325: in iter\n    raise retry_exc.reraise()\n/opt/hostedtoolcache/Python/3.12.4/x64/lib/python3.12/site-packages/tenacity/__init__.py:158: in reraise\n    raise self.last_attempt.result()\n/opt/hostedtoolcache/Python/3.12.4/x64/lib/python3.12/concurrent/futures/_base.py:449: in result\n    return self.__get_result()\n/opt/hostedtoolcache/Python/3.12.4/x64/lib/python3.12/concurrent/futures/_base.py:401: in __get_result\n    raise self._exception\n/opt/hostedtoolcache/Python/3.12.4/x64/lib/python3.12/site-packages/tenacity/__init__.py:382: in __call__\n    result = fn(*args, **kwargs)\nsrc/node/waku_node.py:161: in start\n    self._container = self._docker_manager.start_container(\nsrc/node/docker_mananger.py:48: in start_container\n    container = self._client.containers.run(\n/opt/hostedtoolcache/Python/3.12.4/x64/lib/python3.12/site-packages/docker/models/containers.py:876: in run\n    self.client.images.pull(image, platform=platform)\n/opt/hostedtoolcache/Python/3.12.4/x64/lib/python3.12/site-packages/docker/models/images.py:464: in pull\n    pull_log = self.client.api.pull(\n/opt/hostedtoolcache/Python/3.12.4/x64/lib/python3.12/site-packages/docker/api/image.py:429: in pull\n    self._raise_for_status(response)\n/opt/hostedtoolcache/Python/3.12.4/x64/lib/python3.12/site-packages/docker/api/client.py:267: in _raise_for_status\n    raise create_api_error_from_http_exception(e) from e\n/opt/hostedtoolcache/Python/3.12.4/x64/lib/python3.12/site-packages/docker/errors.py:39: in create_api_error_from_http_exception\n    raise cls(e, response=response, explanation=explanation) from e\nE   docker.errors.APIError: 500 Server Error for http+docker://localhost/v1.45/images/create?tag=latest&fromImage=harbor.status.im%2Fwakuorg%2Fnwaku: Internal Server Error (\"Get \"https://harbor.status.im/v2/\": dial tcp 159.223.242.198:443: connect: connection refused\")","steps":[],"attachments":[{"uid":"eee229e37f572092","name":"log","source":"eee229e37f572092.txt","type":"text/plain","size":467368}],"parameters":[],"shouldDisplayMessage":true,"stepsCount":0,"attachmentsCount":1,"hasContent":true,"attachmentStep":false},"afterStages":[{"name":"close_open_nodes::0","time":{"start":1722224009700,"stop":1722224009700,"duration":0},"status":"passed","steps":[],"attachments":[],"parameters":[],"shouldDisplayMessage":false,"stepsCount":0,"attachmentsCount":0,"hasContent":false,"attachmentStep":false},{"name":"test_setup::0","time":{"start":1722224009700,"stop":1722224009700,"duration":0},"status":"passed","steps":[],"attachments":[],"parameters":[],"shouldDisplayMessage":false,"stepsCount":0,"attachmentsCount":0,"hasContent":false,"attachmentStep":false},{"name":"attach_logs_on_fail::0","time":{"start":1722224009701,"stop":1722224009701,"duration":0},"status":"passed","steps":[],"attachments":[],"parameters":[],"shouldDisplayMessage":false,"stepsCount":0,"attachmentsCount":0,"hasContent":false,"attachmentStep":false}],"labels":[{"name":"tag","value":"@pytest.mark.xfail(True, reason='Bug reported: https://github.com/waku-org/go-waku/issues/1054')"},{"name":"tag","value":"@pytest.mark.usefixtures('setup_main_relay_node', 'setup_main_filter_node')"},{"name":"parentSuite","value":"tests.filter"},{"name":"suite","value":"test_subscribe_create"},{"name":"subSuite","value":"TestFilterSubscribeCreate"},{"name":"host","value":"fv-az774-551"},{"name":"thread","value":"2109-MainThread"},{"name":"framework","value":"pytest"},{"name":"language","value":"cpython3"},{"name":"package","value":"tests.filter.test_subscribe_create"},{"name":"resultFormat","value":"allure2"}],"parameters":[],"links":[],"hidden":false,"retry":false,"extra":{"severity":"normal","retries":[],"categories":[],"history":{"statistic":{"failed":0,"broken":0,"skipped":246,"passed":0,"unknown":0,"total":246},"items":[{"uid":"c6efaaa9eb09099b","reportUrl":"https://waku-org.github.io/waku-interop-tests/go/221//#testresult/c6efaaa9eb09099b","status":"skipped","statusDetails":"XFAIL Bug reported: https://github.com/waku-org/go-waku/issues/1054\n\nAssertionError: PubsubTopics failed: ['/waku/2/rs/2/2']\nassert not ['/waku/2/rs/2/2']","time":{"start":1722136361435,"stop":1722136423975,"duration":62540}},{"uid":"642bc553a1724721","reportUrl":"https://waku-org.github.io/waku-interop-tests/go/220//#testresult/642bc553a1724721","status":"skipped","statusDetails":"XFAIL Bug reported: https://github.com/waku-org/go-waku/issues/1054\n\nAssertionError: PubsubTopics failed: ['/waku/2/rs/2/2']\nassert not ['/waku/2/rs/2/2']","time":{"start":1722050116960,"stop":1722050182556,"duration":65596}},{"uid":"e21fe79e1ffc492a","reportUrl":"https://waku-org.github.io/waku-interop-tests/go/219//#testresult/e21fe79e1ffc492a","status":"skipped","statusDetails":"XFAIL Bug reported: https://github.com/waku-org/go-waku/issues/1054\n\nAssertionError: PubsubTopics failed: ['/waku/2/rs/2/2']\nassert not ['/waku/2/rs/2/2']","time":{"start":1721963631736,"stop":1721963701305,"duration":69569}},{"uid":"e1c745cb7df8b4fe","reportUrl":"https://waku-org.github.io/waku-interop-tests/go/218//#testresult/e1c745cb7df8b4fe","status":"skipped","statusDetails":"XFAIL Bug reported: https://github.com/waku-org/go-waku/issues/1054\n\nAssertionError: PubsubTopics failed: ['/waku/2/rs/2/2']\nassert not ['/waku/2/rs/2/2']","time":{"start":1721877163983,"stop":1721877230486,"duration":66503}},{"uid":"a65537b051bda6e1","reportUrl":"https://waku-org.github.io/waku-interop-tests/go/217//#testresult/a65537b051bda6e1","status":"skipped","statusDetails":"XFAIL Bug reported: https://github.com/waku-org/go-waku/issues/1054\n\nAssertionError: PubsubTopics failed: ['/waku/2/rs/2/2']\nassert not ['/waku/2/rs/2/2']","time":{"start":1721790762546,"stop":1721790826621,"duration":64075}},{"uid":"cd7ce0b549faec6","reportUrl":"https://waku-org.github.io/waku-interop-tests/go/216//#testresult/cd7ce0b549faec6","status":"skipped","statusDetails":"XFAIL Bug reported: https://github.com/waku-org/go-waku/issues/1054\n\nAssertionError: PubsubTopics failed: ['/waku/2/rs/2/2']\nassert not ['/waku/2/rs/2/2']","time":{"start":1721704449394,"stop":1721704519111,"duration":69717}},{"uid":"52697f695c32fccf","reportUrl":"https://waku-org.github.io/waku-interop-tests/go/215//#testresult/52697f695c32fccf","status":"skipped","statusDetails":"XFAIL Bug reported: https://github.com/waku-org/go-waku/issues/1054\n\nAssertionError: PubsubTopics failed: ['/waku/2/rs/2/2']\nassert not ['/waku/2/rs/2/2']","time":{"start":1721632937317,"stop":1721633004692,"duration":67375}},{"uid":"699265f5ba8d3158","reportUrl":"https://waku-org.github.io/waku-interop-tests/go/214//#testresult/699265f5ba8d3158","status":"skipped","statusDetails":"XFAIL Bug reported: https://github.com/waku-org/go-waku/issues/1054\n\nAssertionError: PubsubTopics failed: ['/waku/2/rs/2/2']\nassert not ['/waku/2/rs/2/2']","time":{"start":1721618090188,"stop":1721618155464,"duration":65276}},{"uid":"1c179d43942b60f5","reportUrl":"https://waku-org.github.io/waku-interop-tests/go/213//#testresult/1c179d43942b60f5","status":"skipped","statusDetails":"XFAIL Bug reported: https://github.com/waku-org/go-waku/issues/1054\n\nAssertionError: PubsubTopics failed: ['/waku/2/rs/2/2']\nassert not ['/waku/2/rs/2/2']","time":{"start":1721531583424,"stop":1721531646815,"duration":63391}},{"uid":"64f7eba0c1b9a062","reportUrl":"https://waku-org.github.io/waku-interop-tests/go/212//#testresult/64f7eba0c1b9a062","status":"skipped","statusDetails":"XFAIL Bug reported: https://github.com/waku-org/go-waku/issues/1054\n\nAssertionError: PubsubTopics failed: ['/waku/2/rs/2/2']\nassert not ['/waku/2/rs/2/2']","time":{"start":1721445196069,"stop":1721445260147,"duration":64078}},{"uid":"f5bba76502e0ae5d","reportUrl":"https://waku-org.github.io/waku-interop-tests/go/211//#testresult/f5bba76502e0ae5d","status":"skipped","statusDetails":"XFAIL Bug reported: https://github.com/waku-org/go-waku/issues/1054\n\nAssertionError: PubsubTopics failed: ['/waku/2/rs/2/2']\nassert not ['/waku/2/rs/2/2']","time":{"start":1721358824084,"stop":1721358890676,"duration":66592}},{"uid":"d4a91da00cfd4b1c","reportUrl":"https://waku-org.github.io/waku-interop-tests/go/210//#testresult/d4a91da00cfd4b1c","status":"skipped","statusDetails":"XFAIL Bug reported: https://github.com/waku-org/go-waku/issues/1054\n\nAssertionError: PubsubTopics failed: ['/waku/2/rs/2/2']\nassert not ['/waku/2/rs/2/2']","time":{"start":1721290091982,"stop":1721290158475,"duration":66493}},{"uid":"efa75ef9d001d42","reportUrl":"https://waku-org.github.io/waku-interop-tests/go/209//#testresult/efa75ef9d001d42","status":"skipped","statusDetails":"XFAIL Bug reported: https://github.com/waku-org/go-waku/issues/1054\n\nAssertionError: PubsubTopics failed: ['/waku/2/rs/2/2']\nassert not ['/waku/2/rs/2/2']","time":{"start":1721272445063,"stop":1721272507661,"duration":62598}},{"uid":"448205945ab450a2","reportUrl":"https://waku-org.github.io/waku-interop-tests/go/208//#testresult/448205945ab450a2","status":"skipped","statusDetails":"XFAIL Bug reported: https://github.com/waku-org/go-waku/issues/1054\n\nAssertionError: PubsubTopics failed: ['/waku/2/rs/2/2']\nassert not ['/waku/2/rs/2/2']","time":{"start":1721186018448,"stop":1721186086412,"duration":67964}},{"uid":"c1ae0e6573bfc831","reportUrl":"https://waku-org.github.io/waku-interop-tests/go/207//#testresult/c1ae0e6573bfc831","status":"skipped","statusDetails":"XFAIL Bug reported: https://github.com/waku-org/go-waku/issues/1054\n\nAssertionError: PubsubTopics failed: ['/waku/2/rs/2/2']\nassert not ['/waku/2/rs/2/2']","time":{"start":1721112348550,"stop":1721112414709,"duration":66159}},{"uid":"707d06c654c629c2","reportUrl":"https://waku-org.github.io/waku-interop-tests/go/206//#testresult/707d06c654c629c2","status":"skipped","statusDetails":"XFAIL Bug reported: https://github.com/waku-org/go-waku/issues/1054\n\nAssertionError: PubsubTopics failed: ['/waku/2/rs/2/2']\nassert not ['/waku/2/rs/2/2']","time":{"start":1721099710874,"stop":1721099775186,"duration":64312}},{"uid":"8d09a7409b33c968","reportUrl":"https://waku-org.github.io/waku-interop-tests/go/205//#testresult/8d09a7409b33c968","status":"skipped","statusDetails":"XFAIL Bug reported: https://github.com/waku-org/go-waku/issues/1054\n\nAssertionError: PubsubTopics failed: ['/waku/2/rs/2/2']\nassert not ['/waku/2/rs/2/2']","time":{"start":1721057476612,"stop":1721057542782,"duration":66170}},{"uid":"df9a2aa55ae8239f","reportUrl":"https://waku-org.github.io/waku-interop-tests/go/204//#testresult/df9a2aa55ae8239f","status":"skipped","statusDetails":"XFAIL Bug reported: https://github.com/waku-org/go-waku/issues/1054\n\nAssertionError: PubsubTopics failed: ['/waku/2/rs/2/2']\nassert not ['/waku/2/rs/2/2']","time":{"start":1721049109291,"stop":1721049175750,"duration":66459}},{"uid":"7c4296a916cf9be9","reportUrl":"https://waku-org.github.io/waku-interop-tests/go/203//#testresult/7c4296a916cf9be9","status":"skipped","statusDetails":"XFAIL Bug reported: https://github.com/waku-org/go-waku/issues/1054\n\nAssertionError: PubsubTopics failed: ['/waku/2/rs/2/2']\nassert not ['/waku/2/rs/2/2']","time":{"start":1721026943719,"stop":1721027014847,"duration":71128}},{"uid":"65895566fa1eb108","reportUrl":"https://waku-org.github.io/waku-interop-tests/go/202//#testresult/65895566fa1eb108","status":"skipped","statusDetails":"XFAIL Bug reported: https://github.com/waku-org/go-waku/issues/1054\n\nAssertionError: PubsubTopics failed: ['/waku/2/rs/2/2']\nassert not ['/waku/2/rs/2/2']","time":{"start":1721013334285,"stop":1721013398570,"duration":64285}}]},"tags":["@pytest.mark.xfail(True, reason='Bug reported: https://github.com/waku-org/go-waku/issues/1054')","@pytest.mark.usefixtures('setup_main_relay_node', 'setup_main_filter_node')"]},"source":"b035b753c5028c5e.json","parameterValues":[]}