{"uid":"89737de3c8ee5feb","name":"test_store_messages_with_valid_payloads","fullName":"tests.store.test_get_messages.TestGetMessages#test_store_messages_with_valid_payloads","historyId":"35400677e81e0cbb3b6ff039012f3d13","time":{"start":1716347527279,"stop":1716347527279,"duration":0},"status":"broken","statusMessage":"docker.errors.DockerException: Error while fetching server API version: Not supported URL scheme http+docker","statusTrace":"/opt/hostedtoolcache/Python/3.12.3/x64/lib/python3.12/site-packages/requests/adapters.py:532: in send\n    conn = self._get_connection(request, verify, proxies=proxies, cert=cert)\n/opt/hostedtoolcache/Python/3.12.3/x64/lib/python3.12/site-packages/requests/adapters.py:400: in _get_connection\n    conn = self.poolmanager.connection_from_host(\n/opt/hostedtoolcache/Python/3.12.3/x64/lib/python3.12/site-packages/urllib3/poolmanager.py:304: in connection_from_host\n    return self.connection_from_context(request_context)\n/opt/hostedtoolcache/Python/3.12.3/x64/lib/python3.12/site-packages/urllib3/poolmanager.py:326: in connection_from_context\n    raise URLSchemeUnknown(scheme)\nE   urllib3.exceptions.URLSchemeUnknown: Not supported URL scheme http+docker\n\nDuring handling of the above exception, another exception occurred:\n/opt/hostedtoolcache/Python/3.12.3/x64/lib/python3.12/site-packages/docker/api/client.py:213: in _retrieve_server_version\n    return self.version(api_version=False)[\"ApiVersion\"]\n/opt/hostedtoolcache/Python/3.12.3/x64/lib/python3.12/site-packages/docker/api/daemon.py:181: in version\n    return self._result(self._get(url), json=True)\n/opt/hostedtoolcache/Python/3.12.3/x64/lib/python3.12/site-packages/docker/utils/decorators.py:44: in inner\n    return f(self, *args, **kwargs)\n/opt/hostedtoolcache/Python/3.12.3/x64/lib/python3.12/site-packages/docker/api/client.py:236: in _get\n    return self.get(url, **self._set_request_timeout(kwargs))\n/opt/hostedtoolcache/Python/3.12.3/x64/lib/python3.12/site-packages/requests/sessions.py:602: in get\n    return self.request(\"GET\", url, **kwargs)\n/opt/hostedtoolcache/Python/3.12.3/x64/lib/python3.12/site-packages/requests/sessions.py:589: in request\n    resp = self.send(prep, **send_kwargs)\n/opt/hostedtoolcache/Python/3.12.3/x64/lib/python3.12/site-packages/requests/sessions.py:703: in send\n    r = adapter.send(request, **kwargs)\n/opt/hostedtoolcache/Python/3.12.3/x64/lib/python3.12/site-packages/requests/adapters.py:534: in send\n    raise InvalidURL(e, request=request)\nE   requests.exceptions.InvalidURL: Not supported URL scheme http+docker\n\nThe above exception was the direct cause of the following exception:\ntests/store/test_get_messages.py:15: in store_functional_setup\n    self.setup_first_publishing_node(store=\"true\", relay=\"true\")\nsrc/steps/store.py:56: in setup_first_publishing_node\n    self.publishing_node1 = self.start_publishing_node(NODE_1, node_index=1, store=store, relay=relay, **kwargs)\nsrc/steps/store.py:34: in start_publishing_node\n    node = WakuNode(image, f\"publishing_node{node_index}_{self.test_id}\")\nsrc/node/waku_node.py:46: in __init__\n    self._docker_manager = DockerManager(self._image_name)\nsrc/node/docker_mananger.py:16: in __init__\n    self._client = docker.from_env()\n/opt/hostedtoolcache/Python/3.12.3/x64/lib/python3.12/site-packages/docker/client.py:94: in from_env\n    return cls(\n/opt/hostedtoolcache/Python/3.12.3/x64/lib/python3.12/site-packages/docker/client.py:45: in __init__\n    self.api = APIClient(*args, **kwargs)\n/opt/hostedtoolcache/Python/3.12.3/x64/lib/python3.12/site-packages/docker/api/client.py:197: in __init__\n    self._version = self._retrieve_server_version()\n/opt/hostedtoolcache/Python/3.12.3/x64/lib/python3.12/site-packages/docker/api/client.py:220: in _retrieve_server_version\n    raise DockerException(\nE   docker.errors.DockerException: Error while fetching server API version: Not supported URL scheme http+docker","flaky":true,"newFailed":false,"newBroken":true,"newPassed":false,"retriesCount":2,"retriesStatusChange":false,"beforeStages":[{"name":"set_allure_env_variables","time":{"start":1716347503774,"stop":1716347503774,"duration":0},"status":"passed","steps":[],"attachments":[],"parameters":[],"shouldDisplayMessage":false,"stepsCount":0,"attachmentsCount":0,"hasContent":false,"attachmentStep":false},{"name":"test_setup","time":{"start":1716347527280,"stop":1716347527285,"duration":5},"status":"passed","steps":[],"attachments":[],"parameters":[],"shouldDisplayMessage":false,"stepsCount":0,"attachmentsCount":0,"hasContent":false,"attachmentStep":false},{"name":"attach_logs_on_fail","time":{"start":1716347527280,"stop":1716347527280,"duration":0},"status":"passed","steps":[],"attachments":[],"parameters":[],"shouldDisplayMessage":false,"stepsCount":0,"attachmentsCount":0,"hasContent":false,"attachmentStep":false},{"name":"close_open_nodes","time":{"start":1716347527280,"stop":1716347527280,"duration":0},"status":"passed","steps":[],"attachments":[],"parameters":[],"shouldDisplayMessage":false,"stepsCount":0,"attachmentsCount":0,"hasContent":false,"attachmentStep":false},{"name":"test_id","time":{"start":1716347527280,"stop":1716347527280,"duration":0},"status":"passed","steps":[],"attachments":[],"parameters":[],"shouldDisplayMessage":false,"stepsCount":0,"attachmentsCount":0,"hasContent":false,"attachmentStep":false},{"name":"store_functional_setup","time":{"start":1716347527285,"stop":1716347527288,"duration":3},"status":"broken","statusMessage":"docker.errors.DockerException: Error while fetching server API version: Not supported URL scheme http+docker\n","statusTrace":"  File \"/opt/hostedtoolcache/Python/3.12.3/x64/lib/python3.12/site-packages/pluggy/_callers.py\", line 137, in _multicall\n    teardown.throw(outcome._exception)\n  File \"/opt/hostedtoolcache/Python/3.12.3/x64/lib/python3.12/site-packages/_pytest/setuponly.py\", line 36, in pytest_fixture_setup\n    return (yield)\n            ^^^^^\n  File \"/opt/hostedtoolcache/Python/3.12.3/x64/lib/python3.12/site-packages/pluggy/_callers.py\", line 77, in _multicall\n    res = hook_impl.function(*args)\n          ^^^^^^^^^^^^^^^^^^^^^^^^^\n  File \"/opt/hostedtoolcache/Python/3.12.3/x64/lib/python3.12/site-packages/_pytest/fixtures.py\", line 1140, in pytest_fixture_setup\n    result = call_fixture_func(fixturefunc, request, kwargs)\n             ^^^^^^^^^^^^^^^^^^^^^^^^^^^^^^^^^^^^^^^^^^^^^^^\n  File \"/opt/hostedtoolcache/Python/3.12.3/x64/lib/python3.12/site-packages/_pytest/fixtures.py\", line 917, in call_fixture_func\n    fixture_result = fixturefunc(**kwargs)\n                     ^^^^^^^^^^^^^^^^^^^^^\n  File \"/home/runner/work/waku-interop-tests/waku-interop-tests/tests/store/test_get_messages.py\", line 15, in store_functional_setup\n    self.setup_first_publishing_node(store=\"true\", relay=\"true\")\n  File \"/opt/hostedtoolcache/Python/3.12.3/x64/lib/python3.12/site-packages/allure_commons/_allure.py\", line 192, in impl\n    return func(*a, **kw)\n           ^^^^^^^^^^^^^^\n  File \"/home/runner/work/waku-interop-tests/waku-interop-tests/src/steps/store.py\", line 56, in setup_first_publishing_node\n    self.publishing_node1 = self.start_publishing_node(NODE_1, node_index=1, store=store, relay=relay, **kwargs)\n                            ^^^^^^^^^^^^^^^^^^^^^^^^^^^^^^^^^^^^^^^^^^^^^^^^^^^^^^^^^^^^^^^^^^^^^^^^^^^^^^^^^^^^\n  File \"/opt/hostedtoolcache/Python/3.12.3/x64/lib/python3.12/site-packages/allure_commons/_allure.py\", line 192, in impl\n    return func(*a, **kw)\n           ^^^^^^^^^^^^^^\n  File \"/home/runner/work/waku-interop-tests/waku-interop-tests/src/steps/store.py\", line 34, in start_publishing_node\n    node = WakuNode(image, f\"publishing_node{node_index}_{self.test_id}\")\n           ^^^^^^^^^^^^^^^^^^^^^^^^^^^^^^^^^^^^^^^^^^^^^^^^^^^^^^^^^^^^^^\n  File \"/home/runner/work/waku-interop-tests/waku-interop-tests/src/node/waku_node.py\", line 46, in __init__\n    self._docker_manager = DockerManager(self._image_name)\n                           ^^^^^^^^^^^^^^^^^^^^^^^^^^^^^^^\n  File \"/home/runner/work/waku-interop-tests/waku-interop-tests/src/node/docker_mananger.py\", line 16, in __init__\n    self._client = docker.from_env()\n                   ^^^^^^^^^^^^^^^^^\n  File \"/opt/hostedtoolcache/Python/3.12.3/x64/lib/python3.12/site-packages/docker/client.py\", line 94, in from_env\n    return cls(\n           ^^^^\n  File \"/opt/hostedtoolcache/Python/3.12.3/x64/lib/python3.12/site-packages/docker/client.py\", line 45, in __init__\n    self.api = APIClient(*args, **kwargs)\n               ^^^^^^^^^^^^^^^^^^^^^^^^^^\n  File \"/opt/hostedtoolcache/Python/3.12.3/x64/lib/python3.12/site-packages/docker/api/client.py\", line 197, in __init__\n    self._version = self._retrieve_server_version()\n                    ^^^^^^^^^^^^^^^^^^^^^^^^^^^^^^^\n  File \"/opt/hostedtoolcache/Python/3.12.3/x64/lib/python3.12/site-packages/docker/api/client.py\", line 220, in _retrieve_server_version\n    raise DockerException(\n","steps":[{"name":"setup_first_publishing_node","time":{"start":1716347527285,"stop":1716347527287,"duration":2},"status":"broken","statusMessage":"docker.errors.DockerException: Error while fetching server API version: Not supported URL scheme http+docker\n","statusTrace":"  File \"/opt/hostedtoolcache/Python/3.12.3/x64/lib/python3.12/site-packages/allure_commons/_allure.py\", line 192, in impl\n    return func(*a, **kw)\n           ^^^^^^^^^^^^^^\n  File \"/home/runner/work/waku-interop-tests/waku-interop-tests/src/steps/store.py\", line 56, in setup_first_publishing_node\n    self.publishing_node1 = self.start_publishing_node(NODE_1, node_index=1, store=store, relay=relay, **kwargs)\n                            ^^^^^^^^^^^^^^^^^^^^^^^^^^^^^^^^^^^^^^^^^^^^^^^^^^^^^^^^^^^^^^^^^^^^^^^^^^^^^^^^^^^^\n  File \"/opt/hostedtoolcache/Python/3.12.3/x64/lib/python3.12/site-packages/allure_commons/_allure.py\", line 192, in impl\n    return func(*a, **kw)\n           ^^^^^^^^^^^^^^\n  File \"/home/runner/work/waku-interop-tests/waku-interop-tests/src/steps/store.py\", line 34, in start_publishing_node\n    node = WakuNode(image, f\"publishing_node{node_index}_{self.test_id}\")\n           ^^^^^^^^^^^^^^^^^^^^^^^^^^^^^^^^^^^^^^^^^^^^^^^^^^^^^^^^^^^^^^\n  File \"/home/runner/work/waku-interop-tests/waku-interop-tests/src/node/waku_node.py\", line 46, in __init__\n    self._docker_manager = DockerManager(self._image_name)\n                           ^^^^^^^^^^^^^^^^^^^^^^^^^^^^^^^\n  File \"/home/runner/work/waku-interop-tests/waku-interop-tests/src/node/docker_mananger.py\", line 16, in __init__\n    self._client = docker.from_env()\n                   ^^^^^^^^^^^^^^^^^\n  File \"/opt/hostedtoolcache/Python/3.12.3/x64/lib/python3.12/site-packages/docker/client.py\", line 94, in from_env\n    return cls(\n           ^^^^\n  File \"/opt/hostedtoolcache/Python/3.12.3/x64/lib/python3.12/site-packages/docker/client.py\", line 45, in __init__\n    self.api = APIClient(*args, **kwargs)\n               ^^^^^^^^^^^^^^^^^^^^^^^^^^\n  File \"/opt/hostedtoolcache/Python/3.12.3/x64/lib/python3.12/site-packages/docker/api/client.py\", line 197, in __init__\n    self._version = self._retrieve_server_version()\n                    ^^^^^^^^^^^^^^^^^^^^^^^^^^^^^^^\n  File \"/opt/hostedtoolcache/Python/3.12.3/x64/lib/python3.12/site-packages/docker/api/client.py\", line 220, in _retrieve_server_version\n    raise DockerException(\n","steps":[{"name":"start_publishing_node","time":{"start":1716347527285,"stop":1716347527286,"duration":1},"status":"broken","statusMessage":"docker.errors.DockerException: Error while fetching server API version: Not supported URL scheme http+docker\n","statusTrace":"  File \"/opt/hostedtoolcache/Python/3.12.3/x64/lib/python3.12/site-packages/allure_commons/_allure.py\", line 192, in impl\n    return func(*a, **kw)\n           ^^^^^^^^^^^^^^\n  File \"/home/runner/work/waku-interop-tests/waku-interop-tests/src/steps/store.py\", line 34, in start_publishing_node\n    node = WakuNode(image, f\"publishing_node{node_index}_{self.test_id}\")\n           ^^^^^^^^^^^^^^^^^^^^^^^^^^^^^^^^^^^^^^^^^^^^^^^^^^^^^^^^^^^^^^\n  File \"/home/runner/work/waku-interop-tests/waku-interop-tests/src/node/waku_node.py\", line 46, in __init__\n    self._docker_manager = DockerManager(self._image_name)\n                           ^^^^^^^^^^^^^^^^^^^^^^^^^^^^^^^\n  File \"/home/runner/work/waku-interop-tests/waku-interop-tests/src/node/docker_mananger.py\", line 16, in __init__\n    self._client = docker.from_env()\n                   ^^^^^^^^^^^^^^^^^\n  File \"/opt/hostedtoolcache/Python/3.12.3/x64/lib/python3.12/site-packages/docker/client.py\", line 94, in from_env\n    return cls(\n           ^^^^\n  File \"/opt/hostedtoolcache/Python/3.12.3/x64/lib/python3.12/site-packages/docker/client.py\", line 45, in __init__\n    self.api = APIClient(*args, **kwargs)\n               ^^^^^^^^^^^^^^^^^^^^^^^^^^\n  File \"/opt/hostedtoolcache/Python/3.12.3/x64/lib/python3.12/site-packages/docker/api/client.py\", line 197, in __init__\n    self._version = self._retrieve_server_version()\n                    ^^^^^^^^^^^^^^^^^^^^^^^^^^^^^^^\n  File \"/opt/hostedtoolcache/Python/3.12.3/x64/lib/python3.12/site-packages/docker/api/client.py\", line 220, in _retrieve_server_version\n    raise DockerException(\n","steps":[],"attachments":[],"parameters":[{"name":"image","value":"'harbor.status.im/wakuorg/nwaku:latest'"},{"name":"node_index","value":"1"},{"name":"store","value":"'true'"},{"name":"relay","value":"'true'"}],"shouldDisplayMessage":true,"stepsCount":0,"attachmentsCount":0,"hasContent":true,"attachmentStep":false}],"attachments":[],"parameters":[{"name":"store","value":"'true'"},{"name":"relay","value":"'true'"}],"shouldDisplayMessage":false,"stepsCount":1,"attachmentsCount":0,"hasContent":true,"attachmentStep":false}],"attachments":[],"parameters":[],"shouldDisplayMessage":false,"stepsCount":2,"attachmentsCount":0,"hasContent":true,"attachmentStep":false},{"name":"store_setup","time":{"start":1716347527285,"stop":1716347527285,"duration":0},"status":"passed","steps":[],"attachments":[],"parameters":[],"shouldDisplayMessage":false,"stepsCount":0,"attachmentsCount":0,"hasContent":false,"attachmentStep":false},{"name":"common_setup","time":{"start":1716347527285,"stop":1716347527285,"duration":0},"status":"passed","steps":[],"attachments":[],"parameters":[],"shouldDisplayMessage":false,"stepsCount":0,"attachmentsCount":0,"hasContent":false,"attachmentStep":false}],"testStage":{"status":"broken","statusMessage":"docker.errors.DockerException: Error while fetching server API version: Not supported URL scheme http+docker","statusTrace":"/opt/hostedtoolcache/Python/3.12.3/x64/lib/python3.12/site-packages/requests/adapters.py:532: in send\n    conn = self._get_connection(request, verify, proxies=proxies, cert=cert)\n/opt/hostedtoolcache/Python/3.12.3/x64/lib/python3.12/site-packages/requests/adapters.py:400: in _get_connection\n    conn = self.poolmanager.connection_from_host(\n/opt/hostedtoolcache/Python/3.12.3/x64/lib/python3.12/site-packages/urllib3/poolmanager.py:304: in connection_from_host\n    return self.connection_from_context(request_context)\n/opt/hostedtoolcache/Python/3.12.3/x64/lib/python3.12/site-packages/urllib3/poolmanager.py:326: in connection_from_context\n    raise URLSchemeUnknown(scheme)\nE   urllib3.exceptions.URLSchemeUnknown: Not supported URL scheme http+docker\n\nDuring handling of the above exception, another exception occurred:\n/opt/hostedtoolcache/Python/3.12.3/x64/lib/python3.12/site-packages/docker/api/client.py:213: in _retrieve_server_version\n    return self.version(api_version=False)[\"ApiVersion\"]\n/opt/hostedtoolcache/Python/3.12.3/x64/lib/python3.12/site-packages/docker/api/daemon.py:181: in version\n    return self._result(self._get(url), json=True)\n/opt/hostedtoolcache/Python/3.12.3/x64/lib/python3.12/site-packages/docker/utils/decorators.py:44: in inner\n    return f(self, *args, **kwargs)\n/opt/hostedtoolcache/Python/3.12.3/x64/lib/python3.12/site-packages/docker/api/client.py:236: in _get\n    return self.get(url, **self._set_request_timeout(kwargs))\n/opt/hostedtoolcache/Python/3.12.3/x64/lib/python3.12/site-packages/requests/sessions.py:602: in get\n    return self.request(\"GET\", url, **kwargs)\n/opt/hostedtoolcache/Python/3.12.3/x64/lib/python3.12/site-packages/requests/sessions.py:589: in request\n    resp = self.send(prep, **send_kwargs)\n/opt/hostedtoolcache/Python/3.12.3/x64/lib/python3.12/site-packages/requests/sessions.py:703: in send\n    r = adapter.send(request, **kwargs)\n/opt/hostedtoolcache/Python/3.12.3/x64/lib/python3.12/site-packages/requests/adapters.py:534: in send\n    raise InvalidURL(e, request=request)\nE   requests.exceptions.InvalidURL: Not supported URL scheme http+docker\n\nThe above exception was the direct cause of the following exception:\ntests/store/test_get_messages.py:15: in store_functional_setup\n    self.setup_first_publishing_node(store=\"true\", relay=\"true\")\nsrc/steps/store.py:56: in setup_first_publishing_node\n    self.publishing_node1 = self.start_publishing_node(NODE_1, node_index=1, store=store, relay=relay, **kwargs)\nsrc/steps/store.py:34: in start_publishing_node\n    node = WakuNode(image, f\"publishing_node{node_index}_{self.test_id}\")\nsrc/node/waku_node.py:46: in __init__\n    self._docker_manager = DockerManager(self._image_name)\nsrc/node/docker_mananger.py:16: in __init__\n    self._client = docker.from_env()\n/opt/hostedtoolcache/Python/3.12.3/x64/lib/python3.12/site-packages/docker/client.py:94: in from_env\n    return cls(\n/opt/hostedtoolcache/Python/3.12.3/x64/lib/python3.12/site-packages/docker/client.py:45: in __init__\n    self.api = APIClient(*args, **kwargs)\n/opt/hostedtoolcache/Python/3.12.3/x64/lib/python3.12/site-packages/docker/api/client.py:197: in __init__\n    self._version = self._retrieve_server_version()\n/opt/hostedtoolcache/Python/3.12.3/x64/lib/python3.12/site-packages/docker/api/client.py:220: in _retrieve_server_version\n    raise DockerException(\nE   docker.errors.DockerException: Error while fetching server API version: Not supported URL scheme http+docker","steps":[],"attachments":[{"uid":"262f91d8c06cd8c8","name":"log","source":"262f91d8c06cd8c8.txt","type":"text/plain","size":1766}],"parameters":[],"shouldDisplayMessage":true,"stepsCount":0,"attachmentsCount":1,"hasContent":true,"attachmentStep":false},"afterStages":[{"name":"test_setup::0","time":{"start":1716347527435,"stop":1716347527435,"duration":0},"status":"passed","steps":[],"attachments":[],"parameters":[],"shouldDisplayMessage":false,"stepsCount":0,"attachmentsCount":0,"hasContent":false,"attachmentStep":false},{"name":"attach_logs_on_fail::0","time":{"start":1716347527436,"stop":1716347527436,"duration":0},"status":"passed","steps":[],"attachments":[],"parameters":[],"shouldDisplayMessage":false,"stepsCount":0,"attachmentsCount":0,"hasContent":false,"attachmentStep":false},{"name":"close_open_nodes::0","time":{"start":1716347527436,"stop":1716347527436,"duration":0},"status":"passed","steps":[],"attachments":[],"parameters":[],"shouldDisplayMessage":false,"stepsCount":0,"attachmentsCount":0,"hasContent":false,"attachmentStep":false},{"name":"set_allure_env_variables::0","time":{"start":1716347528463,"stop":1716347528463,"duration":0},"status":"passed","steps":[],"attachments":[],"parameters":[],"shouldDisplayMessage":false,"stepsCount":0,"attachmentsCount":0,"hasContent":false,"attachmentStep":false}],"labels":[{"name":"parentSuite","value":"tests.store"},{"name":"suite","value":"test_get_messages"},{"name":"subSuite","value":"TestGetMessages"},{"name":"host","value":"fv-az2028-822"},{"name":"thread","value":"2150-MainThread"},{"name":"framework","value":"pytest"},{"name":"language","value":"cpython3"},{"name":"package","value":"tests.store.test_get_messages"},{"name":"resultFormat","value":"allure2"}],"parameters":[],"links":[],"hidden":false,"retry":false,"extra":{"severity":"normal","retries":[{"uid":"7811f8c6e532c65e","status":"broken","statusDetails":"docker.errors.DockerException: Error while fetching server API version: Not supported URL scheme http+docker","time":{"start":1716347527116,"stop":1716347527116,"duration":0}},{"uid":"a8093fb9bd7a775a","status":"broken","statusDetails":"docker.errors.DockerException: Error while fetching server API version: Not supported URL scheme http+docker","time":{"start":1716347526886,"stop":1716347526886,"duration":0}}],"categories":[{"name":"Test defects","matchedStatuses":[],"flaky":false}],"history":{"statistic":{"failed":18,"broken":2,"skipped":0,"passed":26,"unknown":0,"total":46},"items":[{"uid":"ad574ace7bbf6258","reportUrl":"https://waku-org.github.io/waku-interop-tests/go/135//#testresult/ad574ace7bbf6258","status":"passed","time":{"start":1716261619157,"stop":1716261623861,"duration":4704}},{"uid":"2120b644d85a7581","reportUrl":"https://waku-org.github.io/waku-interop-tests/go/134//#testresult/2120b644d85a7581","status":"passed","time":{"start":1716197149308,"stop":1716197153961,"duration":4653}},{"uid":"ceccc412ec7cf22f","reportUrl":"https://waku-org.github.io/waku-interop-tests/go/133//#testresult/ceccc412ec7cf22f","status":"failed","statusDetails":"AssertionError: Payloads failed: ['A simple string', 'An integer', 'A dictionary', 'Chinese characters', 'Emojis', 'Lorem ipsum text', 'HTML content', 'Cyrillic characters', 'Base64 encoded string', 'Binary data', 'Special characters with whitespace', 'Boolean false as a string', 'A float number', 'A list', 'Hexadecimal number as a string', 'Email format', 'URL format', 'Date and time in ISO format', 'String with escaped quotes', 'A regular expression', 'A very long string', 'A JSON string', 'A Unix path', 'A Windows path', 'An SQL query', 'JavaScript code snippet', 'A CSS snippet', 'A Python one-liner', 'An IP address', 'A domain name', 'A user agent string', 'A credit card number', 'A phone number', 'A UUID', 'A hashtag', 'A Twitter handle', 'A password', 'A date in common format', 'A time string', 'A mathematical equation']\nassert not ['A simple string', 'An integer', 'A dictionary', 'Chinese characters', 'Emojis', 'Lorem ipsum text', ...]","time":{"start":1716175241515,"stop":1716175246074,"duration":4559}},{"uid":"7e8793e4dbe0de4","reportUrl":"https://waku-org.github.io/waku-interop-tests/go/132//#testresult/7e8793e4dbe0de4","status":"failed","statusDetails":"AssertionError: Payloads failed: ['A simple string', 'An integer', 'A dictionary', 'Chinese characters', 'Emojis', 'Lorem ipsum text', 'HTML content', 'Cyrillic characters', 'Base64 encoded string', 'Binary data', 'Special characters with whitespace', 'Boolean false as a string', 'A float number', 'A list', 'Hexadecimal number as a string', 'Email format', 'URL format', 'Date and time in ISO format', 'String with escaped quotes', 'A regular expression', 'A very long string', 'A JSON string', 'A Unix path', 'A Windows path', 'An SQL query', 'JavaScript code snippet', 'A CSS snippet', 'A Python one-liner', 'An IP address', 'A domain name', 'A user agent string', 'A credit card number', 'A phone number', 'A UUID', 'A hashtag', 'A Twitter handle', 'A password', 'A date in common format', 'A time string', 'A mathematical equation']\nassert not ['A simple string', 'An integer', 'A dictionary', 'Chinese characters', 'Emojis', 'Lorem ipsum text', ...]","time":{"start":1716088907230,"stop":1716088911763,"duration":4533}},{"uid":"f9ecfcbb693e8779","reportUrl":"https://waku-org.github.io/waku-interop-tests/go/131//#testresult/f9ecfcbb693e8779","status":"failed","statusDetails":"AssertionError: Payloads failed: ['A simple string', 'An integer', 'A dictionary', 'Chinese characters', 'Emojis', 'Lorem ipsum text', 'HTML content', 'Cyrillic characters', 'Base64 encoded string', 'Binary data', 'Special characters with whitespace', 'Boolean false as a string', 'A float number', 'A list', 'Hexadecimal number as a string', 'Email format', 'URL format', 'Date and time in ISO format', 'String with escaped quotes', 'A regular expression', 'A very long string', 'A JSON string', 'A Unix path', 'A Windows path', 'An SQL query', 'JavaScript code snippet', 'A CSS snippet', 'A Python one-liner', 'An IP address', 'A domain name', 'A user agent string', 'A credit card number', 'A phone number', 'A UUID', 'A hashtag', 'A Twitter handle', 'A password', 'A date in common format', 'A time string', 'A mathematical equation']\nassert not ['A simple string', 'An integer', 'A dictionary', 'Chinese characters', 'Emojis', 'Lorem ipsum text', ...]","time":{"start":1716002419529,"stop":1716002424025,"duration":4496}},{"uid":"3291847d74d14599","reportUrl":"https://waku-org.github.io/waku-interop-tests/go/130//#testresult/3291847d74d14599","status":"passed","time":{"start":1715916036272,"stop":1715916041004,"duration":4732}},{"uid":"8cb5653fbc8e8cde","reportUrl":"https://waku-org.github.io/waku-interop-tests/go/129//#testresult/8cb5653fbc8e8cde","status":"passed","time":{"start":1715845360590,"stop":1715845365158,"duration":4568}},{"uid":"d7aecf8765998039","reportUrl":"https://waku-org.github.io/waku-interop-tests/go/128//#testresult/d7aecf8765998039","status":"passed","time":{"start":1715829659504,"stop":1715829664058,"duration":4554}},{"uid":"48c03465a4b50d0d","reportUrl":"https://waku-org.github.io/waku-interop-tests/go/127//#testresult/48c03465a4b50d0d","status":"passed","time":{"start":1715743249022,"stop":1715743253625,"duration":4603}},{"uid":"fb03f733ccb80d64","reportUrl":"https://waku-org.github.io/waku-interop-tests/go/126//#testresult/fb03f733ccb80d64","status":"passed","time":{"start":1715656887050,"stop":1715656891579,"duration":4529}},{"uid":"5b516e9c6414932c","reportUrl":"https://waku-org.github.io/waku-interop-tests/go/125//#testresult/5b516e9c6414932c","status":"passed","time":{"start":1715599928939,"stop":1715599933564,"duration":4625}},{"uid":"2ce7bcab1e13cea3","reportUrl":"https://waku-org.github.io/waku-interop-tests/go/124//#testresult/2ce7bcab1e13cea3","status":"failed","statusDetails":"AssertionError: Payloads failed: ['A simple string', 'An integer', 'A dictionary', 'Chinese characters', 'Emojis', 'Lorem ipsum text', 'HTML content', 'Cyrillic characters', 'Base64 encoded string', 'Binary data', 'Special characters with whitespace', 'Boolean false as a string', 'A float number', 'A list', 'Hexadecimal number as a string', 'Email format', 'URL format', 'Date and time in ISO format', 'String with escaped quotes', 'A regular expression', 'A very long string', 'A JSON string', 'A Unix path', 'A Windows path', 'An SQL query', 'JavaScript code snippet', 'A CSS snippet', 'A Python one-liner', 'An IP address', 'A domain name', 'A user agent string', 'A credit card number', 'A phone number', 'A UUID', 'A hashtag', 'A Twitter handle', 'A password', 'A date in common format', 'A time string', 'A mathematical equation']\nassert not ['A simple string', 'An integer', 'A dictionary', 'Chinese characters', 'Emojis', 'Lorem ipsum text', ...]","time":{"start":1715598667413,"stop":1715598672167,"duration":4754}},{"uid":"2968afa1d7047099","reportUrl":"https://waku-org.github.io/waku-interop-tests/go/123//#testresult/2968afa1d7047099","status":"failed","statusDetails":"AssertionError: Payloads failed: ['A simple string', 'An integer', 'A dictionary', 'Chinese characters', 'Emojis', 'Lorem ipsum text', 'HTML content', 'Cyrillic characters', 'Base64 encoded string', 'Binary data', 'Special characters with whitespace', 'Boolean false as a string', 'A float number', 'A list', 'Hexadecimal number as a string', 'Email format', 'URL format', 'Date and time in ISO format', 'String with escaped quotes', 'A regular expression', 'A very long string', 'A JSON string', 'A Unix path', 'A Windows path', 'An SQL query', 'JavaScript code snippet', 'A CSS snippet', 'A Python one-liner', 'An IP address', 'A domain name', 'A user agent string', 'A credit card number', 'A phone number', 'A UUID', 'A hashtag', 'A Twitter handle', 'A password', 'A date in common format', 'A time string', 'A mathematical equation']\nassert not ['A simple string', 'An integer', 'A dictionary', 'Chinese characters', 'Emojis', 'Lorem ipsum text', ...]","time":{"start":1715570427582,"stop":1715570432142,"duration":4560}},{"uid":"383954fd781999ce","reportUrl":"https://waku-org.github.io/waku-interop-tests/go/122//#testresult/383954fd781999ce","status":"failed","statusDetails":"AssertionError: Payloads failed: ['A simple string', 'An integer', 'A dictionary', 'Chinese characters', 'Emojis', 'Lorem ipsum text', 'HTML content', 'Cyrillic characters', 'Base64 encoded string', 'Binary data', 'Special characters with whitespace', 'Boolean false as a string', 'A float number', 'A list', 'Hexadecimal number as a string', 'Email format', 'URL format', 'Date and time in ISO format', 'String with escaped quotes', 'A regular expression', 'A very long string', 'A JSON string', 'A Unix path', 'A Windows path', 'An SQL query', 'JavaScript code snippet', 'A CSS snippet', 'A Python one-liner', 'An IP address', 'A domain name', 'A user agent string', 'A credit card number', 'A phone number', 'A UUID', 'A hashtag', 'A Twitter handle', 'A password', 'A date in common format', 'A time string', 'A mathematical equation']\nassert not ['A simple string', 'An integer', 'A dictionary', 'Chinese characters', 'Emojis', 'Lorem ipsum text', ...]","time":{"start":1715484006391,"stop":1715484010901,"duration":4510}},{"uid":"ea11e91c47d9b507","reportUrl":"https://waku-org.github.io/waku-interop-tests/go/121//#testresult/ea11e91c47d9b507","status":"failed","statusDetails":"AssertionError: Payloads failed: ['A simple string', 'An integer', 'A dictionary', 'Chinese characters', 'Emojis', 'Lorem ipsum text', 'HTML content', 'Cyrillic characters', 'Base64 encoded string', 'Binary data', 'Special characters with whitespace', 'Boolean false as a string', 'A float number', 'A list', 'Hexadecimal number as a string', 'Email format', 'URL format', 'Date and time in ISO format', 'String with escaped quotes', 'A regular expression', 'A very long string', 'A JSON string', 'A Unix path', 'A Windows path', 'An SQL query', 'JavaScript code snippet', 'A CSS snippet', 'A Python one-liner', 'An IP address', 'A domain name', 'A user agent string', 'A credit card number', 'A phone number', 'A UUID', 'A hashtag', 'A Twitter handle', 'A password', 'A date in common format', 'A time string', 'A mathematical equation']\nassert not ['A simple string', 'An integer', 'A dictionary', 'Chinese characters', 'Emojis', 'Lorem ipsum text', ...]","time":{"start":1715397667242,"stop":1715397671735,"duration":4493}},{"uid":"af842944e7da1952","reportUrl":"https://waku-org.github.io/waku-interop-tests/go/120//#testresult/af842944e7da1952","status":"failed","statusDetails":"AssertionError: Payloads failed: ['A simple string', 'An integer', 'A dictionary', 'Chinese characters', 'Emojis', 'Lorem ipsum text', 'HTML content', 'Cyrillic characters', 'Base64 encoded string', 'Binary data', 'Special characters with whitespace', 'Boolean false as a string', 'A float number', 'A list', 'Hexadecimal number as a string', 'Email format', 'URL format', 'Date and time in ISO format', 'String with escaped quotes', 'A regular expression', 'A very long string', 'A JSON string', 'A Unix path', 'A Windows path', 'An SQL query', 'JavaScript code snippet', 'A CSS snippet', 'A Python one-liner', 'An IP address', 'A domain name', 'A user agent string', 'A credit card number', 'A phone number', 'A UUID', 'A hashtag', 'A Twitter handle', 'A password', 'A date in common format', 'A time string', 'A mathematical equation']\nassert not ['A simple string', 'An integer', 'A dictionary', 'Chinese characters', 'Emojis', 'Lorem ipsum text', ...]","time":{"start":1715311220955,"stop":1715311225492,"duration":4537}},{"uid":"f83de5b254860548","reportUrl":"https://waku-org.github.io/waku-interop-tests/go/118//#testresult/f83de5b254860548","status":"failed","statusDetails":"AssertionError: Payloads failed: ['A simple string', 'An integer', 'A dictionary', 'Chinese characters', 'Emojis', 'Lorem ipsum text', 'HTML content', 'Cyrillic characters', 'Base64 encoded string', 'Binary data', 'Special characters with whitespace', 'Boolean false as a string', 'A float number', 'A list', 'Hexadecimal number as a string', 'Email format', 'URL format', 'Date and time in ISO format', 'String with escaped quotes', 'A regular expression', 'A very long string', 'A JSON string', 'A Unix path', 'A Windows path', 'An SQL query', 'JavaScript code snippet', 'A CSS snippet', 'A Python one-liner', 'An IP address', 'A domain name', 'A user agent string', 'A credit card number', 'A phone number', 'A UUID', 'A hashtag', 'A Twitter handle', 'A password', 'A date in common format', 'A time string', 'A mathematical equation']\nassert not ['A simple string', 'An integer', 'A dictionary', 'Chinese characters', 'Emojis', 'Lorem ipsum text', ...]","time":{"start":1715138505059,"stop":1715138509573,"duration":4514}},{"uid":"e9016ea3e4fd1472","reportUrl":"https://waku-org.github.io/waku-interop-tests/go/117//#testresult/e9016ea3e4fd1472","status":"broken","statusDetails":"requests.exceptions.ConnectionError: HTTPConnectionPool(host='127.0.0.1', port=32863): Max retries exceeded with url: /debug/v1/info (Caused by NewConnectionError('<urllib3.connection.HTTPConnection object at 0x7f903f3eeba0>: Failed to establish a new connection: [Errno 111] Connection refused'))","time":{"start":1715052115120,"stop":1715052115120,"duration":0}},{"uid":"9f6353c124e38ad2","reportUrl":"https://waku-org.github.io/waku-interop-tests/go/116//#testresult/9f6353c124e38ad2","status":"failed","statusDetails":"AssertionError: Payloads failed: ['A simple string', 'An integer', 'A dictionary', 'Chinese characters', 'Emojis', 'Lorem ipsum text', 'HTML content', 'Cyrillic characters', 'Base64 encoded string', 'Binary data', 'Special characters with whitespace', 'Boolean false as a string', 'A float number', 'A list', 'Hexadecimal number as a string', 'Email format', 'URL format', 'Date and time in ISO format', 'String with escaped quotes', 'A regular expression', 'A very long string', 'A JSON string', 'A Unix path', 'A Windows path', 'An SQL query', 'JavaScript code snippet', 'A CSS snippet', 'A Python one-liner', 'An IP address', 'A domain name', 'A user agent string', 'A credit card number', 'A phone number', 'A UUID', 'A hashtag', 'A Twitter handle', 'A password', 'A date in common format', 'A time string', 'A mathematical equation']\nassert not ['A simple string', 'An integer', 'A dictionary', 'Chinese characters', 'Emojis', 'Lorem ipsum text', ...]","time":{"start":1714965658551,"stop":1714965663036,"duration":4485}},{"uid":"993af629c4d3b5d","reportUrl":"https://waku-org.github.io/waku-interop-tests/go/115//#testresult/993af629c4d3b5d","status":"failed","statusDetails":"AssertionError: Payloads failed: ['A simple string', 'An integer', 'A dictionary', 'Chinese characters', 'Emojis', 'Lorem ipsum text', 'HTML content', 'Cyrillic characters', 'Base64 encoded string', 'Binary data', 'Special characters with whitespace', 'Boolean false as a string', 'A float number', 'A list', 'Hexadecimal number as a string', 'Email format', 'URL format', 'Date and time in ISO format', 'String with escaped quotes', 'A regular expression', 'A very long string', 'A JSON string', 'A Unix path', 'A Windows path', 'An SQL query', 'JavaScript code snippet', 'A CSS snippet', 'A Python one-liner', 'An IP address', 'A domain name', 'A user agent string', 'A credit card number', 'A phone number', 'A UUID', 'A hashtag', 'A Twitter handle', 'A password', 'A date in common format', 'A time string', 'A mathematical equation']\nassert not ['A simple string', 'An integer', 'A dictionary', 'Chinese characters', 'Emojis', 'Lorem ipsum text', ...]","time":{"start":1714879235116,"stop":1714879239650,"duration":4534}}]},"tags":[]},"source":"89737de3c8ee5feb.json","parameterValues":[]}