{"uid":"5b4ba95c57344ec2","name":"test_filter_get_message_while_one_peer_is_paused","fullName":"tests.filter.test_multiple_nodes.TestFilterMultipleNodes#test_filter_get_message_while_one_peer_is_paused","historyId":"f3ff2061cbf305cc91f389f53fb613cd","time":{"start":1711512841041,"stop":1711512854401,"duration":13360},"status":"skipped","statusMessage":"XFAIL Bug reported: https://github.com/waku-org/nwaku/issues/2319\n\nrequests.exceptions.JSONDecodeError: Expecting value: line 1 column 1 (char 0)","statusTrace":"/opt/hostedtoolcache/Python/3.12.2/x64/lib/python3.12/site-packages/requests/models.py:971: in json\n    return complexjson.loads(self.text, **kwargs)\n/opt/hostedtoolcache/Python/3.12.2/x64/lib/python3.12/json/__init__.py:346: in loads\n    return _default_decoder.decode(s)\n/opt/hostedtoolcache/Python/3.12.2/x64/lib/python3.12/json/decoder.py:337: in decode\n    obj, end = self.raw_decode(s, idx=_w(s, 0).end())\n/opt/hostedtoolcache/Python/3.12.2/x64/lib/python3.12/json/decoder.py:355: in raw_decode\n    raise JSONDecodeError(\"Expecting value\", s, err.value) from None\nE   json.decoder.JSONDecodeError: Expecting value: line 1 column 1 (char 0)\n\nDuring handling of the above exception, another exception occurred:\ntests/filter/test_multiple_nodes.py:27: in test_filter_get_message_while_one_peer_is_paused\n    self.setup_optional_filter_nodes()\nsrc/steps/filter.py:75: in setup_optional_filter_nodes\n    node.start(relay=\"false\", discv5_bootstrap_node=self.enr_uri, filternode=self.multiaddr_with_id)\n/opt/hostedtoolcache/Python/3.12.2/x64/lib/python3.12/site-packages/tenacity/__init__.py:289: in wrapped_f\n    return self(f, *args, **kw)\n/opt/hostedtoolcache/Python/3.12.2/x64/lib/python3.12/site-packages/tenacity/__init__.py:379: in __call__\n    do = self.iter(retry_state=retry_state)\n/opt/hostedtoolcache/Python/3.12.2/x64/lib/python3.12/site-packages/tenacity/__init__.py:325: in iter\n    raise retry_exc.reraise()\n/opt/hostedtoolcache/Python/3.12.2/x64/lib/python3.12/site-packages/tenacity/__init__.py:158: in reraise\n    raise self.last_attempt.result()\n/opt/hostedtoolcache/Python/3.12.2/x64/lib/python3.12/concurrent/futures/_base.py:449: in result\n    return self.__get_result()\n/opt/hostedtoolcache/Python/3.12.2/x64/lib/python3.12/concurrent/futures/_base.py:401: in __get_result\n    raise self._exception\n/opt/hostedtoolcache/Python/3.12.2/x64/lib/python3.12/site-packages/tenacity/__init__.py:382: in __call__\n    result = fn(*args, **kwargs)\nsrc/node/waku_node.py:125: in start\n    self.ensure_ready()\n/opt/hostedtoolcache/Python/3.12.2/x64/lib/python3.12/site-packages/tenacity/__init__.py:289: in wrapped_f\n    return self(f, *args, **kw)\n/opt/hostedtoolcache/Python/3.12.2/x64/lib/python3.12/site-packages/tenacity/__init__.py:379: in __call__\n    do = self.iter(retry_state=retry_state)\n/opt/hostedtoolcache/Python/3.12.2/x64/lib/python3.12/site-packages/tenacity/__init__.py:325: in iter\n    raise retry_exc.reraise()\n/opt/hostedtoolcache/Python/3.12.2/x64/lib/python3.12/site-packages/tenacity/__init__.py:158: in reraise\n    raise self.last_attempt.result()\n/opt/hostedtoolcache/Python/3.12.2/x64/lib/python3.12/concurrent/futures/_base.py:449: in result\n    return self.__get_result()\n/opt/hostedtoolcache/Python/3.12.2/x64/lib/python3.12/concurrent/futures/_base.py:401: in __get_result\n    raise self._exception\n/opt/hostedtoolcache/Python/3.12.2/x64/lib/python3.12/site-packages/tenacity/__init__.py:382: in __call__\n    result = fn(*args, **kwargs)\nsrc/node/waku_node.py:190: in ensure_ready\n    self.info_response = self.info()\nsrc/node/waku_node.py:210: in info\n    return self._api.info()\nsrc/node/api_clients/rest.py:20: in info\n    return info_response.json()\n/opt/hostedtoolcache/Python/3.12.2/x64/lib/python3.12/site-packages/requests/models.py:975: in json\n    raise RequestsJSONDecodeError(e.msg, e.doc, e.pos)\nE   requests.exceptions.JSONDecodeError: Expecting value: line 1 column 1 (char 0)","flaky":false,"newFailed":false,"newBroken":false,"newPassed":false,"retriesCount":0,"retriesStatusChange":false,"beforeStages":[{"name":"set_allure_env_variables","time":{"start":1711512719578,"stop":1711512719578,"duration":0},"status":"passed","steps":[],"attachments":[],"parameters":[],"shouldDisplayMessage":false,"stepsCount":0,"attachmentsCount":0,"hasContent":false,"attachmentStep":false},{"name":"test_id","time":{"start":1711512837722,"stop":1711512837723,"duration":1},"status":"passed","steps":[],"attachments":[],"parameters":[],"shouldDisplayMessage":false,"stepsCount":0,"attachmentsCount":0,"hasContent":false,"attachmentStep":false},{"name":"attach_logs_on_fail","time":{"start":1711512837722,"stop":1711512837722,"duration":0},"status":"passed","steps":[],"attachments":[],"parameters":[],"shouldDisplayMessage":false,"stepsCount":0,"attachmentsCount":0,"hasContent":false,"attachmentStep":false},{"name":"close_open_nodes","time":{"start":1711512837722,"stop":1711512837722,"duration":0},"status":"passed","steps":[],"attachments":[],"parameters":[],"shouldDisplayMessage":false,"stepsCount":0,"attachmentsCount":0,"hasContent":false,"attachmentStep":false},{"name":"test_setup","time":{"start":1711512837723,"stop":1711512837723,"duration":0},"status":"passed","steps":[],"attachments":[],"parameters":[],"shouldDisplayMessage":false,"stepsCount":0,"attachmentsCount":0,"hasContent":false,"attachmentStep":false},{"name":"setup_main_relay_node","time":{"start":1711512837723,"stop":1711512839637,"duration":1914},"status":"passed","steps":[],"attachments":[],"parameters":[],"shouldDisplayMessage":false,"stepsCount":0,"attachmentsCount":0,"hasContent":false,"attachmentStep":false},{"name":"filter_setup","time":{"start":1711512837723,"stop":1711512837723,"duration":0},"status":"passed","steps":[],"attachments":[],"parameters":[],"shouldDisplayMessage":false,"stepsCount":0,"attachmentsCount":0,"hasContent":false,"attachmentStep":false},{"name":"setup_main_filter_node","time":{"start":1711512839637,"stop":1711512841040,"duration":1403},"status":"passed","steps":[],"attachments":[],"parameters":[],"shouldDisplayMessage":false,"stepsCount":0,"attachmentsCount":0,"hasContent":false,"attachmentStep":false}],"testStage":{"status":"skipped","statusMessage":"XFAIL Bug reported: https://github.com/waku-org/nwaku/issues/2319\n\nrequests.exceptions.JSONDecodeError: Expecting value: line 1 column 1 (char 0)","statusTrace":"/opt/hostedtoolcache/Python/3.12.2/x64/lib/python3.12/site-packages/requests/models.py:971: in json\n    return complexjson.loads(self.text, **kwargs)\n/opt/hostedtoolcache/Python/3.12.2/x64/lib/python3.12/json/__init__.py:346: in loads\n    return _default_decoder.decode(s)\n/opt/hostedtoolcache/Python/3.12.2/x64/lib/python3.12/json/decoder.py:337: in decode\n    obj, end = self.raw_decode(s, idx=_w(s, 0).end())\n/opt/hostedtoolcache/Python/3.12.2/x64/lib/python3.12/json/decoder.py:355: in raw_decode\n    raise JSONDecodeError(\"Expecting value\", s, err.value) from None\nE   json.decoder.JSONDecodeError: Expecting value: line 1 column 1 (char 0)\n\nDuring handling of the above exception, another exception occurred:\ntests/filter/test_multiple_nodes.py:27: in test_filter_get_message_while_one_peer_is_paused\n    self.setup_optional_filter_nodes()\nsrc/steps/filter.py:75: in setup_optional_filter_nodes\n    node.start(relay=\"false\", discv5_bootstrap_node=self.enr_uri, filternode=self.multiaddr_with_id)\n/opt/hostedtoolcache/Python/3.12.2/x64/lib/python3.12/site-packages/tenacity/__init__.py:289: in wrapped_f\n    return self(f, *args, **kw)\n/opt/hostedtoolcache/Python/3.12.2/x64/lib/python3.12/site-packages/tenacity/__init__.py:379: in __call__\n    do = self.iter(retry_state=retry_state)\n/opt/hostedtoolcache/Python/3.12.2/x64/lib/python3.12/site-packages/tenacity/__init__.py:325: in iter\n    raise retry_exc.reraise()\n/opt/hostedtoolcache/Python/3.12.2/x64/lib/python3.12/site-packages/tenacity/__init__.py:158: in reraise\n    raise self.last_attempt.result()\n/opt/hostedtoolcache/Python/3.12.2/x64/lib/python3.12/concurrent/futures/_base.py:449: in result\n    return self.__get_result()\n/opt/hostedtoolcache/Python/3.12.2/x64/lib/python3.12/concurrent/futures/_base.py:401: in __get_result\n    raise self._exception\n/opt/hostedtoolcache/Python/3.12.2/x64/lib/python3.12/site-packages/tenacity/__init__.py:382: in __call__\n    result = fn(*args, **kwargs)\nsrc/node/waku_node.py:125: in start\n    self.ensure_ready()\n/opt/hostedtoolcache/Python/3.12.2/x64/lib/python3.12/site-packages/tenacity/__init__.py:289: in wrapped_f\n    return self(f, *args, **kw)\n/opt/hostedtoolcache/Python/3.12.2/x64/lib/python3.12/site-packages/tenacity/__init__.py:379: in __call__\n    do = self.iter(retry_state=retry_state)\n/opt/hostedtoolcache/Python/3.12.2/x64/lib/python3.12/site-packages/tenacity/__init__.py:325: in iter\n    raise retry_exc.reraise()\n/opt/hostedtoolcache/Python/3.12.2/x64/lib/python3.12/site-packages/tenacity/__init__.py:158: in reraise\n    raise self.last_attempt.result()\n/opt/hostedtoolcache/Python/3.12.2/x64/lib/python3.12/concurrent/futures/_base.py:449: in result\n    return self.__get_result()\n/opt/hostedtoolcache/Python/3.12.2/x64/lib/python3.12/concurrent/futures/_base.py:401: in __get_result\n    raise self._exception\n/opt/hostedtoolcache/Python/3.12.2/x64/lib/python3.12/site-packages/tenacity/__init__.py:382: in __call__\n    result = fn(*args, **kwargs)\nsrc/node/waku_node.py:190: in ensure_ready\n    self.info_response = self.info()\nsrc/node/waku_node.py:210: in info\n    return self._api.info()\nsrc/node/api_clients/rest.py:20: in info\n    return info_response.json()\n/opt/hostedtoolcache/Python/3.12.2/x64/lib/python3.12/site-packages/requests/models.py:975: in json\n    raise RequestsJSONDecodeError(e.msg, e.doc, e.pos)\nE   requests.exceptions.JSONDecodeError: Expecting value: line 1 column 1 (char 0)","steps":[],"attachments":[{"uid":"55609e4e4b5af22f","name":"log","source":"55609e4e4b5af22f.txt","type":"text/plain","size":42944}],"parameters":[],"shouldDisplayMessage":true,"stepsCount":0,"attachmentsCount":1,"hasContent":true,"attachmentStep":false},"afterStages":[{"name":"test_setup::0","time":{"start":1711512854568,"stop":1711512854569,"duration":1},"status":"passed","steps":[],"attachments":[],"parameters":[],"shouldDisplayMessage":false,"stepsCount":0,"attachmentsCount":0,"hasContent":false,"attachmentStep":false},{"name":"close_open_nodes::0","time":{"start":1711512854570,"stop":1711512862896,"duration":8326},"status":"passed","steps":[],"attachments":[],"parameters":[],"shouldDisplayMessage":false,"stepsCount":0,"attachmentsCount":0,"hasContent":false,"attachmentStep":false},{"name":"attach_logs_on_fail::0","time":{"start":1711512862897,"stop":1711512862897,"duration":0},"status":"passed","steps":[],"attachments":[],"parameters":[],"shouldDisplayMessage":false,"stepsCount":0,"attachmentsCount":0,"hasContent":false,"attachmentStep":false},{"name":"set_allure_env_variables::0","time":{"start":1711513595231,"stop":1711513595231,"duration":0},"status":"passed","steps":[],"attachments":[],"parameters":[],"shouldDisplayMessage":false,"stepsCount":0,"attachmentsCount":0,"hasContent":false,"attachmentStep":false}],"labels":[{"name":"tag","value":"@pytest.mark.xfail(True, reason='Bug reported: https://github.com/waku-org/nwaku/issues/2319')"},{"name":"tag","value":"@pytest.mark.usefixtures('setup_main_relay_node', 'setup_main_filter_node')"},{"name":"parentSuite","value":"tests.filter"},{"name":"suite","value":"test_multiple_nodes"},{"name":"subSuite","value":"TestFilterMultipleNodes"},{"name":"host","value":"fv-az1382-860"},{"name":"thread","value":"2234-MainThread"},{"name":"framework","value":"pytest"},{"name":"language","value":"cpython3"},{"name":"package","value":"tests.filter.test_multiple_nodes"},{"name":"resultFormat","value":"allure2"}],"parameters":[],"links":[],"hidden":false,"retry":false,"extra":{"severity":"normal","retries":[],"categories":[],"history":{"statistic":{"failed":0,"broken":0,"skipped":88,"passed":0,"unknown":0,"total":88},"items":[{"uid":"115f27db490d9528","reportUrl":"https://waku-org.github.io/waku-interop-tests/114//#testresult/115f27db490d9528","status":"skipped","statusDetails":"XFAIL Bug reported: https://github.com/waku-org/nwaku/issues/2319\n\nrequests.exceptions.JSONDecodeError: Expecting value: line 1 column 1 (char 0)","time":{"start":1711473640986,"stop":1711473654351,"duration":13365}},{"uid":"d731d3958bd1a102","reportUrl":"https://waku-org.github.io/waku-interop-tests/112//#testresult/d731d3958bd1a102","status":"skipped","statusDetails":"XFAIL Bug reported: https://github.com/waku-org/nwaku/issues/2319\n\nException: Error: 500 Server Error: Internal Server Error for url: http://127.0.0.1:60696/relay/v1/messages/%2Fwaku%2F2%2Frs%2F0%2F1 with response: b'Failed to publish: timedout'","time":{"start":1711426257349,"stop":1711426312334,"duration":54985}},{"uid":"97f816b5aaa9646f","reportUrl":"https://waku-org.github.io/waku-interop-tests/111//#testresult/97f816b5aaa9646f","status":"skipped","statusDetails":"XFAIL Bug reported: https://github.com/waku-org/nwaku/issues/2319\n\nException: Error: 500 Server Error: Internal Server Error for url: http://127.0.0.1:26705/relay/v1/messages/%2Fwaku%2F2%2Frs%2F0%2F1 with response: b'Failed to publish: timedout'","time":{"start":1711365015063,"stop":1711365043227,"duration":28164}},{"uid":"1e573438e47bb5c9","reportUrl":"https://waku-org.github.io/waku-interop-tests/111//#testresult/1e573438e47bb5c9","status":"skipped","statusDetails":"XFAIL Bug reported: https://github.com/waku-org/nwaku/issues/2319\n\ndocker.errors.APIError: 500 Server Error for http+docker://localhost/v1.43/images/create?tag=latest&fromImage=harbor.status.im%2Fwakuorg%2Fnwaku: Internal Server Error (\"Get \"https://harbor.status.im/v2/\": dial tcp 159.223.242.198:443: connect: connection refused\")","time":{"start":1711345385749,"stop":1711345385749,"duration":0}},{"uid":"5f24773dc85b4717","reportUrl":"https://waku-org.github.io/waku-interop-tests/111//#testresult/5f24773dc85b4717","status":"skipped","statusDetails":"XFAIL Bug reported: https://github.com/waku-org/nwaku/issues/2319\n\ndocker.errors.APIError: 500 Server Error for http+docker://localhost/v1.43/images/create?tag=latest&fromImage=harbor.status.im%2Fwakuorg%2Fnwaku: Internal Server Error (\"Get \"https://harbor.status.im/v2/\": dial tcp 159.223.242.198:443: connect: connection refused\")","time":{"start":1711339869619,"stop":1711339869619,"duration":0}},{"uid":"fc4f499aee43c7ee","reportUrl":"https://waku-org.github.io/waku-interop-tests/110//#testresult/fc4f499aee43c7ee","status":"skipped","statusDetails":"XFAIL Bug reported: https://github.com/waku-org/nwaku/issues/2319\n\nException: Error: 500 Server Error: Internal Server Error for url: http://127.0.0.1:22062/relay/v1/messages/%2Fwaku%2F2%2Frs%2F0%2F1 with response: b'Failed to publish: timedout'","time":{"start":1711253507753,"stop":1711253552618,"duration":44865}},{"uid":"f30a5c9c6b514e12","reportUrl":"https://waku-org.github.io/waku-interop-tests/109//#testresult/f30a5c9c6b514e12","status":"skipped","statusDetails":"XFAIL Bug reported: https://github.com/waku-org/nwaku/issues/2319\n\nException: Error: 500 Server Error: Internal Server Error for url: http://127.0.0.1:40629/relay/v1/messages/%2Fwaku%2F2%2Frs%2F0%2F1 with response: b'Failed to publish: timedout'","time":{"start":1711167188016,"stop":1711167209982,"duration":21966}},{"uid":"11cb9698544032f5","reportUrl":"https://waku-org.github.io/waku-interop-tests/108//#testresult/11cb9698544032f5","status":"skipped","statusDetails":"XFAIL Bug reported: https://github.com/waku-org/nwaku/issues/2319\n\nException: Error: 500 Server Error: Internal Server Error for url: http://127.0.0.1:60005/relay/v1/messages/%2Fwaku%2F2%2Frs%2F0%2F1 with response: b'Failed to publish: timedout'","time":{"start":1711112741801,"stop":1711112763453,"duration":21652}},{"uid":"ed8f774042425081","reportUrl":"https://waku-org.github.io/waku-interop-tests/107//#testresult/ed8f774042425081","status":"skipped","statusDetails":"XFAIL Bug reported: https://github.com/waku-org/nwaku/issues/2319\n\nException: Error: 500 Server Error: Internal Server Error for url: http://127.0.0.1:56729/relay/v1/messages/%2Fwaku%2F2%2Frs%2F0%2F1 with response: b'Failed to publish: timedout'","time":{"start":1711104179432,"stop":1711104213140,"duration":33708}},{"uid":"b697c42ee041fe63","reportUrl":"https://waku-org.github.io/waku-interop-tests/106//#testresult/b697c42ee041fe63","status":"skipped","statusDetails":"XFAIL Bug reported: https://github.com/waku-org/nwaku/issues/2319\n\nException: Error: 500 Server Error: Internal Server Error for url: http://127.0.0.1:8957/relay/v1/messages/%2Fwaku%2F2%2Frs%2F0%2F1 with response: b'Failed to publish: timedout'","time":{"start":1711080683143,"stop":1711080708936,"duration":25793}},{"uid":"9a4a90f3eeb133ec","reportUrl":"https://waku-org.github.io/waku-interop-tests/105//#testresult/9a4a90f3eeb133ec","status":"skipped","statusDetails":"XFAIL Bug reported: https://github.com/waku-org/nwaku/issues/2319\n\nException: Error: 500 Server Error: Internal Server Error for url: http://127.0.0.1:54987/relay/v1/messages/%2Fwaku%2F2%2Frs%2F0%2F1 with response: b'Failed to publish: timedout'","time":{"start":1710994304700,"stop":1710994315361,"duration":10661}},{"uid":"5bd5dfde5e809abf","reportUrl":"https://waku-org.github.io/waku-interop-tests/104//#testresult/5bd5dfde5e809abf","status":"skipped","statusDetails":"XFAIL Bug reported: https://github.com/waku-org/nwaku/issues/2319\n\nException: Error: 500 Server Error: Internal Server Error for url: http://127.0.0.1:15843/relay/v1/messages/%2Fwaku%2F2%2Frs%2F0%2F1 with response: b'Failed to publish: timedout'","time":{"start":1710907921433,"stop":1710907951548,"duration":30115}},{"uid":"7c103f3c53d53fba","reportUrl":"https://waku-org.github.io/waku-interop-tests/103//#testresult/7c103f3c53d53fba","status":"skipped","statusDetails":"XFAIL Bug reported: https://github.com/waku-org/nwaku/issues/2319\n\nException: Error: 500 Server Error: Internal Server Error for url: http://127.0.0.1:36268/relay/v1/messages/%2Fwaku%2F2%2Frs%2F0%2F1 with response: b'Failed to publish: timedout'","time":{"start":1710866050554,"stop":1710866065777,"duration":15223}},{"uid":"c56177abd1350ec3","reportUrl":"https://waku-org.github.io/waku-interop-tests/102//#testresult/c56177abd1350ec3","status":"skipped","statusDetails":"XFAIL Bug reported: https://github.com/waku-org/nwaku/issues/2319\n\nException: Error: 500 Server Error: Internal Server Error for url: http://127.0.0.1:27548/relay/v1/messages/%2Fwaku%2F2%2Frs%2F0%2F1 with response: b'Failed to publish: timedout'","time":{"start":1710821503483,"stop":1710821558872,"duration":55389}},{"uid":"a1c0c7b59c51b5d7","reportUrl":"https://waku-org.github.io/waku-interop-tests/101//#testresult/a1c0c7b59c51b5d7","status":"skipped","statusDetails":"XFAIL Bug reported: https://github.com/waku-org/nwaku/issues/2319\n\nException: Error: 500 Server Error: Internal Server Error for url: http://127.0.0.1:31736/relay/v1/messages/%2Fwaku%2F2%2Frs%2F0%2F1 with response: b'Failed to publish: timedout'","time":{"start":1710735081625,"stop":1710735107328,"duration":25703}},{"uid":"c4ee60135e80b9c3","reportUrl":"https://waku-org.github.io/waku-interop-tests/100//#testresult/c4ee60135e80b9c3","status":"skipped","statusDetails":"XFAIL Bug reported: https://github.com/waku-org/nwaku/issues/2319\n\nException: Error: 500 Server Error: Internal Server Error for url: http://127.0.0.1:49921/relay/v1/messages/%2Fwaku%2F2%2Frs%2F0%2F1 with response: b'Failed to publish: timedout'","time":{"start":1710648694027,"stop":1710648717359,"duration":23332}},{"uid":"f4f43c1f81abeb88","reportUrl":"https://waku-org.github.io/waku-interop-tests/99//#testresult/f4f43c1f81abeb88","status":"skipped","statusDetails":"XFAIL Bug reported: https://github.com/waku-org/nwaku/issues/2319\n\nException: Error: 500 Server Error: Internal Server Error for url: http://127.0.0.1:34792/relay/v1/messages/%2Fwaku%2F2%2Frs%2F0%2F1 with response: b'Failed to publish: timedout'","time":{"start":1710562256935,"stop":1710562313527,"duration":56592}},{"uid":"5e0a3fba34f52fb5","reportUrl":"https://waku-org.github.io/waku-interop-tests/98//#testresult/5e0a3fba34f52fb5","status":"skipped","statusDetails":"XFAIL Bug reported: https://github.com/waku-org/nwaku/issues/2319\n\nException: Error: 500 Server Error: Internal Server Error for url: http://127.0.0.1:8905/relay/v1/messages/%2Fwaku%2F2%2Frs%2F0%2F1 with response: b'Failed to publish: timedout'","time":{"start":1710475948765,"stop":1710475959149,"duration":10384}},{"uid":"6fe76d937d79b313","reportUrl":"https://waku-org.github.io/waku-interop-tests/97//#testresult/6fe76d937d79b313","status":"skipped","statusDetails":"XFAIL Bug reported: https://github.com/waku-org/nwaku/issues/2319\n\nException: Error: 500 Server Error: Internal Server Error for url: http://127.0.0.1:27874/relay/v1/messages/%2Fwaku%2F2%2Frs%2F0%2F1 with response: b'Failed to publish: timedout'","time":{"start":1710389489360,"stop":1710389509400,"duration":20040}},{"uid":"e2d008ed5494ada4","reportUrl":"https://waku-org.github.io/waku-interop-tests/96//#testresult/e2d008ed5494ada4","status":"skipped","statusDetails":"XFAIL Bug reported: https://github.com/waku-org/nwaku/issues/2319\n\nException: Error: 500 Server Error: Internal Server Error for url: http://127.0.0.1:27739/relay/v1/messages/%2Fwaku%2F2%2Frs%2F0%2F1 with response: b'Failed to publish: timedout'","time":{"start":1710303082814,"stop":1710303102951,"duration":20137}}]},"tags":["@pytest.mark.xfail(True, reason='Bug reported: https://github.com/waku-org/nwaku/issues/2319')","@pytest.mark.usefixtures('setup_main_relay_node', 'setup_main_filter_node')"]},"source":"5b4ba95c57344ec2.json","parameterValues":[]}