{"uid":"c4e6c55d1f4988a","name":"test_filter_get_message_after_one_peer_was_stopped","fullName":"tests.filter.test_multiple_nodes.TestFilterMultipleNodes#test_filter_get_message_after_one_peer_was_stopped","historyId":"640708d25b5a2a3903ada7bd81f9d792","time":{"start":1711512866085,"stop":1711512880162,"duration":14077},"status":"skipped","statusMessage":"XFAIL Bug reported: https://github.com/waku-org/nwaku/issues/2319\n\nrequests.exceptions.JSONDecodeError: Expecting value: line 1 column 1 (char 0)","statusTrace":"/opt/hostedtoolcache/Python/3.12.2/x64/lib/python3.12/site-packages/requests/models.py:971: in json\n    return complexjson.loads(self.text, **kwargs)\n/opt/hostedtoolcache/Python/3.12.2/x64/lib/python3.12/json/__init__.py:346: in loads\n    return _default_decoder.decode(s)\n/opt/hostedtoolcache/Python/3.12.2/x64/lib/python3.12/json/decoder.py:337: in decode\n    obj, end = self.raw_decode(s, idx=_w(s, 0).end())\n/opt/hostedtoolcache/Python/3.12.2/x64/lib/python3.12/json/decoder.py:355: in raw_decode\n    raise JSONDecodeError(\"Expecting value\", s, err.value) from None\nE   json.decoder.JSONDecodeError: Expecting value: line 1 column 1 (char 0)\n\nDuring handling of the above exception, another exception occurred:\ntests/filter/test_multiple_nodes.py:43: in test_filter_get_message_after_one_peer_was_stopped\n    self.setup_optional_filter_nodes()\nsrc/steps/filter.py:75: in setup_optional_filter_nodes\n    node.start(relay=\"false\", discv5_bootstrap_node=self.enr_uri, filternode=self.multiaddr_with_id)\n/opt/hostedtoolcache/Python/3.12.2/x64/lib/python3.12/site-packages/tenacity/__init__.py:289: in wrapped_f\n    return self(f, *args, **kw)\n/opt/hostedtoolcache/Python/3.12.2/x64/lib/python3.12/site-packages/tenacity/__init__.py:379: in __call__\n    do = self.iter(retry_state=retry_state)\n/opt/hostedtoolcache/Python/3.12.2/x64/lib/python3.12/site-packages/tenacity/__init__.py:325: in iter\n    raise retry_exc.reraise()\n/opt/hostedtoolcache/Python/3.12.2/x64/lib/python3.12/site-packages/tenacity/__init__.py:158: in reraise\n    raise self.last_attempt.result()\n/opt/hostedtoolcache/Python/3.12.2/x64/lib/python3.12/concurrent/futures/_base.py:449: in result\n    return self.__get_result()\n/opt/hostedtoolcache/Python/3.12.2/x64/lib/python3.12/concurrent/futures/_base.py:401: in __get_result\n    raise self._exception\n/opt/hostedtoolcache/Python/3.12.2/x64/lib/python3.12/site-packages/tenacity/__init__.py:382: in __call__\n    result = fn(*args, **kwargs)\nsrc/node/waku_node.py:125: in start\n    self.ensure_ready()\n/opt/hostedtoolcache/Python/3.12.2/x64/lib/python3.12/site-packages/tenacity/__init__.py:289: in wrapped_f\n    return self(f, *args, **kw)\n/opt/hostedtoolcache/Python/3.12.2/x64/lib/python3.12/site-packages/tenacity/__init__.py:379: in __call__\n    do = self.iter(retry_state=retry_state)\n/opt/hostedtoolcache/Python/3.12.2/x64/lib/python3.12/site-packages/tenacity/__init__.py:325: in iter\n    raise retry_exc.reraise()\n/opt/hostedtoolcache/Python/3.12.2/x64/lib/python3.12/site-packages/tenacity/__init__.py:158: in reraise\n    raise self.last_attempt.result()\n/opt/hostedtoolcache/Python/3.12.2/x64/lib/python3.12/concurrent/futures/_base.py:449: in result\n    return self.__get_result()\n/opt/hostedtoolcache/Python/3.12.2/x64/lib/python3.12/concurrent/futures/_base.py:401: in __get_result\n    raise self._exception\n/opt/hostedtoolcache/Python/3.12.2/x64/lib/python3.12/site-packages/tenacity/__init__.py:382: in __call__\n    result = fn(*args, **kwargs)\nsrc/node/waku_node.py:190: in ensure_ready\n    self.info_response = self.info()\nsrc/node/waku_node.py:210: in info\n    return self._api.info()\nsrc/node/api_clients/rest.py:20: in info\n    return info_response.json()\n/opt/hostedtoolcache/Python/3.12.2/x64/lib/python3.12/site-packages/requests/models.py:975: in json\n    raise RequestsJSONDecodeError(e.msg, e.doc, e.pos)\nE   requests.exceptions.JSONDecodeError: Expecting value: line 1 column 1 (char 0)","flaky":false,"newFailed":false,"newBroken":false,"newPassed":false,"retriesCount":0,"retriesStatusChange":false,"beforeStages":[{"name":"set_allure_env_variables","time":{"start":1711512719578,"stop":1711512719578,"duration":0},"status":"passed","steps":[],"attachments":[],"parameters":[],"shouldDisplayMessage":false,"stepsCount":0,"attachmentsCount":0,"hasContent":false,"attachmentStep":false},{"name":"attach_logs_on_fail","time":{"start":1711512862903,"stop":1711512862903,"duration":0},"status":"passed","steps":[],"attachments":[],"parameters":[],"shouldDisplayMessage":false,"stepsCount":0,"attachmentsCount":0,"hasContent":false,"attachmentStep":false},{"name":"close_open_nodes","time":{"start":1711512862903,"stop":1711512862903,"duration":0},"status":"passed","steps":[],"attachments":[],"parameters":[],"shouldDisplayMessage":false,"stepsCount":0,"attachmentsCount":0,"hasContent":false,"attachmentStep":false},{"name":"test_setup","time":{"start":1711512862903,"stop":1711512862903,"duration":0},"status":"passed","steps":[],"attachments":[],"parameters":[],"shouldDisplayMessage":false,"stepsCount":0,"attachmentsCount":0,"hasContent":false,"attachmentStep":false},{"name":"filter_setup","time":{"start":1711512862903,"stop":1711512862903,"duration":0},"status":"passed","steps":[],"attachments":[],"parameters":[],"shouldDisplayMessage":false,"stepsCount":0,"attachmentsCount":0,"hasContent":false,"attachmentStep":false},{"name":"setup_main_relay_node","time":{"start":1711512862903,"stop":1711512864436,"duration":1533},"status":"passed","steps":[],"attachments":[],"parameters":[],"shouldDisplayMessage":false,"stepsCount":0,"attachmentsCount":0,"hasContent":false,"attachmentStep":false},{"name":"test_id","time":{"start":1711512862903,"stop":1711512862903,"duration":0},"status":"passed","steps":[],"attachments":[],"parameters":[],"shouldDisplayMessage":false,"stepsCount":0,"attachmentsCount":0,"hasContent":false,"attachmentStep":false},{"name":"setup_main_filter_node","time":{"start":1711512864437,"stop":1711512866085,"duration":1648},"status":"passed","steps":[],"attachments":[],"parameters":[],"shouldDisplayMessage":false,"stepsCount":0,"attachmentsCount":0,"hasContent":false,"attachmentStep":false}],"testStage":{"status":"skipped","statusMessage":"XFAIL Bug reported: https://github.com/waku-org/nwaku/issues/2319\n\nrequests.exceptions.JSONDecodeError: Expecting value: line 1 column 1 (char 0)","statusTrace":"/opt/hostedtoolcache/Python/3.12.2/x64/lib/python3.12/site-packages/requests/models.py:971: in json\n    return complexjson.loads(self.text, **kwargs)\n/opt/hostedtoolcache/Python/3.12.2/x64/lib/python3.12/json/__init__.py:346: in loads\n    return _default_decoder.decode(s)\n/opt/hostedtoolcache/Python/3.12.2/x64/lib/python3.12/json/decoder.py:337: in decode\n    obj, end = self.raw_decode(s, idx=_w(s, 0).end())\n/opt/hostedtoolcache/Python/3.12.2/x64/lib/python3.12/json/decoder.py:355: in raw_decode\n    raise JSONDecodeError(\"Expecting value\", s, err.value) from None\nE   json.decoder.JSONDecodeError: Expecting value: line 1 column 1 (char 0)\n\nDuring handling of the above exception, another exception occurred:\ntests/filter/test_multiple_nodes.py:43: in test_filter_get_message_after_one_peer_was_stopped\n    self.setup_optional_filter_nodes()\nsrc/steps/filter.py:75: in setup_optional_filter_nodes\n    node.start(relay=\"false\", discv5_bootstrap_node=self.enr_uri, filternode=self.multiaddr_with_id)\n/opt/hostedtoolcache/Python/3.12.2/x64/lib/python3.12/site-packages/tenacity/__init__.py:289: in wrapped_f\n    return self(f, *args, **kw)\n/opt/hostedtoolcache/Python/3.12.2/x64/lib/python3.12/site-packages/tenacity/__init__.py:379: in __call__\n    do = self.iter(retry_state=retry_state)\n/opt/hostedtoolcache/Python/3.12.2/x64/lib/python3.12/site-packages/tenacity/__init__.py:325: in iter\n    raise retry_exc.reraise()\n/opt/hostedtoolcache/Python/3.12.2/x64/lib/python3.12/site-packages/tenacity/__init__.py:158: in reraise\n    raise self.last_attempt.result()\n/opt/hostedtoolcache/Python/3.12.2/x64/lib/python3.12/concurrent/futures/_base.py:449: in result\n    return self.__get_result()\n/opt/hostedtoolcache/Python/3.12.2/x64/lib/python3.12/concurrent/futures/_base.py:401: in __get_result\n    raise self._exception\n/opt/hostedtoolcache/Python/3.12.2/x64/lib/python3.12/site-packages/tenacity/__init__.py:382: in __call__\n    result = fn(*args, **kwargs)\nsrc/node/waku_node.py:125: in start\n    self.ensure_ready()\n/opt/hostedtoolcache/Python/3.12.2/x64/lib/python3.12/site-packages/tenacity/__init__.py:289: in wrapped_f\n    return self(f, *args, **kw)\n/opt/hostedtoolcache/Python/3.12.2/x64/lib/python3.12/site-packages/tenacity/__init__.py:379: in __call__\n    do = self.iter(retry_state=retry_state)\n/opt/hostedtoolcache/Python/3.12.2/x64/lib/python3.12/site-packages/tenacity/__init__.py:325: in iter\n    raise retry_exc.reraise()\n/opt/hostedtoolcache/Python/3.12.2/x64/lib/python3.12/site-packages/tenacity/__init__.py:158: in reraise\n    raise self.last_attempt.result()\n/opt/hostedtoolcache/Python/3.12.2/x64/lib/python3.12/concurrent/futures/_base.py:449: in result\n    return self.__get_result()\n/opt/hostedtoolcache/Python/3.12.2/x64/lib/python3.12/concurrent/futures/_base.py:401: in __get_result\n    raise self._exception\n/opt/hostedtoolcache/Python/3.12.2/x64/lib/python3.12/site-packages/tenacity/__init__.py:382: in __call__\n    result = fn(*args, **kwargs)\nsrc/node/waku_node.py:190: in ensure_ready\n    self.info_response = self.info()\nsrc/node/waku_node.py:210: in info\n    return self._api.info()\nsrc/node/api_clients/rest.py:20: in info\n    return info_response.json()\n/opt/hostedtoolcache/Python/3.12.2/x64/lib/python3.12/site-packages/requests/models.py:975: in json\n    raise RequestsJSONDecodeError(e.msg, e.doc, e.pos)\nE   requests.exceptions.JSONDecodeError: Expecting value: line 1 column 1 (char 0)","steps":[],"attachments":[{"uid":"a9e6553c2c694a4e","name":"log","source":"a9e6553c2c694a4e.txt","type":"text/plain","size":42967}],"parameters":[],"shouldDisplayMessage":true,"stepsCount":0,"attachmentsCount":1,"hasContent":true,"attachmentStep":false},"afterStages":[{"name":"test_setup::0","time":{"start":1711512880279,"stop":1711512880280,"duration":1},"status":"passed","steps":[],"attachments":[],"parameters":[],"shouldDisplayMessage":false,"stepsCount":0,"attachmentsCount":0,"hasContent":false,"attachmentStep":false},{"name":"close_open_nodes::0","time":{"start":1711512880281,"stop":1711512888939,"duration":8658},"status":"passed","steps":[],"attachments":[],"parameters":[],"shouldDisplayMessage":false,"stepsCount":0,"attachmentsCount":0,"hasContent":false,"attachmentStep":false},{"name":"attach_logs_on_fail::0","time":{"start":1711512888939,"stop":1711512888939,"duration":0},"status":"passed","steps":[],"attachments":[],"parameters":[],"shouldDisplayMessage":false,"stepsCount":0,"attachmentsCount":0,"hasContent":false,"attachmentStep":false},{"name":"set_allure_env_variables::0","time":{"start":1711513595231,"stop":1711513595231,"duration":0},"status":"passed","steps":[],"attachments":[],"parameters":[],"shouldDisplayMessage":false,"stepsCount":0,"attachmentsCount":0,"hasContent":false,"attachmentStep":false}],"labels":[{"name":"tag","value":"@pytest.mark.xfail(True, reason='Bug reported: https://github.com/waku-org/nwaku/issues/2319')"},{"name":"tag","value":"@pytest.mark.usefixtures('setup_main_relay_node', 'setup_main_filter_node')"},{"name":"parentSuite","value":"tests.filter"},{"name":"suite","value":"test_multiple_nodes"},{"name":"subSuite","value":"TestFilterMultipleNodes"},{"name":"host","value":"fv-az1382-860"},{"name":"thread","value":"2234-MainThread"},{"name":"framework","value":"pytest"},{"name":"language","value":"cpython3"},{"name":"package","value":"tests.filter.test_multiple_nodes"},{"name":"resultFormat","value":"allure2"}],"parameters":[],"links":[],"hidden":false,"retry":false,"extra":{"severity":"normal","retries":[],"categories":[],"history":{"statistic":{"failed":0,"broken":0,"skipped":88,"passed":0,"unknown":0,"total":88},"items":[{"uid":"186137dd5af20c34","reportUrl":"https://waku-org.github.io/waku-interop-tests/114//#testresult/186137dd5af20c34","status":"skipped","statusDetails":"XFAIL Bug reported: https://github.com/waku-org/nwaku/issues/2319\n\nrequests.exceptions.JSONDecodeError: Expecting value: line 1 column 1 (char 0)","time":{"start":1711473666270,"stop":1711473679578,"duration":13308}},{"uid":"ff57a1c995f2e9e2","reportUrl":"https://waku-org.github.io/waku-interop-tests/112//#testresult/ff57a1c995f2e9e2","status":"skipped","statusDetails":"XFAIL Bug reported: https://github.com/waku-org/nwaku/issues/2319\n\nException: Error: 500 Server Error: Internal Server Error for url: http://127.0.0.1:57551/relay/v1/messages/%2Fwaku%2F2%2Frs%2F0%2F1 with response: b'Failed to publish: timedout'","time":{"start":1711426325678,"stop":1711426356957,"duration":31279}},{"uid":"96875615a9e9c1f8","reportUrl":"https://waku-org.github.io/waku-interop-tests/111//#testresult/96875615a9e9c1f8","status":"skipped","statusDetails":"XFAIL Bug reported: https://github.com/waku-org/nwaku/issues/2319\n\nException: Error: 500 Server Error: Internal Server Error for url: http://127.0.0.1:65035/relay/v1/messages/%2Fwaku%2F2%2Frs%2F0%2F1 with response: b'Failed to publish: timedout'","time":{"start":1711365055369,"stop":1711365111013,"duration":55644}},{"uid":"e63a24d6b33b1b8f","reportUrl":"https://waku-org.github.io/waku-interop-tests/111//#testresult/e63a24d6b33b1b8f","status":"skipped","statusDetails":"XFAIL Bug reported: https://github.com/waku-org/nwaku/issues/2319\n\ndocker.errors.APIError: 500 Server Error for http+docker://localhost/v1.43/images/create?tag=latest&fromImage=harbor.status.im%2Fwakuorg%2Fnwaku: Internal Server Error (\"Get \"https://harbor.status.im/v2/\": dial tcp 159.223.242.198:443: connect: connection refused\")","time":{"start":1711345391121,"stop":1711345391121,"duration":0}},{"uid":"4f1dbc38b6891117","reportUrl":"https://waku-org.github.io/waku-interop-tests/111//#testresult/4f1dbc38b6891117","status":"skipped","statusDetails":"XFAIL Bug reported: https://github.com/waku-org/nwaku/issues/2319\n\ndocker.errors.APIError: 500 Server Error for http+docker://localhost/v1.43/images/create?tag=latest&fromImage=harbor.status.im%2Fwakuorg%2Fnwaku: Internal Server Error (\"Get \"https://harbor.status.im/v2/\": dial tcp 159.223.242.198:443: connect: connection refused\")","time":{"start":1711339875059,"stop":1711339875059,"duration":0}},{"uid":"3fb24011445c03ab","reportUrl":"https://waku-org.github.io/waku-interop-tests/110//#testresult/3fb24011445c03ab","status":"skipped","statusDetails":"XFAIL Bug reported: https://github.com/waku-org/nwaku/issues/2319\n\nException: Error: 500 Server Error: Internal Server Error for url: http://127.0.0.1:56656/relay/v1/messages/%2Fwaku%2F2%2Frs%2F0%2F1 with response: b'Failed to publish: timedout'","time":{"start":1711253565075,"stop":1711253580493,"duration":15418}},{"uid":"cf1713126caf2d2e","reportUrl":"https://waku-org.github.io/waku-interop-tests/109//#testresult/cf1713126caf2d2e","status":"skipped","statusDetails":"XFAIL Bug reported: https://github.com/waku-org/nwaku/issues/2319\n\nException: Error: 500 Server Error: Internal Server Error for url: http://127.0.0.1:38526/relay/v1/messages/%2Fwaku%2F2%2Frs%2F0%2F1 with response: b'Failed to publish: timedout'","time":{"start":1711167223252,"stop":1711167244327,"duration":21075}},{"uid":"84d57d65d4da9064","reportUrl":"https://waku-org.github.io/waku-interop-tests/108//#testresult/84d57d65d4da9064","status":"skipped","statusDetails":"XFAIL Bug reported: https://github.com/waku-org/nwaku/issues/2319\n\nException: Error: 500 Server Error: Internal Server Error for url: http://127.0.0.1:34224/relay/v1/messages/%2Fwaku%2F2%2Frs%2F0%2F1 with response: b'Failed to publish: timedout'","time":{"start":1711112778004,"stop":1711112797972,"duration":19968}},{"uid":"38cdaf33274b9aa5","reportUrl":"https://waku-org.github.io/waku-interop-tests/107//#testresult/38cdaf33274b9aa5","status":"skipped","statusDetails":"XFAIL Bug reported: https://github.com/waku-org/nwaku/issues/2319\n\nException: Error: 500 Server Error: Internal Server Error for url: http://127.0.0.1:57894/relay/v1/messages/%2Fwaku%2F2%2Frs%2F0%2F1 with response: b'Failed to publish: timedout'","time":{"start":1711104225662,"stop":1711104273675,"duration":48013}},{"uid":"1af00af5fec1faaf","reportUrl":"https://waku-org.github.io/waku-interop-tests/106//#testresult/1af00af5fec1faaf","status":"skipped","statusDetails":"XFAIL Bug reported: https://github.com/waku-org/nwaku/issues/2319\n\nException: Error: 500 Server Error: Internal Server Error for url: http://127.0.0.1:12163/relay/v1/messages/%2Fwaku%2F2%2Frs%2F0%2F1 with response: b'Failed to publish: timedout'","time":{"start":1711080721636,"stop":1711080737925,"duration":16289}},{"uid":"34527f6404f5c7cb","reportUrl":"https://waku-org.github.io/waku-interop-tests/105//#testresult/34527f6404f5c7cb","status":"skipped","statusDetails":"XFAIL Bug reported: https://github.com/waku-org/nwaku/issues/2319\n\nException: Error: 500 Server Error: Internal Server Error for url: http://127.0.0.1:32956/relay/v1/messages/%2Fwaku%2F2%2Frs%2F0%2F1 with response: b'Failed to publish: timedout'","time":{"start":1710994328158,"stop":1710994354042,"duration":25884}},{"uid":"be2b2c5952add291","reportUrl":"https://waku-org.github.io/waku-interop-tests/104//#testresult/be2b2c5952add291","status":"skipped","statusDetails":"XFAIL Bug reported: https://github.com/waku-org/nwaku/issues/2319\n\nException: Error: 500 Server Error: Internal Server Error for url: http://127.0.0.1:58296/relay/v1/messages/%2Fwaku%2F2%2Frs%2F0%2F1 with response: b'Failed to publish: timedout'","time":{"start":1710907964140,"stop":1710907980099,"duration":15959}},{"uid":"6edba4bdddda9965","reportUrl":"https://waku-org.github.io/waku-interop-tests/103//#testresult/6edba4bdddda9965","status":"skipped","statusDetails":"XFAIL Bug reported: https://github.com/waku-org/nwaku/issues/2319\n\nException: Error: 500 Server Error: Internal Server Error for url: http://127.0.0.1:19357/relay/v1/messages/%2Fwaku%2F2%2Frs%2F0%2F1 with response: b'Failed to publish: timedout'","time":{"start":1710866080622,"stop":1710866120654,"duration":40032}},{"uid":"86bb927f11a92137","reportUrl":"https://waku-org.github.io/waku-interop-tests/102//#testresult/86bb927f11a92137","status":"skipped","statusDetails":"XFAIL Bug reported: https://github.com/waku-org/nwaku/issues/2319\n\nException: Error: 500 Server Error: Internal Server Error for url: http://127.0.0.1:10962/relay/v1/messages/%2Fwaku%2F2%2Frs%2F0%2F1 with response: b'Failed to publish: timedout'","time":{"start":1710821571834,"stop":1710821595318,"duration":23484}},{"uid":"5743bd081198131e","reportUrl":"https://waku-org.github.io/waku-interop-tests/101//#testresult/5743bd081198131e","status":"skipped","statusDetails":"XFAIL Bug reported: https://github.com/waku-org/nwaku/issues/2319\n\nException: Error: 500 Server Error: Internal Server Error for url: http://127.0.0.1:52557/relay/v1/messages/%2Fwaku%2F2%2Frs%2F0%2F1 with response: b'Failed to publish: timedout'","time":{"start":1710735121854,"stop":1710735148177,"duration":26323}},{"uid":"1c261c5435a06822","reportUrl":"https://waku-org.github.io/waku-interop-tests/100//#testresult/1c261c5435a06822","status":"skipped","statusDetails":"XFAIL Bug reported: https://github.com/waku-org/nwaku/issues/2319\n\nrequests.exceptions.ReadTimeout: HTTPConnectionPool(host='127.0.0.1', port=4999): Read timed out. (read timeout=10)","time":{"start":1710648730145,"stop":1710648800356,"duration":70211}},{"uid":"31f96e69f4227a5d","reportUrl":"https://waku-org.github.io/waku-interop-tests/99//#testresult/31f96e69f4227a5d","status":"skipped","statusDetails":"XFAIL Bug reported: https://github.com/waku-org/nwaku/issues/2319\n\nException: Error: 500 Server Error: Internal Server Error for url: http://127.0.0.1:34121/relay/v1/messages/%2Fwaku%2F2%2Frs%2F0%2F1 with response: b'Failed to publish: timedout'","time":{"start":1710562327690,"stop":1710562401053,"duration":73363}},{"uid":"e1f6e934b4f2b4a5","reportUrl":"https://waku-org.github.io/waku-interop-tests/98//#testresult/e1f6e934b4f2b4a5","status":"skipped","statusDetails":"XFAIL Bug reported: https://github.com/waku-org/nwaku/issues/2319\n\nException: Error: 500 Server Error: Internal Server Error for url: http://127.0.0.1:64090/relay/v1/messages/%2Fwaku%2F2%2Frs%2F0%2F1 with response: b'Failed to publish: timedout'","time":{"start":1710475970975,"stop":1710475991823,"duration":20848}},{"uid":"d84309cf21c670aa","reportUrl":"https://waku-org.github.io/waku-interop-tests/97//#testresult/d84309cf21c670aa","status":"skipped","statusDetails":"XFAIL Bug reported: https://github.com/waku-org/nwaku/issues/2319\n\nException: Error: 500 Server Error: Internal Server Error for url: http://127.0.0.1:39156/relay/v1/messages/%2Fwaku%2F2%2Frs%2F0%2F1 with response: b'Failed to publish: timedout'","time":{"start":1710389523485,"stop":1710389550997,"duration":27512}},{"uid":"5eb6ae05f40602a1","reportUrl":"https://waku-org.github.io/waku-interop-tests/96//#testresult/5eb6ae05f40602a1","status":"skipped","statusDetails":"XFAIL Bug reported: https://github.com/waku-org/nwaku/issues/2319\n\nException: Error: 500 Server Error: Internal Server Error for url: http://127.0.0.1:18141/relay/v1/messages/%2Fwaku%2F2%2Frs%2F0%2F1 with response: b'Failed to publish: timedout'","time":{"start":1710303115994,"stop":1710303140683,"duration":24689}}]},"tags":["@pytest.mark.xfail(True, reason='Bug reported: https://github.com/waku-org/nwaku/issues/2319')","@pytest.mark.usefixtures('setup_main_relay_node', 'setup_main_filter_node')"]},"source":"c4e6c55d1f4988a.json","parameterValues":[]}