{"uid":"943814c7681fd392","name":"test_filter_get_message_after_one_peer_was_stopped","fullName":"tests.filter.test_multiple_nodes.TestFilterMultipleNodes#test_filter_get_message_after_one_peer_was_stopped","historyId":"640708d25b5a2a3903ada7bd81f9d792","time":{"start":1711509076972,"stop":1711509076972,"duration":0},"status":"skipped","statusMessage":"XFAIL Bug reported: https://github.com/waku-org/nwaku/issues/2319\n\nrequests.exceptions.JSONDecodeError: Expecting value: line 1 column 1 (char 0)","statusTrace":"/opt/hostedtoolcache/Python/3.12.2/x64/lib/python3.12/site-packages/requests/models.py:971: in json\n    return complexjson.loads(self.text, **kwargs)\n/opt/hostedtoolcache/Python/3.12.2/x64/lib/python3.12/json/__init__.py:346: in loads\n    return _default_decoder.decode(s)\n/opt/hostedtoolcache/Python/3.12.2/x64/lib/python3.12/json/decoder.py:337: in decode\n    obj, end = self.raw_decode(s, idx=_w(s, 0).end())\n/opt/hostedtoolcache/Python/3.12.2/x64/lib/python3.12/json/decoder.py:355: in raw_decode\n    raise JSONDecodeError(\"Expecting value\", s, err.value) from None\nE   json.decoder.JSONDecodeError: Expecting value: line 1 column 1 (char 0)\n\nDuring handling of the above exception, another exception occurred:\nsrc/steps/filter.py:40: in setup_main_filter_node\n    self.node2.start(relay=\"false\", discv5_bootstrap_node=self.enr_uri, filternode=self.multiaddr_with_id)\n/opt/hostedtoolcache/Python/3.12.2/x64/lib/python3.12/site-packages/tenacity/__init__.py:289: in wrapped_f\n    return self(f, *args, **kw)\n/opt/hostedtoolcache/Python/3.12.2/x64/lib/python3.12/site-packages/tenacity/__init__.py:379: in __call__\n    do = self.iter(retry_state=retry_state)\n/opt/hostedtoolcache/Python/3.12.2/x64/lib/python3.12/site-packages/tenacity/__init__.py:325: in iter\n    raise retry_exc.reraise()\n/opt/hostedtoolcache/Python/3.12.2/x64/lib/python3.12/site-packages/tenacity/__init__.py:158: in reraise\n    raise self.last_attempt.result()\n/opt/hostedtoolcache/Python/3.12.2/x64/lib/python3.12/concurrent/futures/_base.py:449: in result\n    return self.__get_result()\n/opt/hostedtoolcache/Python/3.12.2/x64/lib/python3.12/concurrent/futures/_base.py:401: in __get_result\n    raise self._exception\n/opt/hostedtoolcache/Python/3.12.2/x64/lib/python3.12/site-packages/tenacity/__init__.py:382: in __call__\n    result = fn(*args, **kwargs)\nsrc/node/waku_node.py:125: in start\n    self.ensure_ready()\n/opt/hostedtoolcache/Python/3.12.2/x64/lib/python3.12/site-packages/tenacity/__init__.py:289: in wrapped_f\n    return self(f, *args, **kw)\n/opt/hostedtoolcache/Python/3.12.2/x64/lib/python3.12/site-packages/tenacity/__init__.py:379: in __call__\n    do = self.iter(retry_state=retry_state)\n/opt/hostedtoolcache/Python/3.12.2/x64/lib/python3.12/site-packages/tenacity/__init__.py:325: in iter\n    raise retry_exc.reraise()\n/opt/hostedtoolcache/Python/3.12.2/x64/lib/python3.12/site-packages/tenacity/__init__.py:158: in reraise\n    raise self.last_attempt.result()\n/opt/hostedtoolcache/Python/3.12.2/x64/lib/python3.12/concurrent/futures/_base.py:449: in result\n    return self.__get_result()\n/opt/hostedtoolcache/Python/3.12.2/x64/lib/python3.12/concurrent/futures/_base.py:401: in __get_result\n    raise self._exception\n/opt/hostedtoolcache/Python/3.12.2/x64/lib/python3.12/site-packages/tenacity/__init__.py:382: in __call__\n    result = fn(*args, **kwargs)\nsrc/node/waku_node.py:190: in ensure_ready\n    self.info_response = self.info()\nsrc/node/waku_node.py:210: in info\n    return self._api.info()\nsrc/node/api_clients/rest.py:20: in info\n    return info_response.json()\n/opt/hostedtoolcache/Python/3.12.2/x64/lib/python3.12/site-packages/requests/models.py:975: in json\n    raise RequestsJSONDecodeError(e.msg, e.doc, e.pos)\nE   requests.exceptions.JSONDecodeError: Expecting value: line 1 column 1 (char 0)","flaky":false,"newFailed":false,"newBroken":false,"newPassed":false,"retriesCount":0,"retriesStatusChange":false,"beforeStages":[{"name":"set_allure_env_variables","time":{"start":1711508965829,"stop":1711508965829,"duration":0},"status":"passed","steps":[],"attachments":[],"parameters":[],"shouldDisplayMessage":false,"stepsCount":0,"attachmentsCount":0,"hasContent":false,"attachmentStep":false},{"name":"attach_logs_on_fail","time":{"start":1711509076973,"stop":1711509076974,"duration":1},"status":"passed","steps":[],"attachments":[],"parameters":[],"shouldDisplayMessage":false,"stepsCount":0,"attachmentsCount":0,"hasContent":false,"attachmentStep":false},{"name":"test_id","time":{"start":1711509076974,"stop":1711509076974,"duration":0},"status":"passed","steps":[],"attachments":[],"parameters":[],"shouldDisplayMessage":false,"stepsCount":0,"attachmentsCount":0,"hasContent":false,"attachmentStep":false},{"name":"filter_setup","time":{"start":1711509076974,"stop":1711509076975,"duration":1},"status":"passed","steps":[],"attachments":[],"parameters":[],"shouldDisplayMessage":false,"stepsCount":0,"attachmentsCount":0,"hasContent":false,"attachmentStep":false},{"name":"test_setup","time":{"start":1711509076974,"stop":1711509076974,"duration":0},"status":"passed","steps":[],"attachments":[],"parameters":[],"shouldDisplayMessage":false,"stepsCount":0,"attachmentsCount":0,"hasContent":false,"attachmentStep":false},{"name":"close_open_nodes","time":{"start":1711509076974,"stop":1711509076974,"duration":0},"status":"passed","steps":[],"attachments":[],"parameters":[],"shouldDisplayMessage":false,"stepsCount":0,"attachmentsCount":0,"hasContent":false,"attachmentStep":false},{"name":"setup_main_relay_node","time":{"start":1711509076975,"stop":1711509078514,"duration":1539},"status":"passed","steps":[],"attachments":[],"parameters":[],"shouldDisplayMessage":false,"stepsCount":0,"attachmentsCount":0,"hasContent":false,"attachmentStep":false},{"name":"setup_main_filter_node","time":{"start":1711509078514,"stop":1711509090413,"duration":11899},"status":"broken","statusMessage":"requests.exceptions.JSONDecodeError: Expecting value: line 1 column 1 (char 0)\n","statusTrace":"  File \"/opt/hostedtoolcache/Python/3.12.2/x64/lib/python3.12/site-packages/pluggy/_callers.py\", line 137, in _multicall\n    teardown.throw(outcome._exception)\n  File \"/opt/hostedtoolcache/Python/3.12.2/x64/lib/python3.12/site-packages/_pytest/setuponly.py\", line 36, in pytest_fixture_setup\n    return (yield)\n            ^^^^^\n  File \"/opt/hostedtoolcache/Python/3.12.2/x64/lib/python3.12/site-packages/pluggy/_callers.py\", line 77, in _multicall\n    res = hook_impl.function(*args)\n          ^^^^^^^^^^^^^^^^^^^^^^^^^\n  File \"/opt/hostedtoolcache/Python/3.12.2/x64/lib/python3.12/site-packages/_pytest/fixtures.py\", line 1140, in pytest_fixture_setup\n    result = call_fixture_func(fixturefunc, request, kwargs)\n             ^^^^^^^^^^^^^^^^^^^^^^^^^^^^^^^^^^^^^^^^^^^^^^^\n  File \"/opt/hostedtoolcache/Python/3.12.2/x64/lib/python3.12/site-packages/_pytest/fixtures.py\", line 917, in call_fixture_func\n    fixture_result = fixturefunc(**kwargs)\n                     ^^^^^^^^^^^^^^^^^^^^^\n  File \"/home/runner/work/waku-interop-tests/waku-interop-tests/src/steps/filter.py\", line 40, in setup_main_filter_node\n    self.node2.start(relay=\"false\", discv5_bootstrap_node=self.enr_uri, filternode=self.multiaddr_with_id)\n  File \"/opt/hostedtoolcache/Python/3.12.2/x64/lib/python3.12/site-packages/tenacity/__init__.py\", line 289, in wrapped_f\n    return self(f, *args, **kw)\n           ^^^^^^^^^^^^^^^^^^^^\n  File \"/opt/hostedtoolcache/Python/3.12.2/x64/lib/python3.12/site-packages/tenacity/__init__.py\", line 379, in __call__\n    do = self.iter(retry_state=retry_state)\n         ^^^^^^^^^^^^^^^^^^^^^^^^^^^^^^^^^^\n  File \"/opt/hostedtoolcache/Python/3.12.2/x64/lib/python3.12/site-packages/tenacity/__init__.py\", line 325, in iter\n    raise retry_exc.reraise()\n          ^^^^^^^^^^^^^^^^^^^\n  File \"/opt/hostedtoolcache/Python/3.12.2/x64/lib/python3.12/site-packages/tenacity/__init__.py\", line 158, in reraise\n    raise self.last_attempt.result()\n          ^^^^^^^^^^^^^^^^^^^^^^^^^^\n  File \"/opt/hostedtoolcache/Python/3.12.2/x64/lib/python3.12/concurrent/futures/_base.py\", line 449, in result\n    return self.__get_result()\n           ^^^^^^^^^^^^^^^^^^^\n  File \"/opt/hostedtoolcache/Python/3.12.2/x64/lib/python3.12/concurrent/futures/_base.py\", line 401, in __get_result\n    raise self._exception\n  File \"/opt/hostedtoolcache/Python/3.12.2/x64/lib/python3.12/site-packages/tenacity/__init__.py\", line 382, in __call__\n    result = fn(*args, **kwargs)\n             ^^^^^^^^^^^^^^^^^^^\n  File \"/home/runner/work/waku-interop-tests/waku-interop-tests/src/node/waku_node.py\", line 125, in start\n    self.ensure_ready()\n  File \"/opt/hostedtoolcache/Python/3.12.2/x64/lib/python3.12/site-packages/tenacity/__init__.py\", line 289, in wrapped_f\n    return self(f, *args, **kw)\n           ^^^^^^^^^^^^^^^^^^^^\n  File \"/opt/hostedtoolcache/Python/3.12.2/x64/lib/python3.12/site-packages/tenacity/__init__.py\", line 379, in __call__\n    do = self.iter(retry_state=retry_state)\n         ^^^^^^^^^^^^^^^^^^^^^^^^^^^^^^^^^^\n  File \"/opt/hostedtoolcache/Python/3.12.2/x64/lib/python3.12/site-packages/tenacity/__init__.py\", line 325, in iter\n    raise retry_exc.reraise()\n          ^^^^^^^^^^^^^^^^^^^\n  File \"/opt/hostedtoolcache/Python/3.12.2/x64/lib/python3.12/site-packages/tenacity/__init__.py\", line 158, in reraise\n    raise self.last_attempt.result()\n          ^^^^^^^^^^^^^^^^^^^^^^^^^^\n  File \"/opt/hostedtoolcache/Python/3.12.2/x64/lib/python3.12/concurrent/futures/_base.py\", line 449, in result\n    return self.__get_result()\n           ^^^^^^^^^^^^^^^^^^^\n  File \"/opt/hostedtoolcache/Python/3.12.2/x64/lib/python3.12/concurrent/futures/_base.py\", line 401, in __get_result\n    raise self._exception\n  File \"/opt/hostedtoolcache/Python/3.12.2/x64/lib/python3.12/site-packages/tenacity/__init__.py\", line 382, in __call__\n    result = fn(*args, **kwargs)\n             ^^^^^^^^^^^^^^^^^^^\n  File \"/home/runner/work/waku-interop-tests/waku-interop-tests/src/node/waku_node.py\", line 190, in ensure_ready\n    self.info_response = self.info()\n                         ^^^^^^^^^^^\n  File \"/home/runner/work/waku-interop-tests/waku-interop-tests/src/node/waku_node.py\", line 210, in info\n    return self._api.info()\n           ^^^^^^^^^^^^^^^^\n  File \"/home/runner/work/waku-interop-tests/waku-interop-tests/src/node/api_clients/rest.py\", line 20, in info\n    return info_response.json()\n           ^^^^^^^^^^^^^^^^^^^^\n  File \"/opt/hostedtoolcache/Python/3.12.2/x64/lib/python3.12/site-packages/requests/models.py\", line 975, in json\n    raise RequestsJSONDecodeError(e.msg, e.doc, e.pos)\n","steps":[],"attachments":[],"parameters":[],"shouldDisplayMessage":true,"stepsCount":0,"attachmentsCount":0,"hasContent":true,"attachmentStep":false}],"testStage":{"status":"skipped","statusMessage":"XFAIL Bug reported: https://github.com/waku-org/nwaku/issues/2319\n\nrequests.exceptions.JSONDecodeError: Expecting value: line 1 column 1 (char 0)","statusTrace":"/opt/hostedtoolcache/Python/3.12.2/x64/lib/python3.12/site-packages/requests/models.py:971: in json\n    return complexjson.loads(self.text, **kwargs)\n/opt/hostedtoolcache/Python/3.12.2/x64/lib/python3.12/json/__init__.py:346: in loads\n    return _default_decoder.decode(s)\n/opt/hostedtoolcache/Python/3.12.2/x64/lib/python3.12/json/decoder.py:337: in decode\n    obj, end = self.raw_decode(s, idx=_w(s, 0).end())\n/opt/hostedtoolcache/Python/3.12.2/x64/lib/python3.12/json/decoder.py:355: in raw_decode\n    raise JSONDecodeError(\"Expecting value\", s, err.value) from None\nE   json.decoder.JSONDecodeError: Expecting value: line 1 column 1 (char 0)\n\nDuring handling of the above exception, another exception occurred:\nsrc/steps/filter.py:40: in setup_main_filter_node\n    self.node2.start(relay=\"false\", discv5_bootstrap_node=self.enr_uri, filternode=self.multiaddr_with_id)\n/opt/hostedtoolcache/Python/3.12.2/x64/lib/python3.12/site-packages/tenacity/__init__.py:289: in wrapped_f\n    return self(f, *args, **kw)\n/opt/hostedtoolcache/Python/3.12.2/x64/lib/python3.12/site-packages/tenacity/__init__.py:379: in __call__\n    do = self.iter(retry_state=retry_state)\n/opt/hostedtoolcache/Python/3.12.2/x64/lib/python3.12/site-packages/tenacity/__init__.py:325: in iter\n    raise retry_exc.reraise()\n/opt/hostedtoolcache/Python/3.12.2/x64/lib/python3.12/site-packages/tenacity/__init__.py:158: in reraise\n    raise self.last_attempt.result()\n/opt/hostedtoolcache/Python/3.12.2/x64/lib/python3.12/concurrent/futures/_base.py:449: in result\n    return self.__get_result()\n/opt/hostedtoolcache/Python/3.12.2/x64/lib/python3.12/concurrent/futures/_base.py:401: in __get_result\n    raise self._exception\n/opt/hostedtoolcache/Python/3.12.2/x64/lib/python3.12/site-packages/tenacity/__init__.py:382: in __call__\n    result = fn(*args, **kwargs)\nsrc/node/waku_node.py:125: in start\n    self.ensure_ready()\n/opt/hostedtoolcache/Python/3.12.2/x64/lib/python3.12/site-packages/tenacity/__init__.py:289: in wrapped_f\n    return self(f, *args, **kw)\n/opt/hostedtoolcache/Python/3.12.2/x64/lib/python3.12/site-packages/tenacity/__init__.py:379: in __call__\n    do = self.iter(retry_state=retry_state)\n/opt/hostedtoolcache/Python/3.12.2/x64/lib/python3.12/site-packages/tenacity/__init__.py:325: in iter\n    raise retry_exc.reraise()\n/opt/hostedtoolcache/Python/3.12.2/x64/lib/python3.12/site-packages/tenacity/__init__.py:158: in reraise\n    raise self.last_attempt.result()\n/opt/hostedtoolcache/Python/3.12.2/x64/lib/python3.12/concurrent/futures/_base.py:449: in result\n    return self.__get_result()\n/opt/hostedtoolcache/Python/3.12.2/x64/lib/python3.12/concurrent/futures/_base.py:401: in __get_result\n    raise self._exception\n/opt/hostedtoolcache/Python/3.12.2/x64/lib/python3.12/site-packages/tenacity/__init__.py:382: in __call__\n    result = fn(*args, **kwargs)\nsrc/node/waku_node.py:190: in ensure_ready\n    self.info_response = self.info()\nsrc/node/waku_node.py:210: in info\n    return self._api.info()\nsrc/node/api_clients/rest.py:20: in info\n    return info_response.json()\n/opt/hostedtoolcache/Python/3.12.2/x64/lib/python3.12/site-packages/requests/models.py:975: in json\n    raise RequestsJSONDecodeError(e.msg, e.doc, e.pos)\nE   requests.exceptions.JSONDecodeError: Expecting value: line 1 column 1 (char 0)","steps":[],"attachments":[{"uid":"4b3a027e7a7742d7","name":"log","source":"4b3a027e7a7742d7.txt","type":"text/plain","size":37231}],"parameters":[],"shouldDisplayMessage":true,"stepsCount":0,"attachmentsCount":1,"hasContent":true,"attachmentStep":false},"afterStages":[{"name":"test_setup::0","time":{"start":1711509090585,"stop":1711509090586,"duration":1},"status":"passed","steps":[],"attachments":[],"parameters":[],"shouldDisplayMessage":false,"stepsCount":0,"attachmentsCount":0,"hasContent":false,"attachmentStep":false},{"name":"close_open_nodes::0","time":{"start":1711509090587,"stop":1711509094673,"duration":4086},"status":"passed","steps":[],"attachments":[],"parameters":[],"shouldDisplayMessage":false,"stepsCount":0,"attachmentsCount":0,"hasContent":false,"attachmentStep":false},{"name":"attach_logs_on_fail::0","time":{"start":1711509094674,"stop":1711509094674,"duration":0},"status":"passed","steps":[],"attachments":[],"parameters":[],"shouldDisplayMessage":false,"stepsCount":0,"attachmentsCount":0,"hasContent":false,"attachmentStep":false},{"name":"set_allure_env_variables::0","time":{"start":1711509997184,"stop":1711509997184,"duration":0},"status":"passed","steps":[],"attachments":[],"parameters":[],"shouldDisplayMessage":false,"stepsCount":0,"attachmentsCount":0,"hasContent":false,"attachmentStep":false}],"labels":[{"name":"tag","value":"@pytest.mark.xfail(True, reason='Bug reported: https://github.com/waku-org/nwaku/issues/2319')"},{"name":"tag","value":"@pytest.mark.usefixtures('setup_main_relay_node', 'setup_main_filter_node')"},{"name":"parentSuite","value":"tests.filter"},{"name":"suite","value":"test_multiple_nodes"},{"name":"subSuite","value":"TestFilterMultipleNodes"},{"name":"host","value":"fv-az975-963"},{"name":"thread","value":"2156-MainThread"},{"name":"framework","value":"pytest"},{"name":"language","value":"cpython3"},{"name":"package","value":"tests.filter.test_multiple_nodes"},{"name":"resultFormat","value":"allure2"}],"parameters":[],"links":[],"hidden":false,"retry":false,"extra":{"severity":"normal","retries":[],"categories":[],"history":{"statistic":{"failed":0,"broken":0,"skipped":31,"passed":50,"unknown":0,"total":81},"items":[{"uid":"2c5800b49dd07ea6","reportUrl":"https://waku-org.github.io/waku-interop-tests/55//#testresult/2c5800b49dd07ea6","status":"passed","statusDetails":"XPASS Bug reported: https://github.com/waku-org/nwaku/issues/2319","time":{"start":1711422678625,"stop":1711422708919,"duration":30294}},{"uid":"188291b3e8f92025","reportUrl":"https://waku-org.github.io/waku-interop-tests/54//#testresult/188291b3e8f92025","status":"skipped","statusDetails":"XFAIL Bug reported: https://github.com/waku-org/nwaku/issues/2319\n\nException: Error: 500 Server Error: Internal Server Error for url: http://127.0.0.1:34544/relay/v1/messages/%2Fwaku%2F2%2Frs%2F0%2F1 with response: b'Failed to publish: timedout'","time":{"start":1711364995299,"stop":1711365033983,"duration":38684}},{"uid":"7070beb995b52e70","reportUrl":"https://waku-org.github.io/waku-interop-tests/54//#testresult/7070beb995b52e70","status":"skipped","statusDetails":"XFAIL Bug reported: https://github.com/waku-org/nwaku/issues/2319\n\ndocker.errors.APIError: 500 Server Error for http+docker://localhost/v1.43/images/create?tag=latest&fromImage=harbor.status.im%2Fwakuorg%2Fnwaku: Internal Server Error (\"Get \"https://harbor.status.im/v2/\": dial tcp 159.223.242.198:443: connect: connection refused\")","time":{"start":1711336301733,"stop":1711336301733,"duration":0}},{"uid":"1092ba738a6769f2","reportUrl":"https://waku-org.github.io/waku-interop-tests/53//#testresult/1092ba738a6769f2","status":"passed","statusDetails":"XPASS Bug reported: https://github.com/waku-org/nwaku/issues/2319","time":{"start":1711249868533,"stop":1711249895970,"duration":27437}},{"uid":"e5a143f48fd8893d","reportUrl":"https://waku-org.github.io/waku-interop-tests/52//#testresult/e5a143f48fd8893d","status":"passed","statusDetails":"XPASS Bug reported: https://github.com/waku-org/nwaku/issues/2319","time":{"start":1711163628843,"stop":1711163638808,"duration":9965}},{"uid":"e68f24e0391fde43","reportUrl":"https://waku-org.github.io/waku-interop-tests/51//#testresult/e68f24e0391fde43","status":"passed","statusDetails":"XPASS Bug reported: https://github.com/waku-org/nwaku/issues/2319","time":{"start":1711112786155,"stop":1711112827594,"duration":41439}},{"uid":"9b11617b5a3a22bb","reportUrl":"https://waku-org.github.io/waku-interop-tests/50//#testresult/9b11617b5a3a22bb","status":"skipped","statusDetails":"XFAIL Bug reported: https://github.com/waku-org/nwaku/issues/2319\n\nException: Error: 500 Server Error: Internal Server Error for url: http://127.0.0.1:30320/relay/v1/messages/%2Fwaku%2F2%2Frs%2F0%2F1 with response: b'Failed to publish: timedout'","time":{"start":1711077106249,"stop":1711077150163,"duration":43914}},{"uid":"b7d799576f47cb7f","reportUrl":"https://waku-org.github.io/waku-interop-tests/49//#testresult/b7d799576f47cb7f","status":"passed","statusDetails":"XPASS Bug reported: https://github.com/waku-org/nwaku/issues/2319","time":{"start":1710990826350,"stop":1710990886279,"duration":59929}},{"uid":"57c14d6a28117864","reportUrl":"https://waku-org.github.io/waku-interop-tests/48//#testresult/57c14d6a28117864","status":"skipped","statusDetails":"XFAIL Bug reported: https://github.com/waku-org/nwaku/issues/2319\n\nException: Error: 500 Server Error: Internal Server Error for url: http://127.0.0.1:27381/relay/v1/messages/%2Fwaku%2F2%2Frs%2F0%2F1 with response: b'Failed to publish: timedout'","time":{"start":1710904335209,"stop":1710904356036,"duration":20827}},{"uid":"d434f9c524332d8c","reportUrl":"https://waku-org.github.io/waku-interop-tests/47//#testresult/d434f9c524332d8c","status":"skipped","statusDetails":"XFAIL Bug reported: https://github.com/waku-org/nwaku/issues/2319\n\nException: Error: 500 Server Error: Internal Server Error for url: http://127.0.0.1:63771/relay/v1/messages/%2Fwaku%2F2%2Frs%2F0%2F1 with response: b'Failed to publish: timedout'","time":{"start":1710817884256,"stop":1710817897752,"duration":13496}},{"uid":"1738652698c2cbc6","reportUrl":"https://waku-org.github.io/waku-interop-tests/46//#testresult/1738652698c2cbc6","status":"skipped","statusDetails":"XFAIL Bug reported: https://github.com/waku-org/nwaku/issues/2319\n\nException: Error: 500 Server Error: Internal Server Error for url: http://127.0.0.1:8625/relay/v1/messages/%2Fwaku%2F2%2Frs%2F0%2F1 with response: b'Failed to publish: timedout'","time":{"start":1710731521692,"stop":1710731537327,"duration":15635}},{"uid":"42b9dd4435a1d629","reportUrl":"https://waku-org.github.io/waku-interop-tests/45//#testresult/42b9dd4435a1d629","status":"passed","statusDetails":"XPASS Bug reported: https://github.com/waku-org/nwaku/issues/2319","time":{"start":1710645070231,"stop":1710645094696,"duration":24465}},{"uid":"703a66dd7a98de83","reportUrl":"https://waku-org.github.io/waku-interop-tests/44//#testresult/703a66dd7a98de83","status":"skipped","statusDetails":"XFAIL Bug reported: https://github.com/waku-org/nwaku/issues/2319\n\nException: Error: 500 Server Error: Internal Server Error for url: http://127.0.0.1:12074/relay/v1/messages/%2Fwaku%2F2%2Frs%2F0%2F1 with response: b'Failed to publish: timedout'","time":{"start":1710558731315,"stop":1710558744893,"duration":13578}},{"uid":"9562b37d1b9857dc","reportUrl":"https://waku-org.github.io/waku-interop-tests/43//#testresult/9562b37d1b9857dc","status":"skipped","statusDetails":"XFAIL Bug reported: https://github.com/waku-org/nwaku/issues/2319\n\nException: Error: 500 Server Error: Internal Server Error for url: http://127.0.0.1:56755/relay/v1/messages/%2Fwaku%2F2%2Frs%2F0%2F1 with response: b'Failed to publish: timedout'","time":{"start":1710492273675,"stop":1710492305758,"duration":32083}},{"uid":"fe4b9e3cf516546d","reportUrl":"https://waku-org.github.io/waku-interop-tests/42//#testresult/fe4b9e3cf516546d","status":"passed","statusDetails":"XPASS Bug reported: https://github.com/waku-org/nwaku/issues/2319","time":{"start":1710472373194,"stop":1710472397797,"duration":24603}},{"uid":"e7c3f612f1f331e6","reportUrl":"https://waku-org.github.io/waku-interop-tests/41//#testresult/e7c3f612f1f331e6","status":"skipped","statusDetails":"XFAIL Bug reported: https://github.com/waku-org/nwaku/issues/2319\n\nException: Error: 500 Server Error: Internal Server Error for url: http://127.0.0.1:63087/relay/v1/messages/%2Fwaku%2F2%2Frs%2F0%2F1 with response: b'Failed to publish: timedout'","time":{"start":1710385944898,"stop":1710385995412,"duration":50514}},{"uid":"7ca67c87b8eb8eff","reportUrl":"https://waku-org.github.io/waku-interop-tests/40//#testresult/7ca67c87b8eb8eff","status":"passed","statusDetails":"XPASS Bug reported: https://github.com/waku-org/nwaku/issues/2319","time":{"start":1710299568541,"stop":1710299595669,"duration":27128}},{"uid":"97ed370ab4b4dfc8","reportUrl":"https://waku-org.github.io/waku-interop-tests/39//#testresult/97ed370ab4b4dfc8","status":"passed","statusDetails":"XPASS Bug reported: https://github.com/waku-org/nwaku/issues/2319","time":{"start":1710227711187,"stop":1710227736907,"duration":25720}},{"uid":"7c34517e30dbb089","reportUrl":"https://waku-org.github.io/waku-interop-tests/38//#testresult/7c34517e30dbb089","status":"passed","statusDetails":"XPASS Bug reported: https://github.com/waku-org/nwaku/issues/2319","time":{"start":1710213111185,"stop":1710213133619,"duration":22434}},{"uid":"38c40e5c54f778da","reportUrl":"https://waku-org.github.io/waku-interop-tests/37//#testresult/38c40e5c54f778da","status":"skipped","statusDetails":"XFAIL Bug reported: https://github.com/waku-org/nwaku/issues/2319\n\nException: Error: 500 Server Error: Internal Server Error for url: http://127.0.0.1:21800/relay/v1/messages/%2Fwaku%2F2%2Frs%2F0%2F1 with response: b'Failed to publish: timedout'","time":{"start":1710126817073,"stop":1710126834124,"duration":17051}}]},"tags":["@pytest.mark.xfail(True, reason='Bug reported: https://github.com/waku-org/nwaku/issues/2319')","@pytest.mark.usefixtures('setup_main_relay_node', 'setup_main_filter_node')"]},"source":"943814c7681fd392.json","parameterValues":[]}