{"uid":"ae15677141b8c4aa","name":"test_publish_with_ephemeral","fullName":"tests.relay.test_publish.TestRelayPublish#test_publish_with_ephemeral","historyId":"9d0e7dcb8c95631a9b5786fe83856984","time":{"start":1711509779508,"stop":1711509779508,"duration":0},"status":"skipped","statusMessage":"XFAIL Bug reported: https://github.com/waku-org/go-waku/issues/1068\n\nrequests.exceptions.JSONDecodeError: Expecting value: line 1 column 1 (char 0)","statusTrace":"/opt/hostedtoolcache/Python/3.12.2/x64/lib/python3.12/site-packages/requests/models.py:971: in json\n    return complexjson.loads(self.text, **kwargs)\n/opt/hostedtoolcache/Python/3.12.2/x64/lib/python3.12/json/__init__.py:346: in loads\n    return _default_decoder.decode(s)\n/opt/hostedtoolcache/Python/3.12.2/x64/lib/python3.12/json/decoder.py:337: in decode\n    obj, end = self.raw_decode(s, idx=_w(s, 0).end())\n/opt/hostedtoolcache/Python/3.12.2/x64/lib/python3.12/json/decoder.py:355: in raw_decode\n    raise JSONDecodeError(\"Expecting value\", s, err.value) from None\nE   json.decoder.JSONDecodeError: Expecting value: line 1 column 1 (char 0)\n\nDuring handling of the above exception, another exception occurred:\nsrc/steps/relay.py:44: in setup_main_relay_nodes\n    self.node2.start(relay=\"true\", discv5_bootstrap_node=self.enr_uri)\n/opt/hostedtoolcache/Python/3.12.2/x64/lib/python3.12/site-packages/tenacity/__init__.py:289: in wrapped_f\n    return self(f, *args, **kw)\n/opt/hostedtoolcache/Python/3.12.2/x64/lib/python3.12/site-packages/tenacity/__init__.py:379: in __call__\n    do = self.iter(retry_state=retry_state)\n/opt/hostedtoolcache/Python/3.12.2/x64/lib/python3.12/site-packages/tenacity/__init__.py:325: in iter\n    raise retry_exc.reraise()\n/opt/hostedtoolcache/Python/3.12.2/x64/lib/python3.12/site-packages/tenacity/__init__.py:158: in reraise\n    raise self.last_attempt.result()\n/opt/hostedtoolcache/Python/3.12.2/x64/lib/python3.12/concurrent/futures/_base.py:449: in result\n    return self.__get_result()\n/opt/hostedtoolcache/Python/3.12.2/x64/lib/python3.12/concurrent/futures/_base.py:401: in __get_result\n    raise self._exception\n/opt/hostedtoolcache/Python/3.12.2/x64/lib/python3.12/site-packages/tenacity/__init__.py:382: in __call__\n    result = fn(*args, **kwargs)\nsrc/node/waku_node.py:125: in start\n    self.ensure_ready()\n/opt/hostedtoolcache/Python/3.12.2/x64/lib/python3.12/site-packages/tenacity/__init__.py:289: in wrapped_f\n    return self(f, *args, **kw)\n/opt/hostedtoolcache/Python/3.12.2/x64/lib/python3.12/site-packages/tenacity/__init__.py:379: in __call__\n    do = self.iter(retry_state=retry_state)\n/opt/hostedtoolcache/Python/3.12.2/x64/lib/python3.12/site-packages/tenacity/__init__.py:325: in iter\n    raise retry_exc.reraise()\n/opt/hostedtoolcache/Python/3.12.2/x64/lib/python3.12/site-packages/tenacity/__init__.py:158: in reraise\n    raise self.last_attempt.result()\n/opt/hostedtoolcache/Python/3.12.2/x64/lib/python3.12/concurrent/futures/_base.py:449: in result\n    return self.__get_result()\n/opt/hostedtoolcache/Python/3.12.2/x64/lib/python3.12/concurrent/futures/_base.py:401: in __get_result\n    raise self._exception\n/opt/hostedtoolcache/Python/3.12.2/x64/lib/python3.12/site-packages/tenacity/__init__.py:382: in __call__\n    result = fn(*args, **kwargs)\nsrc/node/waku_node.py:190: in ensure_ready\n    self.info_response = self.info()\nsrc/node/waku_node.py:210: in info\n    return self._api.info()\nsrc/node/api_clients/rest.py:20: in info\n    return info_response.json()\n/opt/hostedtoolcache/Python/3.12.2/x64/lib/python3.12/site-packages/requests/models.py:975: in json\n    raise RequestsJSONDecodeError(e.msg, e.doc, e.pos)\nE   requests.exceptions.JSONDecodeError: Expecting value: line 1 column 1 (char 0)","flaky":false,"newFailed":false,"newBroken":false,"newPassed":false,"retriesCount":0,"retriesStatusChange":false,"beforeStages":[{"name":"set_allure_env_variables","time":{"start":1711508965829,"stop":1711508965829,"duration":0},"status":"passed","steps":[],"attachments":[],"parameters":[],"shouldDisplayMessage":false,"stepsCount":0,"attachmentsCount":0,"hasContent":false,"attachmentStep":false},{"name":"attach_logs_on_fail","time":{"start":1711509779509,"stop":1711509779509,"duration":0},"status":"passed","steps":[],"attachments":[],"parameters":[],"shouldDisplayMessage":false,"stepsCount":0,"attachmentsCount":0,"hasContent":false,"attachmentStep":false},{"name":"close_open_nodes","time":{"start":1711509779509,"stop":1711509779509,"duration":0},"status":"passed","steps":[],"attachments":[],"parameters":[],"shouldDisplayMessage":false,"stepsCount":0,"attachmentsCount":0,"hasContent":false,"attachmentStep":false},{"name":"test_id","time":{"start":1711509779509,"stop":1711509779510,"duration":1},"status":"passed","steps":[],"attachments":[],"parameters":[],"shouldDisplayMessage":false,"stepsCount":0,"attachmentsCount":0,"hasContent":false,"attachmentStep":false},{"name":"relay_setup","time":{"start":1711509779510,"stop":1711509779510,"duration":0},"status":"passed","steps":[],"attachments":[],"parameters":[],"shouldDisplayMessage":false,"stepsCount":0,"attachmentsCount":0,"hasContent":false,"attachmentStep":false},{"name":"setup_main_relay_nodes","time":{"start":1711509779510,"stop":1711509793311,"duration":13801},"status":"broken","statusMessage":"requests.exceptions.JSONDecodeError: Expecting value: line 1 column 1 (char 0)\n","statusTrace":"  File \"/opt/hostedtoolcache/Python/3.12.2/x64/lib/python3.12/site-packages/pluggy/_callers.py\", line 137, in _multicall\n    teardown.throw(outcome._exception)\n  File \"/opt/hostedtoolcache/Python/3.12.2/x64/lib/python3.12/site-packages/_pytest/setuponly.py\", line 36, in pytest_fixture_setup\n    return (yield)\n            ^^^^^\n  File \"/opt/hostedtoolcache/Python/3.12.2/x64/lib/python3.12/site-packages/pluggy/_callers.py\", line 77, in _multicall\n    res = hook_impl.function(*args)\n          ^^^^^^^^^^^^^^^^^^^^^^^^^\n  File \"/opt/hostedtoolcache/Python/3.12.2/x64/lib/python3.12/site-packages/_pytest/fixtures.py\", line 1140, in pytest_fixture_setup\n    result = call_fixture_func(fixturefunc, request, kwargs)\n             ^^^^^^^^^^^^^^^^^^^^^^^^^^^^^^^^^^^^^^^^^^^^^^^\n  File \"/opt/hostedtoolcache/Python/3.12.2/x64/lib/python3.12/site-packages/_pytest/fixtures.py\", line 917, in call_fixture_func\n    fixture_result = fixturefunc(**kwargs)\n                     ^^^^^^^^^^^^^^^^^^^^^\n  File \"/home/runner/work/waku-interop-tests/waku-interop-tests/src/steps/relay.py\", line 44, in setup_main_relay_nodes\n    self.node2.start(relay=\"true\", discv5_bootstrap_node=self.enr_uri)\n  File \"/opt/hostedtoolcache/Python/3.12.2/x64/lib/python3.12/site-packages/tenacity/__init__.py\", line 289, in wrapped_f\n    return self(f, *args, **kw)\n           ^^^^^^^^^^^^^^^^^^^^\n  File \"/opt/hostedtoolcache/Python/3.12.2/x64/lib/python3.12/site-packages/tenacity/__init__.py\", line 379, in __call__\n    do = self.iter(retry_state=retry_state)\n         ^^^^^^^^^^^^^^^^^^^^^^^^^^^^^^^^^^\n  File \"/opt/hostedtoolcache/Python/3.12.2/x64/lib/python3.12/site-packages/tenacity/__init__.py\", line 325, in iter\n    raise retry_exc.reraise()\n          ^^^^^^^^^^^^^^^^^^^\n  File \"/opt/hostedtoolcache/Python/3.12.2/x64/lib/python3.12/site-packages/tenacity/__init__.py\", line 158, in reraise\n    raise self.last_attempt.result()\n          ^^^^^^^^^^^^^^^^^^^^^^^^^^\n  File \"/opt/hostedtoolcache/Python/3.12.2/x64/lib/python3.12/concurrent/futures/_base.py\", line 449, in result\n    return self.__get_result()\n           ^^^^^^^^^^^^^^^^^^^\n  File \"/opt/hostedtoolcache/Python/3.12.2/x64/lib/python3.12/concurrent/futures/_base.py\", line 401, in __get_result\n    raise self._exception\n  File \"/opt/hostedtoolcache/Python/3.12.2/x64/lib/python3.12/site-packages/tenacity/__init__.py\", line 382, in __call__\n    result = fn(*args, **kwargs)\n             ^^^^^^^^^^^^^^^^^^^\n  File \"/home/runner/work/waku-interop-tests/waku-interop-tests/src/node/waku_node.py\", line 125, in start\n    self.ensure_ready()\n  File \"/opt/hostedtoolcache/Python/3.12.2/x64/lib/python3.12/site-packages/tenacity/__init__.py\", line 289, in wrapped_f\n    return self(f, *args, **kw)\n           ^^^^^^^^^^^^^^^^^^^^\n  File \"/opt/hostedtoolcache/Python/3.12.2/x64/lib/python3.12/site-packages/tenacity/__init__.py\", line 379, in __call__\n    do = self.iter(retry_state=retry_state)\n         ^^^^^^^^^^^^^^^^^^^^^^^^^^^^^^^^^^\n  File \"/opt/hostedtoolcache/Python/3.12.2/x64/lib/python3.12/site-packages/tenacity/__init__.py\", line 325, in iter\n    raise retry_exc.reraise()\n          ^^^^^^^^^^^^^^^^^^^\n  File \"/opt/hostedtoolcache/Python/3.12.2/x64/lib/python3.12/site-packages/tenacity/__init__.py\", line 158, in reraise\n    raise self.last_attempt.result()\n          ^^^^^^^^^^^^^^^^^^^^^^^^^^\n  File \"/opt/hostedtoolcache/Python/3.12.2/x64/lib/python3.12/concurrent/futures/_base.py\", line 449, in result\n    return self.__get_result()\n           ^^^^^^^^^^^^^^^^^^^\n  File \"/opt/hostedtoolcache/Python/3.12.2/x64/lib/python3.12/concurrent/futures/_base.py\", line 401, in __get_result\n    raise self._exception\n  File \"/opt/hostedtoolcache/Python/3.12.2/x64/lib/python3.12/site-packages/tenacity/__init__.py\", line 382, in __call__\n    result = fn(*args, **kwargs)\n             ^^^^^^^^^^^^^^^^^^^\n  File \"/home/runner/work/waku-interop-tests/waku-interop-tests/src/node/waku_node.py\", line 190, in ensure_ready\n    self.info_response = self.info()\n                         ^^^^^^^^^^^\n  File \"/home/runner/work/waku-interop-tests/waku-interop-tests/src/node/waku_node.py\", line 210, in info\n    return self._api.info()\n           ^^^^^^^^^^^^^^^^\n  File \"/home/runner/work/waku-interop-tests/waku-interop-tests/src/node/api_clients/rest.py\", line 20, in info\n    return info_response.json()\n           ^^^^^^^^^^^^^^^^^^^^\n  File \"/opt/hostedtoolcache/Python/3.12.2/x64/lib/python3.12/site-packages/requests/models.py\", line 975, in json\n    raise RequestsJSONDecodeError(e.msg, e.doc, e.pos)\n","steps":[],"attachments":[],"parameters":[],"shouldDisplayMessage":true,"stepsCount":0,"attachmentsCount":0,"hasContent":true,"attachmentStep":false},{"name":"test_setup","time":{"start":1711509779510,"stop":1711509779510,"duration":0},"status":"passed","steps":[],"attachments":[],"parameters":[],"shouldDisplayMessage":false,"stepsCount":0,"attachmentsCount":0,"hasContent":false,"attachmentStep":false}],"testStage":{"status":"skipped","statusMessage":"XFAIL Bug reported: https://github.com/waku-org/go-waku/issues/1068\n\nrequests.exceptions.JSONDecodeError: Expecting value: line 1 column 1 (char 0)","statusTrace":"/opt/hostedtoolcache/Python/3.12.2/x64/lib/python3.12/site-packages/requests/models.py:971: in json\n    return complexjson.loads(self.text, **kwargs)\n/opt/hostedtoolcache/Python/3.12.2/x64/lib/python3.12/json/__init__.py:346: in loads\n    return _default_decoder.decode(s)\n/opt/hostedtoolcache/Python/3.12.2/x64/lib/python3.12/json/decoder.py:337: in decode\n    obj, end = self.raw_decode(s, idx=_w(s, 0).end())\n/opt/hostedtoolcache/Python/3.12.2/x64/lib/python3.12/json/decoder.py:355: in raw_decode\n    raise JSONDecodeError(\"Expecting value\", s, err.value) from None\nE   json.decoder.JSONDecodeError: Expecting value: line 1 column 1 (char 0)\n\nDuring handling of the above exception, another exception occurred:\nsrc/steps/relay.py:44: in setup_main_relay_nodes\n    self.node2.start(relay=\"true\", discv5_bootstrap_node=self.enr_uri)\n/opt/hostedtoolcache/Python/3.12.2/x64/lib/python3.12/site-packages/tenacity/__init__.py:289: in wrapped_f\n    return self(f, *args, **kw)\n/opt/hostedtoolcache/Python/3.12.2/x64/lib/python3.12/site-packages/tenacity/__init__.py:379: in __call__\n    do = self.iter(retry_state=retry_state)\n/opt/hostedtoolcache/Python/3.12.2/x64/lib/python3.12/site-packages/tenacity/__init__.py:325: in iter\n    raise retry_exc.reraise()\n/opt/hostedtoolcache/Python/3.12.2/x64/lib/python3.12/site-packages/tenacity/__init__.py:158: in reraise\n    raise self.last_attempt.result()\n/opt/hostedtoolcache/Python/3.12.2/x64/lib/python3.12/concurrent/futures/_base.py:449: in result\n    return self.__get_result()\n/opt/hostedtoolcache/Python/3.12.2/x64/lib/python3.12/concurrent/futures/_base.py:401: in __get_result\n    raise self._exception\n/opt/hostedtoolcache/Python/3.12.2/x64/lib/python3.12/site-packages/tenacity/__init__.py:382: in __call__\n    result = fn(*args, **kwargs)\nsrc/node/waku_node.py:125: in start\n    self.ensure_ready()\n/opt/hostedtoolcache/Python/3.12.2/x64/lib/python3.12/site-packages/tenacity/__init__.py:289: in wrapped_f\n    return self(f, *args, **kw)\n/opt/hostedtoolcache/Python/3.12.2/x64/lib/python3.12/site-packages/tenacity/__init__.py:379: in __call__\n    do = self.iter(retry_state=retry_state)\n/opt/hostedtoolcache/Python/3.12.2/x64/lib/python3.12/site-packages/tenacity/__init__.py:325: in iter\n    raise retry_exc.reraise()\n/opt/hostedtoolcache/Python/3.12.2/x64/lib/python3.12/site-packages/tenacity/__init__.py:158: in reraise\n    raise self.last_attempt.result()\n/opt/hostedtoolcache/Python/3.12.2/x64/lib/python3.12/concurrent/futures/_base.py:449: in result\n    return self.__get_result()\n/opt/hostedtoolcache/Python/3.12.2/x64/lib/python3.12/concurrent/futures/_base.py:401: in __get_result\n    raise self._exception\n/opt/hostedtoolcache/Python/3.12.2/x64/lib/python3.12/site-packages/tenacity/__init__.py:382: in __call__\n    result = fn(*args, **kwargs)\nsrc/node/waku_node.py:190: in ensure_ready\n    self.info_response = self.info()\nsrc/node/waku_node.py:210: in info\n    return self._api.info()\nsrc/node/api_clients/rest.py:20: in info\n    return info_response.json()\n/opt/hostedtoolcache/Python/3.12.2/x64/lib/python3.12/site-packages/requests/models.py:975: in json\n    raise RequestsJSONDecodeError(e.msg, e.doc, e.pos)\nE   requests.exceptions.JSONDecodeError: Expecting value: line 1 column 1 (char 0)","steps":[],"attachments":[{"uid":"3a6039f63be02e0a","name":"log","source":"3a6039f63be02e0a.txt","type":"text/plain","size":35304}],"parameters":[],"shouldDisplayMessage":true,"stepsCount":0,"attachmentsCount":1,"hasContent":true,"attachmentStep":false},"afterStages":[{"name":"test_setup::0","time":{"start":1711509793422,"stop":1711509793424,"duration":2},"status":"passed","steps":[],"attachments":[],"parameters":[],"shouldDisplayMessage":false,"stepsCount":0,"attachmentsCount":0,"hasContent":false,"attachmentStep":false},{"name":"close_open_nodes::0","time":{"start":1711509793425,"stop":1711509796216,"duration":2791},"status":"passed","steps":[],"attachments":[],"parameters":[],"shouldDisplayMessage":false,"stepsCount":0,"attachmentsCount":0,"hasContent":false,"attachmentStep":false},{"name":"attach_logs_on_fail::0","time":{"start":1711509796217,"stop":1711509796217,"duration":0},"status":"passed","steps":[],"attachments":[],"parameters":[],"shouldDisplayMessage":false,"stepsCount":0,"attachmentsCount":0,"hasContent":false,"attachmentStep":false},{"name":"set_allure_env_variables::0","time":{"start":1711509994765,"stop":1711509994766,"duration":1},"status":"passed","steps":[],"attachments":[],"parameters":[],"shouldDisplayMessage":false,"stepsCount":0,"attachmentsCount":0,"hasContent":false,"attachmentStep":false}],"labels":[{"name":"tag","value":"@pytest.mark.xfail(True, reason='Bug reported: https://github.com/waku-org/go-waku/issues/1068')"},{"name":"tag","value":"@pytest.mark.usefixtures('setup_main_relay_nodes', 'subscribe_main_relay_nodes', 'relay_warm_up')"},{"name":"parentSuite","value":"tests.relay"},{"name":"suite","value":"test_publish"},{"name":"subSuite","value":"TestRelayPublish"},{"name":"host","value":"fv-az975-963"},{"name":"thread","value":"2153-MainThread"},{"name":"framework","value":"pytest"},{"name":"language","value":"cpython3"},{"name":"package","value":"tests.relay.test_publish"},{"name":"resultFormat","value":"allure2"}],"parameters":[],"links":[],"hidden":false,"retry":false,"extra":{"severity":"normal","retries":[],"categories":[],"history":{"statistic":{"failed":0,"broken":0,"skipped":81,"passed":0,"unknown":0,"total":81},"items":[{"uid":"ca1e426936a20ed2","reportUrl":"https://waku-org.github.io/waku-interop-tests/55//#testresult/ca1e426936a20ed2","status":"skipped","statusDetails":"XFAIL Bug reported: https://github.com/waku-org/go-waku/issues/1068\n\nAssertionError: Ephemeral that failed: [True, False]\nassert not [True, False]","time":{"start":1711422926429,"stop":1711422926649,"duration":220}},{"uid":"6513d16085e22e9b","reportUrl":"https://waku-org.github.io/waku-interop-tests/54//#testresult/6513d16085e22e9b","status":"skipped","statusDetails":"XFAIL Bug reported: https://github.com/waku-org/go-waku/issues/1068\n\nAssertionError: Ephemeral that failed: [True, False]\nassert not [True, False]","time":{"start":1711365242406,"stop":1711365242623,"duration":217}},{"uid":"b14f2de23609410e","reportUrl":"https://waku-org.github.io/waku-interop-tests/54//#testresult/b14f2de23609410e","status":"skipped","statusDetails":"XFAIL Bug reported: https://github.com/waku-org/go-waku/issues/1068\n\ndocker.errors.APIError: 500 Server Error for http+docker://localhost/v1.43/images/create?tag=latest&fromImage=harbor.status.im%2Fwakuorg%2Fnwaku: Internal Server Error (\"Get \"https://harbor.status.im/v2/\": dial tcp 159.223.242.198:443: connect: connection refused\")","time":{"start":1711336519327,"stop":1711336519327,"duration":0}},{"uid":"393124bbe0a41c4c","reportUrl":"https://waku-org.github.io/waku-interop-tests/53//#testresult/393124bbe0a41c4c","status":"skipped","statusDetails":"XFAIL Bug reported: https://github.com/waku-org/go-waku/issues/1068\n\nAssertionError: Ephemeral that failed: [True, False]\nassert not [True, False]","time":{"start":1711250120197,"stop":1711250120425,"duration":228}},{"uid":"107c1d763036f375","reportUrl":"https://waku-org.github.io/waku-interop-tests/52//#testresult/107c1d763036f375","status":"skipped","statusDetails":"XFAIL Bug reported: https://github.com/waku-org/go-waku/issues/1068\n\nAssertionError: Ephemeral that failed: [True, False]\nassert not [True, False]","time":{"start":1711163899665,"stop":1711163899882,"duration":217}},{"uid":"4a1dd069c7de2e1d","reportUrl":"https://waku-org.github.io/waku-interop-tests/51//#testresult/4a1dd069c7de2e1d","status":"skipped","statusDetails":"XFAIL Bug reported: https://github.com/waku-org/go-waku/issues/1068\n\nAssertionError: Ephemeral that failed: [True, False]\nassert not [True, False]","time":{"start":1711113098724,"stop":1711113098951,"duration":227}},{"uid":"68c87f7fffd6720e","reportUrl":"https://waku-org.github.io/waku-interop-tests/50//#testresult/68c87f7fffd6720e","status":"skipped","statusDetails":"XFAIL Bug reported: https://github.com/waku-org/nwaku/issues/2436\n\nAssertionError: Ephemeral that failed: [True, False]\nassert not [True, False]","time":{"start":1711077459498,"stop":1711077459720,"duration":222}},{"uid":"a6f1bf3a73c63948","reportUrl":"https://waku-org.github.io/waku-interop-tests/49//#testresult/a6f1bf3a73c63948","status":"skipped","statusDetails":"XFAIL Bug reported: https://github.com/waku-org/nwaku/issues/2436\n\nAssertionError: Ephemeral that failed: [True, False]\nassert not [True, False]","time":{"start":1710991060197,"stop":1710991060417,"duration":220}},{"uid":"39c4947b1cd65c0c","reportUrl":"https://waku-org.github.io/waku-interop-tests/48//#testresult/39c4947b1cd65c0c","status":"skipped","statusDetails":"XFAIL Bug reported: https://github.com/waku-org/nwaku/issues/2436\n\nAssertionError: Ephemeral that failed: [True, False]\nassert not [True, False]","time":{"start":1710904605622,"stop":1710904605839,"duration":217}},{"uid":"f056016cc8135d8d","reportUrl":"https://waku-org.github.io/waku-interop-tests/47//#testresult/f056016cc8135d8d","status":"skipped","statusDetails":"XFAIL Bug reported: https://github.com/waku-org/nwaku/issues/2436\n\nAssertionError: Ephemeral that failed: [True, False]\nassert not [True, False]","time":{"start":1710818155526,"stop":1710818155744,"duration":218}},{"uid":"a89f05e92c21395a","reportUrl":"https://waku-org.github.io/waku-interop-tests/46//#testresult/a89f05e92c21395a","status":"skipped","statusDetails":"XFAIL Bug reported: https://github.com/waku-org/nwaku/issues/2436\n\nAssertionError: Ephemeral that failed: [True, False]\nassert not [True, False]","time":{"start":1710731780464,"stop":1710731780685,"duration":221}},{"uid":"c0cf9db5126cb018","reportUrl":"https://waku-org.github.io/waku-interop-tests/45//#testresult/c0cf9db5126cb018","status":"skipped","statusDetails":"XFAIL Bug reported: https://github.com/waku-org/nwaku/issues/2436\n\nAssertionError: Ephemeral that failed: [True, False]\nassert not [True, False]","time":{"start":1710645336263,"stop":1710645336482,"duration":219}},{"uid":"2601096cb6d24e95","reportUrl":"https://waku-org.github.io/waku-interop-tests/44//#testresult/2601096cb6d24e95","status":"skipped","statusDetails":"XFAIL Bug reported: https://github.com/waku-org/nwaku/issues/2436\n\nAssertionError: Ephemeral that failed: [True, False]\nassert not [True, False]","time":{"start":1710558962280,"stop":1710558962500,"duration":220}},{"uid":"86a2b0dc6783ec49","reportUrl":"https://waku-org.github.io/waku-interop-tests/43//#testresult/86a2b0dc6783ec49","status":"skipped","statusDetails":"XFAIL Bug reported: https://github.com/waku-org/nwaku/issues/2436\n\nAssertionError: Ephemeral that failed: [True, False]\nassert not [True, False]","time":{"start":1710492531725,"stop":1710492531942,"duration":217}},{"uid":"307a99aa4307b571","reportUrl":"https://waku-org.github.io/waku-interop-tests/42//#testresult/307a99aa4307b571","status":"skipped","statusDetails":"XFAIL Bug reported: https://github.com/waku-org/nwaku/issues/2436\n\nAssertionError: Ephemeral that failed: [True, False]\nassert not [True, False]","time":{"start":1710472635959,"stop":1710472636184,"duration":225}},{"uid":"8069e384a07284c9","reportUrl":"https://waku-org.github.io/waku-interop-tests/41//#testresult/8069e384a07284c9","status":"skipped","statusDetails":"XFAIL Bug reported: https://github.com/waku-org/nwaku/issues/2436\n\nAssertionError: Ephemeral that failed: [True, False]\nassert not [True, False]","time":{"start":1710386201041,"stop":1710386201260,"duration":219}},{"uid":"69a3333f154d6a8f","reportUrl":"https://waku-org.github.io/waku-interop-tests/40//#testresult/69a3333f154d6a8f","status":"skipped","statusDetails":"XFAIL Bug reported: https://github.com/waku-org/nwaku/issues/2436\n\nAssertionError: Ephemeral that failed: [True, False]\nassert not [True, False]","time":{"start":1710299802066,"stop":1710299802073,"duration":7}},{"uid":"9b1b6ae764970378","reportUrl":"https://waku-org.github.io/waku-interop-tests/39//#testresult/9b1b6ae764970378","status":"skipped","statusDetails":"XFAIL Bug reported: https://github.com/waku-org/nwaku/issues/2436\n\nAssertionError: Ephemeral that failed: [True, False]\nassert not [True, False]","time":{"start":1710227917311,"stop":1710227917326,"duration":15}},{"uid":"5de6491cb04ae4d5","reportUrl":"https://waku-org.github.io/waku-interop-tests/38//#testresult/5de6491cb04ae4d5","status":"skipped","statusDetails":"XFAIL Bug reported: https://github.com/waku-org/nwaku/issues/2436\n\nAssertionError: Ephemeral that failed: [True, False]\nassert not [True, False]","time":{"start":1710213364984,"stop":1710213364990,"duration":6}},{"uid":"1e838b2aa4f0b5d6","reportUrl":"https://waku-org.github.io/waku-interop-tests/37//#testresult/1e838b2aa4f0b5d6","status":"skipped","statusDetails":"XFAIL Bug reported: https://github.com/waku-org/nwaku/issues/2436\n\nAssertionError: Ephemeral that failed: [True, False]\nassert not [True, False]","time":{"start":1710127031205,"stop":1710127031211,"duration":6}}]},"tags":["@pytest.mark.usefixtures('setup_main_relay_nodes', 'subscribe_main_relay_nodes', 'relay_warm_up')","@pytest.mark.xfail(True, reason='Bug reported: https://github.com/waku-org/go-waku/issues/1068')"]},"source":"ae15677141b8c4aa.json","parameterValues":[]}