{"uid":"c366523a7495cf25","name":"test_filter_get_message_while_one_peer_is_paused","fullName":"tests.filter.test_multiple_nodes.TestFilterMultipleNodes#test_filter_get_message_while_one_peer_is_paused","historyId":"f3ff2061cbf305cc91f389f53fb613cd","time":{"start":1711509058993,"stop":1711509058993,"duration":0},"status":"skipped","statusMessage":"XFAIL Bug reported: https://github.com/waku-org/nwaku/issues/2319\n\nrequests.exceptions.JSONDecodeError: Expecting value: line 1 column 1 (char 0)","statusTrace":"/opt/hostedtoolcache/Python/3.12.2/x64/lib/python3.12/site-packages/requests/models.py:971: in json\n    return complexjson.loads(self.text, **kwargs)\n/opt/hostedtoolcache/Python/3.12.2/x64/lib/python3.12/json/__init__.py:346: in loads\n    return _default_decoder.decode(s)\n/opt/hostedtoolcache/Python/3.12.2/x64/lib/python3.12/json/decoder.py:337: in decode\n    obj, end = self.raw_decode(s, idx=_w(s, 0).end())\n/opt/hostedtoolcache/Python/3.12.2/x64/lib/python3.12/json/decoder.py:355: in raw_decode\n    raise JSONDecodeError(\"Expecting value\", s, err.value) from None\nE   json.decoder.JSONDecodeError: Expecting value: line 1 column 1 (char 0)\n\nDuring handling of the above exception, another exception occurred:\nsrc/steps/filter.py:40: in setup_main_filter_node\n    self.node2.start(relay=\"false\", discv5_bootstrap_node=self.enr_uri, filternode=self.multiaddr_with_id)\n/opt/hostedtoolcache/Python/3.12.2/x64/lib/python3.12/site-packages/tenacity/__init__.py:289: in wrapped_f\n    return self(f, *args, **kw)\n/opt/hostedtoolcache/Python/3.12.2/x64/lib/python3.12/site-packages/tenacity/__init__.py:379: in __call__\n    do = self.iter(retry_state=retry_state)\n/opt/hostedtoolcache/Python/3.12.2/x64/lib/python3.12/site-packages/tenacity/__init__.py:325: in iter\n    raise retry_exc.reraise()\n/opt/hostedtoolcache/Python/3.12.2/x64/lib/python3.12/site-packages/tenacity/__init__.py:158: in reraise\n    raise self.last_attempt.result()\n/opt/hostedtoolcache/Python/3.12.2/x64/lib/python3.12/concurrent/futures/_base.py:449: in result\n    return self.__get_result()\n/opt/hostedtoolcache/Python/3.12.2/x64/lib/python3.12/concurrent/futures/_base.py:401: in __get_result\n    raise self._exception\n/opt/hostedtoolcache/Python/3.12.2/x64/lib/python3.12/site-packages/tenacity/__init__.py:382: in __call__\n    result = fn(*args, **kwargs)\nsrc/node/waku_node.py:125: in start\n    self.ensure_ready()\n/opt/hostedtoolcache/Python/3.12.2/x64/lib/python3.12/site-packages/tenacity/__init__.py:289: in wrapped_f\n    return self(f, *args, **kw)\n/opt/hostedtoolcache/Python/3.12.2/x64/lib/python3.12/site-packages/tenacity/__init__.py:379: in __call__\n    do = self.iter(retry_state=retry_state)\n/opt/hostedtoolcache/Python/3.12.2/x64/lib/python3.12/site-packages/tenacity/__init__.py:325: in iter\n    raise retry_exc.reraise()\n/opt/hostedtoolcache/Python/3.12.2/x64/lib/python3.12/site-packages/tenacity/__init__.py:158: in reraise\n    raise self.last_attempt.result()\n/opt/hostedtoolcache/Python/3.12.2/x64/lib/python3.12/concurrent/futures/_base.py:449: in result\n    return self.__get_result()\n/opt/hostedtoolcache/Python/3.12.2/x64/lib/python3.12/concurrent/futures/_base.py:401: in __get_result\n    raise self._exception\n/opt/hostedtoolcache/Python/3.12.2/x64/lib/python3.12/site-packages/tenacity/__init__.py:382: in __call__\n    result = fn(*args, **kwargs)\nsrc/node/waku_node.py:190: in ensure_ready\n    self.info_response = self.info()\nsrc/node/waku_node.py:210: in info\n    return self._api.info()\nsrc/node/api_clients/rest.py:20: in info\n    return info_response.json()\n/opt/hostedtoolcache/Python/3.12.2/x64/lib/python3.12/site-packages/requests/models.py:975: in json\n    raise RequestsJSONDecodeError(e.msg, e.doc, e.pos)\nE   requests.exceptions.JSONDecodeError: Expecting value: line 1 column 1 (char 0)","flaky":false,"newFailed":false,"newBroken":false,"newPassed":false,"retriesCount":0,"retriesStatusChange":false,"beforeStages":[{"name":"set_allure_env_variables","time":{"start":1711508965829,"stop":1711508965829,"duration":0},"status":"passed","steps":[],"attachments":[],"parameters":[],"shouldDisplayMessage":false,"stepsCount":0,"attachmentsCount":0,"hasContent":false,"attachmentStep":false},{"name":"close_open_nodes","time":{"start":1711509058997,"stop":1711509058997,"duration":0},"status":"passed","steps":[],"attachments":[],"parameters":[],"shouldDisplayMessage":false,"stepsCount":0,"attachmentsCount":0,"hasContent":false,"attachmentStep":false},{"name":"test_id","time":{"start":1711509058997,"stop":1711509058998,"duration":1},"status":"passed","steps":[],"attachments":[],"parameters":[],"shouldDisplayMessage":false,"stepsCount":0,"attachmentsCount":0,"hasContent":false,"attachmentStep":false},{"name":"attach_logs_on_fail","time":{"start":1711509058997,"stop":1711509058997,"duration":0},"status":"passed","steps":[],"attachments":[],"parameters":[],"shouldDisplayMessage":false,"stepsCount":0,"attachmentsCount":0,"hasContent":false,"attachmentStep":false},{"name":"filter_setup","time":{"start":1711509058998,"stop":1711509058998,"duration":0},"status":"passed","steps":[],"attachments":[],"parameters":[],"shouldDisplayMessage":false,"stepsCount":0,"attachmentsCount":0,"hasContent":false,"attachmentStep":false},{"name":"setup_main_relay_node","time":{"start":1711509058998,"stop":1711509060499,"duration":1501},"status":"passed","steps":[],"attachments":[],"parameters":[],"shouldDisplayMessage":false,"stepsCount":0,"attachmentsCount":0,"hasContent":false,"attachmentStep":false},{"name":"test_setup","time":{"start":1711509058998,"stop":1711509058998,"duration":0},"status":"passed","steps":[],"attachments":[],"parameters":[],"shouldDisplayMessage":false,"stepsCount":0,"attachmentsCount":0,"hasContent":false,"attachmentStep":false},{"name":"setup_main_filter_node","time":{"start":1711509060500,"stop":1711509072025,"duration":11525},"status":"broken","statusMessage":"requests.exceptions.JSONDecodeError: Expecting value: line 1 column 1 (char 0)\n","statusTrace":"  File \"/opt/hostedtoolcache/Python/3.12.2/x64/lib/python3.12/site-packages/pluggy/_callers.py\", line 137, in _multicall\n    teardown.throw(outcome._exception)\n  File \"/opt/hostedtoolcache/Python/3.12.2/x64/lib/python3.12/site-packages/_pytest/setuponly.py\", line 36, in pytest_fixture_setup\n    return (yield)\n            ^^^^^\n  File \"/opt/hostedtoolcache/Python/3.12.2/x64/lib/python3.12/site-packages/pluggy/_callers.py\", line 77, in _multicall\n    res = hook_impl.function(*args)\n          ^^^^^^^^^^^^^^^^^^^^^^^^^\n  File \"/opt/hostedtoolcache/Python/3.12.2/x64/lib/python3.12/site-packages/_pytest/fixtures.py\", line 1140, in pytest_fixture_setup\n    result = call_fixture_func(fixturefunc, request, kwargs)\n             ^^^^^^^^^^^^^^^^^^^^^^^^^^^^^^^^^^^^^^^^^^^^^^^\n  File \"/opt/hostedtoolcache/Python/3.12.2/x64/lib/python3.12/site-packages/_pytest/fixtures.py\", line 917, in call_fixture_func\n    fixture_result = fixturefunc(**kwargs)\n                     ^^^^^^^^^^^^^^^^^^^^^\n  File \"/home/runner/work/waku-interop-tests/waku-interop-tests/src/steps/filter.py\", line 40, in setup_main_filter_node\n    self.node2.start(relay=\"false\", discv5_bootstrap_node=self.enr_uri, filternode=self.multiaddr_with_id)\n  File \"/opt/hostedtoolcache/Python/3.12.2/x64/lib/python3.12/site-packages/tenacity/__init__.py\", line 289, in wrapped_f\n    return self(f, *args, **kw)\n           ^^^^^^^^^^^^^^^^^^^^\n  File \"/opt/hostedtoolcache/Python/3.12.2/x64/lib/python3.12/site-packages/tenacity/__init__.py\", line 379, in __call__\n    do = self.iter(retry_state=retry_state)\n         ^^^^^^^^^^^^^^^^^^^^^^^^^^^^^^^^^^\n  File \"/opt/hostedtoolcache/Python/3.12.2/x64/lib/python3.12/site-packages/tenacity/__init__.py\", line 325, in iter\n    raise retry_exc.reraise()\n          ^^^^^^^^^^^^^^^^^^^\n  File \"/opt/hostedtoolcache/Python/3.12.2/x64/lib/python3.12/site-packages/tenacity/__init__.py\", line 158, in reraise\n    raise self.last_attempt.result()\n          ^^^^^^^^^^^^^^^^^^^^^^^^^^\n  File \"/opt/hostedtoolcache/Python/3.12.2/x64/lib/python3.12/concurrent/futures/_base.py\", line 449, in result\n    return self.__get_result()\n           ^^^^^^^^^^^^^^^^^^^\n  File \"/opt/hostedtoolcache/Python/3.12.2/x64/lib/python3.12/concurrent/futures/_base.py\", line 401, in __get_result\n    raise self._exception\n  File \"/opt/hostedtoolcache/Python/3.12.2/x64/lib/python3.12/site-packages/tenacity/__init__.py\", line 382, in __call__\n    result = fn(*args, **kwargs)\n             ^^^^^^^^^^^^^^^^^^^\n  File \"/home/runner/work/waku-interop-tests/waku-interop-tests/src/node/waku_node.py\", line 125, in start\n    self.ensure_ready()\n  File \"/opt/hostedtoolcache/Python/3.12.2/x64/lib/python3.12/site-packages/tenacity/__init__.py\", line 289, in wrapped_f\n    return self(f, *args, **kw)\n           ^^^^^^^^^^^^^^^^^^^^\n  File \"/opt/hostedtoolcache/Python/3.12.2/x64/lib/python3.12/site-packages/tenacity/__init__.py\", line 379, in __call__\n    do = self.iter(retry_state=retry_state)\n         ^^^^^^^^^^^^^^^^^^^^^^^^^^^^^^^^^^\n  File \"/opt/hostedtoolcache/Python/3.12.2/x64/lib/python3.12/site-packages/tenacity/__init__.py\", line 325, in iter\n    raise retry_exc.reraise()\n          ^^^^^^^^^^^^^^^^^^^\n  File \"/opt/hostedtoolcache/Python/3.12.2/x64/lib/python3.12/site-packages/tenacity/__init__.py\", line 158, in reraise\n    raise self.last_attempt.result()\n          ^^^^^^^^^^^^^^^^^^^^^^^^^^\n  File \"/opt/hostedtoolcache/Python/3.12.2/x64/lib/python3.12/concurrent/futures/_base.py\", line 449, in result\n    return self.__get_result()\n           ^^^^^^^^^^^^^^^^^^^\n  File \"/opt/hostedtoolcache/Python/3.12.2/x64/lib/python3.12/concurrent/futures/_base.py\", line 401, in __get_result\n    raise self._exception\n  File \"/opt/hostedtoolcache/Python/3.12.2/x64/lib/python3.12/site-packages/tenacity/__init__.py\", line 382, in __call__\n    result = fn(*args, **kwargs)\n             ^^^^^^^^^^^^^^^^^^^\n  File \"/home/runner/work/waku-interop-tests/waku-interop-tests/src/node/waku_node.py\", line 190, in ensure_ready\n    self.info_response = self.info()\n                         ^^^^^^^^^^^\n  File \"/home/runner/work/waku-interop-tests/waku-interop-tests/src/node/waku_node.py\", line 210, in info\n    return self._api.info()\n           ^^^^^^^^^^^^^^^^\n  File \"/home/runner/work/waku-interop-tests/waku-interop-tests/src/node/api_clients/rest.py\", line 20, in info\n    return info_response.json()\n           ^^^^^^^^^^^^^^^^^^^^\n  File \"/opt/hostedtoolcache/Python/3.12.2/x64/lib/python3.12/site-packages/requests/models.py\", line 975, in json\n    raise RequestsJSONDecodeError(e.msg, e.doc, e.pos)\n","steps":[],"attachments":[],"parameters":[],"shouldDisplayMessage":true,"stepsCount":0,"attachmentsCount":0,"hasContent":true,"attachmentStep":false}],"testStage":{"status":"skipped","statusMessage":"XFAIL Bug reported: https://github.com/waku-org/nwaku/issues/2319\n\nrequests.exceptions.JSONDecodeError: Expecting value: line 1 column 1 (char 0)","statusTrace":"/opt/hostedtoolcache/Python/3.12.2/x64/lib/python3.12/site-packages/requests/models.py:971: in json\n    return complexjson.loads(self.text, **kwargs)\n/opt/hostedtoolcache/Python/3.12.2/x64/lib/python3.12/json/__init__.py:346: in loads\n    return _default_decoder.decode(s)\n/opt/hostedtoolcache/Python/3.12.2/x64/lib/python3.12/json/decoder.py:337: in decode\n    obj, end = self.raw_decode(s, idx=_w(s, 0).end())\n/opt/hostedtoolcache/Python/3.12.2/x64/lib/python3.12/json/decoder.py:355: in raw_decode\n    raise JSONDecodeError(\"Expecting value\", s, err.value) from None\nE   json.decoder.JSONDecodeError: Expecting value: line 1 column 1 (char 0)\n\nDuring handling of the above exception, another exception occurred:\nsrc/steps/filter.py:40: in setup_main_filter_node\n    self.node2.start(relay=\"false\", discv5_bootstrap_node=self.enr_uri, filternode=self.multiaddr_with_id)\n/opt/hostedtoolcache/Python/3.12.2/x64/lib/python3.12/site-packages/tenacity/__init__.py:289: in wrapped_f\n    return self(f, *args, **kw)\n/opt/hostedtoolcache/Python/3.12.2/x64/lib/python3.12/site-packages/tenacity/__init__.py:379: in __call__\n    do = self.iter(retry_state=retry_state)\n/opt/hostedtoolcache/Python/3.12.2/x64/lib/python3.12/site-packages/tenacity/__init__.py:325: in iter\n    raise retry_exc.reraise()\n/opt/hostedtoolcache/Python/3.12.2/x64/lib/python3.12/site-packages/tenacity/__init__.py:158: in reraise\n    raise self.last_attempt.result()\n/opt/hostedtoolcache/Python/3.12.2/x64/lib/python3.12/concurrent/futures/_base.py:449: in result\n    return self.__get_result()\n/opt/hostedtoolcache/Python/3.12.2/x64/lib/python3.12/concurrent/futures/_base.py:401: in __get_result\n    raise self._exception\n/opt/hostedtoolcache/Python/3.12.2/x64/lib/python3.12/site-packages/tenacity/__init__.py:382: in __call__\n    result = fn(*args, **kwargs)\nsrc/node/waku_node.py:125: in start\n    self.ensure_ready()\n/opt/hostedtoolcache/Python/3.12.2/x64/lib/python3.12/site-packages/tenacity/__init__.py:289: in wrapped_f\n    return self(f, *args, **kw)\n/opt/hostedtoolcache/Python/3.12.2/x64/lib/python3.12/site-packages/tenacity/__init__.py:379: in __call__\n    do = self.iter(retry_state=retry_state)\n/opt/hostedtoolcache/Python/3.12.2/x64/lib/python3.12/site-packages/tenacity/__init__.py:325: in iter\n    raise retry_exc.reraise()\n/opt/hostedtoolcache/Python/3.12.2/x64/lib/python3.12/site-packages/tenacity/__init__.py:158: in reraise\n    raise self.last_attempt.result()\n/opt/hostedtoolcache/Python/3.12.2/x64/lib/python3.12/concurrent/futures/_base.py:449: in result\n    return self.__get_result()\n/opt/hostedtoolcache/Python/3.12.2/x64/lib/python3.12/concurrent/futures/_base.py:401: in __get_result\n    raise self._exception\n/opt/hostedtoolcache/Python/3.12.2/x64/lib/python3.12/site-packages/tenacity/__init__.py:382: in __call__\n    result = fn(*args, **kwargs)\nsrc/node/waku_node.py:190: in ensure_ready\n    self.info_response = self.info()\nsrc/node/waku_node.py:210: in info\n    return self._api.info()\nsrc/node/api_clients/rest.py:20: in info\n    return info_response.json()\n/opt/hostedtoolcache/Python/3.12.2/x64/lib/python3.12/site-packages/requests/models.py:975: in json\n    raise RequestsJSONDecodeError(e.msg, e.doc, e.pos)\nE   requests.exceptions.JSONDecodeError: Expecting value: line 1 column 1 (char 0)","steps":[],"attachments":[{"uid":"dc6298f9843acaa7","name":"log","source":"dc6298f9843acaa7.txt","type":"text/plain","size":35414}],"parameters":[],"shouldDisplayMessage":true,"stepsCount":0,"attachmentsCount":1,"hasContent":true,"attachmentStep":false},"afterStages":[{"name":"test_setup::0","time":{"start":1711509072159,"stop":1711509072159,"duration":0},"status":"passed","steps":[],"attachments":[],"parameters":[],"shouldDisplayMessage":false,"stepsCount":0,"attachmentsCount":0,"hasContent":false,"attachmentStep":false},{"name":"close_open_nodes::0","time":{"start":1711509072160,"stop":1711509076966,"duration":4806},"status":"passed","steps":[],"attachments":[],"parameters":[],"shouldDisplayMessage":false,"stepsCount":0,"attachmentsCount":0,"hasContent":false,"attachmentStep":false},{"name":"attach_logs_on_fail::0","time":{"start":1711509076967,"stop":1711509076967,"duration":0},"status":"passed","steps":[],"attachments":[],"parameters":[],"shouldDisplayMessage":false,"stepsCount":0,"attachmentsCount":0,"hasContent":false,"attachmentStep":false},{"name":"set_allure_env_variables::0","time":{"start":1711509997184,"stop":1711509997184,"duration":0},"status":"passed","steps":[],"attachments":[],"parameters":[],"shouldDisplayMessage":false,"stepsCount":0,"attachmentsCount":0,"hasContent":false,"attachmentStep":false}],"labels":[{"name":"tag","value":"@pytest.mark.xfail(True, reason='Bug reported: https://github.com/waku-org/nwaku/issues/2319')"},{"name":"tag","value":"@pytest.mark.usefixtures('setup_main_relay_node', 'setup_main_filter_node')"},{"name":"parentSuite","value":"tests.filter"},{"name":"suite","value":"test_multiple_nodes"},{"name":"subSuite","value":"TestFilterMultipleNodes"},{"name":"host","value":"fv-az975-963"},{"name":"thread","value":"2156-MainThread"},{"name":"framework","value":"pytest"},{"name":"language","value":"cpython3"},{"name":"package","value":"tests.filter.test_multiple_nodes"},{"name":"resultFormat","value":"allure2"}],"parameters":[],"links":[],"hidden":false,"retry":false,"extra":{"severity":"normal","retries":[],"categories":[],"history":{"statistic":{"failed":0,"broken":0,"skipped":58,"passed":23,"unknown":0,"total":81},"items":[{"uid":"ac2d01bcab053354","reportUrl":"https://waku-org.github.io/waku-interop-tests/55//#testresult/ac2d01bcab053354","status":"skipped","statusDetails":"XFAIL Bug reported: https://github.com/waku-org/nwaku/issues/2319\n\nException: Error: 500 Server Error: Internal Server Error for url: http://127.0.0.1:22084/relay/v1/messages/%2Fwaku%2F2%2Frs%2F0%2F1 with response: b'Failed to publish: timedout'","time":{"start":1711422634778,"stop":1711422656199,"duration":21421}},{"uid":"4a0fee5c9ef88262","reportUrl":"https://waku-org.github.io/waku-interop-tests/54//#testresult/4a0fee5c9ef88262","status":"skipped","statusDetails":"XFAIL Bug reported: https://github.com/waku-org/nwaku/issues/2319\n\nException: Error: 500 Server Error: Internal Server Error for url: http://127.0.0.1:24889/relay/v1/messages/%2Fwaku%2F2%2Frs%2F0%2F1 with response: b'Failed to publish: timedout'","time":{"start":1711364971134,"stop":1711364982345,"duration":11211}},{"uid":"dbe0543fde361d7d","reportUrl":"https://waku-org.github.io/waku-interop-tests/54//#testresult/dbe0543fde361d7d","status":"skipped","statusDetails":"XFAIL Bug reported: https://github.com/waku-org/nwaku/issues/2319\n\ndocker.errors.APIError: 500 Server Error for http+docker://localhost/v1.43/images/create?tag=latest&fromImage=harbor.status.im%2Fwakuorg%2Fnwaku: Internal Server Error (\"Get \"https://harbor.status.im/v2/\": dial tcp 159.223.242.198:443: connect: connection refused\")","time":{"start":1711336296452,"stop":1711336296452,"duration":0}},{"uid":"59daf3a466db0110","reportUrl":"https://waku-org.github.io/waku-interop-tests/53//#testresult/59daf3a466db0110","status":"skipped","statusDetails":"XFAIL Bug reported: https://github.com/waku-org/nwaku/issues/2319\n\nException: Error: 500 Server Error: Internal Server Error for url: http://127.0.0.1:15088/relay/v1/messages/%2Fwaku%2F2%2Frs%2F0%2F1 with response: b'Failed to publish: timedout'","time":{"start":1711249833496,"stop":1711249857072,"duration":23576}},{"uid":"deaf170c3dc551a1","reportUrl":"https://waku-org.github.io/waku-interop-tests/52//#testresult/deaf170c3dc551a1","status":"skipped","statusDetails":"XFAIL Bug reported: https://github.com/waku-org/nwaku/issues/2319\n\nException: Error: 500 Server Error: Internal Server Error for url: http://127.0.0.1:19664/relay/v1/messages/%2Fwaku%2F2%2Frs%2F0%2F1 with response: b'Failed to publish: timedout'","time":{"start":1711163575753,"stop":1711163615419,"duration":39666}},{"uid":"21dd375c7f212c8d","reportUrl":"https://waku-org.github.io/waku-interop-tests/51//#testresult/21dd375c7f212c8d","status":"skipped","statusDetails":"XFAIL Bug reported: https://github.com/waku-org/nwaku/issues/2319\n\nException: Error: 500 Server Error: Internal Server Error for url: http://127.0.0.1:61869/relay/v1/messages/%2Fwaku%2F2%2Frs%2F0%2F1 with response: b'Failed to publish: timedout'","time":{"start":1711112734914,"stop":1711112773680,"duration":38766}},{"uid":"beafc7f9107dd3be","reportUrl":"https://waku-org.github.io/waku-interop-tests/50//#testresult/beafc7f9107dd3be","status":"skipped","statusDetails":"XFAIL Bug reported: https://github.com/waku-org/nwaku/issues/2319\n\nException: Error: 500 Server Error: Internal Server Error for url: http://127.0.0.1:22245/relay/v1/messages/%2Fwaku%2F2%2Frs%2F0%2F1 with response: b'Failed to publish: timedout'","time":{"start":1711077062630,"stop":1711077083092,"duration":20462}},{"uid":"50d7cda7fe255d3c","reportUrl":"https://waku-org.github.io/waku-interop-tests/49//#testresult/50d7cda7fe255d3c","status":"skipped","statusDetails":"XFAIL Bug reported: https://github.com/waku-org/nwaku/issues/2319\n\nException: Error: 500 Server Error: Internal Server Error for url: http://127.0.0.1:16973/relay/v1/messages/%2Fwaku%2F2%2Frs%2F0%2F1 with response: b'Failed to publish: timedout'","time":{"start":1710990756038,"stop":1710990804333,"duration":48295}},{"uid":"324f3f8d6104876b","reportUrl":"https://waku-org.github.io/waku-interop-tests/48//#testresult/324f3f8d6104876b","status":"skipped","statusDetails":"XFAIL Bug reported: https://github.com/waku-org/nwaku/issues/2319\n\nException: Error: 500 Server Error: Internal Server Error for url: http://127.0.0.1:43495/relay/v1/messages/%2Fwaku%2F2%2Frs%2F0%2F1 with response: b'Failed to publish: timedout'","time":{"start":1710904285049,"stop":1710904312465,"duration":27416}},{"uid":"dae3661c277777cb","reportUrl":"https://waku-org.github.io/waku-interop-tests/47//#testresult/dae3661c277777cb","status":"skipped","statusDetails":"XFAIL Bug reported: https://github.com/waku-org/nwaku/issues/2319\n\nException: Error: 500 Server Error: Internal Server Error for url: http://127.0.0.1:33822/relay/v1/messages/%2Fwaku%2F2%2Frs%2F0%2F1 with response: b'Failed to publish: timedout'","time":{"start":1710817849433,"stop":1710817870903,"duration":21470}},{"uid":"87a03d334d68c831","reportUrl":"https://waku-org.github.io/waku-interop-tests/46//#testresult/87a03d334d68c831","status":"skipped","statusDetails":"XFAIL Bug reported: https://github.com/waku-org/nwaku/issues/2319\n\nException: Error: 500 Server Error: Internal Server Error for url: http://127.0.0.1:18881/relay/v1/messages/%2Fwaku%2F2%2Frs%2F0%2F1 with response: b'Failed to publish: timedout'","time":{"start":1710731481312,"stop":1710731510924,"duration":29612}},{"uid":"502a69f27a642874","reportUrl":"https://waku-org.github.io/waku-interop-tests/45//#testresult/502a69f27a642874","status":"skipped","statusDetails":"XFAIL Bug reported: https://github.com/waku-org/nwaku/issues/2319\n\nException: Error: 500 Server Error: Internal Server Error for url: http://127.0.0.1:39884/relay/v1/messages/%2Fwaku%2F2%2Frs%2F0%2F1 with response: b'Failed to publish: timedout'","time":{"start":1710645019495,"stop":1710645058234,"duration":38739}},{"uid":"97108627dd9fd120","reportUrl":"https://waku-org.github.io/waku-interop-tests/44//#testresult/97108627dd9fd120","status":"skipped","statusDetails":"XFAIL Bug reported: https://github.com/waku-org/nwaku/issues/2319\n\nException: Error: 500 Server Error: Internal Server Error for url: http://127.0.0.1:31234/relay/v1/messages/%2Fwaku%2F2%2Frs%2F0%2F1 with response: b'Failed to publish: timedout'","time":{"start":1710558670914,"stop":1710558708964,"duration":38050}},{"uid":"47861262eceff68a","reportUrl":"https://waku-org.github.io/waku-interop-tests/43//#testresult/47861262eceff68a","status":"skipped","statusDetails":"XFAIL Bug reported: https://github.com/waku-org/nwaku/issues/2319\n\nException: Error: 500 Server Error: Internal Server Error for url: http://127.0.0.1:44938/relay/v1/messages/%2Fwaku%2F2%2Frs%2F0%2F1 with response: b'Failed to publish: timedout'","time":{"start":1710492238329,"stop":1710492253995,"duration":15666}},{"uid":"3d79a0b7e22ac6","reportUrl":"https://waku-org.github.io/waku-interop-tests/42//#testresult/3d79a0b7e22ac6","status":"skipped","statusDetails":"XFAIL Bug reported: https://github.com/waku-org/nwaku/issues/2319\n\nException: Error: 500 Server Error: Internal Server Error for url: http://127.0.0.1:12079/relay/v1/messages/%2Fwaku%2F2%2Frs%2F0%2F1 with response: b'Failed to publish: timedout'","time":{"start":1710472340255,"stop":1710472360764,"duration":20509}},{"uid":"fba4b8c8f5339f4b","reportUrl":"https://waku-org.github.io/waku-interop-tests/41//#testresult/fba4b8c8f5339f4b","status":"skipped","statusDetails":"XFAIL Bug reported: https://github.com/waku-org/nwaku/issues/2319\n\nException: Error: 500 Server Error: Internal Server Error for url: http://127.0.0.1:7094/relay/v1/messages/%2Fwaku%2F2%2Frs%2F0%2F1 with response: b'Failed to publish: timedout'","time":{"start":1710385888315,"stop":1710385922074,"duration":33759}},{"uid":"b8c5a39da69e51f","reportUrl":"https://waku-org.github.io/waku-interop-tests/40//#testresult/b8c5a39da69e51f","status":"skipped","statusDetails":"XFAIL Bug reported: https://github.com/waku-org/nwaku/issues/2319\n\nException: Error: 500 Server Error: Internal Server Error for url: http://127.0.0.1:49306/relay/v1/messages/%2Fwaku%2F2%2Frs%2F0%2F1 with response: b'Failed to publish: timedout'","time":{"start":1710299536176,"stop":1710299557526,"duration":21350}},{"uid":"8f7bb012b8a5e6ea","reportUrl":"https://waku-org.github.io/waku-interop-tests/39//#testresult/8f7bb012b8a5e6ea","status":"skipped","statusDetails":"XFAIL Bug reported: https://github.com/waku-org/nwaku/issues/2319\n\nException: Error: 500 Server Error: Internal Server Error for url: http://127.0.0.1:11068/relay/v1/messages/%2Fwaku%2F2%2Frs%2F0%2F1 with response: b'Failed to publish: timedout'","time":{"start":1710227666090,"stop":1710227698008,"duration":31918}},{"uid":"5307e649136070d8","reportUrl":"https://waku-org.github.io/waku-interop-tests/38//#testresult/5307e649136070d8","status":"skipped","statusDetails":"XFAIL Bug reported: https://github.com/waku-org/nwaku/issues/2319\n\nException: Error: 500 Server Error: Internal Server Error for url: http://127.0.0.1:9822/relay/v1/messages/%2Fwaku%2F2%2Frs%2F0%2F1 with response: b'Failed to publish: timedout'","time":{"start":1710213087607,"stop":1710213098358,"duration":10751}},{"uid":"70dcc275e8189da9","reportUrl":"https://waku-org.github.io/waku-interop-tests/37//#testresult/70dcc275e8189da9","status":"skipped","statusDetails":"XFAIL Bug reported: https://github.com/waku-org/nwaku/issues/2319\n\nException: Error: 500 Server Error: Internal Server Error for url: http://127.0.0.1:5088/relay/v1/messages/%2Fwaku%2F2%2Frs%2F0%2F1 with response: b'Failed to publish: timedout'","time":{"start":1710126750609,"stop":1710126805119,"duration":54510}}]},"tags":["@pytest.mark.xfail(True, reason='Bug reported: https://github.com/waku-org/nwaku/issues/2319')","@pytest.mark.usefixtures('setup_main_relay_node', 'setup_main_filter_node')"]},"source":"c366523a7495cf25.json","parameterValues":[]}