{"uid":"f2e84f3b1c9e5e1d","name":"test_filter_get_message_with_ephemeral","fullName":"tests.filter.test_get_messages.TestFilterGetMessages#test_filter_get_message_with_ephemeral","historyId":"f5f86d428f0208c7e8e1f0eb7dc4af58","time":{"start":1711509129801,"stop":1711509129801,"duration":0},"status":"skipped","statusMessage":"XFAIL Bug reported: https://github.com/waku-org/go-waku/issues/1068\n\nrequests.exceptions.JSONDecodeError: Expecting value: line 1 column 1 (char 0)","statusTrace":"/opt/hostedtoolcache/Python/3.12.2/x64/lib/python3.12/site-packages/requests/models.py:971: in json\n    return complexjson.loads(self.text, **kwargs)\n/opt/hostedtoolcache/Python/3.12.2/x64/lib/python3.12/json/__init__.py:346: in loads\n    return _default_decoder.decode(s)\n/opt/hostedtoolcache/Python/3.12.2/x64/lib/python3.12/json/decoder.py:337: in decode\n    obj, end = self.raw_decode(s, idx=_w(s, 0).end())\n/opt/hostedtoolcache/Python/3.12.2/x64/lib/python3.12/json/decoder.py:355: in raw_decode\n    raise JSONDecodeError(\"Expecting value\", s, err.value) from None\nE   json.decoder.JSONDecodeError: Expecting value: line 1 column 1 (char 0)\n\nDuring handling of the above exception, another exception occurred:\nsrc/steps/filter.py:40: in setup_main_filter_node\n    self.node2.start(relay=\"false\", discv5_bootstrap_node=self.enr_uri, filternode=self.multiaddr_with_id)\n/opt/hostedtoolcache/Python/3.12.2/x64/lib/python3.12/site-packages/tenacity/__init__.py:289: in wrapped_f\n    return self(f, *args, **kw)\n/opt/hostedtoolcache/Python/3.12.2/x64/lib/python3.12/site-packages/tenacity/__init__.py:379: in __call__\n    do = self.iter(retry_state=retry_state)\n/opt/hostedtoolcache/Python/3.12.2/x64/lib/python3.12/site-packages/tenacity/__init__.py:325: in iter\n    raise retry_exc.reraise()\n/opt/hostedtoolcache/Python/3.12.2/x64/lib/python3.12/site-packages/tenacity/__init__.py:158: in reraise\n    raise self.last_attempt.result()\n/opt/hostedtoolcache/Python/3.12.2/x64/lib/python3.12/concurrent/futures/_base.py:449: in result\n    return self.__get_result()\n/opt/hostedtoolcache/Python/3.12.2/x64/lib/python3.12/concurrent/futures/_base.py:401: in __get_result\n    raise self._exception\n/opt/hostedtoolcache/Python/3.12.2/x64/lib/python3.12/site-packages/tenacity/__init__.py:382: in __call__\n    result = fn(*args, **kwargs)\nsrc/node/waku_node.py:125: in start\n    self.ensure_ready()\n/opt/hostedtoolcache/Python/3.12.2/x64/lib/python3.12/site-packages/tenacity/__init__.py:289: in wrapped_f\n    return self(f, *args, **kw)\n/opt/hostedtoolcache/Python/3.12.2/x64/lib/python3.12/site-packages/tenacity/__init__.py:379: in __call__\n    do = self.iter(retry_state=retry_state)\n/opt/hostedtoolcache/Python/3.12.2/x64/lib/python3.12/site-packages/tenacity/__init__.py:325: in iter\n    raise retry_exc.reraise()\n/opt/hostedtoolcache/Python/3.12.2/x64/lib/python3.12/site-packages/tenacity/__init__.py:158: in reraise\n    raise self.last_attempt.result()\n/opt/hostedtoolcache/Python/3.12.2/x64/lib/python3.12/concurrent/futures/_base.py:449: in result\n    return self.__get_result()\n/opt/hostedtoolcache/Python/3.12.2/x64/lib/python3.12/concurrent/futures/_base.py:401: in __get_result\n    raise self._exception\n/opt/hostedtoolcache/Python/3.12.2/x64/lib/python3.12/site-packages/tenacity/__init__.py:382: in __call__\n    result = fn(*args, **kwargs)\nsrc/node/waku_node.py:190: in ensure_ready\n    self.info_response = self.info()\nsrc/node/waku_node.py:210: in info\n    return self._api.info()\nsrc/node/api_clients/rest.py:20: in info\n    return info_response.json()\n/opt/hostedtoolcache/Python/3.12.2/x64/lib/python3.12/site-packages/requests/models.py:975: in json\n    raise RequestsJSONDecodeError(e.msg, e.doc, e.pos)\nE   requests.exceptions.JSONDecodeError: Expecting value: line 1 column 1 (char 0)","flaky":false,"newFailed":false,"newBroken":false,"newPassed":false,"retriesCount":0,"retriesStatusChange":false,"beforeStages":[{"name":"set_allure_env_variables","time":{"start":1711508965832,"stop":1711508965832,"duration":0},"status":"passed","steps":[],"attachments":[],"parameters":[],"shouldDisplayMessage":false,"stepsCount":0,"attachmentsCount":0,"hasContent":false,"attachmentStep":false},{"name":"close_open_nodes","time":{"start":1711509129808,"stop":1711509129808,"duration":0},"status":"passed","steps":[],"attachments":[],"parameters":[],"shouldDisplayMessage":false,"stepsCount":0,"attachmentsCount":0,"hasContent":false,"attachmentStep":false},{"name":"test_id","time":{"start":1711509129808,"stop":1711509129809,"duration":1},"status":"passed","steps":[],"attachments":[],"parameters":[],"shouldDisplayMessage":false,"stepsCount":0,"attachmentsCount":0,"hasContent":false,"attachmentStep":false},{"name":"attach_logs_on_fail","time":{"start":1711509129808,"stop":1711509129808,"duration":0},"status":"passed","steps":[],"attachments":[],"parameters":[],"shouldDisplayMessage":false,"stepsCount":0,"attachmentsCount":0,"hasContent":false,"attachmentStep":false},{"name":"test_setup","time":{"start":1711509129809,"stop":1711509129809,"duration":0},"status":"passed","steps":[],"attachments":[],"parameters":[],"shouldDisplayMessage":false,"stepsCount":0,"attachmentsCount":0,"hasContent":false,"attachmentStep":false},{"name":"filter_setup","time":{"start":1711509129809,"stop":1711509129809,"duration":0},"status":"passed","steps":[],"attachments":[],"parameters":[],"shouldDisplayMessage":false,"stepsCount":0,"attachmentsCount":0,"hasContent":false,"attachmentStep":false},{"name":"setup_main_relay_node","time":{"start":1711509129809,"stop":1711509131342,"duration":1533},"status":"passed","steps":[],"attachments":[],"parameters":[],"shouldDisplayMessage":false,"stepsCount":0,"attachmentsCount":0,"hasContent":false,"attachmentStep":false},{"name":"setup_main_filter_node","time":{"start":1711509131342,"stop":1711509142860,"duration":11518},"status":"broken","statusMessage":"requests.exceptions.JSONDecodeError: Expecting value: line 1 column 1 (char 0)\n","statusTrace":"  File \"/opt/hostedtoolcache/Python/3.12.2/x64/lib/python3.12/site-packages/pluggy/_callers.py\", line 137, in _multicall\n    teardown.throw(outcome._exception)\n  File \"/opt/hostedtoolcache/Python/3.12.2/x64/lib/python3.12/site-packages/_pytest/setuponly.py\", line 36, in pytest_fixture_setup\n    return (yield)\n            ^^^^^\n  File \"/opt/hostedtoolcache/Python/3.12.2/x64/lib/python3.12/site-packages/pluggy/_callers.py\", line 77, in _multicall\n    res = hook_impl.function(*args)\n          ^^^^^^^^^^^^^^^^^^^^^^^^^\n  File \"/opt/hostedtoolcache/Python/3.12.2/x64/lib/python3.12/site-packages/_pytest/fixtures.py\", line 1140, in pytest_fixture_setup\n    result = call_fixture_func(fixturefunc, request, kwargs)\n             ^^^^^^^^^^^^^^^^^^^^^^^^^^^^^^^^^^^^^^^^^^^^^^^\n  File \"/opt/hostedtoolcache/Python/3.12.2/x64/lib/python3.12/site-packages/_pytest/fixtures.py\", line 917, in call_fixture_func\n    fixture_result = fixturefunc(**kwargs)\n                     ^^^^^^^^^^^^^^^^^^^^^\n  File \"/home/runner/work/waku-interop-tests/waku-interop-tests/src/steps/filter.py\", line 40, in setup_main_filter_node\n    self.node2.start(relay=\"false\", discv5_bootstrap_node=self.enr_uri, filternode=self.multiaddr_with_id)\n  File \"/opt/hostedtoolcache/Python/3.12.2/x64/lib/python3.12/site-packages/tenacity/__init__.py\", line 289, in wrapped_f\n    return self(f, *args, **kw)\n           ^^^^^^^^^^^^^^^^^^^^\n  File \"/opt/hostedtoolcache/Python/3.12.2/x64/lib/python3.12/site-packages/tenacity/__init__.py\", line 379, in __call__\n    do = self.iter(retry_state=retry_state)\n         ^^^^^^^^^^^^^^^^^^^^^^^^^^^^^^^^^^\n  File \"/opt/hostedtoolcache/Python/3.12.2/x64/lib/python3.12/site-packages/tenacity/__init__.py\", line 325, in iter\n    raise retry_exc.reraise()\n          ^^^^^^^^^^^^^^^^^^^\n  File \"/opt/hostedtoolcache/Python/3.12.2/x64/lib/python3.12/site-packages/tenacity/__init__.py\", line 158, in reraise\n    raise self.last_attempt.result()\n          ^^^^^^^^^^^^^^^^^^^^^^^^^^\n  File \"/opt/hostedtoolcache/Python/3.12.2/x64/lib/python3.12/concurrent/futures/_base.py\", line 449, in result\n    return self.__get_result()\n           ^^^^^^^^^^^^^^^^^^^\n  File \"/opt/hostedtoolcache/Python/3.12.2/x64/lib/python3.12/concurrent/futures/_base.py\", line 401, in __get_result\n    raise self._exception\n  File \"/opt/hostedtoolcache/Python/3.12.2/x64/lib/python3.12/site-packages/tenacity/__init__.py\", line 382, in __call__\n    result = fn(*args, **kwargs)\n             ^^^^^^^^^^^^^^^^^^^\n  File \"/home/runner/work/waku-interop-tests/waku-interop-tests/src/node/waku_node.py\", line 125, in start\n    self.ensure_ready()\n  File \"/opt/hostedtoolcache/Python/3.12.2/x64/lib/python3.12/site-packages/tenacity/__init__.py\", line 289, in wrapped_f\n    return self(f, *args, **kw)\n           ^^^^^^^^^^^^^^^^^^^^\n  File \"/opt/hostedtoolcache/Python/3.12.2/x64/lib/python3.12/site-packages/tenacity/__init__.py\", line 379, in __call__\n    do = self.iter(retry_state=retry_state)\n         ^^^^^^^^^^^^^^^^^^^^^^^^^^^^^^^^^^\n  File \"/opt/hostedtoolcache/Python/3.12.2/x64/lib/python3.12/site-packages/tenacity/__init__.py\", line 325, in iter\n    raise retry_exc.reraise()\n          ^^^^^^^^^^^^^^^^^^^\n  File \"/opt/hostedtoolcache/Python/3.12.2/x64/lib/python3.12/site-packages/tenacity/__init__.py\", line 158, in reraise\n    raise self.last_attempt.result()\n          ^^^^^^^^^^^^^^^^^^^^^^^^^^\n  File \"/opt/hostedtoolcache/Python/3.12.2/x64/lib/python3.12/concurrent/futures/_base.py\", line 449, in result\n    return self.__get_result()\n           ^^^^^^^^^^^^^^^^^^^\n  File \"/opt/hostedtoolcache/Python/3.12.2/x64/lib/python3.12/concurrent/futures/_base.py\", line 401, in __get_result\n    raise self._exception\n  File \"/opt/hostedtoolcache/Python/3.12.2/x64/lib/python3.12/site-packages/tenacity/__init__.py\", line 382, in __call__\n    result = fn(*args, **kwargs)\n             ^^^^^^^^^^^^^^^^^^^\n  File \"/home/runner/work/waku-interop-tests/waku-interop-tests/src/node/waku_node.py\", line 190, in ensure_ready\n    self.info_response = self.info()\n                         ^^^^^^^^^^^\n  File \"/home/runner/work/waku-interop-tests/waku-interop-tests/src/node/waku_node.py\", line 210, in info\n    return self._api.info()\n           ^^^^^^^^^^^^^^^^\n  File \"/home/runner/work/waku-interop-tests/waku-interop-tests/src/node/api_clients/rest.py\", line 20, in info\n    return info_response.json()\n           ^^^^^^^^^^^^^^^^^^^^\n  File \"/opt/hostedtoolcache/Python/3.12.2/x64/lib/python3.12/site-packages/requests/models.py\", line 975, in json\n    raise RequestsJSONDecodeError(e.msg, e.doc, e.pos)\n","steps":[],"attachments":[],"parameters":[],"shouldDisplayMessage":true,"stepsCount":0,"attachmentsCount":0,"hasContent":true,"attachmentStep":false}],"testStage":{"status":"skipped","statusMessage":"XFAIL Bug reported: https://github.com/waku-org/go-waku/issues/1068\n\nrequests.exceptions.JSONDecodeError: Expecting value: line 1 column 1 (char 0)","statusTrace":"/opt/hostedtoolcache/Python/3.12.2/x64/lib/python3.12/site-packages/requests/models.py:971: in json\n    return complexjson.loads(self.text, **kwargs)\n/opt/hostedtoolcache/Python/3.12.2/x64/lib/python3.12/json/__init__.py:346: in loads\n    return _default_decoder.decode(s)\n/opt/hostedtoolcache/Python/3.12.2/x64/lib/python3.12/json/decoder.py:337: in decode\n    obj, end = self.raw_decode(s, idx=_w(s, 0).end())\n/opt/hostedtoolcache/Python/3.12.2/x64/lib/python3.12/json/decoder.py:355: in raw_decode\n    raise JSONDecodeError(\"Expecting value\", s, err.value) from None\nE   json.decoder.JSONDecodeError: Expecting value: line 1 column 1 (char 0)\n\nDuring handling of the above exception, another exception occurred:\nsrc/steps/filter.py:40: in setup_main_filter_node\n    self.node2.start(relay=\"false\", discv5_bootstrap_node=self.enr_uri, filternode=self.multiaddr_with_id)\n/opt/hostedtoolcache/Python/3.12.2/x64/lib/python3.12/site-packages/tenacity/__init__.py:289: in wrapped_f\n    return self(f, *args, **kw)\n/opt/hostedtoolcache/Python/3.12.2/x64/lib/python3.12/site-packages/tenacity/__init__.py:379: in __call__\n    do = self.iter(retry_state=retry_state)\n/opt/hostedtoolcache/Python/3.12.2/x64/lib/python3.12/site-packages/tenacity/__init__.py:325: in iter\n    raise retry_exc.reraise()\n/opt/hostedtoolcache/Python/3.12.2/x64/lib/python3.12/site-packages/tenacity/__init__.py:158: in reraise\n    raise self.last_attempt.result()\n/opt/hostedtoolcache/Python/3.12.2/x64/lib/python3.12/concurrent/futures/_base.py:449: in result\n    return self.__get_result()\n/opt/hostedtoolcache/Python/3.12.2/x64/lib/python3.12/concurrent/futures/_base.py:401: in __get_result\n    raise self._exception\n/opt/hostedtoolcache/Python/3.12.2/x64/lib/python3.12/site-packages/tenacity/__init__.py:382: in __call__\n    result = fn(*args, **kwargs)\nsrc/node/waku_node.py:125: in start\n    self.ensure_ready()\n/opt/hostedtoolcache/Python/3.12.2/x64/lib/python3.12/site-packages/tenacity/__init__.py:289: in wrapped_f\n    return self(f, *args, **kw)\n/opt/hostedtoolcache/Python/3.12.2/x64/lib/python3.12/site-packages/tenacity/__init__.py:379: in __call__\n    do = self.iter(retry_state=retry_state)\n/opt/hostedtoolcache/Python/3.12.2/x64/lib/python3.12/site-packages/tenacity/__init__.py:325: in iter\n    raise retry_exc.reraise()\n/opt/hostedtoolcache/Python/3.12.2/x64/lib/python3.12/site-packages/tenacity/__init__.py:158: in reraise\n    raise self.last_attempt.result()\n/opt/hostedtoolcache/Python/3.12.2/x64/lib/python3.12/concurrent/futures/_base.py:449: in result\n    return self.__get_result()\n/opt/hostedtoolcache/Python/3.12.2/x64/lib/python3.12/concurrent/futures/_base.py:401: in __get_result\n    raise self._exception\n/opt/hostedtoolcache/Python/3.12.2/x64/lib/python3.12/site-packages/tenacity/__init__.py:382: in __call__\n    result = fn(*args, **kwargs)\nsrc/node/waku_node.py:190: in ensure_ready\n    self.info_response = self.info()\nsrc/node/waku_node.py:210: in info\n    return self._api.info()\nsrc/node/api_clients/rest.py:20: in info\n    return info_response.json()\n/opt/hostedtoolcache/Python/3.12.2/x64/lib/python3.12/site-packages/requests/models.py:975: in json\n    raise RequestsJSONDecodeError(e.msg, e.doc, e.pos)\nE   requests.exceptions.JSONDecodeError: Expecting value: line 1 column 1 (char 0)","steps":[],"attachments":[{"uid":"7391340205b95f89","name":"log","source":"7391340205b95f89.txt","type":"text/plain","size":35520}],"parameters":[],"shouldDisplayMessage":true,"stepsCount":0,"attachmentsCount":1,"hasContent":true,"attachmentStep":false},"afterStages":[{"name":"test_setup::0","time":{"start":1711509142986,"stop":1711509142987,"duration":1},"status":"passed","steps":[],"attachments":[],"parameters":[],"shouldDisplayMessage":false,"stepsCount":0,"attachmentsCount":0,"hasContent":false,"attachmentStep":false},{"name":"close_open_nodes::0","time":{"start":1711509142987,"stop":1711509146713,"duration":3726},"status":"passed","steps":[],"attachments":[],"parameters":[],"shouldDisplayMessage":false,"stepsCount":0,"attachmentsCount":0,"hasContent":false,"attachmentStep":false},{"name":"attach_logs_on_fail::0","time":{"start":1711509146714,"stop":1711509146714,"duration":0},"status":"passed","steps":[],"attachments":[],"parameters":[],"shouldDisplayMessage":false,"stepsCount":0,"attachmentsCount":0,"hasContent":false,"attachmentStep":false},{"name":"set_allure_env_variables::0","time":{"start":1711509998390,"stop":1711509998390,"duration":0},"status":"passed","steps":[],"attachments":[],"parameters":[],"shouldDisplayMessage":false,"stepsCount":0,"attachmentsCount":0,"hasContent":false,"attachmentStep":false}],"labels":[{"name":"tag","value":"@pytest.mark.xfail(True, reason='Bug reported: https://github.com/waku-org/go-waku/issues/1068')"},{"name":"tag","value":"@pytest.mark.usefixtures('setup_main_relay_node', 'setup_main_filter_node', 'subscribe_main_nodes')"},{"name":"parentSuite","value":"tests.filter"},{"name":"suite","value":"test_get_messages"},{"name":"subSuite","value":"TestFilterGetMessages"},{"name":"host","value":"fv-az975-963"},{"name":"thread","value":"2150-MainThread"},{"name":"framework","value":"pytest"},{"name":"language","value":"cpython3"},{"name":"package","value":"tests.filter.test_get_messages"},{"name":"resultFormat","value":"allure2"}],"parameters":[],"links":[],"hidden":false,"retry":false,"extra":{"severity":"normal","retries":[],"categories":[],"history":{"statistic":{"failed":0,"broken":0,"skipped":81,"passed":0,"unknown":0,"total":81},"items":[{"uid":"4f1e25768cc9e4b8","reportUrl":"https://waku-org.github.io/waku-interop-tests/55//#testresult/4f1e25768cc9e4b8","status":"skipped","statusDetails":"XFAIL Bug reported: https://github.com/waku-org/go-waku/issues/1068\n\nAssertionError: Ephemeral that failed: [True, False]\nassert not [True, False]","time":{"start":1711422624089,"stop":1711422624312,"duration":223}},{"uid":"277fdd5ed03672b6","reportUrl":"https://waku-org.github.io/waku-interop-tests/54//#testresult/277fdd5ed03672b6","status":"skipped","statusDetails":"XFAIL Bug reported: https://github.com/waku-org/go-waku/issues/1068\n\nAssertionError: Ephemeral that failed: [True, False]\nassert not [True, False]","time":{"start":1711364929817,"stop":1711364930053,"duration":236}},{"uid":"95a75b6698e67a66","reportUrl":"https://waku-org.github.io/waku-interop-tests/54//#testresult/95a75b6698e67a66","status":"skipped","statusDetails":"XFAIL Bug reported: https://github.com/waku-org/go-waku/issues/1068\n\ndocker.errors.APIError: 500 Server Error for http+docker://localhost/v1.43/images/create?tag=latest&fromImage=harbor.status.im%2Fwakuorg%2Fnwaku: Internal Server Error (\"Get \"https://harbor.status.im/v2/\": dial tcp 159.223.242.198:443: connect: connection refused\")","time":{"start":1711336317690,"stop":1711336317690,"duration":0}},{"uid":"e476727d0d09fa72","reportUrl":"https://waku-org.github.io/waku-interop-tests/53//#testresult/e476727d0d09fa72","status":"skipped","statusDetails":"XFAIL Bug reported: https://github.com/waku-org/go-waku/issues/1068\n\nAssertionError: Ephemeral that failed: [True, False]\nassert not [True, False]","time":{"start":1711249831909,"stop":1711249832137,"duration":228}},{"uid":"e4c11f3a88d54b2c","reportUrl":"https://waku-org.github.io/waku-interop-tests/52//#testresult/e4c11f3a88d54b2c","status":"skipped","statusDetails":"XFAIL Bug reported: https://github.com/waku-org/go-waku/issues/1068\n\nAssertionError: Ephemeral that failed: [True, False]\nassert not [True, False]","time":{"start":1711163524227,"stop":1711163524456,"duration":229}},{"uid":"b9a8383b5f03eed5","reportUrl":"https://waku-org.github.io/waku-interop-tests/51//#testresult/b9a8383b5f03eed5","status":"skipped","statusDetails":"XFAIL Bug reported: https://github.com/waku-org/go-waku/issues/1068\n\nAssertionError: Ephemeral that failed: [True, False]\nassert not [True, False]","time":{"start":1711112704191,"stop":1711112704421,"duration":230}},{"uid":"da171b6c67887e08","reportUrl":"https://waku-org.github.io/waku-interop-tests/50//#testresult/da171b6c67887e08","status":"skipped","statusDetails":"XFAIL Bug reported: https://github.com/waku-org/nwaku/issues/2436\n\nAssertionError: Ephemeral that failed: [True, False]\nassert not [True, False]","time":{"start":1711077055972,"stop":1711077056195,"duration":223}},{"uid":"3b0578b6203dbdb9","reportUrl":"https://waku-org.github.io/waku-interop-tests/49//#testresult/3b0578b6203dbdb9","status":"skipped","statusDetails":"XFAIL Bug reported: https://github.com/waku-org/nwaku/issues/2436\n\nAssertionError: Ephemeral that failed: [True, False]\nassert not [True, False]","time":{"start":1710990741771,"stop":1710990742005,"duration":234}},{"uid":"de2f08fb0e65b1a","reportUrl":"https://waku-org.github.io/waku-interop-tests/48//#testresult/de2f08fb0e65b1a","status":"skipped","statusDetails":"XFAIL Bug reported: https://github.com/waku-org/nwaku/issues/2436\n\nAssertionError: Ephemeral that failed: [True, False]\nassert not [True, False]","time":{"start":1710904302824,"stop":1710904303055,"duration":231}},{"uid":"344a67276344bfcf","reportUrl":"https://waku-org.github.io/waku-interop-tests/47//#testresult/344a67276344bfcf","status":"skipped","statusDetails":"XFAIL Bug reported: https://github.com/waku-org/nwaku/issues/2436\n\nAssertionError: Ephemeral that failed: [True, False]\nassert not [True, False]","time":{"start":1710817864178,"stop":1710817864417,"duration":239}},{"uid":"a4c4510bdb82de1","reportUrl":"https://waku-org.github.io/waku-interop-tests/46//#testresult/a4c4510bdb82de1","status":"skipped","statusDetails":"XFAIL Bug reported: https://github.com/waku-org/nwaku/issues/2436\n\nAssertionError: Ephemeral that failed: [True, False]\nassert not [True, False]","time":{"start":1710731479878,"stop":1710731480120,"duration":242}},{"uid":"107f3fad1015e0e8","reportUrl":"https://waku-org.github.io/waku-interop-tests/45//#testresult/107f3fad1015e0e8","status":"skipped","statusDetails":"XFAIL Bug reported: https://github.com/waku-org/nwaku/issues/2436\n\nAssertionError: Ephemeral that failed: [True, False]\nassert not [True, False]","time":{"start":1710645037353,"stop":1710645037577,"duration":224}},{"uid":"ddfe7b8762b97e94","reportUrl":"https://waku-org.github.io/waku-interop-tests/44//#testresult/ddfe7b8762b97e94","status":"skipped","statusDetails":"XFAIL Bug reported: https://github.com/waku-org/nwaku/issues/2436\n\nAssertionError: Ephemeral that failed: [True, False]\nassert not [True, False]","time":{"start":1710558664888,"stop":1710558665111,"duration":223}},{"uid":"aa937552bc0a3f09","reportUrl":"https://waku-org.github.io/waku-interop-tests/43//#testresult/aa937552bc0a3f09","status":"skipped","statusDetails":"XFAIL Bug reported: https://github.com/waku-org/nwaku/issues/2436\n\nAssertionError: Ephemeral that failed: [True, False]\nassert not [True, False]","time":{"start":1710492226570,"stop":1710492226791,"duration":221}},{"uid":"68e40bfcf18985f6","reportUrl":"https://waku-org.github.io/waku-interop-tests/42//#testresult/68e40bfcf18985f6","status":"skipped","statusDetails":"XFAIL Bug reported: https://github.com/waku-org/nwaku/issues/2436\n\nAssertionError: Ephemeral that failed: [True, False]\nassert not [True, False]","time":{"start":1710472307454,"stop":1710472307680,"duration":226}},{"uid":"90ca5656ed4d532a","reportUrl":"https://waku-org.github.io/waku-interop-tests/41//#testresult/90ca5656ed4d532a","status":"skipped","statusDetails":"XFAIL Bug reported: https://github.com/waku-org/nwaku/issues/2436\n\nAssertionError: Ephemeral that failed: [True, False]\nassert not [True, False]","time":{"start":1710385852666,"stop":1710385852901,"duration":235}},{"uid":"fd35263396d0315a","reportUrl":"https://waku-org.github.io/waku-interop-tests/40//#testresult/fd35263396d0315a","status":"skipped","statusDetails":"XFAIL Bug reported: https://github.com/waku-org/nwaku/issues/2436\n\nAssertionError: Ephemeral that failed: [True, False]\nassert not [True, False]","time":{"start":1710299520235,"stop":1710299520248,"duration":13}},{"uid":"e626150131ae0f19","reportUrl":"https://waku-org.github.io/waku-interop-tests/39//#testresult/e626150131ae0f19","status":"skipped","statusDetails":"XFAIL Bug reported: https://github.com/waku-org/nwaku/issues/2436\n\nAssertionError: Ephemeral that failed: [True, False]\nassert not [True, False]","time":{"start":1710227625698,"stop":1710227625716,"duration":18}},{"uid":"cb765e81e4700360","reportUrl":"https://waku-org.github.io/waku-interop-tests/38//#testresult/cb765e81e4700360","status":"skipped","statusDetails":"XFAIL Bug reported: https://github.com/waku-org/nwaku/issues/2436\n\nAssertionError: Ephemeral that failed: [True, False]\nassert not [True, False]","time":{"start":1710213098555,"stop":1710213098564,"duration":9}},{"uid":"a12659b5f7573da8","reportUrl":"https://waku-org.github.io/waku-interop-tests/37//#testresult/a12659b5f7573da8","status":"skipped","statusDetails":"XFAIL Bug reported: https://github.com/waku-org/nwaku/issues/2436\n\nAssertionError: Ephemeral that failed: [True, False]\nassert not [True, False]","time":{"start":1710126737092,"stop":1710126737103,"duration":11}}]},"tags":["@pytest.mark.xfail(True, reason='Bug reported: https://github.com/waku-org/go-waku/issues/1068')","@pytest.mark.usefixtures('setup_main_relay_node', 'setup_main_filter_node', 'subscribe_main_nodes')"]},"source":"f2e84f3b1c9e5e1d.json","parameterValues":[]}