{"uid":"95a75b6698e67a66","name":"test_filter_get_message_with_ephemeral","fullName":"tests.filter.test_get_messages.TestFilterGetMessages#test_filter_get_message_with_ephemeral","historyId":"f5f86d428f0208c7e8e1f0eb7dc4af58","time":{"start":1711336317690,"stop":1711336317690,"duration":0},"status":"skipped","statusMessage":"XFAIL Bug reported: https://github.com/waku-org/go-waku/issues/1068\n\ndocker.errors.APIError: 500 Server Error for http+docker://localhost/v1.43/images/create?tag=latest&fromImage=harbor.status.im%2Fwakuorg%2Fnwaku: Internal Server Error (\"Get \"https://harbor.status.im/v2/\": dial tcp 159.223.242.198:443: connect: connection refused\")","statusTrace":"/opt/hostedtoolcache/Python/3.12.2/x64/lib/python3.12/site-packages/docker/api/client.py:265: in _raise_for_status\n    response.raise_for_status()\n/opt/hostedtoolcache/Python/3.12.2/x64/lib/python3.12/site-packages/requests/models.py:1021: in raise_for_status\n    raise HTTPError(http_error_msg, response=self)\nE   requests.exceptions.HTTPError: 404 Client Error: Not Found for url: http+docker://localhost/v1.43/containers/create\n\nThe above exception was the direct cause of the following exception:\n/opt/hostedtoolcache/Python/3.12.2/x64/lib/python3.12/site-packages/docker/models/containers.py:873: in run\n    container = self.create(image=image, command=command,\n/opt/hostedtoolcache/Python/3.12.2/x64/lib/python3.12/site-packages/docker/models/containers.py:932: in create\n    resp = self.client.api.create_container(**create_kwargs)\n/opt/hostedtoolcache/Python/3.12.2/x64/lib/python3.12/site-packages/docker/api/container.py:439: in create_container\n    return self.create_container_from_config(config, name, platform)\n/opt/hostedtoolcache/Python/3.12.2/x64/lib/python3.12/site-packages/docker/api/container.py:456: in create_container_from_config\n    return self._result(res, True)\n/opt/hostedtoolcache/Python/3.12.2/x64/lib/python3.12/site-packages/docker/api/client.py:271: in _result\n    self._raise_for_status(response)\n/opt/hostedtoolcache/Python/3.12.2/x64/lib/python3.12/site-packages/docker/api/client.py:267: in _raise_for_status\n    raise create_api_error_from_http_exception(e) from e\n/opt/hostedtoolcache/Python/3.12.2/x64/lib/python3.12/site-packages/docker/errors.py:39: in create_api_error_from_http_exception\n    raise cls(e, response=response, explanation=explanation) from e\nE   docker.errors.ImageNotFound: 404 Client Error for http+docker://localhost/v1.43/containers/create: Not Found (\"No such image: harbor.status.im/wakuorg/nwaku:latest\")\n\nDuring handling of the above exception, another exception occurred:\n/opt/hostedtoolcache/Python/3.12.2/x64/lib/python3.12/site-packages/docker/api/client.py:265: in _raise_for_status\n    response.raise_for_status()\n/opt/hostedtoolcache/Python/3.12.2/x64/lib/python3.12/site-packages/requests/models.py:1021: in raise_for_status\n    raise HTTPError(http_error_msg, response=self)\nE   requests.exceptions.HTTPError: 500 Server Error: Internal Server Error for url: http+docker://localhost/v1.43/images/create?tag=latest&fromImage=harbor.status.im%2Fwakuorg%2Fnwaku\n\nThe above exception was the direct cause of the following exception:\nsrc/steps/filter.py:34: in setup_main_relay_node\n    self.relay_node_start(NODE_1)\nsrc/steps/filter.py:64: in relay_node_start\n    self.node1.start(**start_args)\n/opt/hostedtoolcache/Python/3.12.2/x64/lib/python3.12/site-packages/tenacity/__init__.py:289: in wrapped_f\n    return self(f, *args, **kw)\n/opt/hostedtoolcache/Python/3.12.2/x64/lib/python3.12/site-packages/tenacity/__init__.py:379: in __call__\n    do = self.iter(retry_state=retry_state)\n/opt/hostedtoolcache/Python/3.12.2/x64/lib/python3.12/site-packages/tenacity/__init__.py:325: in iter\n    raise retry_exc.reraise()\n/opt/hostedtoolcache/Python/3.12.2/x64/lib/python3.12/site-packages/tenacity/__init__.py:158: in reraise\n    raise self.last_attempt.result()\n/opt/hostedtoolcache/Python/3.12.2/x64/lib/python3.12/concurrent/futures/_base.py:449: in result\n    return self.__get_result()\n/opt/hostedtoolcache/Python/3.12.2/x64/lib/python3.12/concurrent/futures/_base.py:401: in __get_result\n    raise self._exception\n/opt/hostedtoolcache/Python/3.12.2/x64/lib/python3.12/site-packages/tenacity/__init__.py:382: in __call__\n    result = fn(*args, **kwargs)\nsrc/node/waku_node.py:117: in start\n    self._container = self._docker_manager.start_container(\nsrc/node/docker_mananger.py:48: in start_container\n    container = self._client.containers.run(\n/opt/hostedtoolcache/Python/3.12.2/x64/lib/python3.12/site-packages/docker/models/containers.py:876: in run\n    self.client.images.pull(image, platform=platform)\n/opt/hostedtoolcache/Python/3.12.2/x64/lib/python3.12/site-packages/docker/models/images.py:464: in pull\n    pull_log = self.client.api.pull(\n/opt/hostedtoolcache/Python/3.12.2/x64/lib/python3.12/site-packages/docker/api/image.py:429: in pull\n    self._raise_for_status(response)\n/opt/hostedtoolcache/Python/3.12.2/x64/lib/python3.12/site-packages/docker/api/client.py:267: in _raise_for_status\n    raise create_api_error_from_http_exception(e) from e\n/opt/hostedtoolcache/Python/3.12.2/x64/lib/python3.12/site-packages/docker/errors.py:39: in create_api_error_from_http_exception\n    raise cls(e, response=response, explanation=explanation) from e\nE   docker.errors.APIError: 500 Server Error for http+docker://localhost/v1.43/images/create?tag=latest&fromImage=harbor.status.im%2Fwakuorg%2Fnwaku: Internal Server Error (\"Get \"https://harbor.status.im/v2/\": dial tcp 159.223.242.198:443: connect: connection refused\")","flaky":false,"newFailed":false,"newBroken":false,"newPassed":false,"retriesCount":0,"retriesStatusChange":false,"beforeStages":[{"name":"set_allure_env_variables","time":{"start":1711336274588,"stop":1711336274588,"duration":0},"status":"passed","steps":[],"attachments":[],"parameters":[],"shouldDisplayMessage":false,"stepsCount":0,"attachmentsCount":0,"hasContent":false,"attachmentStep":false},{"name":"attach_logs_on_fail","time":{"start":1711336317697,"stop":1711336317697,"duration":0},"status":"passed","steps":[],"attachments":[],"parameters":[],"shouldDisplayMessage":false,"stepsCount":0,"attachmentsCount":0,"hasContent":false,"attachmentStep":false},{"name":"close_open_nodes","time":{"start":1711336317697,"stop":1711336317698,"duration":1},"status":"passed","steps":[],"attachments":[],"parameters":[],"shouldDisplayMessage":false,"stepsCount":0,"attachmentsCount":0,"hasContent":false,"attachmentStep":false},{"name":"test_setup","time":{"start":1711336317698,"stop":1711336317698,"duration":0},"status":"passed","steps":[],"attachments":[],"parameters":[],"shouldDisplayMessage":false,"stepsCount":0,"attachmentsCount":0,"hasContent":false,"attachmentStep":false},{"name":"test_id","time":{"start":1711336317698,"stop":1711336317698,"duration":0},"status":"passed","steps":[],"attachments":[],"parameters":[],"shouldDisplayMessage":false,"stepsCount":0,"attachmentsCount":0,"hasContent":false,"attachmentStep":false},{"name":"filter_setup","time":{"start":1711336317698,"stop":1711336317698,"duration":0},"status":"passed","steps":[],"attachments":[],"parameters":[],"shouldDisplayMessage":false,"stepsCount":0,"attachmentsCount":0,"hasContent":false,"attachmentStep":false},{"name":"setup_main_relay_node","time":{"start":1711336317699,"stop":1711336322884,"duration":5185},"status":"broken","statusMessage":"docker.errors.APIError: 500 Server Error for http+docker://localhost/v1.43/images/create?tag=latest&fromImage=harbor.status.im%2Fwakuorg%2Fnwaku: Internal Server Error (\"Get \"https://harbor.status.im/v2/\": dial tcp 159.223.242.198:443: connect: connection refused\")\n","statusTrace":"  File \"/opt/hostedtoolcache/Python/3.12.2/x64/lib/python3.12/site-packages/pluggy/_callers.py\", line 137, in _multicall\n    teardown.throw(outcome._exception)\n  File \"/opt/hostedtoolcache/Python/3.12.2/x64/lib/python3.12/site-packages/_pytest/setuponly.py\", line 36, in pytest_fixture_setup\n    return (yield)\n            ^^^^^\n  File \"/opt/hostedtoolcache/Python/3.12.2/x64/lib/python3.12/site-packages/pluggy/_callers.py\", line 77, in _multicall\n    res = hook_impl.function(*args)\n          ^^^^^^^^^^^^^^^^^^^^^^^^^\n  File \"/opt/hostedtoolcache/Python/3.12.2/x64/lib/python3.12/site-packages/_pytest/fixtures.py\", line 1140, in pytest_fixture_setup\n    result = call_fixture_func(fixturefunc, request, kwargs)\n             ^^^^^^^^^^^^^^^^^^^^^^^^^^^^^^^^^^^^^^^^^^^^^^^\n  File \"/opt/hostedtoolcache/Python/3.12.2/x64/lib/python3.12/site-packages/_pytest/fixtures.py\", line 917, in call_fixture_func\n    fixture_result = fixturefunc(**kwargs)\n                     ^^^^^^^^^^^^^^^^^^^^^\n  File \"/home/runner/work/waku-interop-tests/waku-interop-tests/src/steps/filter.py\", line 34, in setup_main_relay_node\n    self.relay_node_start(NODE_1)\n  File \"/home/runner/work/waku-interop-tests/waku-interop-tests/src/steps/filter.py\", line 64, in relay_node_start\n    self.node1.start(**start_args)\n  File \"/opt/hostedtoolcache/Python/3.12.2/x64/lib/python3.12/site-packages/tenacity/__init__.py\", line 289, in wrapped_f\n    return self(f, *args, **kw)\n           ^^^^^^^^^^^^^^^^^^^^\n  File \"/opt/hostedtoolcache/Python/3.12.2/x64/lib/python3.12/site-packages/tenacity/__init__.py\", line 379, in __call__\n    do = self.iter(retry_state=retry_state)\n         ^^^^^^^^^^^^^^^^^^^^^^^^^^^^^^^^^^\n  File \"/opt/hostedtoolcache/Python/3.12.2/x64/lib/python3.12/site-packages/tenacity/__init__.py\", line 325, in iter\n    raise retry_exc.reraise()\n          ^^^^^^^^^^^^^^^^^^^\n  File \"/opt/hostedtoolcache/Python/3.12.2/x64/lib/python3.12/site-packages/tenacity/__init__.py\", line 158, in reraise\n    raise self.last_attempt.result()\n          ^^^^^^^^^^^^^^^^^^^^^^^^^^\n  File \"/opt/hostedtoolcache/Python/3.12.2/x64/lib/python3.12/concurrent/futures/_base.py\", line 449, in result\n    return self.__get_result()\n           ^^^^^^^^^^^^^^^^^^^\n  File \"/opt/hostedtoolcache/Python/3.12.2/x64/lib/python3.12/concurrent/futures/_base.py\", line 401, in __get_result\n    raise self._exception\n  File \"/opt/hostedtoolcache/Python/3.12.2/x64/lib/python3.12/site-packages/tenacity/__init__.py\", line 382, in __call__\n    result = fn(*args, **kwargs)\n             ^^^^^^^^^^^^^^^^^^^\n  File \"/home/runner/work/waku-interop-tests/waku-interop-tests/src/node/waku_node.py\", line 117, in start\n    self._container = self._docker_manager.start_container(\n                      ^^^^^^^^^^^^^^^^^^^^^^^^^^^^^^^^^^^^^\n  File \"/home/runner/work/waku-interop-tests/waku-interop-tests/src/node/docker_mananger.py\", line 48, in start_container\n    container = self._client.containers.run(\n                ^^^^^^^^^^^^^^^^^^^^^^^^^^^^\n  File \"/opt/hostedtoolcache/Python/3.12.2/x64/lib/python3.12/site-packages/docker/models/containers.py\", line 876, in run\n    self.client.images.pull(image, platform=platform)\n  File \"/opt/hostedtoolcache/Python/3.12.2/x64/lib/python3.12/site-packages/docker/models/images.py\", line 464, in pull\n    pull_log = self.client.api.pull(\n               ^^^^^^^^^^^^^^^^^^^^^\n  File \"/opt/hostedtoolcache/Python/3.12.2/x64/lib/python3.12/site-packages/docker/api/image.py\", line 429, in pull\n    self._raise_for_status(response)\n  File \"/opt/hostedtoolcache/Python/3.12.2/x64/lib/python3.12/site-packages/docker/api/client.py\", line 267, in _raise_for_status\n    raise create_api_error_from_http_exception(e) from e\n          ^^^^^^^^^^^^^^^^^^^^^^^^^^^^^^^^^^^^^^^\n  File \"/opt/hostedtoolcache/Python/3.12.2/x64/lib/python3.12/site-packages/docker/errors.py\", line 39, in create_api_error_from_http_exception\n    raise cls(e, response=response, explanation=explanation) from e\n","steps":[],"attachments":[],"parameters":[],"shouldDisplayMessage":true,"stepsCount":0,"attachmentsCount":0,"hasContent":true,"attachmentStep":false}],"testStage":{"status":"skipped","statusMessage":"XFAIL Bug reported: https://github.com/waku-org/go-waku/issues/1068\n\ndocker.errors.APIError: 500 Server Error for http+docker://localhost/v1.43/images/create?tag=latest&fromImage=harbor.status.im%2Fwakuorg%2Fnwaku: Internal Server Error (\"Get \"https://harbor.status.im/v2/\": dial tcp 159.223.242.198:443: connect: connection refused\")","statusTrace":"/opt/hostedtoolcache/Python/3.12.2/x64/lib/python3.12/site-packages/docker/api/client.py:265: in _raise_for_status\n    response.raise_for_status()\n/opt/hostedtoolcache/Python/3.12.2/x64/lib/python3.12/site-packages/requests/models.py:1021: in raise_for_status\n    raise HTTPError(http_error_msg, response=self)\nE   requests.exceptions.HTTPError: 404 Client Error: Not Found for url: http+docker://localhost/v1.43/containers/create\n\nThe above exception was the direct cause of the following exception:\n/opt/hostedtoolcache/Python/3.12.2/x64/lib/python3.12/site-packages/docker/models/containers.py:873: in run\n    container = self.create(image=image, command=command,\n/opt/hostedtoolcache/Python/3.12.2/x64/lib/python3.12/site-packages/docker/models/containers.py:932: in create\n    resp = self.client.api.create_container(**create_kwargs)\n/opt/hostedtoolcache/Python/3.12.2/x64/lib/python3.12/site-packages/docker/api/container.py:439: in create_container\n    return self.create_container_from_config(config, name, platform)\n/opt/hostedtoolcache/Python/3.12.2/x64/lib/python3.12/site-packages/docker/api/container.py:456: in create_container_from_config\n    return self._result(res, True)\n/opt/hostedtoolcache/Python/3.12.2/x64/lib/python3.12/site-packages/docker/api/client.py:271: in _result\n    self._raise_for_status(response)\n/opt/hostedtoolcache/Python/3.12.2/x64/lib/python3.12/site-packages/docker/api/client.py:267: in _raise_for_status\n    raise create_api_error_from_http_exception(e) from e\n/opt/hostedtoolcache/Python/3.12.2/x64/lib/python3.12/site-packages/docker/errors.py:39: in create_api_error_from_http_exception\n    raise cls(e, response=response, explanation=explanation) from e\nE   docker.errors.ImageNotFound: 404 Client Error for http+docker://localhost/v1.43/containers/create: Not Found (\"No such image: harbor.status.im/wakuorg/nwaku:latest\")\n\nDuring handling of the above exception, another exception occurred:\n/opt/hostedtoolcache/Python/3.12.2/x64/lib/python3.12/site-packages/docker/api/client.py:265: in _raise_for_status\n    response.raise_for_status()\n/opt/hostedtoolcache/Python/3.12.2/x64/lib/python3.12/site-packages/requests/models.py:1021: in raise_for_status\n    raise HTTPError(http_error_msg, response=self)\nE   requests.exceptions.HTTPError: 500 Server Error: Internal Server Error for url: http+docker://localhost/v1.43/images/create?tag=latest&fromImage=harbor.status.im%2Fwakuorg%2Fnwaku\n\nThe above exception was the direct cause of the following exception:\nsrc/steps/filter.py:34: in setup_main_relay_node\n    self.relay_node_start(NODE_1)\nsrc/steps/filter.py:64: in relay_node_start\n    self.node1.start(**start_args)\n/opt/hostedtoolcache/Python/3.12.2/x64/lib/python3.12/site-packages/tenacity/__init__.py:289: in wrapped_f\n    return self(f, *args, **kw)\n/opt/hostedtoolcache/Python/3.12.2/x64/lib/python3.12/site-packages/tenacity/__init__.py:379: in __call__\n    do = self.iter(retry_state=retry_state)\n/opt/hostedtoolcache/Python/3.12.2/x64/lib/python3.12/site-packages/tenacity/__init__.py:325: in iter\n    raise retry_exc.reraise()\n/opt/hostedtoolcache/Python/3.12.2/x64/lib/python3.12/site-packages/tenacity/__init__.py:158: in reraise\n    raise self.last_attempt.result()\n/opt/hostedtoolcache/Python/3.12.2/x64/lib/python3.12/concurrent/futures/_base.py:449: in result\n    return self.__get_result()\n/opt/hostedtoolcache/Python/3.12.2/x64/lib/python3.12/concurrent/futures/_base.py:401: in __get_result\n    raise self._exception\n/opt/hostedtoolcache/Python/3.12.2/x64/lib/python3.12/site-packages/tenacity/__init__.py:382: in __call__\n    result = fn(*args, **kwargs)\nsrc/node/waku_node.py:117: in start\n    self._container = self._docker_manager.start_container(\nsrc/node/docker_mananger.py:48: in start_container\n    container = self._client.containers.run(\n/opt/hostedtoolcache/Python/3.12.2/x64/lib/python3.12/site-packages/docker/models/containers.py:876: in run\n    self.client.images.pull(image, platform=platform)\n/opt/hostedtoolcache/Python/3.12.2/x64/lib/python3.12/site-packages/docker/models/images.py:464: in pull\n    pull_log = self.client.api.pull(\n/opt/hostedtoolcache/Python/3.12.2/x64/lib/python3.12/site-packages/docker/api/image.py:429: in pull\n    self._raise_for_status(response)\n/opt/hostedtoolcache/Python/3.12.2/x64/lib/python3.12/site-packages/docker/api/client.py:267: in _raise_for_status\n    raise create_api_error_from_http_exception(e) from e\n/opt/hostedtoolcache/Python/3.12.2/x64/lib/python3.12/site-packages/docker/errors.py:39: in create_api_error_from_http_exception\n    raise cls(e, response=response, explanation=explanation) from e\nE   docker.errors.APIError: 500 Server Error for http+docker://localhost/v1.43/images/create?tag=latest&fromImage=harbor.status.im%2Fwakuorg%2Fnwaku: Internal Server Error (\"Get \"https://harbor.status.im/v2/\": dial tcp 159.223.242.198:443: connect: connection refused\")","steps":[],"attachments":[{"uid":"e0916950791eebc6","name":"log","source":"e0916950791eebc6.txt","type":"text/plain","size":35718}],"parameters":[],"shouldDisplayMessage":true,"stepsCount":0,"attachmentsCount":1,"hasContent":true,"attachmentStep":false},"afterStages":[{"name":"test_setup::0","time":{"start":1711336323025,"stop":1711336323025,"duration":0},"status":"passed","steps":[],"attachments":[],"parameters":[],"shouldDisplayMessage":false,"stepsCount":0,"attachmentsCount":0,"hasContent":false,"attachmentStep":false},{"name":"close_open_nodes::0","time":{"start":1711336323025,"stop":1711336323026,"duration":1},"status":"passed","steps":[],"attachments":[],"parameters":[],"shouldDisplayMessage":false,"stepsCount":0,"attachmentsCount":0,"hasContent":false,"attachmentStep":false},{"name":"attach_logs_on_fail::0","time":{"start":1711336323026,"stop":1711336323026,"duration":0},"status":"passed","steps":[],"attachments":[],"parameters":[],"shouldDisplayMessage":false,"stepsCount":0,"attachmentsCount":0,"hasContent":false,"attachmentStep":false},{"name":"set_allure_env_variables::0","time":{"start":1711336593897,"stop":1711336593897,"duration":0},"status":"passed","steps":[],"attachments":[],"parameters":[],"shouldDisplayMessage":false,"stepsCount":0,"attachmentsCount":0,"hasContent":false,"attachmentStep":false}],"labels":[{"name":"tag","value":"@pytest.mark.xfail(True, reason='Bug reported: https://github.com/waku-org/go-waku/issues/1068')"},{"name":"tag","value":"@pytest.mark.usefixtures('setup_main_relay_node', 'setup_main_filter_node', 'subscribe_main_nodes')"},{"name":"parentSuite","value":"tests.filter"},{"name":"suite","value":"test_get_messages"},{"name":"subSuite","value":"TestFilterGetMessages"},{"name":"host","value":"fv-az881-570"},{"name":"thread","value":"2152-MainThread"},{"name":"framework","value":"pytest"},{"name":"language","value":"cpython3"},{"name":"package","value":"tests.filter.test_get_messages"},{"name":"resultFormat","value":"allure2"}],"parameters":[],"links":[],"hidden":false,"retry":false,"extra":{"severity":"normal","retries":[],"categories":[],"history":{"statistic":{"failed":0,"broken":0,"skipped":78,"passed":0,"unknown":0,"total":78},"items":[{"uid":"e476727d0d09fa72","reportUrl":"https://waku-org.github.io/waku-interop-tests/53//#testresult/e476727d0d09fa72","status":"skipped","statusDetails":"XFAIL Bug reported: https://github.com/waku-org/go-waku/issues/1068\n\nAssertionError: Ephemeral that failed: [True, False]\nassert not [True, False]","time":{"start":1711249831909,"stop":1711249832137,"duration":228}},{"uid":"e4c11f3a88d54b2c","reportUrl":"https://waku-org.github.io/waku-interop-tests/52//#testresult/e4c11f3a88d54b2c","status":"skipped","statusDetails":"XFAIL Bug reported: https://github.com/waku-org/go-waku/issues/1068\n\nAssertionError: Ephemeral that failed: [True, False]\nassert not [True, False]","time":{"start":1711163524227,"stop":1711163524456,"duration":229}},{"uid":"b9a8383b5f03eed5","reportUrl":"https://waku-org.github.io/waku-interop-tests/51//#testresult/b9a8383b5f03eed5","status":"skipped","statusDetails":"XFAIL Bug reported: https://github.com/waku-org/go-waku/issues/1068\n\nAssertionError: Ephemeral that failed: [True, False]\nassert not [True, False]","time":{"start":1711112704191,"stop":1711112704421,"duration":230}},{"uid":"da171b6c67887e08","reportUrl":"https://waku-org.github.io/waku-interop-tests/50//#testresult/da171b6c67887e08","status":"skipped","statusDetails":"XFAIL Bug reported: https://github.com/waku-org/nwaku/issues/2436\n\nAssertionError: Ephemeral that failed: [True, False]\nassert not [True, False]","time":{"start":1711077055972,"stop":1711077056195,"duration":223}},{"uid":"3b0578b6203dbdb9","reportUrl":"https://waku-org.github.io/waku-interop-tests/49//#testresult/3b0578b6203dbdb9","status":"skipped","statusDetails":"XFAIL Bug reported: https://github.com/waku-org/nwaku/issues/2436\n\nAssertionError: Ephemeral that failed: [True, False]\nassert not [True, False]","time":{"start":1710990741771,"stop":1710990742005,"duration":234}},{"uid":"de2f08fb0e65b1a","reportUrl":"https://waku-org.github.io/waku-interop-tests/48//#testresult/de2f08fb0e65b1a","status":"skipped","statusDetails":"XFAIL Bug reported: https://github.com/waku-org/nwaku/issues/2436\n\nAssertionError: Ephemeral that failed: [True, False]\nassert not [True, False]","time":{"start":1710904302824,"stop":1710904303055,"duration":231}},{"uid":"344a67276344bfcf","reportUrl":"https://waku-org.github.io/waku-interop-tests/47//#testresult/344a67276344bfcf","status":"skipped","statusDetails":"XFAIL Bug reported: https://github.com/waku-org/nwaku/issues/2436\n\nAssertionError: Ephemeral that failed: [True, False]\nassert not [True, False]","time":{"start":1710817864178,"stop":1710817864417,"duration":239}},{"uid":"a4c4510bdb82de1","reportUrl":"https://waku-org.github.io/waku-interop-tests/46//#testresult/a4c4510bdb82de1","status":"skipped","statusDetails":"XFAIL Bug reported: https://github.com/waku-org/nwaku/issues/2436\n\nAssertionError: Ephemeral that failed: [True, False]\nassert not [True, False]","time":{"start":1710731479878,"stop":1710731480120,"duration":242}},{"uid":"107f3fad1015e0e8","reportUrl":"https://waku-org.github.io/waku-interop-tests/45//#testresult/107f3fad1015e0e8","status":"skipped","statusDetails":"XFAIL Bug reported: https://github.com/waku-org/nwaku/issues/2436\n\nAssertionError: Ephemeral that failed: [True, False]\nassert not [True, False]","time":{"start":1710645037353,"stop":1710645037577,"duration":224}},{"uid":"ddfe7b8762b97e94","reportUrl":"https://waku-org.github.io/waku-interop-tests/44//#testresult/ddfe7b8762b97e94","status":"skipped","statusDetails":"XFAIL Bug reported: https://github.com/waku-org/nwaku/issues/2436\n\nAssertionError: Ephemeral that failed: [True, False]\nassert not [True, False]","time":{"start":1710558664888,"stop":1710558665111,"duration":223}},{"uid":"aa937552bc0a3f09","reportUrl":"https://waku-org.github.io/waku-interop-tests/43//#testresult/aa937552bc0a3f09","status":"skipped","statusDetails":"XFAIL Bug reported: https://github.com/waku-org/nwaku/issues/2436\n\nAssertionError: Ephemeral that failed: [True, False]\nassert not [True, False]","time":{"start":1710492226570,"stop":1710492226791,"duration":221}},{"uid":"68e40bfcf18985f6","reportUrl":"https://waku-org.github.io/waku-interop-tests/42//#testresult/68e40bfcf18985f6","status":"skipped","statusDetails":"XFAIL Bug reported: https://github.com/waku-org/nwaku/issues/2436\n\nAssertionError: Ephemeral that failed: [True, False]\nassert not [True, False]","time":{"start":1710472307454,"stop":1710472307680,"duration":226}},{"uid":"90ca5656ed4d532a","reportUrl":"https://waku-org.github.io/waku-interop-tests/41//#testresult/90ca5656ed4d532a","status":"skipped","statusDetails":"XFAIL Bug reported: https://github.com/waku-org/nwaku/issues/2436\n\nAssertionError: Ephemeral that failed: [True, False]\nassert not [True, False]","time":{"start":1710385852666,"stop":1710385852901,"duration":235}},{"uid":"fd35263396d0315a","reportUrl":"https://waku-org.github.io/waku-interop-tests/40//#testresult/fd35263396d0315a","status":"skipped","statusDetails":"XFAIL Bug reported: https://github.com/waku-org/nwaku/issues/2436\n\nAssertionError: Ephemeral that failed: [True, False]\nassert not [True, False]","time":{"start":1710299520235,"stop":1710299520248,"duration":13}},{"uid":"e626150131ae0f19","reportUrl":"https://waku-org.github.io/waku-interop-tests/39//#testresult/e626150131ae0f19","status":"skipped","statusDetails":"XFAIL Bug reported: https://github.com/waku-org/nwaku/issues/2436\n\nAssertionError: Ephemeral that failed: [True, False]\nassert not [True, False]","time":{"start":1710227625698,"stop":1710227625716,"duration":18}},{"uid":"cb765e81e4700360","reportUrl":"https://waku-org.github.io/waku-interop-tests/38//#testresult/cb765e81e4700360","status":"skipped","statusDetails":"XFAIL Bug reported: https://github.com/waku-org/nwaku/issues/2436\n\nAssertionError: Ephemeral that failed: [True, False]\nassert not [True, False]","time":{"start":1710213098555,"stop":1710213098564,"duration":9}},{"uid":"a12659b5f7573da8","reportUrl":"https://waku-org.github.io/waku-interop-tests/37//#testresult/a12659b5f7573da8","status":"skipped","statusDetails":"XFAIL Bug reported: https://github.com/waku-org/nwaku/issues/2436\n\nAssertionError: Ephemeral that failed: [True, False]\nassert not [True, False]","time":{"start":1710126737092,"stop":1710126737103,"duration":11}},{"uid":"4260455098bf55","reportUrl":"https://waku-org.github.io/waku-interop-tests/36//#testresult/4260455098bf55","status":"skipped","statusDetails":"XFAIL Bug reported: https://github.com/waku-org/nwaku/issues/2436\n\nAssertionError: Ephemeral that failed: [True, False]\nassert not [True, False]","time":{"start":1710040266945,"stop":1710040266955,"duration":10}},{"uid":"5da94c813a4d3990","reportUrl":"https://waku-org.github.io/waku-interop-tests/35//#testresult/5da94c813a4d3990","status":"skipped","statusDetails":"XFAIL Bug reported: https://github.com/waku-org/nwaku/issues/2436\n\nAssertionError: Ephemeral that failed: [True, False]\nassert not [True, False]","time":{"start":1709953982655,"stop":1709953982666,"duration":11}},{"uid":"952c115723521c22","reportUrl":"https://waku-org.github.io/waku-interop-tests/34//#testresult/952c115723521c22","status":"skipped","statusDetails":"XFAIL Bug reported: https://github.com/waku-org/nwaku/issues/2436\n\nAssertionError: Ephemeral that failed: [True, False]\nassert not [True, False]","time":{"start":1709867437838,"stop":1709867437848,"duration":10}}]},"tags":["@pytest.mark.xfail(True, reason='Bug reported: https://github.com/waku-org/go-waku/issues/1068')","@pytest.mark.usefixtures('setup_main_relay_node', 'setup_main_filter_node', 'subscribe_main_nodes')"]},"source":"95a75b6698e67a66.json","parameterValues":[]}