{"uid":"c6894629837c5a25","name":"test_filter_subscribe_to_pubsub_topics_from_multiple_clusters","fullName":"tests.filter.test_subscribe_create.TestFilterSubscribeCreate#test_filter_subscribe_to_pubsub_topics_from_multiple_clusters","historyId":"a8259f2693466607c52e8260c1bccc69","time":{"start":1716780412262,"stop":1716780412262,"duration":0},"status":"skipped","statusMessage":"XFAIL Bug reported: https://github.com/waku-org/nwaku/issues/2319\n\ndocker.errors.APIError: 500 Server Error for http+docker://localhost/v1.43/images/create?tag=latest&fromImage=harbor.status.im%2Fwakuorg%2Fnwaku: Internal Server Error (\"Get \"https://harbor.status.im/v2/\": dial tcp 159.223.242.198:443: connect: connection refused\")","statusTrace":"/opt/hostedtoolcache/Python/3.12.3/x64/lib/python3.12/site-packages/docker/api/client.py:265: in _raise_for_status\n    response.raise_for_status()\n/opt/hostedtoolcache/Python/3.12.3/x64/lib/python3.12/site-packages/requests/models.py:1021: in raise_for_status\n    raise HTTPError(http_error_msg, response=self)\nE   requests.exceptions.HTTPError: 404 Client Error: Not Found for url: http+docker://localhost/v1.43/containers/create\n\nThe above exception was the direct cause of the following exception:\n/opt/hostedtoolcache/Python/3.12.3/x64/lib/python3.12/site-packages/docker/models/containers.py:873: in run\n    container = self.create(image=image, command=command,\n/opt/hostedtoolcache/Python/3.12.3/x64/lib/python3.12/site-packages/docker/models/containers.py:932: in create\n    resp = self.client.api.create_container(**create_kwargs)\n/opt/hostedtoolcache/Python/3.12.3/x64/lib/python3.12/site-packages/docker/api/container.py:439: in create_container\n    return self.create_container_from_config(config, name, platform)\n/opt/hostedtoolcache/Python/3.12.3/x64/lib/python3.12/site-packages/docker/api/container.py:456: in create_container_from_config\n    return self._result(res, True)\n/opt/hostedtoolcache/Python/3.12.3/x64/lib/python3.12/site-packages/docker/api/client.py:271: in _result\n    self._raise_for_status(response)\n/opt/hostedtoolcache/Python/3.12.3/x64/lib/python3.12/site-packages/docker/api/client.py:267: in _raise_for_status\n    raise create_api_error_from_http_exception(e) from e\n/opt/hostedtoolcache/Python/3.12.3/x64/lib/python3.12/site-packages/docker/errors.py:39: in create_api_error_from_http_exception\n    raise cls(e, response=response, explanation=explanation) from e\nE   docker.errors.ImageNotFound: 404 Client Error for http+docker://localhost/v1.43/containers/create: Not Found (\"No such image: harbor.status.im/wakuorg/nwaku:latest\")\n\nDuring handling of the above exception, another exception occurred:\n/opt/hostedtoolcache/Python/3.12.3/x64/lib/python3.12/site-packages/docker/api/client.py:265: in _raise_for_status\n    response.raise_for_status()\n/opt/hostedtoolcache/Python/3.12.3/x64/lib/python3.12/site-packages/requests/models.py:1021: in raise_for_status\n    raise HTTPError(http_error_msg, response=self)\nE   requests.exceptions.HTTPError: 500 Server Error: Internal Server Error for url: http+docker://localhost/v1.43/images/create?tag=latest&fromImage=harbor.status.im%2Fwakuorg%2Fnwaku\n\nThe above exception was the direct cause of the following exception:\nsrc/steps/filter.py:35: in setup_main_relay_node\n    self.relay_node_start(NODE_1)\nsrc/steps/filter.py:66: in relay_node_start\n    self.node1.start(**start_args)\n/opt/hostedtoolcache/Python/3.12.3/x64/lib/python3.12/site-packages/tenacity/__init__.py:289: in wrapped_f\n    return self(f, *args, **kw)\n/opt/hostedtoolcache/Python/3.12.3/x64/lib/python3.12/site-packages/tenacity/__init__.py:379: in __call__\n    do = self.iter(retry_state=retry_state)\n/opt/hostedtoolcache/Python/3.12.3/x64/lib/python3.12/site-packages/tenacity/__init__.py:325: in iter\n    raise retry_exc.reraise()\n/opt/hostedtoolcache/Python/3.12.3/x64/lib/python3.12/site-packages/tenacity/__init__.py:158: in reraise\n    raise self.last_attempt.result()\n/opt/hostedtoolcache/Python/3.12.3/x64/lib/python3.12/concurrent/futures/_base.py:449: in result\n    return self.__get_result()\n/opt/hostedtoolcache/Python/3.12.3/x64/lib/python3.12/concurrent/futures/_base.py:401: in __get_result\n    raise self._exception\n/opt/hostedtoolcache/Python/3.12.3/x64/lib/python3.12/site-packages/tenacity/__init__.py:382: in __call__\n    result = fn(*args, **kwargs)\nsrc/node/waku_node.py:118: in start\n    self._container = self._docker_manager.start_container(\nsrc/node/docker_mananger.py:48: in start_container\n    container = self._client.containers.run(\n/opt/hostedtoolcache/Python/3.12.3/x64/lib/python3.12/site-packages/docker/models/containers.py:876: in run\n    self.client.images.pull(image, platform=platform)\n/opt/hostedtoolcache/Python/3.12.3/x64/lib/python3.12/site-packages/docker/models/images.py:464: in pull\n    pull_log = self.client.api.pull(\n/opt/hostedtoolcache/Python/3.12.3/x64/lib/python3.12/site-packages/docker/api/image.py:429: in pull\n    self._raise_for_status(response)\n/opt/hostedtoolcache/Python/3.12.3/x64/lib/python3.12/site-packages/docker/api/client.py:267: in _raise_for_status\n    raise create_api_error_from_http_exception(e) from e\n/opt/hostedtoolcache/Python/3.12.3/x64/lib/python3.12/site-packages/docker/errors.py:39: in create_api_error_from_http_exception\n    raise cls(e, response=response, explanation=explanation) from e\nE   docker.errors.APIError: 500 Server Error for http+docker://localhost/v1.43/images/create?tag=latest&fromImage=harbor.status.im%2Fwakuorg%2Fnwaku: Internal Server Error (\"Get \"https://harbor.status.im/v2/\": dial tcp 159.223.242.198:443: connect: connection refused\")","flaky":false,"newFailed":false,"newBroken":false,"newPassed":false,"retriesCount":0,"retriesStatusChange":false,"beforeStages":[{"name":"close_open_nodes","time":{"start":1716780412264,"stop":1716780412264,"duration":0},"status":"passed","steps":[],"attachments":[],"parameters":[],"shouldDisplayMessage":false,"stepsCount":0,"attachmentsCount":0,"hasContent":false,"attachmentStep":false},{"name":"test_setup","time":{"start":1716780412264,"stop":1716780412265,"duration":1},"status":"passed","steps":[],"attachments":[],"parameters":[],"shouldDisplayMessage":false,"stepsCount":0,"attachmentsCount":0,"hasContent":false,"attachmentStep":false},{"name":"attach_logs_on_fail","time":{"start":1716780412264,"stop":1716780412264,"duration":0},"status":"passed","steps":[],"attachments":[],"parameters":[],"shouldDisplayMessage":false,"stepsCount":0,"attachmentsCount":0,"hasContent":false,"attachmentStep":false},{"name":"test_id","time":{"start":1716780412264,"stop":1716780412264,"duration":0},"status":"passed","steps":[],"attachments":[],"parameters":[],"shouldDisplayMessage":false,"stepsCount":0,"attachmentsCount":0,"hasContent":false,"attachmentStep":false},{"name":"filter_setup","time":{"start":1716780412265,"stop":1716780412265,"duration":0},"status":"passed","steps":[],"attachments":[],"parameters":[],"shouldDisplayMessage":false,"stepsCount":0,"attachmentsCount":0,"hasContent":false,"attachmentStep":false},{"name":"setup_main_relay_node","time":{"start":1716780412265,"stop":1716780472294,"duration":60029},"status":"broken","statusMessage":"docker.errors.APIError: 500 Server Error for http+docker://localhost/v1.43/images/create?tag=latest&fromImage=harbor.status.im%2Fwakuorg%2Fnwaku: Internal Server Error (\"Get \"https://harbor.status.im/v2/\": dial tcp 159.223.242.198:443: connect: connection refused\")\n","statusTrace":"  File \"/opt/hostedtoolcache/Python/3.12.3/x64/lib/python3.12/site-packages/pluggy/_callers.py\", line 137, in _multicall\n    teardown.throw(outcome._exception)\n  File \"/opt/hostedtoolcache/Python/3.12.3/x64/lib/python3.12/site-packages/_pytest/setuponly.py\", line 36, in pytest_fixture_setup\n    return (yield)\n            ^^^^^\n  File \"/opt/hostedtoolcache/Python/3.12.3/x64/lib/python3.12/site-packages/pluggy/_callers.py\", line 77, in _multicall\n    res = hook_impl.function(*args)\n          ^^^^^^^^^^^^^^^^^^^^^^^^^\n  File \"/opt/hostedtoolcache/Python/3.12.3/x64/lib/python3.12/site-packages/_pytest/fixtures.py\", line 1140, in pytest_fixture_setup\n    result = call_fixture_func(fixturefunc, request, kwargs)\n             ^^^^^^^^^^^^^^^^^^^^^^^^^^^^^^^^^^^^^^^^^^^^^^^\n  File \"/opt/hostedtoolcache/Python/3.12.3/x64/lib/python3.12/site-packages/_pytest/fixtures.py\", line 917, in call_fixture_func\n    fixture_result = fixturefunc(**kwargs)\n                     ^^^^^^^^^^^^^^^^^^^^^\n  File \"/home/runner/work/waku-interop-tests/waku-interop-tests/src/steps/filter.py\", line 35, in setup_main_relay_node\n    self.relay_node_start(NODE_1)\n  File \"/home/runner/work/waku-interop-tests/waku-interop-tests/src/steps/filter.py\", line 66, in relay_node_start\n    self.node1.start(**start_args)\n  File \"/opt/hostedtoolcache/Python/3.12.3/x64/lib/python3.12/site-packages/tenacity/__init__.py\", line 289, in wrapped_f\n    return self(f, *args, **kw)\n           ^^^^^^^^^^^^^^^^^^^^\n  File \"/opt/hostedtoolcache/Python/3.12.3/x64/lib/python3.12/site-packages/tenacity/__init__.py\", line 379, in __call__\n    do = self.iter(retry_state=retry_state)\n         ^^^^^^^^^^^^^^^^^^^^^^^^^^^^^^^^^^\n  File \"/opt/hostedtoolcache/Python/3.12.3/x64/lib/python3.12/site-packages/tenacity/__init__.py\", line 325, in iter\n    raise retry_exc.reraise()\n          ^^^^^^^^^^^^^^^^^^^\n  File \"/opt/hostedtoolcache/Python/3.12.3/x64/lib/python3.12/site-packages/tenacity/__init__.py\", line 158, in reraise\n    raise self.last_attempt.result()\n          ^^^^^^^^^^^^^^^^^^^^^^^^^^\n  File \"/opt/hostedtoolcache/Python/3.12.3/x64/lib/python3.12/concurrent/futures/_base.py\", line 449, in result\n    return self.__get_result()\n           ^^^^^^^^^^^^^^^^^^^\n  File \"/opt/hostedtoolcache/Python/3.12.3/x64/lib/python3.12/concurrent/futures/_base.py\", line 401, in __get_result\n    raise self._exception\n  File \"/opt/hostedtoolcache/Python/3.12.3/x64/lib/python3.12/site-packages/tenacity/__init__.py\", line 382, in __call__\n    result = fn(*args, **kwargs)\n             ^^^^^^^^^^^^^^^^^^^\n  File \"/home/runner/work/waku-interop-tests/waku-interop-tests/src/node/waku_node.py\", line 118, in start\n    self._container = self._docker_manager.start_container(\n                      ^^^^^^^^^^^^^^^^^^^^^^^^^^^^^^^^^^^^^\n  File \"/home/runner/work/waku-interop-tests/waku-interop-tests/src/node/docker_mananger.py\", line 48, in start_container\n    container = self._client.containers.run(\n                ^^^^^^^^^^^^^^^^^^^^^^^^^^^^\n  File \"/opt/hostedtoolcache/Python/3.12.3/x64/lib/python3.12/site-packages/docker/models/containers.py\", line 876, in run\n    self.client.images.pull(image, platform=platform)\n  File \"/opt/hostedtoolcache/Python/3.12.3/x64/lib/python3.12/site-packages/docker/models/images.py\", line 464, in pull\n    pull_log = self.client.api.pull(\n               ^^^^^^^^^^^^^^^^^^^^^\n  File \"/opt/hostedtoolcache/Python/3.12.3/x64/lib/python3.12/site-packages/docker/api/image.py\", line 429, in pull\n    self._raise_for_status(response)\n  File \"/opt/hostedtoolcache/Python/3.12.3/x64/lib/python3.12/site-packages/docker/api/client.py\", line 267, in _raise_for_status\n    raise create_api_error_from_http_exception(e) from e\n          ^^^^^^^^^^^^^^^^^^^^^^^^^^^^^^^^^^^^^^^\n  File \"/opt/hostedtoolcache/Python/3.12.3/x64/lib/python3.12/site-packages/docker/errors.py\", line 39, in create_api_error_from_http_exception\n    raise cls(e, response=response, explanation=explanation) from e\n","steps":[],"attachments":[],"parameters":[],"shouldDisplayMessage":true,"stepsCount":0,"attachmentsCount":0,"hasContent":true,"attachmentStep":false},{"name":"common_setup","time":{"start":1716780412265,"stop":1716780412265,"duration":0},"status":"passed","steps":[],"attachments":[],"parameters":[],"shouldDisplayMessage":false,"stepsCount":0,"attachmentsCount":0,"hasContent":false,"attachmentStep":false}],"testStage":{"status":"skipped","statusMessage":"XFAIL Bug reported: https://github.com/waku-org/nwaku/issues/2319\n\ndocker.errors.APIError: 500 Server Error for http+docker://localhost/v1.43/images/create?tag=latest&fromImage=harbor.status.im%2Fwakuorg%2Fnwaku: Internal Server Error (\"Get \"https://harbor.status.im/v2/\": dial tcp 159.223.242.198:443: connect: connection refused\")","statusTrace":"/opt/hostedtoolcache/Python/3.12.3/x64/lib/python3.12/site-packages/docker/api/client.py:265: in _raise_for_status\n    response.raise_for_status()\n/opt/hostedtoolcache/Python/3.12.3/x64/lib/python3.12/site-packages/requests/models.py:1021: in raise_for_status\n    raise HTTPError(http_error_msg, response=self)\nE   requests.exceptions.HTTPError: 404 Client Error: Not Found for url: http+docker://localhost/v1.43/containers/create\n\nThe above exception was the direct cause of the following exception:\n/opt/hostedtoolcache/Python/3.12.3/x64/lib/python3.12/site-packages/docker/models/containers.py:873: in run\n    container = self.create(image=image, command=command,\n/opt/hostedtoolcache/Python/3.12.3/x64/lib/python3.12/site-packages/docker/models/containers.py:932: in create\n    resp = self.client.api.create_container(**create_kwargs)\n/opt/hostedtoolcache/Python/3.12.3/x64/lib/python3.12/site-packages/docker/api/container.py:439: in create_container\n    return self.create_container_from_config(config, name, platform)\n/opt/hostedtoolcache/Python/3.12.3/x64/lib/python3.12/site-packages/docker/api/container.py:456: in create_container_from_config\n    return self._result(res, True)\n/opt/hostedtoolcache/Python/3.12.3/x64/lib/python3.12/site-packages/docker/api/client.py:271: in _result\n    self._raise_for_status(response)\n/opt/hostedtoolcache/Python/3.12.3/x64/lib/python3.12/site-packages/docker/api/client.py:267: in _raise_for_status\n    raise create_api_error_from_http_exception(e) from e\n/opt/hostedtoolcache/Python/3.12.3/x64/lib/python3.12/site-packages/docker/errors.py:39: in create_api_error_from_http_exception\n    raise cls(e, response=response, explanation=explanation) from e\nE   docker.errors.ImageNotFound: 404 Client Error for http+docker://localhost/v1.43/containers/create: Not Found (\"No such image: harbor.status.im/wakuorg/nwaku:latest\")\n\nDuring handling of the above exception, another exception occurred:\n/opt/hostedtoolcache/Python/3.12.3/x64/lib/python3.12/site-packages/docker/api/client.py:265: in _raise_for_status\n    response.raise_for_status()\n/opt/hostedtoolcache/Python/3.12.3/x64/lib/python3.12/site-packages/requests/models.py:1021: in raise_for_status\n    raise HTTPError(http_error_msg, response=self)\nE   requests.exceptions.HTTPError: 500 Server Error: Internal Server Error for url: http+docker://localhost/v1.43/images/create?tag=latest&fromImage=harbor.status.im%2Fwakuorg%2Fnwaku\n\nThe above exception was the direct cause of the following exception:\nsrc/steps/filter.py:35: in setup_main_relay_node\n    self.relay_node_start(NODE_1)\nsrc/steps/filter.py:66: in relay_node_start\n    self.node1.start(**start_args)\n/opt/hostedtoolcache/Python/3.12.3/x64/lib/python3.12/site-packages/tenacity/__init__.py:289: in wrapped_f\n    return self(f, *args, **kw)\n/opt/hostedtoolcache/Python/3.12.3/x64/lib/python3.12/site-packages/tenacity/__init__.py:379: in __call__\n    do = self.iter(retry_state=retry_state)\n/opt/hostedtoolcache/Python/3.12.3/x64/lib/python3.12/site-packages/tenacity/__init__.py:325: in iter\n    raise retry_exc.reraise()\n/opt/hostedtoolcache/Python/3.12.3/x64/lib/python3.12/site-packages/tenacity/__init__.py:158: in reraise\n    raise self.last_attempt.result()\n/opt/hostedtoolcache/Python/3.12.3/x64/lib/python3.12/concurrent/futures/_base.py:449: in result\n    return self.__get_result()\n/opt/hostedtoolcache/Python/3.12.3/x64/lib/python3.12/concurrent/futures/_base.py:401: in __get_result\n    raise self._exception\n/opt/hostedtoolcache/Python/3.12.3/x64/lib/python3.12/site-packages/tenacity/__init__.py:382: in __call__\n    result = fn(*args, **kwargs)\nsrc/node/waku_node.py:118: in start\n    self._container = self._docker_manager.start_container(\nsrc/node/docker_mananger.py:48: in start_container\n    container = self._client.containers.run(\n/opt/hostedtoolcache/Python/3.12.3/x64/lib/python3.12/site-packages/docker/models/containers.py:876: in run\n    self.client.images.pull(image, platform=platform)\n/opt/hostedtoolcache/Python/3.12.3/x64/lib/python3.12/site-packages/docker/models/images.py:464: in pull\n    pull_log = self.client.api.pull(\n/opt/hostedtoolcache/Python/3.12.3/x64/lib/python3.12/site-packages/docker/api/image.py:429: in pull\n    self._raise_for_status(response)\n/opt/hostedtoolcache/Python/3.12.3/x64/lib/python3.12/site-packages/docker/api/client.py:267: in _raise_for_status\n    raise create_api_error_from_http_exception(e) from e\n/opt/hostedtoolcache/Python/3.12.3/x64/lib/python3.12/site-packages/docker/errors.py:39: in create_api_error_from_http_exception\n    raise cls(e, response=response, explanation=explanation) from e\nE   docker.errors.APIError: 500 Server Error for http+docker://localhost/v1.43/images/create?tag=latest&fromImage=harbor.status.im%2Fwakuorg%2Fnwaku: Internal Server Error (\"Get \"https://harbor.status.im/v2/\": dial tcp 159.223.242.198:443: connect: connection refused\")","steps":[],"attachments":[{"uid":"adab239190efd661","name":"log","source":"adab239190efd661.txt","type":"text/plain","size":459633}],"parameters":[],"shouldDisplayMessage":true,"stepsCount":0,"attachmentsCount":1,"hasContent":true,"attachmentStep":false},"afterStages":[{"name":"test_setup::0","time":{"start":1716780472497,"stop":1716780472497,"duration":0},"status":"passed","steps":[],"attachments":[],"parameters":[],"shouldDisplayMessage":false,"stepsCount":0,"attachmentsCount":0,"hasContent":false,"attachmentStep":false},{"name":"close_open_nodes::0","time":{"start":1716780472498,"stop":1716780472498,"duration":0},"status":"passed","steps":[],"attachments":[],"parameters":[],"shouldDisplayMessage":false,"stepsCount":0,"attachmentsCount":0,"hasContent":false,"attachmentStep":false},{"name":"attach_logs_on_fail::0","time":{"start":1716780472498,"stop":1716780472498,"duration":0},"status":"passed","steps":[],"attachments":[],"parameters":[],"shouldDisplayMessage":false,"stepsCount":0,"attachmentsCount":0,"hasContent":false,"attachmentStep":false}],"labels":[{"name":"tag","value":"@pytest.mark.xfail(True, reason='Bug reported: https://github.com/waku-org/nwaku/issues/2319')"},{"name":"tag","value":"@pytest.mark.usefixtures('setup_main_relay_node', 'setup_main_filter_node')"},{"name":"parentSuite","value":"tests.filter"},{"name":"suite","value":"test_subscribe_create"},{"name":"subSuite","value":"TestFilterSubscribeCreate"},{"name":"host","value":"fv-az1442-421"},{"name":"thread","value":"2142-MainThread"},{"name":"framework","value":"pytest"},{"name":"language","value":"cpython3"},{"name":"package","value":"tests.filter.test_subscribe_create"},{"name":"resultFormat","value":"allure2"}],"parameters":[],"links":[],"hidden":false,"retry":false,"extra":{"severity":"normal","retries":[],"categories":[],"history":{"statistic":{"failed":0,"broken":0,"skipped":166,"passed":0,"unknown":0,"total":166},"items":[{"uid":"a0c33581e7a14dea","reportUrl":"https://waku-org.github.io/waku-interop-tests/go/141//#testresult/a0c33581e7a14dea","status":"skipped","statusDetails":"XFAIL Bug reported: https://github.com/waku-org/nwaku/issues/2319\n\nAssertionError: PubsubTopics failed: ['/waku/2/rs/2/2']\nassert not ['/waku/2/rs/2/2']","time":{"start":1716693160015,"stop":1716693223995,"duration":63980}},{"uid":"2b0dee334df0dfae","reportUrl":"https://waku-org.github.io/waku-interop-tests/go/140//#testresult/2b0dee334df0dfae","status":"skipped","statusDetails":"XFAIL Bug reported: https://github.com/waku-org/nwaku/issues/2319\n\nAssertionError: PubsubTopics failed: ['/waku/2/rs/2/2']\nassert not ['/waku/2/rs/2/2']","time":{"start":1716606769302,"stop":1716606833192,"duration":63890}},{"uid":"292c497276162388","reportUrl":"https://waku-org.github.io/waku-interop-tests/go/139//#testresult/292c497276162388","status":"skipped","statusDetails":"XFAIL Bug reported: https://github.com/waku-org/nwaku/issues/2319\n\nAssertionError: PubsubTopics failed: ['/waku/2/rs/2/2']\nassert not ['/waku/2/rs/2/2']","time":{"start":1716520347229,"stop":1716520413396,"duration":66167}},{"uid":"613407ff9f96e635","reportUrl":"https://waku-org.github.io/waku-interop-tests/go/138//#testresult/613407ff9f96e635","status":"skipped","statusDetails":"XFAIL Bug reported: https://github.com/waku-org/nwaku/issues/2319\n\nAssertionError: PubsubTopics failed: ['/waku/2/rs/2/2']\nassert not ['/waku/2/rs/2/2']","time":{"start":1716433900962,"stop":1716433966650,"duration":65688}},{"uid":"469377cf35d4729c","reportUrl":"https://waku-org.github.io/waku-interop-tests/go/137//#testresult/469377cf35d4729c","status":"skipped","statusDetails":"XFAIL Bug reported: https://github.com/waku-org/nwaku/issues/2319\n\nAssertionError: PubsubTopics failed: ['/waku/2/rs/2/2']\nassert not ['/waku/2/rs/2/2']","time":{"start":1716368060116,"stop":1716368123207,"duration":63091}},{"uid":"54e3a5fc1a45e926","reportUrl":"https://waku-org.github.io/waku-interop-tests/go/136//#testresult/54e3a5fc1a45e926","status":"skipped","statusDetails":"XFAIL Bug reported: https://github.com/waku-org/nwaku/issues/2319\n\ndocker.errors.DockerException: Error while fetching server API version: Not supported URL scheme http+docker","time":{"start":1716347506572,"stop":1716347506572,"duration":0}},{"uid":"f954b0c256b0518c","reportUrl":"https://waku-org.github.io/waku-interop-tests/go/135//#testresult/f954b0c256b0518c","status":"skipped","statusDetails":"XFAIL Bug reported: https://github.com/waku-org/nwaku/issues/2319\n\nAssertionError: PubsubTopics failed: ['/waku/2/rs/2/2']\nassert not ['/waku/2/rs/2/2']","time":{"start":1716261133290,"stop":1716261204496,"duration":71206}},{"uid":"5030680bc478d0c1","reportUrl":"https://waku-org.github.io/waku-interop-tests/go/134//#testresult/5030680bc478d0c1","status":"skipped","statusDetails":"XFAIL Bug reported: https://github.com/waku-org/nwaku/issues/2319\n\nAssertionError: PubsubTopics failed: ['/waku/2/rs/2/2']\nassert not ['/waku/2/rs/2/2']","time":{"start":1716196656829,"stop":1716196723483,"duration":66654}},{"uid":"b27de9b5647db620","reportUrl":"https://waku-org.github.io/waku-interop-tests/go/133//#testresult/b27de9b5647db620","status":"skipped","statusDetails":"XFAIL Bug reported: https://github.com/waku-org/nwaku/issues/2319\n\nAssertionError: PubsubTopics failed: ['/waku/2/rs/2/2']\nassert not ['/waku/2/rs/2/2']","time":{"start":1716174732644,"stop":1716174795305,"duration":62661}},{"uid":"1183a69b72f304a8","reportUrl":"https://waku-org.github.io/waku-interop-tests/go/132//#testresult/1183a69b72f304a8","status":"skipped","statusDetails":"XFAIL Bug reported: https://github.com/waku-org/nwaku/issues/2319\n\nAssertionError: PubsubTopics failed: ['/waku/2/rs/2/2']\nassert not ['/waku/2/rs/2/2']","time":{"start":1716088404446,"stop":1716088471112,"duration":66666}},{"uid":"96651e474e12d523","reportUrl":"https://waku-org.github.io/waku-interop-tests/go/131//#testresult/96651e474e12d523","status":"skipped","statusDetails":"XFAIL Bug reported: https://github.com/waku-org/nwaku/issues/2319\n\nAssertionError: PubsubTopics failed: ['/waku/2/rs/2/2']\nassert not ['/waku/2/rs/2/2']","time":{"start":1716001914737,"stop":1716001978061,"duration":63324}},{"uid":"748ee63b881ef50d","reportUrl":"https://waku-org.github.io/waku-interop-tests/go/130//#testresult/748ee63b881ef50d","status":"skipped","statusDetails":"XFAIL Bug reported: https://github.com/waku-org/nwaku/issues/2319\n\nAssertionError: PubsubTopics failed: ['/waku/2/rs/2/2']\nassert not ['/waku/2/rs/2/2']","time":{"start":1715915546711,"stop":1715915614146,"duration":67435}},{"uid":"73bdc2ddeea5526d","reportUrl":"https://waku-org.github.io/waku-interop-tests/go/129//#testresult/73bdc2ddeea5526d","status":"skipped","statusDetails":"XFAIL Bug reported: https://github.com/waku-org/nwaku/issues/2319\n\nAssertionError: PubsubTopics failed: ['/waku/2/rs/2/2']\nassert not ['/waku/2/rs/2/2']","time":{"start":1715844915354,"stop":1715844984029,"duration":68675}},{"uid":"e643789505c8814c","reportUrl":"https://waku-org.github.io/waku-interop-tests/go/128//#testresult/e643789505c8814c","status":"skipped","statusDetails":"XFAIL Bug reported: https://github.com/waku-org/nwaku/issues/2319\n\nAssertionError: PubsubTopics failed: ['/waku/2/rs/2/2']\nassert not ['/waku/2/rs/2/2']","time":{"start":1715829133949,"stop":1715829201578,"duration":67629}},{"uid":"b63316f397849c84","reportUrl":"https://waku-org.github.io/waku-interop-tests/go/127//#testresult/b63316f397849c84","status":"skipped","statusDetails":"XFAIL Bug reported: https://github.com/waku-org/nwaku/issues/2319\n\nAssertionError: PubsubTopics failed: ['/waku/2/rs/2/2']\nassert not ['/waku/2/rs/2/2']","time":{"start":1715742771651,"stop":1715742835730,"duration":64079}},{"uid":"69a1a5197126a057","reportUrl":"https://waku-org.github.io/waku-interop-tests/go/126//#testresult/69a1a5197126a057","status":"skipped","statusDetails":"XFAIL Bug reported: https://github.com/waku-org/nwaku/issues/2319\n\nAssertionError: PubsubTopics failed: ['/waku/2/rs/2/2']\nassert not ['/waku/2/rs/2/2']","time":{"start":1715656379312,"stop":1715656445221,"duration":65909}},{"uid":"9307f7017c756cef","reportUrl":"https://waku-org.github.io/waku-interop-tests/go/125//#testresult/9307f7017c756cef","status":"skipped","statusDetails":"XFAIL Bug reported: https://github.com/waku-org/nwaku/issues/2319\n\nAssertionError: PubsubTopics failed: ['/waku/2/rs/2/2']\nassert not ['/waku/2/rs/2/2']","time":{"start":1715599441265,"stop":1715599509251,"duration":67986}},{"uid":"f8caa16450360b31","reportUrl":"https://waku-org.github.io/waku-interop-tests/go/124//#testresult/f8caa16450360b31","status":"skipped","statusDetails":"XFAIL Bug reported: https://github.com/waku-org/nwaku/issues/2319\n\nAssertionError: PubsubTopics failed: ['/waku/2/rs/2/2']\nassert not ['/waku/2/rs/2/2']","time":{"start":1715598139499,"stop":1715598204122,"duration":64623}},{"uid":"2781ccef5749c715","reportUrl":"https://waku-org.github.io/waku-interop-tests/go/123//#testresult/2781ccef5749c715","status":"skipped","statusDetails":"XFAIL Bug reported: https://github.com/waku-org/nwaku/issues/2319\n\nAssertionError: PubsubTopics failed: ['/waku/2/rs/2/2']\nassert not ['/waku/2/rs/2/2']","time":{"start":1715569936186,"stop":1715570002160,"duration":65974}},{"uid":"13d6e33692de4d8d","reportUrl":"https://waku-org.github.io/waku-interop-tests/go/122//#testresult/13d6e33692de4d8d","status":"skipped","statusDetails":"XFAIL Bug reported: https://github.com/waku-org/nwaku/issues/2319\n\nAssertionError: PubsubTopics failed: ['/waku/2/rs/2/2']\nassert not ['/waku/2/rs/2/2']","time":{"start":1715483501142,"stop":1715483567594,"duration":66452}}]},"tags":["@pytest.mark.xfail(True, reason='Bug reported: https://github.com/waku-org/nwaku/issues/2319')","@pytest.mark.usefixtures('setup_main_relay_node', 'setup_main_filter_node')"]},"source":"c6894629837c5a25.json","parameterValues":[]}